<?xml version="1.0" encoding="UTF-8" ?>
<testsuite tests="2" failures="1" name="com.study.user.dao.RoleRightsMapperTest" time="1.519" errors="0" skipped="0">
  <properties>
    <property name="java.runtime.name" value="Java(TM) SE Runtime Environment"/>
    <property name="sun.boot.library.path" value="D:\soft\jdk1.8.0_101\jre\bin"/>
    <property name="java.vm.version" value="25.101-b13"/>
    <property name="java.vm.vendor" value="Oracle Corporation"/>
    <property name="maven.multiModuleProjectDirectory" value="D:\webWorkspace\LYQstudyweb"/>
    <property name="java.vendor.url" value="http://java.oracle.com/"/>
    <property name="path.separator" value=";"/>
    <property name="guice.disable.misplaced.annotation.check" value="true"/>
    <property name="java.vm.name" value="Java HotSpot(TM) 64-Bit Server VM"/>
    <property name="file.encoding.pkg" value="sun.io"/>
    <property name="user.script" value=""/>
    <property name="user.country" value="CN"/>
    <property name="sun.java.launcher" value="SUN_STANDARD"/>
    <property name="sun.os.patch.level" value="Service Pack 1"/>
    <property name="java.vm.specification.name" value="Java Virtual Machine Specification"/>
    <property name="user.dir" value="D:\webWorkspace\LYQstudyweb"/>
    <property name="java.runtime.version" value="1.8.0_101-b13"/>
    <property name="java.awt.graphicsenv" value="sun.awt.Win32GraphicsEnvironment"/>
    <property name="java.endorsed.dirs" value="D:\soft\jdk1.8.0_101\jre\lib\endorsed"/>
    <property name="os.arch" value="amd64"/>
    <property name="java.io.tmpdir" value="C:\Users\Administrator\AppData\Local\Temp\"/>
    <property name="line.separator" value="
"/>
    <property name="java.vm.specification.vendor" value="Oracle Corporation"/>
    <property name="user.variant" value=""/>
    <property name="os.name" value="Windows 7"/>
    <property name="classworlds.conf" value="D:\webWorkspace\.metadata\.plugins\org.eclipse.m2e.launching\launches\m2conf6383683769287404014.tmp"/>
    <property name="sun.jnu.encoding" value="GBK"/>
    <property name="java.library.path" value="D:\soft\jdk1.8.0_101\bin;C:\Windows\Sun\Java\bin;C:\Windows\system32;C:\Windows;D:/soft/jdk1.8.0_101/bin/../jre/bin/server;D:/soft/jdk1.8.0_101/bin/../jre/bin;D:/soft/jdk1.8.0_101/bin/../jre/lib/amd64;D:\soft\jdk1.8.0_101\bin;D:\soft\eclipse-jee-mars-2-win32-x86_64\eclipse;;."/>
    <property name="java.specification.name" value="Java Platform API Specification"/>
    <property name="java.class.version" value="52.0"/>
    <property name="sun.management.compiler" value="HotSpot 64-Bit Tiered Compilers"/>
    <property name="os.version" value="6.1"/>
    <property name="user.home" value="C:\Users\Administrator"/>
    <property name="user.timezone" value="Asia/Shanghai"/>
    <property name="java.awt.printerjob" value="sun.awt.windows.WPrinterJob"/>
    <property name="java.specification.version" value="1.8"/>
    <property name="file.encoding" value="UTF-8"/>
    <property name="user.name" value="Usera"/>
    <property name="java.class.path" value="/D:/soft/eclipse-jee-mars-2-win32-x86_64/eclipse/plugins/org.eclipse.m2e.maven.runtime_1.6.2.20150902-0001/jars/plexus-classworlds-2.5.2.jar"/>
    <property name="java.vm.specification.version" value="1.8"/>
    <property name="sun.arch.data.model" value="64"/>
    <property name="java.home" value="D:\soft\jdk1.8.0_101\jre"/>
    <property name="sun.java.command" value="org.codehaus.plexus.classworlds.launcher.Launcher -B install"/>
    <property name="java.specification.vendor" value="Oracle Corporation"/>
    <property name="user.language" value="zh"/>
    <property name="awt.toolkit" value="sun.awt.windows.WToolkit"/>
    <property name="java.vm.info" value="mixed mode"/>
    <property name="java.version" value="1.8.0_101"/>
    <property name="java.ext.dirs" value="D:\soft\jdk1.8.0_101\jre\lib\ext;C:\Windows\Sun\Java\lib\ext"/>
    <property name="sun.boot.class.path" value="D:\soft\jdk1.8.0_101\jre\lib\resources.jar;D:\soft\jdk1.8.0_101\jre\lib\rt.jar;D:\soft\jdk1.8.0_101\jre\lib\sunrsasign.jar;D:\soft\jdk1.8.0_101\jre\lib\jsse.jar;D:\soft\jdk1.8.0_101\jre\lib\jce.jar;D:\soft\jdk1.8.0_101\jre\lib\charsets.jar;D:\soft\jdk1.8.0_101\jre\lib\jfr.jar;D:\soft\jdk1.8.0_101\jre\classes"/>
    <property name="java.vendor" value="Oracle Corporation"/>
    <property name="maven.home" value="D:\webWorkspace\LYQstudyweb\EMBEDDED"/>
    <property name="file.separator" value="\"/>
    <property name="java.vendor.url.bug" value="http://bugreport.sun.com/bugreport/"/>
    <property name="sun.cpu.endian" value="little"/>
    <property name="sun.io.unicode.encoding" value="UnicodeLittle"/>
    <property name="sun.desktop" value="windows"/>
    <property name="sun.cpu.isalist" value="amd64"/>
  </properties>
  <testcase classname="com.study.user.dao.RoleRightsMapperTest" name="testDeleteRoleRights" time="0.896">
    <failure type="java.lang.AssertionError">java.lang.AssertionError
	at org.junit.Assert.fail(Assert.java:86)
	at org.junit.Assert.assertTrue(Assert.java:41)
	at org.junit.Assert.assertTrue(Assert.java:52)
	at com.study.user.dao.RoleRightsMapperTest.testDeleteRoleRights(RoleRightsMapperTest.java:43)
	at sun.reflect.NativeMethodAccessorImpl.invoke0(Native Method)
	at sun.reflect.NativeMethodAccessorImpl.invoke(NativeMethodAccessorImpl.java:62)
	at sun.reflect.DelegatingMethodAccessorImpl.invoke(DelegatingMethodAccessorImpl.java:43)
	at java.lang.reflect.Method.invoke(Method.java:498)
	at org.junit.runners.model.FrameworkMethod$1.runReflectiveCall(FrameworkMethod.java:50)
	at org.junit.internal.runners.model.ReflectiveCallable.run(ReflectiveCallable.java:12)
	at org.junit.runners.model.FrameworkMethod.invokeExplosively(FrameworkMethod.java:47)
	at org.junit.internal.runners.statements.InvokeMethod.evaluate(InvokeMethod.java:17)
	at org.junit.runners.ParentRunner.runLeaf(ParentRunner.java:325)
	at org.junit.runners.BlockJUnit4ClassRunner.runChild(BlockJUnit4ClassRunner.java:78)
	at org.junit.runners.BlockJUnit4ClassRunner.runChild(BlockJUnit4ClassRunner.java:57)
	at org.junit.runners.ParentRunner$3.run(ParentRunner.java:290)
	at org.junit.runners.ParentRunner$1.schedule(ParentRunner.java:71)
	at org.junit.runners.ParentRunner.runChildren(ParentRunner.java:288)
	at org.junit.runners.ParentRunner.access$000(ParentRunner.java:58)
	at org.junit.runners.ParentRunner$2.evaluate(ParentRunner.java:268)
	at org.junit.runners.ParentRunner.run(ParentRunner.java:363)
	at org.apache.maven.surefire.junit4.JUnit4Provider.execute(JUnit4Provider.java:252)
	at org.apache.maven.surefire.junit4.JUnit4Provider.executeTestSet(JUnit4Provider.java:141)
	at org.apache.maven.surefire.junit4.JUnit4Provider.invoke(JUnit4Provider.java:112)
	at sun.reflect.NativeMethodAccessorImpl.invoke0(Native Method)
	at sun.reflect.NativeMethodAccessorImpl.invoke(NativeMethodAccessorImpl.java:62)
	at sun.reflect.DelegatingMethodAccessorImpl.invoke(DelegatingMethodAccessorImpl.java:43)
	at java.lang.reflect.Method.invoke(Method.java:498)
	at org.apache.maven.surefire.util.ReflectionUtils.invokeMethodWithArray(ReflectionUtils.java:189)
	at org.apache.maven.surefire.booter.ProviderFactory$ProviderProxy.invoke(ProviderFactory.java:165)
	at org.apache.maven.surefire.booter.ProviderFactory.invokeProvider(ProviderFactory.java:85)
	at org.apache.maven.surefire.booter.ForkedBooter.runSuitesInProcess(ForkedBooter.java:115)
	at org.apache.maven.surefire.booter.ForkedBooter.main(ForkedBooter.java:75)
</failure>
    <system-out>[ main:14613 ] org.springframework.core.env.MutablePropertySources.addLast(MutablePropertySources.java:109) Adding [systemProperties] PropertySource with lowest search precedence
[ main:14614 ] org.springframework.core.env.MutablePropertySources.addLast(MutablePropertySources.java:109) Adding [systemEnvironment] PropertySource with lowest search precedence
[ main:14614 ] org.springframework.core.env.AbstractEnvironment.&lt;init&gt;(AbstractEnvironment.java:127) Initialized StandardEnvironment with PropertySources [systemProperties,systemEnvironment]
[ main:14614 ] org.springframework.context.support.AbstractApplicationContext.prepareRefresh(AbstractApplicationContext.java:581) Refreshing org.springframework.context.support.ClassPathXmlApplicationContext@1ffcf674: startup date [Wed Sep 09 19:11:02 CST 2020]; root of context hierarchy
[ main:14614 ] org.springframework.core.env.MutablePropertySources.addLast(MutablePropertySources.java:109) Adding [systemProperties] PropertySource with lowest search precedence
[ main:14615 ] org.springframework.core.env.MutablePropertySources.addLast(MutablePropertySources.java:109) Adding [systemEnvironment] PropertySource with lowest search precedence
[ main:14615 ] org.springframework.core.env.AbstractEnvironment.&lt;init&gt;(AbstractEnvironment.java:127) Initialized StandardEnvironment with PropertySources [systemProperties,systemEnvironment]
[ main:14615 ] org.springframework.beans.factory.xml.XmlBeanDefinitionReader.loadBeanDefinitions(XmlBeanDefinitionReader.java:317) Loading XML bean definitions from class path resource [springmvc.xml]
[ main:14616 ] org.springframework.beans.factory.xml.DefaultDocumentLoader.loadDocument(DefaultDocumentLoader.java:73) Using JAXP provider [com.sun.org.apache.xerces.internal.jaxp.DocumentBuilderFactoryImpl]
[ main:14617 ] org.springframework.beans.factory.xml.PluggableSchemaResolver.resolveEntity(PluggableSchemaResolver.java:106) Trying to resolve XML entity with public id [null] and system id [http://www.springframework.org/schema/beans/spring-beans-4.0.xsd]
[ main:14617 ] org.springframework.beans.factory.xml.PluggableSchemaResolver.getSchemaMappings(PluggableSchemaResolver.java:141) Loading schema mappings from [META-INF/spring.schemas]
[ main:14622 ] org.springframework.beans.factory.xml.PluggableSchemaResolver.getSchemaMappings(PluggableSchemaResolver.java:147) Loaded schema mappings: {http://www.springframework.org/schema/tx/spring-tx-4.3.xsd=org/springframework/transaction/config/spring-tx-4.3.xsd, http://www.springframework.org/schema/tx/spring-tx-2.5.xsd=org/springframework/transaction/config/spring-tx-2.5.xsd, http://www.springframework.org/schema/cache/spring-cache-4.2.xsd=org/springframework/cache/config/spring-cache-4.2.xsd, http://www.springframework.org/schema/aop/spring-aop-4.1.xsd=org/springframework/aop/config/spring-aop-4.1.xsd, http://www.springframework.org/schema/context/spring-context-3.1.xsd=org/springframework/context/config/spring-context-3.1.xsd, http://www.springframework.org/schema/jdbc/spring-jdbc-4.1.xsd=org/springframework/jdbc/config/spring-jdbc-4.1.xsd, http://www.springframework.org/schema/mvc/spring-mvc-4.1.xsd=org/springframework/web/servlet/config/spring-mvc-4.1.xsd, http://www.springframework.org/schema/util/spring-util-3.0.xsd=org/springframework/beans/factory/xml/spring-util-3.0.xsd, http://mybatis.org/schema/mybatis-spring-1.2.xsd=org/mybatis/spring/config/mybatis-spring-1.2.xsd, http://www.springframework.org/schema/tool/spring-tool.xsd=org/springframework/beans/factory/xml/spring-tool-4.3.xsd, http://www.springframework.org/schema/aop/spring-aop-3.2.xsd=org/springframework/aop/config/spring-aop-3.2.xsd, http://www.springframework.org/schema/lang/spring-lang-4.1.xsd=org/springframework/scripting/config/spring-lang-4.1.xsd, http://www.springframework.org/schema/context/spring-context-4.0.xsd=org/springframework/context/config/spring-context-4.0.xsd, http://www.springframework.org/schema/mvc/spring-mvc-3.2.xsd=org/springframework/web/servlet/config/spring-mvc-3.2.xsd, http://www.springframework.org/schema/beans/spring-beans-4.2.xsd=org/springframework/beans/factory/xml/spring-beans-4.2.xsd, http://www.springframework.org/schema/tool/spring-tool-4.1.xsd=org/springframework/beans/factory/xml/spring-tool-4.1.xsd, http://www.springframework.org/schema/lang/spring-lang-3.2.xsd=org/springframework/scripting/config/spring-lang-3.2.xsd, http://www.springframework.org/schema/cache/spring-cache-3.2.xsd=org/springframework/cache/config/spring-cache-3.2.xsd, http://www.springframework.org/schema/jee/spring-jee-4.1.xsd=org/springframework/ejb/config/spring-jee-4.1.xsd, http://www.springframework.org/schema/jdbc/spring-jdbc-3.1.xsd=org/springframework/jdbc/config/spring-jdbc-3.1.xsd, http://www.springframework.org/schema/task/spring-task-4.2.xsd=org/springframework/scheduling/config/spring-task-4.2.xsd, http://www.springframework.org/schema/util/spring-util-2.0.xsd=org/springframework/beans/factory/xml/spring-util-2.0.xsd, http://www.springframework.org/schema/tool/spring-tool-3.2.xsd=org/springframework/beans/factory/xml/spring-tool-3.2.xsd, http://www.springframework.org/schema/context/spring-context.xsd=org/springframework/context/config/spring-context-4.3.xsd, http://www.springframework.org/schema/tx/spring-tx-4.2.xsd=org/springframework/transaction/config/spring-tx-4.2.xsd, http://www.springframework.org/schema/cache/spring-cache-4.1.xsd=org/springframework/cache/config/spring-cache-4.1.xsd, http://www.springframework.org/schema/aop/spring-aop-4.0.xsd=org/springframework/aop/config/spring-aop-4.0.xsd, http://www.springframework.org/schema/jee/spring-jee-3.2.xsd=org/springframework/ejb/config/spring-jee-3.2.xsd, http://www.springframework.org/schema/context/spring-context-3.0.xsd=org/springframework/context/config/spring-context-3.0.xsd, http://www.springframework.org/schema/jdbc/spring-jdbc-4.0.xsd=org/springframework/jdbc/config/spring-jdbc-4.0.xsd, http://www.springframework.org/schema/mvc/spring-mvc-4.0.xsd=org/springframework/web/servlet/config/spring-mvc-4.0.xsd, http://www.springframework.org/schema/util/spring-util-2.5.xsd=org/springframework/beans/factory/xml/spring-util-2.5.xsd, http://www.springframework.org/schema/util/spring-util-4.3.xsd=org/springframework/beans/factory/xml/spring-util-4.3.xsd, http://www.springframework.org/schema/beans/spring-beans-3.2.xsd=org/springframework/beans/factory/xml/spring-beans-3.2.xsd, http://www.springframework.org/schema/aop/spring-aop-3.1.xsd=org/springframework/aop/config/spring-aop-3.1.xsd, http://www.springframework.org/schema/lang/spring-lang-4.0.xsd=org/springframework/scripting/config/spring-lang-4.0.xsd, http://www.springframework.org/schema/mvc/spring-mvc.xsd=org/springframework/web/servlet/config/spring-mvc-4.3.xsd, http://www.springframework.org/schema/mvc/spring-mvc-3.1.xsd=org/springframework/web/servlet/config/spring-mvc-3.1.xsd, http://www.springframework.org/schema/beans/spring-beans-4.1.xsd=org/springframework/beans/factory/xml/spring-beans-4.1.xsd, http://www.springframework.org/schema/tool/spring-tool-4.0.xsd=org/springframework/beans/factory/xml/spring-tool-4.0.xsd, http://www.springframework.org/schema/tx/spring-tx-3.2.xsd=org/springframework/transaction/config/spring-tx-3.2.xsd, http://www.springframework.org/schema/lang/spring-lang-3.1.xsd=org/springframework/scripting/config/spring-lang-3.1.xsd, http://www.springframework.org/schema/cache/spring-cache-3.1.xsd=org/springframework/cache/config/spring-cache-3.1.xsd, http://www.springframework.org/schema/jee/spring-jee-4.0.xsd=org/springframework/ejb/config/spring-jee-4.0.xsd, http://www.springframework.org/schema/jdbc/spring-jdbc-3.0.xsd=org/springframework/jdbc/config/spring-jdbc-3.0.xsd, http://www.springframework.org/schema/task/spring-task-4.1.xsd=org/springframework/scheduling/config/spring-task-4.1.xsd, http://www.springframework.org/schema/jdbc/spring-jdbc.xsd=org/springframework/jdbc/config/spring-jdbc-4.3.xsd, http://www.springframework.org/schema/tool/spring-tool-3.1.xsd=org/springframework/beans/factory/xml/spring-tool-3.1.xsd, http://www.springframework.org/schema/tx/spring-tx-4.1.xsd=org/springframework/transaction/config/spring-tx-4.1.xsd, http://www.springframework.org/schema/cache/spring-cache-4.0.xsd=org/springframework/cache/config/spring-cache-4.0.xsd, http://www.springframework.org/schema/jee/spring-jee-3.1.xsd=org/springframework/ejb/config/spring-jee-3.1.xsd, http://www.springframework.org/schema/task/spring-task-3.2.xsd=org/springframework/scheduling/config/spring-task-3.2.xsd, http://www.springframework.org/schema/util/spring-util-4.2.xsd=org/springframework/beans/factory/xml/spring-util-4.2.xsd, http://www.springframework.org/schema/beans/spring-beans-3.1.xsd=org/springframework/beans/factory/xml/spring-beans-3.1.xsd, http://www.springframework.org/schema/util/spring-util.xsd=org/springframework/beans/factory/xml/spring-util-4.3.xsd, http://www.springframework.org/schema/aop/spring-aop-3.0.xsd=org/springframework/aop/config/spring-aop-3.0.xsd, http://www.springframework.org/schema/mvc/spring-mvc-3.0.xsd=org/springframework/web/servlet/config/spring-mvc-3.0.xsd, http://www.springframework.org/schema/beans/spring-beans-4.0.xsd=org/springframework/beans/factory/xml/spring-beans-4.0.xsd, http://www.springframework.org/schema/beans/spring-beans.xsd=org/springframework/beans/factory/xml/spring-beans-4.3.xsd, http://mybatis.org/schema/mybatis-spring.xsd=org/mybatis/spring/config/mybatis-spring-1.2.xsd, http://www.springframework.org/schema/tx/spring-tx-3.1.xsd=org/springframework/transaction/config/spring-tx-3.1.xsd, http://www.springframework.org/schema/lang/spring-lang-3.0.xsd=org/springframework/scripting/config/spring-lang-3.0.xsd, http://www.springframework.org/schema/context/spring-context-2.5.xsd=org/springframework/context/config/spring-context-2.5.xsd, http://www.springframework.org/schema/context/spring-context-4.3.xsd=org/springframework/context/config/spring-context-4.3.xsd, http://www.springframework.org/schema/task/spring-task-4.0.xsd=org/springframework/scheduling/config/spring-task-4.0.xsd, http://www.springframework.org/schema/tool/spring-tool-3.0.xsd=org/springframework/beans/factory/xml/spring-tool-3.0.xsd, http://www.springframework.org/schema/tx/spring-tx-4.0.xsd=org/springframework/transaction/config/spring-tx-4.0.xsd, http://www.springframework.org/schema/aop/spring-aop-2.0.xsd=org/springframework/aop/config/spring-aop-2.0.xsd, http://www.springframework.org/schema/jee/spring-jee-3.0.xsd=org/springframework/ejb/config/spring-jee-3.0.xsd, http://www.springframework.org/schema/util/spring-util-4.1.xsd=org/springframework/beans/factory/xml/spring-util-4.1.xsd, http://www.springframework.org/schema/task/spring-task-3.1.xsd=org/springframework/scheduling/config/spring-task-3.1.xsd, http://www.springframework.org/schema/beans/spring-beans-3.0.xsd=org/springframework/beans/factory/xml/spring-beans-3.0.xsd, http://www.springframework.org/schema/jee/spring-jee.xsd=org/springframework/ejb/config/spring-jee-4.3.xsd, http://www.springframework.org/schema/aop/spring-aop-2.5.xsd=org/springframework/aop/config/spring-aop-2.5.xsd, http://www.springframework.org/schema/aop/spring-aop-4.3.xsd=org/springframework/aop/config/spring-aop-4.3.xsd, http://www.springframework.org/schema/lang/spring-lang-2.0.xsd=org/springframework/scripting/config/spring-lang-2.0.xsd, http://www.springframework.org/schema/jdbc/spring-jdbc-4.3.xsd=org/springframework/jdbc/config/spring-jdbc-4.3.xsd, http://www.springframework.org/schema/mvc/spring-mvc-4.3.xsd=org/springframework/web/servlet/config/spring-mvc-4.3.xsd, http://www.springframework.org/schema/util/spring-util-3.2.xsd=org/springframework/beans/factory/xml/spring-util-3.2.xsd, http://www.springframework.org/schema/task/spring-task.xsd=org/springframework/scheduling/config/spring-task-4.3.xsd, http://www.springframework.org/schema/tool/spring-tool-2.0.xsd=org/springframework/beans/factory/xml/spring-tool-2.0.xsd, http://www.springframework.org/schema/tx/spring-tx-3.0.xsd=org/springframework/transaction/config/spring-tx-3.0.xsd, http://www.springframework.org/schema/lang/spring-lang-2.5.xsd=org/springframework/scripting/config/spring-lang-2.5.xsd, http://www.springframework.org/schema/lang/spring-lang-4.3.xsd=org/springframework/scripting/config/spring-lang-4.3.xsd, http://www.springframework.org/schema/context/spring-context-4.2.xsd=org/springframework/context/config/spring-context-4.2.xsd, http://www.springframework.org/schema/jee/spring-jee-2.0.xsd=org/springframework/ejb/config/spring-jee-2.0.xsd, http://www.springframework.org/schema/tool/spring-tool-4.3.xsd=org/springframework/beans/factory/xml/spring-tool-4.3.xsd, http://www.springframework.org/schema/tool/spring-tool-2.5.xsd=org/springframework/beans/factory/xml/spring-tool-2.5.xsd, http://www.springframework.org/schema/jee/spring-jee-4.3.xsd=org/springframework/ejb/config/spring-jee-4.3.xsd, http://www.springframework.org/schema/jee/spring-jee-2.5.xsd=org/springframework/ejb/config/spring-jee-2.5.xsd, http://www.springframework.org/schema/util/spring-util-4.0.xsd=org/springframework/beans/factory/xml/spring-util-4.0.xsd, http://www.springframework.org/schema/task/spring-task-3.0.xsd=org/springframework/scheduling/config/spring-task-3.0.xsd, http://www.springframework.org/schema/cache/spring-cache-4.3.xsd=org/springframework/cache/config/spring-cache-4.3.xsd, http://www.springframework.org/schema/aop/spring-aop-4.2.xsd=org/springframework/aop/config/spring-aop-4.2.xsd, http://www.springframework.org/schema/lang/spring-lang.xsd=org/springframework/scripting/config/spring-lang-4.3.xsd, http://www.springframework.org/schema/context/spring-context-3.2.xsd=org/springframework/context/config/spring-context-3.2.xsd, http://www.springframework.org/schema/jdbc/spring-jdbc-4.2.xsd=org/springframework/jdbc/config/spring-jdbc-4.2.xsd, http://www.springframework.org/schema/mvc/spring-mvc-4.2.xsd=org/springframework/web/servlet/config/spring-mvc-4.2.xsd, http://www.springframework.org/schema/util/spring-util-3.1.xsd=org/springframework/beans/factory/xml/spring-util-3.1.xsd, http://www.springframework.org/schema/beans/spring-beans-2.0.xsd=org/springframework/beans/factory/xml/spring-beans-2.0.xsd, http://www.springframework.org/schema/cache/spring-cache.xsd=org/springframework/cache/config/spring-cache-4.3.xsd, http://www.springframework.org/schema/tx/spring-tx.xsd=org/springframework/transaction/config/spring-tx-4.3.xsd, http://www.springframework.org/schema/lang/spring-lang-4.2.xsd=org/springframework/scripting/config/spring-lang-4.2.xsd, http://www.springframework.org/schema/context/spring-context-4.1.xsd=org/springframework/context/config/spring-context-4.1.xsd, http://www.springframework.org/schema/beans/spring-beans-2.5.xsd=org/springframework/beans/factory/xml/spring-beans-2.5.xsd, http://www.springframework.org/schema/beans/spring-beans-4.3.xsd=org/springframework/beans/factory/xml/spring-beans-4.3.xsd, http://www.springframework.org/schema/tool/spring-tool-4.2.xsd=org/springframework/beans/factory/xml/spring-tool-4.2.xsd, http://www.springframework.org/schema/tx/spring-tx-2.0.xsd=org/springframework/transaction/config/spring-tx-2.0.xsd, http://www.springframework.org/schema/jee/spring-jee-4.2.xsd=org/springframework/ejb/config/spring-jee-4.2.xsd, http://www.springframework.org/schema/jdbc/spring-jdbc-3.2.xsd=org/springframework/jdbc/config/spring-jdbc-3.2.xsd, http://www.springframework.org/schema/task/spring-task-4.3.xsd=org/springframework/scheduling/config/spring-task-4.3.xsd, http://www.springframework.org/schema/aop/spring-aop.xsd=org/springframework/aop/config/spring-aop-4.3.xsd}
[ main:14631 ] org.springframework.beans.factory.xml.PluggableSchemaResolver.resolveEntity(PluggableSchemaResolver.java:119) Found XML schema [http://www.springframework.org/schema/beans/spring-beans-4.0.xsd] in classpath: org/springframework/beans/factory/xml/spring-beans-4.0.xsd
[ main:14641 ] org.springframework.beans.factory.xml.PluggableSchemaResolver.resolveEntity(PluggableSchemaResolver.java:106) Trying to resolve XML entity with public id [null] and system id [http://www.springframework.org/schema/context/spring-context-4.0.xsd]
[ main:14641 ] org.springframework.beans.factory.xml.PluggableSchemaResolver.resolveEntity(PluggableSchemaResolver.java:119) Found XML schema [http://www.springframework.org/schema/context/spring-context-4.0.xsd] in classpath: org/springframework/context/config/spring-context-4.0.xsd
[ main:14643 ] org.springframework.beans.factory.xml.PluggableSchemaResolver.resolveEntity(PluggableSchemaResolver.java:106) Trying to resolve XML entity with public id [null] and system id [http://www.springframework.org/schema/tool/spring-tool-4.0.xsd]
[ main:14643 ] org.springframework.beans.factory.xml.PluggableSchemaResolver.resolveEntity(PluggableSchemaResolver.java:119) Found XML schema [http://www.springframework.org/schema/tool/spring-tool-4.0.xsd] in classpath: org/springframework/beans/factory/xml/spring-tool-4.0.xsd
[ main:14649 ] org.springframework.beans.factory.xml.PluggableSchemaResolver.resolveEntity(PluggableSchemaResolver.java:106) Trying to resolve XML entity with public id [null] and system id [http://www.springframework.org/schema/mvc/spring-mvc-4.0.xsd]
[ main:14649 ] org.springframework.beans.factory.xml.PluggableSchemaResolver.resolveEntity(PluggableSchemaResolver.java:119) Found XML schema [http://www.springframework.org/schema/mvc/spring-mvc-4.0.xsd] in classpath: org/springframework/web/servlet/config/spring-mvc-4.0.xsd
[ main:14654 ] org.springframework.beans.factory.xml.PluggableSchemaResolver.resolveEntity(PluggableSchemaResolver.java:106) Trying to resolve XML entity with public id [null] and system id [http://www.springframework.org/schema/tx/spring-tx-4.0.xsd]
[ main:14655 ] org.springframework.beans.factory.xml.PluggableSchemaResolver.resolveEntity(PluggableSchemaResolver.java:119) Found XML schema [http://www.springframework.org/schema/tx/spring-tx-4.0.xsd] in classpath: org/springframework/transaction/config/spring-tx-4.0.xsd
[ main:14658 ] org.springframework.beans.factory.xml.DefaultBeanDefinitionDocumentReader.registerBeanDefinitions(DefaultBeanDefinitionDocumentReader.java:92) Loading bean definitions
[ main:14661 ] org.springframework.beans.factory.xml.DefaultNamespaceHandlerResolver.getHandlerMappings(DefaultNamespaceHandlerResolver.java:157) Loaded NamespaceHandler mappings: {http://www.springframework.org/schema/p=org.springframework.beans.factory.xml.SimplePropertyNamespaceHandler, http://www.springframework.org/schema/mvc=org.springframework.web.servlet.config.MvcNamespaceHandler, http://www.springframework.org/schema/util=org.springframework.beans.factory.xml.UtilNamespaceHandler, http://www.springframework.org/schema/jee=org.springframework.ejb.config.JeeNamespaceHandler, http://www.springframework.org/schema/aop=org.springframework.aop.config.AopNamespaceHandler, http://www.springframework.org/schema/jdbc=org.springframework.jdbc.config.JdbcNamespaceHandler, http://www.springframework.org/schema/cache=org.springframework.cache.config.CacheNamespaceHandler, http://mybatis.org/schema/mybatis-spring=org.mybatis.spring.config.NamespaceHandler, http://www.springframework.org/schema/c=org.springframework.beans.factory.xml.SimpleConstructorNamespaceHandler, http://www.springframework.org/schema/tx=org.springframework.transaction.config.TxNamespaceHandler, http://www.springframework.org/schema/task=org.springframework.scheduling.config.TaskNamespaceHandler, http://www.springframework.org/schema/lang=org.springframework.scripting.config.LangNamespaceHandler, http://www.springframework.org/schema/context=org.springframework.context.config.ContextNamespaceHandler}
[ main:14663 ] org.springframework.core.env.MutablePropertySources.addLast(MutablePropertySources.java:109) Adding [systemProperties] PropertySource with lowest search precedence
[ main:14663 ] org.springframework.core.env.MutablePropertySources.addLast(MutablePropertySources.java:109) Adding [systemEnvironment] PropertySource with lowest search precedence
[ main:14664 ] org.springframework.core.env.AbstractEnvironment.&lt;init&gt;(AbstractEnvironment.java:127) Initialized StandardEnvironment with PropertySources [systemProperties,systemEnvironment]
[ main:14665 ] org.springframework.core.io.support.PathMatchingResourcePatternResolver.findAllClassPathResources(PathMatchingResourcePatternResolver.java:317) Resolved classpath location [com/study/] to resources [URL [file:/D:/webWorkspace/LYQstudyweb/target/test-classes/com/study/], URL [file:/D:/webWorkspace/LYQstudyweb/target/classes/com/study/]]
[ main:14666 ] org.springframework.core.io.support.PathMatchingResourcePatternResolver.doFindMatchingFileSystemResources(PathMatchingResourcePatternResolver.java:711) Looking for matching resources in directory tree [D:\webWorkspace\LYQstudyweb\target\test-classes\com\study]
[ main:14667 ] org.springframework.core.io.support.PathMatchingResourcePatternResolver.doRetrieveMatchingFiles(PathMatchingResourcePatternResolver.java:773) Searching directory [D:\webWorkspace\LYQstudyweb\target\test-classes\com\study] for files matching pattern [D:/webWorkspace/LYQstudyweb/target/test-classes/com/study/**/*.class]
[ main:14667 ] org.springframework.core.io.support.PathMatchingResourcePatternResolver.doRetrieveMatchingFiles(PathMatchingResourcePatternResolver.java:773) Searching directory [D:\webWorkspace\LYQstudyweb\target\test-classes\com\study\basic] for files matching pattern [D:/webWorkspace/LYQstudyweb/target/test-classes/com/study/**/*.class]
[ main:14668 ] org.springframework.core.io.support.PathMatchingResourcePatternResolver.doRetrieveMatchingFiles(PathMatchingResourcePatternResolver.java:773) Searching directory [D:\webWorkspace\LYQstudyweb\target\test-classes\com\study\basic\dao] for files matching pattern [D:/webWorkspace/LYQstudyweb/target/test-classes/com/study/**/*.class]
[ main:14669 ] org.springframework.core.io.support.PathMatchingResourcePatternResolver.doRetrieveMatchingFiles(PathMatchingResourcePatternResolver.java:773) Searching directory [D:\webWorkspace\LYQstudyweb\target\test-classes\com\study\basic\service] for files matching pattern [D:/webWorkspace/LYQstudyweb/target/test-classes/com/study/**/*.class]
[ main:14677 ] org.springframework.core.io.support.PathMatchingResourcePatternResolver.doRetrieveMatchingFiles(PathMatchingResourcePatternResolver.java:773) Searching directory [D:\webWorkspace\LYQstudyweb\target\test-classes\com\study\charts] for files matching pattern [D:/webWorkspace/LYQstudyweb/target/test-classes/com/study/**/*.class]
[ main:14678 ] org.springframework.core.io.support.PathMatchingResourcePatternResolver.doRetrieveMatchingFiles(PathMatchingResourcePatternResolver.java:773) Searching directory [D:\webWorkspace\LYQstudyweb\target\test-classes\com\study\charts\dao] for files matching pattern [D:/webWorkspace/LYQstudyweb/target/test-classes/com/study/**/*.class]
[ main:14678 ] org.springframework.core.io.support.PathMatchingResourcePatternResolver.doRetrieveMatchingFiles(PathMatchingResourcePatternResolver.java:773) Searching directory [D:\webWorkspace\LYQstudyweb\target\test-classes\com\study\charts\service] for files matching pattern [D:/webWorkspace/LYQstudyweb/target/test-classes/com/study/**/*.class]
[ main:14679 ] org.springframework.core.io.support.PathMatchingResourcePatternResolver.doRetrieveMatchingFiles(PathMatchingResourcePatternResolver.java:773) Searching directory [D:\webWorkspace\LYQstudyweb\target\test-classes\com\study\question] for files matching pattern [D:/webWorkspace/LYQstudyweb/target/test-classes/com/study/**/*.class]
[ main:14679 ] org.springframework.core.io.support.PathMatchingResourcePatternResolver.doRetrieveMatchingFiles(PathMatchingResourcePatternResolver.java:773) Searching directory [D:\webWorkspace\LYQstudyweb\target\test-classes\com\study\question\dao] for files matching pattern [D:/webWorkspace/LYQstudyweb/target/test-classes/com/study/**/*.class]
[ main:14680 ] org.springframework.core.io.support.PathMatchingResourcePatternResolver.doRetrieveMatchingFiles(PathMatchingResourcePatternResolver.java:773) Searching directory [D:\webWorkspace\LYQstudyweb\target\test-classes\com\study\question\service] for files matching pattern [D:/webWorkspace/LYQstudyweb/target/test-classes/com/study/**/*.class]
[ main:14680 ] org.springframework.core.io.support.PathMatchingResourcePatternResolver.doRetrieveMatchingFiles(PathMatchingResourcePatternResolver.java:773) Searching directory [D:\webWorkspace\LYQstudyweb\target\test-classes\com\study\user] for files matching pattern [D:/webWorkspace/LYQstudyweb/target/test-classes/com/study/**/*.class]
[ main:14766 ] org.springframework.core.io.support.PathMatchingResourcePatternResolver.doRetrieveMatchingFiles(PathMatchingResourcePatternResolver.java:773) Searching directory [D:\webWorkspace\LYQstudyweb\target\test-classes\com\study\user\dao] for files matching pattern [D:/webWorkspace/LYQstudyweb/target/test-classes/com/study/**/*.class]
[ main:14767 ] org.springframework.core.io.support.PathMatchingResourcePatternResolver.doRetrieveMatchingFiles(PathMatchingResourcePatternResolver.java:773) Searching directory [D:\webWorkspace\LYQstudyweb\target\test-classes\com\study\user\service] for files matching pattern [D:/webWorkspace/LYQstudyweb/target/test-classes/com/study/**/*.class]
[ main:14767 ] org.springframework.core.io.support.PathMatchingResourcePatternResolver.doFindMatchingFileSystemResources(PathMatchingResourcePatternResolver.java:711) Looking for matching resources in directory tree [D:\webWorkspace\LYQstudyweb\target\classes\com\study]
[ main:14767 ] org.springframework.core.io.support.PathMatchingResourcePatternResolver.doRetrieveMatchingFiles(PathMatchingResourcePatternResolver.java:773) Searching directory [D:\webWorkspace\LYQstudyweb\target\classes\com\study] for files matching pattern [D:/webWorkspace/LYQstudyweb/target/classes/com/study/**/*.class]
[ main:14768 ] org.springframework.core.io.support.PathMatchingResourcePatternResolver.doRetrieveMatchingFiles(PathMatchingResourcePatternResolver.java:773) Searching directory [D:\webWorkspace\LYQstudyweb\target\classes\com\study\basic] for files matching pattern [D:/webWorkspace/LYQstudyweb/target/classes/com/study/**/*.class]
[ main:14768 ] org.springframework.core.io.support.PathMatchingResourcePatternResolver.doRetrieveMatchingFiles(PathMatchingResourcePatternResolver.java:773) Searching directory [D:\webWorkspace\LYQstudyweb\target\classes\com\study\basic\dao] for files matching pattern [D:/webWorkspace/LYQstudyweb/target/classes/com/study/**/*.class]
[ main:14769 ] org.springframework.core.io.support.PathMatchingResourcePatternResolver.doRetrieveMatchingFiles(PathMatchingResourcePatternResolver.java:773) Searching directory [D:\webWorkspace\LYQstudyweb\target\classes\com\study\basic\pojo] for files matching pattern [D:/webWorkspace/LYQstudyweb/target/classes/com/study/**/*.class]
[ main:14769 ] org.springframework.core.io.support.PathMatchingResourcePatternResolver.doRetrieveMatchingFiles(PathMatchingResourcePatternResolver.java:773) Searching directory [D:\webWorkspace\LYQstudyweb\target\classes\com\study\basic\service] for files matching pattern [D:/webWorkspace/LYQstudyweb/target/classes/com/study/**/*.class]
[ main:14770 ] org.springframework.core.io.support.PathMatchingResourcePatternResolver.doRetrieveMatchingFiles(PathMatchingResourcePatternResolver.java:773) Searching directory [D:\webWorkspace\LYQstudyweb\target\classes\com\study\basic\vo] for files matching pattern [D:/webWorkspace/LYQstudyweb/target/classes/com/study/**/*.class]
[ main:14771 ] org.springframework.core.io.support.PathMatchingResourcePatternResolver.doRetrieveMatchingFiles(PathMatchingResourcePatternResolver.java:773) Searching directory [D:\webWorkspace\LYQstudyweb\target\classes\com\study\basic\web] for files matching pattern [D:/webWorkspace/LYQstudyweb/target/classes/com/study/**/*.class]
[ main:14771 ] org.springframework.core.io.support.PathMatchingResourcePatternResolver.doRetrieveMatchingFiles(PathMatchingResourcePatternResolver.java:773) Searching directory [D:\webWorkspace\LYQstudyweb\target\classes\com\study\charts] for files matching pattern [D:/webWorkspace/LYQstudyweb/target/classes/com/study/**/*.class]
[ main:14772 ] org.springframework.core.io.support.PathMatchingResourcePatternResolver.doRetrieveMatchingFiles(PathMatchingResourcePatternResolver.java:773) Searching directory [D:\webWorkspace\LYQstudyweb\target\classes\com\study\charts\dao] for files matching pattern [D:/webWorkspace/LYQstudyweb/target/classes/com/study/**/*.class]
[ main:14773 ] org.springframework.core.io.support.PathMatchingResourcePatternResolver.doRetrieveMatchingFiles(PathMatchingResourcePatternResolver.java:773) Searching directory [D:\webWorkspace\LYQstudyweb\target\classes\com\study\charts\pojo] for files matching pattern [D:/webWorkspace/LYQstudyweb/target/classes/com/study/**/*.class]
[ main:14773 ] org.springframework.core.io.support.PathMatchingResourcePatternResolver.doRetrieveMatchingFiles(PathMatchingResourcePatternResolver.java:773) Searching directory [D:\webWorkspace\LYQstudyweb\target\classes\com\study\charts\service] for files matching pattern [D:/webWorkspace/LYQstudyweb/target/classes/com/study/**/*.class]
[ main:14774 ] org.springframework.core.io.support.PathMatchingResourcePatternResolver.doRetrieveMatchingFiles(PathMatchingResourcePatternResolver.java:773) Searching directory [D:\webWorkspace\LYQstudyweb\target\classes\com\study\charts\web] for files matching pattern [D:/webWorkspace/LYQstudyweb/target/classes/com/study/**/*.class]
[ main:14774 ] org.springframework.core.io.support.PathMatchingResourcePatternResolver.doRetrieveMatchingFiles(PathMatchingResourcePatternResolver.java:773) Searching directory [D:\webWorkspace\LYQstudyweb\target\classes\com\study\common] for files matching pattern [D:/webWorkspace/LYQstudyweb/target/classes/com/study/**/*.class]
[ main:14774 ] org.springframework.core.io.support.PathMatchingResourcePatternResolver.doRetrieveMatchingFiles(PathMatchingResourcePatternResolver.java:773) Searching directory [D:\webWorkspace\LYQstudyweb\target\classes\com\study\common\page] for files matching pattern [D:/webWorkspace/LYQstudyweb/target/classes/com/study/**/*.class]
[ main:14775 ] org.springframework.core.io.support.PathMatchingResourcePatternResolver.doRetrieveMatchingFiles(PathMatchingResourcePatternResolver.java:773) Searching directory [D:\webWorkspace\LYQstudyweb\target\classes\com\study\common\util] for files matching pattern [D:/webWorkspace/LYQstudyweb/target/classes/com/study/**/*.class]
[ main:14775 ] org.springframework.core.io.support.PathMatchingResourcePatternResolver.doRetrieveMatchingFiles(PathMatchingResourcePatternResolver.java:773) Searching directory [D:\webWorkspace\LYQstudyweb\target\classes\com\study\question] for files matching pattern [D:/webWorkspace/LYQstudyweb/target/classes/com/study/**/*.class]
[ main:14775 ] org.springframework.core.io.support.PathMatchingResourcePatternResolver.doRetrieveMatchingFiles(PathMatchingResourcePatternResolver.java:773) Searching directory [D:\webWorkspace\LYQstudyweb\target\classes\com\study\question\dao] for files matching pattern [D:/webWorkspace/LYQstudyweb/target/classes/com/study/**/*.class]
[ main:14776 ] org.springframework.core.io.support.PathMatchingResourcePatternResolver.doRetrieveMatchingFiles(PathMatchingResourcePatternResolver.java:773) Searching directory [D:\webWorkspace\LYQstudyweb\target\classes\com\study\question\pojo] for files matching pattern [D:/webWorkspace/LYQstudyweb/target/classes/com/study/**/*.class]
[ main:14776 ] org.springframework.core.io.support.PathMatchingResourcePatternResolver.doRetrieveMatchingFiles(PathMatchingResourcePatternResolver.java:773) Searching directory [D:\webWorkspace\LYQstudyweb\target\classes\com\study\question\service] for files matching pattern [D:/webWorkspace/LYQstudyweb/target/classes/com/study/**/*.class]
[ main:14777 ] org.springframework.core.io.support.PathMatchingResourcePatternResolver.doRetrieveMatchingFiles(PathMatchingResourcePatternResolver.java:773) Searching directory [D:\webWorkspace\LYQstudyweb\target\classes\com\study\question\web] for files matching pattern [D:/webWorkspace/LYQstudyweb/target/classes/com/study/**/*.class]
[ main:14777 ] org.springframework.core.io.support.PathMatchingResourcePatternResolver.doRetrieveMatchingFiles(PathMatchingResourcePatternResolver.java:773) Searching directory [D:\webWorkspace\LYQstudyweb\target\classes\com\study\user] for files matching pattern [D:/webWorkspace/LYQstudyweb/target/classes/com/study/**/*.class]
[ main:14777 ] org.springframework.core.io.support.PathMatchingResourcePatternResolver.doRetrieveMatchingFiles(PathMatchingResourcePatternResolver.java:773) Searching directory [D:\webWorkspace\LYQstudyweb\target\classes\com\study\user\dao] for files matching pattern [D:/webWorkspace/LYQstudyweb/target/classes/com/study/**/*.class]
[ main:14778 ] org.springframework.core.io.support.PathMatchingResourcePatternResolver.doRetrieveMatchingFiles(PathMatchingResourcePatternResolver.java:773) Searching directory [D:\webWorkspace\LYQstudyweb\target\classes\com\study\user\pojo] for files matching pattern [D:/webWorkspace/LYQstudyweb/target/classes/com/study/**/*.class]
[ main:14778 ] org.springframework.core.io.support.PathMatchingResourcePatternResolver.doRetrieveMatchingFiles(PathMatchingResourcePatternResolver.java:773) Searching directory [D:\webWorkspace\LYQstudyweb\target\classes\com\study\user\service] for files matching pattern [D:/webWorkspace/LYQstudyweb/target/classes/com/study/**/*.class]
[ main:14779 ] org.springframework.core.io.support.PathMatchingResourcePatternResolver.doRetrieveMatchingFiles(PathMatchingResourcePatternResolver.java:773) Searching directory [D:\webWorkspace\LYQstudyweb\target\classes\com\study\user\web] for files matching pattern [D:/webWorkspace/LYQstudyweb/target/classes/com/study/**/*.class]
[ main:14779 ] org.springframework.core.io.support.PathMatchingResourcePatternResolver.findPathMatchingResources(PathMatchingResourcePatternResolver.java:483) Resolved location pattern [classpath*:com/study/**/*.class] to resources [file [D:\webWorkspace\LYQstudyweb\target\test-classes\com\study\basic\dao\ClsRoomMapperTest.class], file [D:\webWorkspace\LYQstudyweb\target\test-classes\com\study\basic\dao\UserInfoMapperTest.class], file [D:\webWorkspace\LYQstudyweb\target\test-classes\com\study\basic\service\BasicServiceTest.class], file [D:\webWorkspace\LYQstudyweb\target\test-classes\com\study\user\dao\RoleMapperTest.class], file [D:\webWorkspace\LYQstudyweb\target\test-classes\com\study\user\dao\RoleRightsMapperTest.class], file [D:\webWorkspace\LYQstudyweb\target\test-classes\com\study\user\dao\TeacherMapperTest.class], file [D:\webWorkspace\LYQstudyweb\target\test-classes\com\study\user\service\UserServiceImplTest.class], file [D:\webWorkspace\LYQstudyweb\target\classes\com\study\basic\dao\ClsMapper.class], file [D:\webWorkspace\LYQstudyweb\target\classes\com\study\basic\dao\ClsRoomMapper.class], file [D:\webWorkspace\LYQstudyweb\target\classes\com\study\basic\dao\UserInfoMapper.class], file [D:\webWorkspace\LYQstudyweb\target\classes\com\study\basic\pojo\Cls.class], file [D:\webWorkspace\LYQstudyweb\target\classes\com\study\basic\pojo\ClsRoom.class], file [D:\webWorkspace\LYQstudyweb\target\classes\com\study\basic\pojo\UserInfo.class], file [D:\webWorkspace\LYQstudyweb\target\classes\com\study\basic\service\BasicServiceImpl.class], file [D:\webWorkspace\LYQstudyweb\target\classes\com\study\basic\service\IBasicService.class], file [D:\webWorkspace\LYQstudyweb\target\classes\com\study\basic\vo\UserVO.class], file [D:\webWorkspace\LYQstudyweb\target\classes\com\study\basic\web\ClsController.class], file [D:\webWorkspace\LYQstudyweb\target\classes\com\study\basic\web\ClsRoomController.class], file [D:\webWorkspace\LYQstudyweb\target\classes\com\study\basic\web\UserInfoController.class], file [D:\webWorkspace\LYQstudyweb\target\classes\com\study\charts\dao\VoteHistoryMapper.class], file [D:\webWorkspace\LYQstudyweb\target\classes\com\study\charts\pojo\VoteHistory.class], file [D:\webWorkspace\LYQstudyweb\target\classes\com\study\common\page\PageInfo.class], file [D:\webWorkspace\LYQstudyweb\target\classes\com\study\common\page\PageInterceptor.class], file [D:\webWorkspace\LYQstudyweb\target\classes\com\study\common\page\PageTools.class], file [D:\webWorkspace\LYQstudyweb\target\classes\com\study\common\util\MD5.class], file [D:\webWorkspace\LYQstudyweb\target\classes\com\study\question\dao\AnswerMapper.class], file [D:\webWorkspace\LYQstudyweb\target\classes\com\study\question\dao\QuestionMapper.class], file [D:\webWorkspace\LYQstudyweb\target\classes\com\study\question\dao\QuestionTypeMapper.class], file [D:\webWorkspace\LYQstudyweb\target\classes\com\study\question\pojo\Answer.class], file [D:\webWorkspace\LYQstudyweb\target\classes\com\study\question\pojo\Question.class], file [D:\webWorkspace\LYQstudyweb\target\classes\com\study\question\pojo\QuestionType.class], file [D:\webWorkspace\LYQstudyweb\target\classes\com\study\user\dao\RightsMapper.class], file [D:\webWorkspace\LYQstudyweb\target\classes\com\study\user\dao\RoleMapper.class], file [D:\webWorkspace\LYQstudyweb\target\classes\com\study\user\dao\RoleRightsMapper.class], file [D:\webWorkspace\LYQstudyweb\target\classes\com\study\user\dao\TeacherMapper.class], file [D:\webWorkspace\LYQstudyweb\target\classes\com\study\user\pojo\Rights.class], file [D:\webWorkspace\LYQstudyweb\target\classes\com\study\user\pojo\Role.class], file [D:\webWorkspace\LYQstudyweb\target\classes\com\study\user\pojo\RoleRightsKey.class], file [D:\webWorkspace\LYQstudyweb\target\classes\com\study\user\pojo\Teacher.class], file [D:\webWorkspace\LYQstudyweb\target\classes\com\study\user\service\IUserService.class], file [D:\webWorkspace\LYQstudyweb\target\classes\com\study\user\service\UserServiceImpl.class], file [D:\webWorkspace\LYQstudyweb\target\classes\com\study\user\web\UserController.class]]
[ main:14780 ] org.springframework.context.annotation.ClassPathScanningCandidateComponentProvider.findCandidateComponents(ClassPathScanningCandidateComponentProvider.java:275) Scanning file [D:\webWorkspace\LYQstudyweb\target\test-classes\com\study\basic\dao\ClsRoomMapperTest.class]
[ main:14780 ] org.springframework.context.annotation.ClassPathScanningCandidateComponentProvider.findCandidateComponents(ClassPathScanningCandidateComponentProvider.java:298) Ignored because not matching any filter: file [D:\webWorkspace\LYQstudyweb\target\test-classes\com\study\basic\dao\ClsRoomMapperTest.class]
[ main:14781 ] org.springframework.context.annotation.ClassPathScanningCandidateComponentProvider.findCandidateComponents(ClassPathScanningCandidateComponentProvider.java:275) Scanning file [D:\webWorkspace\LYQstudyweb\target\test-classes\com\study\basic\dao\UserInfoMapperTest.class]
[ main:14781 ] org.springframework.context.annotation.ClassPathScanningCandidateComponentProvider.findCandidateComponents(ClassPathScanningCandidateComponentProvider.java:298) Ignored because not matching any filter: file [D:\webWorkspace\LYQstudyweb\target\test-classes\com\study\basic\dao\UserInfoMapperTest.class]
[ main:14781 ] org.springframework.context.annotation.ClassPathScanningCandidateComponentProvider.findCandidateComponents(ClassPathScanningCandidateComponentProvider.java:275) Scanning file [D:\webWorkspace\LYQstudyweb\target\test-classes\com\study\basic\service\BasicServiceTest.class]
[ main:14782 ] org.springframework.context.annotation.ClassPathScanningCandidateComponentProvider.findCandidateComponents(ClassPathScanningCandidateComponentProvider.java:298) Ignored because not matching any filter: file [D:\webWorkspace\LYQstudyweb\target\test-classes\com\study\basic\service\BasicServiceTest.class]
[ main:14783 ] org.springframework.context.annotation.ClassPathScanningCandidateComponentProvider.findCandidateComponents(ClassPathScanningCandidateComponentProvider.java:275) Scanning file [D:\webWorkspace\LYQstudyweb\target\test-classes\com\study\user\dao\RoleMapperTest.class]
[ main:14783 ] org.springframework.context.annotation.ClassPathScanningCandidateComponentProvider.findCandidateComponents(ClassPathScanningCandidateComponentProvider.java:298) Ignored because not matching any filter: file [D:\webWorkspace\LYQstudyweb\target\test-classes\com\study\user\dao\RoleMapperTest.class]
[ main:14784 ] org.springframework.context.annotation.ClassPathScanningCandidateComponentProvider.findCandidateComponents(ClassPathScanningCandidateComponentProvider.java:275) Scanning file [D:\webWorkspace\LYQstudyweb\target\test-classes\com\study\user\dao\RoleRightsMapperTest.class]
[ main:14784 ] org.springframework.context.annotation.ClassPathScanningCandidateComponentProvider.findCandidateComponents(ClassPathScanningCandidateComponentProvider.java:298) Ignored because not matching any filter: file [D:\webWorkspace\LYQstudyweb\target\test-classes\com\study\user\dao\RoleRightsMapperTest.class]
[ main:14785 ] org.springframework.context.annotation.ClassPathScanningCandidateComponentProvider.findCandidateComponents(ClassPathScanningCandidateComponentProvider.java:275) Scanning file [D:\webWorkspace\LYQstudyweb\target\test-classes\com\study\user\dao\TeacherMapperTest.class]
[ main:14785 ] org.springframework.context.annotation.ClassPathScanningCandidateComponentProvider.findCandidateComponents(ClassPathScanningCandidateComponentProvider.java:298) Ignored because not matching any filter: file [D:\webWorkspace\LYQstudyweb\target\test-classes\com\study\user\dao\TeacherMapperTest.class]
[ main:14785 ] org.springframework.context.annotation.ClassPathScanningCandidateComponentProvider.findCandidateComponents(ClassPathScanningCandidateComponentProvider.java:275) Scanning file [D:\webWorkspace\LYQstudyweb\target\test-classes\com\study\user\service\UserServiceImplTest.class]
[ main:14786 ] org.springframework.context.annotation.ClassPathScanningCandidateComponentProvider.findCandidateComponents(ClassPathScanningCandidateComponentProvider.java:298) Ignored because not matching any filter: file [D:\webWorkspace\LYQstudyweb\target\test-classes\com\study\user\service\UserServiceImplTest.class]
[ main:14786 ] org.springframework.context.annotation.ClassPathScanningCandidateComponentProvider.findCandidateComponents(ClassPathScanningCandidateComponentProvider.java:275) Scanning file [D:\webWorkspace\LYQstudyweb\target\classes\com\study\basic\dao\ClsMapper.class]
[ main:14786 ] org.springframework.context.annotation.ClassPathScanningCandidateComponentProvider.findCandidateComponents(ClassPathScanningCandidateComponentProvider.java:298) Ignored because not matching any filter: file [D:\webWorkspace\LYQstudyweb\target\classes\com\study\basic\dao\ClsMapper.class]
[ main:14786 ] org.springframework.context.annotation.ClassPathScanningCandidateComponentProvider.findCandidateComponents(ClassPathScanningCandidateComponentProvider.java:275) Scanning file [D:\webWorkspace\LYQstudyweb\target\classes\com\study\basic\dao\ClsRoomMapper.class]
[ main:14787 ] org.springframework.context.annotation.ClassPathScanningCandidateComponentProvider.findCandidateComponents(ClassPathScanningCandidateComponentProvider.java:298) Ignored because not matching any filter: file [D:\webWorkspace\LYQstudyweb\target\classes\com\study\basic\dao\ClsRoomMapper.class]
[ main:14787 ] org.springframework.context.annotation.ClassPathScanningCandidateComponentProvider.findCandidateComponents(ClassPathScanningCandidateComponentProvider.java:275) Scanning file [D:\webWorkspace\LYQstudyweb\target\classes\com\study\basic\dao\UserInfoMapper.class]
[ main:14787 ] org.springframework.context.annotation.ClassPathScanningCandidateComponentProvider.findCandidateComponents(ClassPathScanningCandidateComponentProvider.java:298) Ignored because not matching any filter: file [D:\webWorkspace\LYQstudyweb\target\classes\com\study\basic\dao\UserInfoMapper.class]
[ main:14787 ] org.springframework.context.annotation.ClassPathScanningCandidateComponentProvider.findCandidateComponents(ClassPathScanningCandidateComponentProvider.java:275) Scanning file [D:\webWorkspace\LYQstudyweb\target\classes\com\study\basic\pojo\Cls.class]
[ main:14788 ] org.springframework.context.annotation.ClassPathScanningCandidateComponentProvider.findCandidateComponents(ClassPathScanningCandidateComponentProvider.java:298) Ignored because not matching any filter: file [D:\webWorkspace\LYQstudyweb\target\classes\com\study\basic\pojo\Cls.class]
[ main:14788 ] org.springframework.context.annotation.ClassPathScanningCandidateComponentProvider.findCandidateComponents(ClassPathScanningCandidateComponentProvider.java:275) Scanning file [D:\webWorkspace\LYQstudyweb\target\classes\com\study\basic\pojo\ClsRoom.class]
[ main:14789 ] org.springframework.context.annotation.ClassPathScanningCandidateComponentProvider.findCandidateComponents(ClassPathScanningCandidateComponentProvider.java:298) Ignored because not matching any filter: file [D:\webWorkspace\LYQstudyweb\target\classes\com\study\basic\pojo\ClsRoom.class]
[ main:14789 ] org.springframework.context.annotation.ClassPathScanningCandidateComponentProvider.findCandidateComponents(ClassPathScanningCandidateComponentProvider.java:275) Scanning file [D:\webWorkspace\LYQstudyweb\target\classes\com\study\basic\pojo\UserInfo.class]
[ main:14789 ] org.springframework.context.annotation.ClassPathScanningCandidateComponentProvider.findCandidateComponents(ClassPathScanningCandidateComponentProvider.java:298) Ignored because not matching any filter: file [D:\webWorkspace\LYQstudyweb\target\classes\com\study\basic\pojo\UserInfo.class]
[ main:14789 ] org.springframework.context.annotation.ClassPathScanningCandidateComponentProvider.findCandidateComponents(ClassPathScanningCandidateComponentProvider.java:275) Scanning file [D:\webWorkspace\LYQstudyweb\target\classes\com\study\basic\service\BasicServiceImpl.class]
[ main:14790 ] org.springframework.context.annotation.ClassPathScanningCandidateComponentProvider.findCandidateComponents(ClassPathScanningCandidateComponentProvider.java:286) Identified candidate component class: file [D:\webWorkspace\LYQstudyweb\target\classes\com\study\basic\service\BasicServiceImpl.class]
[ main:14790 ] org.springframework.context.annotation.ClassPathScanningCandidateComponentProvider.findCandidateComponents(ClassPathScanningCandidateComponentProvider.java:275) Scanning file [D:\webWorkspace\LYQstudyweb\target\classes\com\study\basic\service\IBasicService.class]
[ main:14791 ] org.springframework.context.annotation.ClassPathScanningCandidateComponentProvider.findCandidateComponents(ClassPathScanningCandidateComponentProvider.java:298) Ignored because not matching any filter: file [D:\webWorkspace\LYQstudyweb\target\classes\com\study\basic\service\IBasicService.class]
[ main:14791 ] org.springframework.context.annotation.ClassPathScanningCandidateComponentProvider.findCandidateComponents(ClassPathScanningCandidateComponentProvider.java:275) Scanning file [D:\webWorkspace\LYQstudyweb\target\classes\com\study\basic\vo\UserVO.class]
[ main:14791 ] org.springframework.context.annotation.ClassPathScanningCandidateComponentProvider.findCandidateComponents(ClassPathScanningCandidateComponentProvider.java:298) Ignored because not matching any filter: file [D:\webWorkspace\LYQstudyweb\target\classes\com\study\basic\vo\UserVO.class]
[ main:14792 ] org.springframework.context.annotation.ClassPathScanningCandidateComponentProvider.findCandidateComponents(ClassPathScanningCandidateComponentProvider.java:275) Scanning file [D:\webWorkspace\LYQstudyweb\target\classes\com\study\basic\web\ClsController.class]
[ main:14792 ] org.springframework.context.annotation.ClassPathScanningCandidateComponentProvider.findCandidateComponents(ClassPathScanningCandidateComponentProvider.java:286) Identified candidate component class: file [D:\webWorkspace\LYQstudyweb\target\classes\com\study\basic\web\ClsController.class]
[ main:14793 ] org.springframework.context.annotation.ClassPathScanningCandidateComponentProvider.findCandidateComponents(ClassPathScanningCandidateComponentProvider.java:275) Scanning file [D:\webWorkspace\LYQstudyweb\target\classes\com\study\basic\web\ClsRoomController.class]
[ main:14793 ] org.springframework.context.annotation.ClassPathScanningCandidateComponentProvider.findCandidateComponents(ClassPathScanningCandidateComponentProvider.java:286) Identified candidate component class: file [D:\webWorkspace\LYQstudyweb\target\classes\com\study\basic\web\ClsRoomController.class]
[ main:14793 ] org.springframework.context.annotation.ClassPathScanningCandidateComponentProvider.findCandidateComponents(ClassPathScanningCandidateComponentProvider.java:275) Scanning file [D:\webWorkspace\LYQstudyweb\target\classes\com\study\basic\web\UserInfoController.class]
[ main:14794 ] org.springframework.context.annotation.ClassPathScanningCandidateComponentProvider.findCandidateComponents(ClassPathScanningCandidateComponentProvider.java:286) Identified candidate component class: file [D:\webWorkspace\LYQstudyweb\target\classes\com\study\basic\web\UserInfoController.class]
[ main:14794 ] org.springframework.context.annotation.ClassPathScanningCandidateComponentProvider.findCandidateComponents(ClassPathScanningCandidateComponentProvider.java:275) Scanning file [D:\webWorkspace\LYQstudyweb\target\classes\com\study\charts\dao\VoteHistoryMapper.class]
[ main:14795 ] org.springframework.context.annotation.ClassPathScanningCandidateComponentProvider.findCandidateComponents(ClassPathScanningCandidateComponentProvider.java:298) Ignored because not matching any filter: file [D:\webWorkspace\LYQstudyweb\target\classes\com\study\charts\dao\VoteHistoryMapper.class]
[ main:14795 ] org.springframework.context.annotation.ClassPathScanningCandidateComponentProvider.findCandidateComponents(ClassPathScanningCandidateComponentProvider.java:275) Scanning file [D:\webWorkspace\LYQstudyweb\target\classes\com\study\charts\pojo\VoteHistory.class]
[ main:14795 ] org.springframework.context.annotation.ClassPathScanningCandidateComponentProvider.findCandidateComponents(ClassPathScanningCandidateComponentProvider.java:298) Ignored because not matching any filter: file [D:\webWorkspace\LYQstudyweb\target\classes\com\study\charts\pojo\VoteHistory.class]
[ main:14795 ] org.springframework.context.annotation.ClassPathScanningCandidateComponentProvider.findCandidateComponents(ClassPathScanningCandidateComponentProvider.java:275) Scanning file [D:\webWorkspace\LYQstudyweb\target\classes\com\study\common\page\PageInfo.class]
[ main:14796 ] org.springframework.context.annotation.ClassPathScanningCandidateComponentProvider.findCandidateComponents(ClassPathScanningCandidateComponentProvider.java:298) Ignored because not matching any filter: file [D:\webWorkspace\LYQstudyweb\target\classes\com\study\common\page\PageInfo.class]
[ main:14796 ] org.springframework.context.annotation.ClassPathScanningCandidateComponentProvider.findCandidateComponents(ClassPathScanningCandidateComponentProvider.java:275) Scanning file [D:\webWorkspace\LYQstudyweb\target\classes\com\study\common\page\PageInterceptor.class]
[ main:14797 ] org.springframework.context.annotation.ClassPathScanningCandidateComponentProvider.findCandidateComponents(ClassPathScanningCandidateComponentProvider.java:298) Ignored because not matching any filter: file [D:\webWorkspace\LYQstudyweb\target\classes\com\study\common\page\PageInterceptor.class]
[ main:14797 ] org.springframework.context.annotation.ClassPathScanningCandidateComponentProvider.findCandidateComponents(ClassPathScanningCandidateComponentProvider.java:275) Scanning file [D:\webWorkspace\LYQstudyweb\target\classes\com\study\common\page\PageTools.class]
[ main:14797 ] org.springframework.context.annotation.ClassPathScanningCandidateComponentProvider.findCandidateComponents(ClassPathScanningCandidateComponentProvider.java:298) Ignored because not matching any filter: file [D:\webWorkspace\LYQstudyweb\target\classes\com\study\common\page\PageTools.class]
[ main:14798 ] org.springframework.context.annotation.ClassPathScanningCandidateComponentProvider.findCandidateComponents(ClassPathScanningCandidateComponentProvider.java:275) Scanning file [D:\webWorkspace\LYQstudyweb\target\classes\com\study\common\util\MD5.class]
[ main:14798 ] org.springframework.context.annotation.ClassPathScanningCandidateComponentProvider.findCandidateComponents(ClassPathScanningCandidateComponentProvider.java:298) Ignored because not matching any filter: file [D:\webWorkspace\LYQstudyweb\target\classes\com\study\common\util\MD5.class]
[ main:14798 ] org.springframework.context.annotation.ClassPathScanningCandidateComponentProvider.findCandidateComponents(ClassPathScanningCandidateComponentProvider.java:275) Scanning file [D:\webWorkspace\LYQstudyweb\target\classes\com\study\question\dao\AnswerMapper.class]
[ main:14798 ] org.springframework.context.annotation.ClassPathScanningCandidateComponentProvider.findCandidateComponents(ClassPathScanningCandidateComponentProvider.java:298) Ignored because not matching any filter: file [D:\webWorkspace\LYQstudyweb\target\classes\com\study\question\dao\AnswerMapper.class]
[ main:14798 ] org.springframework.context.annotation.ClassPathScanningCandidateComponentProvider.findCandidateComponents(ClassPathScanningCandidateComponentProvider.java:275) Scanning file [D:\webWorkspace\LYQstudyweb\target\classes\com\study\question\dao\QuestionMapper.class]
[ main:14798 ] org.springframework.context.annotation.ClassPathScanningCandidateComponentProvider.findCandidateComponents(ClassPathScanningCandidateComponentProvider.java:298) Ignored because not matching any filter: file [D:\webWorkspace\LYQstudyweb\target\classes\com\study\question\dao\QuestionMapper.class]
[ main:14799 ] org.springframework.context.annotation.ClassPathScanningCandidateComponentProvider.findCandidateComponents(ClassPathScanningCandidateComponentProvider.java:275) Scanning file [D:\webWorkspace\LYQstudyweb\target\classes\com\study\question\dao\QuestionTypeMapper.class]
[ main:14799 ] org.springframework.context.annotation.ClassPathScanningCandidateComponentProvider.findCandidateComponents(ClassPathScanningCandidateComponentProvider.java:298) Ignored because not matching any filter: file [D:\webWorkspace\LYQstudyweb\target\classes\com\study\question\dao\QuestionTypeMapper.class]
[ main:14799 ] org.springframework.context.annotation.ClassPathScanningCandidateComponentProvider.findCandidateComponents(ClassPathScanningCandidateComponentProvider.java:275) Scanning file [D:\webWorkspace\LYQstudyweb\target\classes\com\study\question\pojo\Answer.class]
[ main:14799 ] org.springframework.context.annotation.ClassPathScanningCandidateComponentProvider.findCandidateComponents(ClassPathScanningCandidateComponentProvider.java:298) Ignored because not matching any filter: file [D:\webWorkspace\LYQstudyweb\target\classes\com\study\question\pojo\Answer.class]
[ main:14799 ] org.springframework.context.annotation.ClassPathScanningCandidateComponentProvider.findCandidateComponents(ClassPathScanningCandidateComponentProvider.java:275) Scanning file [D:\webWorkspace\LYQstudyweb\target\classes\com\study\question\pojo\Question.class]
[ main:14799 ] org.springframework.context.annotation.ClassPathScanningCandidateComponentProvider.findCandidateComponents(ClassPathScanningCandidateComponentProvider.java:298) Ignored because not matching any filter: file [D:\webWorkspace\LYQstudyweb\target\classes\com\study\question\pojo\Question.class]
[ main:14800 ] org.springframework.context.annotation.ClassPathScanningCandidateComponentProvider.findCandidateComponents(ClassPathScanningCandidateComponentProvider.java:275) Scanning file [D:\webWorkspace\LYQstudyweb\target\classes\com\study\question\pojo\QuestionType.class]
[ main:14800 ] org.springframework.context.annotation.ClassPathScanningCandidateComponentProvider.findCandidateComponents(ClassPathScanningCandidateComponentProvider.java:298) Ignored because not matching any filter: file [D:\webWorkspace\LYQstudyweb\target\classes\com\study\question\pojo\QuestionType.class]
[ main:14800 ] org.springframework.context.annotation.ClassPathScanningCandidateComponentProvider.findCandidateComponents(ClassPathScanningCandidateComponentProvider.java:275) Scanning file [D:\webWorkspace\LYQstudyweb\target\classes\com\study\user\dao\RightsMapper.class]
[ main:14800 ] org.springframework.context.annotation.ClassPathScanningCandidateComponentProvider.findCandidateComponents(ClassPathScanningCandidateComponentProvider.java:298) Ignored because not matching any filter: file [D:\webWorkspace\LYQstudyweb\target\classes\com\study\user\dao\RightsMapper.class]
[ main:14800 ] org.springframework.context.annotation.ClassPathScanningCandidateComponentProvider.findCandidateComponents(ClassPathScanningCandidateComponentProvider.java:275) Scanning file [D:\webWorkspace\LYQstudyweb\target\classes\com\study\user\dao\RoleMapper.class]
[ main:14801 ] org.springframework.context.annotation.ClassPathScanningCandidateComponentProvider.findCandidateComponents(ClassPathScanningCandidateComponentProvider.java:298) Ignored because not matching any filter: file [D:\webWorkspace\LYQstudyweb\target\classes\com\study\user\dao\RoleMapper.class]
[ main:14801 ] org.springframework.context.annotation.ClassPathScanningCandidateComponentProvider.findCandidateComponents(ClassPathScanningCandidateComponentProvider.java:275) Scanning file [D:\webWorkspace\LYQstudyweb\target\classes\com\study\user\dao\RoleRightsMapper.class]
[ main:14801 ] org.springframework.context.annotation.ClassPathScanningCandidateComponentProvider.findCandidateComponents(ClassPathScanningCandidateComponentProvider.java:298) Ignored because not matching any filter: file [D:\webWorkspace\LYQstudyweb\target\classes\com\study\user\dao\RoleRightsMapper.class]
[ main:14801 ] org.springframework.context.annotation.ClassPathScanningCandidateComponentProvider.findCandidateComponents(ClassPathScanningCandidateComponentProvider.java:275) Scanning file [D:\webWorkspace\LYQstudyweb\target\classes\com\study\user\dao\TeacherMapper.class]
[ main:14801 ] org.springframework.context.annotation.ClassPathScanningCandidateComponentProvider.findCandidateComponents(ClassPathScanningCandidateComponentProvider.java:298) Ignored because not matching any filter: file [D:\webWorkspace\LYQstudyweb\target\classes\com\study\user\dao\TeacherMapper.class]
[ main:14801 ] org.springframework.context.annotation.ClassPathScanningCandidateComponentProvider.findCandidateComponents(ClassPathScanningCandidateComponentProvider.java:275) Scanning file [D:\webWorkspace\LYQstudyweb\target\classes\com\study\user\pojo\Rights.class]
[ main:14802 ] org.springframework.context.annotation.ClassPathScanningCandidateComponentProvider.findCandidateComponents(ClassPathScanningCandidateComponentProvider.java:298) Ignored because not matching any filter: file [D:\webWorkspace\LYQstudyweb\target\classes\com\study\user\pojo\Rights.class]
[ main:14802 ] org.springframework.context.annotation.ClassPathScanningCandidateComponentProvider.findCandidateComponents(ClassPathScanningCandidateComponentProvider.java:275) Scanning file [D:\webWorkspace\LYQstudyweb\target\classes\com\study\user\pojo\Role.class]
[ main:14802 ] org.springframework.context.annotation.ClassPathScanningCandidateComponentProvider.findCandidateComponents(ClassPathScanningCandidateComponentProvider.java:298) Ignored because not matching any filter: file [D:\webWorkspace\LYQstudyweb\target\classes\com\study\user\pojo\Role.class]
[ main:14802 ] org.springframework.context.annotation.ClassPathScanningCandidateComponentProvider.findCandidateComponents(ClassPathScanningCandidateComponentProvider.java:275) Scanning file [D:\webWorkspace\LYQstudyweb\target\classes\com\study\user\pojo\RoleRightsKey.class]
[ main:14803 ] org.springframework.context.annotation.ClassPathScanningCandidateComponentProvider.findCandidateComponents(ClassPathScanningCandidateComponentProvider.java:298) Ignored because not matching any filter: file [D:\webWorkspace\LYQstudyweb\target\classes\com\study\user\pojo\RoleRightsKey.class]
[ main:14803 ] org.springframework.context.annotation.ClassPathScanningCandidateComponentProvider.findCandidateComponents(ClassPathScanningCandidateComponentProvider.java:275) Scanning file [D:\webWorkspace\LYQstudyweb\target\classes\com\study\user\pojo\Teacher.class]
[ main:14803 ] org.springframework.context.annotation.ClassPathScanningCandidateComponentProvider.findCandidateComponents(ClassPathScanningCandidateComponentProvider.java:298) Ignored because not matching any filter: file [D:\webWorkspace\LYQstudyweb\target\classes\com\study\user\pojo\Teacher.class]
[ main:14804 ] org.springframework.context.annotation.ClassPathScanningCandidateComponentProvider.findCandidateComponents(ClassPathScanningCandidateComponentProvider.java:275) Scanning file [D:\webWorkspace\LYQstudyweb\target\classes\com\study\user\service\IUserService.class]
[ main:14804 ] org.springframework.context.annotation.ClassPathScanningCandidateComponentProvider.findCandidateComponents(ClassPathScanningCandidateComponentProvider.java:298) Ignored because not matching any filter: file [D:\webWorkspace\LYQstudyweb\target\classes\com\study\user\service\IUserService.class]
[ main:14804 ] org.springframework.context.annotation.ClassPathScanningCandidateComponentProvider.findCandidateComponents(ClassPathScanningCandidateComponentProvider.java:275) Scanning file [D:\webWorkspace\LYQstudyweb\target\classes\com\study\user\service\UserServiceImpl.class]
[ main:14805 ] org.springframework.context.annotation.ClassPathScanningCandidateComponentProvider.findCandidateComponents(ClassPathScanningCandidateComponentProvider.java:286) Identified candidate component class: file [D:\webWorkspace\LYQstudyweb\target\classes\com\study\user\service\UserServiceImpl.class]
[ main:14805 ] org.springframework.context.annotation.ClassPathScanningCandidateComponentProvider.findCandidateComponents(ClassPathScanningCandidateComponentProvider.java:275) Scanning file [D:\webWorkspace\LYQstudyweb\target\classes\com\study\user\web\UserController.class]
[ main:14806 ] org.springframework.context.annotation.ClassPathScanningCandidateComponentProvider.findCandidateComponents(ClassPathScanningCandidateComponentProvider.java:286) Identified candidate component class: file [D:\webWorkspace\LYQstudyweb\target\classes\com\study\user\web\UserController.class]
[ main:14807 ] org.springframework.beans.factory.xml.BeanDefinitionParserDelegate.parseBeanDefinitionElement(BeanDefinitionParserDelegate.java:481) Neither XML &apos;id&apos; nor &apos;name&apos; specified - using generated bean name [org.springframework.web.servlet.view.InternalResourceViewResolver#0]
[ main:14807 ] org.springframework.beans.factory.xml.BeanDefinitionParserDelegate.parseBeanDefinitionElement(BeanDefinitionParserDelegate.java:481) Neither XML &apos;id&apos; nor &apos;name&apos; specified - using generated bean name [org.mybatis.spring.mapper.MapperScannerConfigurer#0]
[ main:14808 ] org.springframework.beans.factory.support.AbstractBeanDefinitionReader.loadBeanDefinitions(AbstractBeanDefinitionReader.java:224) Loaded 47 bean definitions from location pattern [springmvc.xml]
[ main:14808 ] org.springframework.context.support.AbstractApplicationContext.obtainFreshBeanFactory(AbstractApplicationContext.java:615) Bean factory for org.springframework.context.support.ClassPathXmlApplicationContext@1ffcf674: org.springframework.beans.factory.support.DefaultListableBeanFactory@37864b77: defining beans [basicServiceImpl,clsController,clsRoomController,userInfoController,userServiceImpl,userController,org.springframework.context.annotation.internalConfigurationAnnotationProcessor,org.springframework.context.annotation.internalAutowiredAnnotationProcessor,org.springframework.context.annotation.internalRequiredAnnotationProcessor,org.springframework.context.annotation.internalCommonAnnotationProcessor,org.springframework.context.event.internalEventListenerProcessor,org.springframework.context.event.internalEventListenerFactory,mvcContentNegotiationManager,org.springframework.web.servlet.mvc.method.annotation.RequestMappingHandlerMapping,mvcCorsConfigurations,org.springframework.format.support.FormattingConversionServiceFactoryBean#0,org.springframework.web.servlet.mvc.method.annotation.RequestMappingHandlerAdapter,mvcUriComponentsContributor,org.springframework.web.servlet.handler.MappedInterceptor#0,org.springframework.web.servlet.mvc.method.annotation.ExceptionHandlerExceptionResolver#0,org.springframework.web.servlet.mvc.annotation.ResponseStatusExceptionResolver#0,org.springframework.web.servlet.mvc.support.DefaultHandlerExceptionResolver#0,org.springframework.web.servlet.handler.BeanNameUrlHandlerMapping,org.springframework.web.servlet.mvc.HttpRequestHandlerAdapter,org.springframework.web.servlet.mvc.SimpleControllerHandlerAdapter,mvcResourceUrlProvider,org.springframework.web.servlet.handler.MappedInterceptor#1,org.springframework.web.servlet.resource.ResourceHttpRequestHandler#0,mvcPathMatcher,mvcUrlPathHelper,org.springframework.web.servlet.handler.SimpleUrlHandlerMapping#0,org.springframework.web.servlet.resource.ResourceHttpRequestHandler#1,org.springframework.web.servlet.handler.SimpleUrlHandlerMapping#1,org.springframework.web.servlet.resource.ResourceHttpRequestHandler#2,org.springframework.web.servlet.handler.SimpleUrlHandlerMapping#2,org.springframework.web.servlet.resource.DefaultServletHttpRequestHandler#0,org.springframework.web.servlet.handler.SimpleUrlHandlerMapping#3,org.springframework.web.servlet.view.InternalResourceViewResolver#0,ds,txManager,org.springframework.transaction.config.internalTransactionalEventListenerFactory,org.springframework.aop.config.internalAutoProxyCreator,org.springframework.transaction.annotation.AnnotationTransactionAttributeSource#0,org.springframework.transaction.interceptor.TransactionInterceptor#0,org.springframework.transaction.config.internalTransactionAdvisor,sqlSessionFactory,org.mybatis.spring.mapper.MapperScannerConfigurer#0]; root of factory hierarchy
[ main:14808 ] org.springframework.beans.factory.support.DefaultSingletonBeanRegistry.getSingleton(DefaultSingletonBeanRegistry.java:221) Creating shared instance of singleton bean &apos;org.springframework.context.annotation.internalConfigurationAnnotationProcessor&apos;
[ main:14809 ] org.springframework.beans.factory.support.AbstractAutowireCapableBeanFactory.createBean(AbstractAutowireCapableBeanFactory.java:448) Creating instance of bean &apos;org.springframework.context.annotation.internalConfigurationAnnotationProcessor&apos;
[ main:14809 ] org.springframework.beans.factory.support.AbstractAutowireCapableBeanFactory.doCreateBean(AbstractAutowireCapableBeanFactory.java:529) Eagerly caching bean &apos;org.springframework.context.annotation.internalConfigurationAnnotationProcessor&apos; to allow for resolving potential circular references
[ main:14809 ] org.springframework.beans.factory.support.AbstractAutowireCapableBeanFactory.createBean(AbstractAutowireCapableBeanFactory.java:484) Finished creating instance of bean &apos;org.springframework.context.annotation.internalConfigurationAnnotationProcessor&apos;
[ main:14820 ] org.springframework.beans.factory.support.DefaultSingletonBeanRegistry.getSingleton(DefaultSingletonBeanRegistry.java:221) Creating shared instance of singleton bean &apos;org.mybatis.spring.mapper.MapperScannerConfigurer#0&apos;
[ main:14820 ] org.springframework.beans.factory.support.AbstractAutowireCapableBeanFactory.createBean(AbstractAutowireCapableBeanFactory.java:448) Creating instance of bean &apos;org.mybatis.spring.mapper.MapperScannerConfigurer#0&apos;
[ main:14821 ] org.springframework.beans.factory.support.AbstractAutowireCapableBeanFactory.doCreateBean(AbstractAutowireCapableBeanFactory.java:529) Eagerly caching bean &apos;org.mybatis.spring.mapper.MapperScannerConfigurer#0&apos; to allow for resolving potential circular references
[ main:14821 ] org.springframework.beans.CachedIntrospectionResults.&lt;init&gt;(CachedIntrospectionResults.java:265) Getting BeanInfo for class [org.mybatis.spring.mapper.MapperScannerConfigurer]
[ main:14821 ] org.springframework.beans.CachedIntrospectionResults.&lt;init&gt;(CachedIntrospectionResults.java:284) Caching PropertyDescriptors for class [org.mybatis.spring.mapper.MapperScannerConfigurer]
[ main:14821 ] org.springframework.beans.CachedIntrospectionResults.&lt;init&gt;(CachedIntrospectionResults.java:297) Found bean property &apos;addToConfig&apos; of type [boolean]
[ main:14821 ] org.springframework.beans.CachedIntrospectionResults.&lt;init&gt;(CachedIntrospectionResults.java:297) Found bean property &apos;annotationClass&apos; of type [java.lang.Class]
[ main:14821 ] org.springframework.beans.CachedIntrospectionResults.&lt;init&gt;(CachedIntrospectionResults.java:297) Found bean property &apos;applicationContext&apos; of type [org.springframework.context.ApplicationContext]
[ main:14821 ] org.springframework.beans.CachedIntrospectionResults.&lt;init&gt;(CachedIntrospectionResults.java:297) Found bean property &apos;basePackage&apos; of type [java.lang.String]
[ main:14821 ] org.springframework.beans.CachedIntrospectionResults.&lt;init&gt;(CachedIntrospectionResults.java:297) Found bean property &apos;beanName&apos; of type [java.lang.String]
[ main:14821 ] org.springframework.beans.CachedIntrospectionResults.&lt;init&gt;(CachedIntrospectionResults.java:297) Found bean property &apos;class&apos; of type [java.lang.Class]
[ main:14822 ] org.springframework.beans.CachedIntrospectionResults.&lt;init&gt;(CachedIntrospectionResults.java:297) Found bean property &apos;markerInterface&apos; of type [java.lang.Class]
[ main:14822 ] org.springframework.beans.CachedIntrospectionResults.&lt;init&gt;(CachedIntrospectionResults.java:297) Found bean property &apos;nameGenerator&apos; of type [org.springframework.beans.factory.support.BeanNameGenerator]
[ main:14822 ] org.springframework.beans.CachedIntrospectionResults.&lt;init&gt;(CachedIntrospectionResults.java:297) Found bean property &apos;processPropertyPlaceHolders&apos; of type [boolean]
[ main:14822 ] org.springframework.beans.CachedIntrospectionResults.&lt;init&gt;(CachedIntrospectionResults.java:297) Found bean property &apos;sqlSessionFactory&apos; of type [org.apache.ibatis.session.SqlSessionFactory]
[ main:14822 ] org.springframework.beans.CachedIntrospectionResults.&lt;init&gt;(CachedIntrospectionResults.java:297) Found bean property &apos;sqlSessionFactoryBeanName&apos; of type [java.lang.String]
[ main:14822 ] org.springframework.beans.CachedIntrospectionResults.&lt;init&gt;(CachedIntrospectionResults.java:297) Found bean property &apos;sqlSessionTemplate&apos; of type [org.mybatis.spring.SqlSessionTemplate]
[ main:14822 ] org.springframework.beans.CachedIntrospectionResults.&lt;init&gt;(CachedIntrospectionResults.java:297) Found bean property &apos;sqlSessionTemplateBeanName&apos; of type [java.lang.String]
[ main:14824 ] org.springframework.beans.factory.support.AbstractAutowireCapableBeanFactory.invokeInitMethods(AbstractAutowireCapableBeanFactory.java:1620) Invoking afterPropertiesSet() on bean with name &apos;org.mybatis.spring.mapper.MapperScannerConfigurer#0&apos;
[ main:14824 ] org.springframework.beans.factory.support.AbstractAutowireCapableBeanFactory.createBean(AbstractAutowireCapableBeanFactory.java:484) Finished creating instance of bean &apos;org.mybatis.spring.mapper.MapperScannerConfigurer#0&apos;
[ main:14825 ] org.springframework.core.env.MutablePropertySources.addLast(MutablePropertySources.java:109) Adding [systemProperties] PropertySource with lowest search precedence
[ main:14825 ] org.springframework.core.env.MutablePropertySources.addLast(MutablePropertySources.java:109) Adding [systemEnvironment] PropertySource with lowest search precedence
[ main:14825 ] org.springframework.core.env.AbstractEnvironment.&lt;init&gt;(AbstractEnvironment.java:127) Initialized StandardEnvironment with PropertySources [systemProperties,systemEnvironment]
[ main:14825 ] org.springframework.core.io.support.PathMatchingResourcePatternResolver.findAllClassPathResources(PathMatchingResourcePatternResolver.java:317) Resolved classpath location [com/study/] to resources [URL [file:/D:/webWorkspace/LYQstudyweb/target/test-classes/com/study/], URL [file:/D:/webWorkspace/LYQstudyweb/target/classes/com/study/]]
[ main:14825 ] org.springframework.core.io.support.PathMatchingResourcePatternResolver.doFindMatchingFileSystemResources(PathMatchingResourcePatternResolver.java:711) Looking for matching resources in directory tree [D:\webWorkspace\LYQstudyweb\target\test-classes\com\study]
[ main:14825 ] org.springframework.core.io.support.PathMatchingResourcePatternResolver.doRetrieveMatchingFiles(PathMatchingResourcePatternResolver.java:773) Searching directory [D:\webWorkspace\LYQstudyweb\target\test-classes\com\study] for files matching pattern [D:/webWorkspace/LYQstudyweb/target/test-classes/com/study/**/dao/**/*.class]
[ main:14826 ] org.springframework.core.io.support.PathMatchingResourcePatternResolver.doRetrieveMatchingFiles(PathMatchingResourcePatternResolver.java:773) Searching directory [D:\webWorkspace\LYQstudyweb\target\test-classes\com\study\basic] for files matching pattern [D:/webWorkspace/LYQstudyweb/target/test-classes/com/study/**/dao/**/*.class]
[ main:14826 ] org.springframework.core.io.support.PathMatchingResourcePatternResolver.doRetrieveMatchingFiles(PathMatchingResourcePatternResolver.java:773) Searching directory [D:\webWorkspace\LYQstudyweb\target\test-classes\com\study\basic\dao] for files matching pattern [D:/webWorkspace/LYQstudyweb/target/test-classes/com/study/**/dao/**/*.class]
[ main:14827 ] org.springframework.core.io.support.PathMatchingResourcePatternResolver.doRetrieveMatchingFiles(PathMatchingResourcePatternResolver.java:773) Searching directory [D:\webWorkspace\LYQstudyweb\target\test-classes\com\study\basic\service] for files matching pattern [D:/webWorkspace/LYQstudyweb/target/test-classes/com/study/**/dao/**/*.class]
[ main:14827 ] org.springframework.core.io.support.PathMatchingResourcePatternResolver.doRetrieveMatchingFiles(PathMatchingResourcePatternResolver.java:773) Searching directory [D:\webWorkspace\LYQstudyweb\target\test-classes\com\study\charts] for files matching pattern [D:/webWorkspace/LYQstudyweb/target/test-classes/com/study/**/dao/**/*.class]
[ main:14827 ] org.springframework.core.io.support.PathMatchingResourcePatternResolver.doRetrieveMatchingFiles(PathMatchingResourcePatternResolver.java:773) Searching directory [D:\webWorkspace\LYQstudyweb\target\test-classes\com\study\charts\dao] for files matching pattern [D:/webWorkspace/LYQstudyweb/target/test-classes/com/study/**/dao/**/*.class]
[ main:14828 ] org.springframework.core.io.support.PathMatchingResourcePatternResolver.doRetrieveMatchingFiles(PathMatchingResourcePatternResolver.java:773) Searching directory [D:\webWorkspace\LYQstudyweb\target\test-classes\com\study\charts\service] for files matching pattern [D:/webWorkspace/LYQstudyweb/target/test-classes/com/study/**/dao/**/*.class]
[ main:14828 ] org.springframework.core.io.support.PathMatchingResourcePatternResolver.doRetrieveMatchingFiles(PathMatchingResourcePatternResolver.java:773) Searching directory [D:\webWorkspace\LYQstudyweb\target\test-classes\com\study\question] for files matching pattern [D:/webWorkspace/LYQstudyweb/target/test-classes/com/study/**/dao/**/*.class]
[ main:14828 ] org.springframework.core.io.support.PathMatchingResourcePatternResolver.doRetrieveMatchingFiles(PathMatchingResourcePatternResolver.java:773) Searching directory [D:\webWorkspace\LYQstudyweb\target\test-classes\com\study\question\dao] for files matching pattern [D:/webWorkspace/LYQstudyweb/target/test-classes/com/study/**/dao/**/*.class]
[ main:14828 ] org.springframework.core.io.support.PathMatchingResourcePatternResolver.doRetrieveMatchingFiles(PathMatchingResourcePatternResolver.java:773) Searching directory [D:\webWorkspace\LYQstudyweb\target\test-classes\com\study\question\service] for files matching pattern [D:/webWorkspace/LYQstudyweb/target/test-classes/com/study/**/dao/**/*.class]
[ main:14829 ] org.springframework.core.io.support.PathMatchingResourcePatternResolver.doRetrieveMatchingFiles(PathMatchingResourcePatternResolver.java:773) Searching directory [D:\webWorkspace\LYQstudyweb\target\test-classes\com\study\user] for files matching pattern [D:/webWorkspace/LYQstudyweb/target/test-classes/com/study/**/dao/**/*.class]
[ main:14829 ] org.springframework.core.io.support.PathMatchingResourcePatternResolver.doRetrieveMatchingFiles(PathMatchingResourcePatternResolver.java:773) Searching directory [D:\webWorkspace\LYQstudyweb\target\test-classes\com\study\user\dao] for files matching pattern [D:/webWorkspace/LYQstudyweb/target/test-classes/com/study/**/dao/**/*.class]
[ main:14829 ] org.springframework.core.io.support.PathMatchingResourcePatternResolver.doRetrieveMatchingFiles(PathMatchingResourcePatternResolver.java:773) Searching directory [D:\webWorkspace\LYQstudyweb\target\test-classes\com\study\user\service] for files matching pattern [D:/webWorkspace/LYQstudyweb/target/test-classes/com/study/**/dao/**/*.class]
[ main:14830 ] org.springframework.core.io.support.PathMatchingResourcePatternResolver.doFindMatchingFileSystemResources(PathMatchingResourcePatternResolver.java:711) Looking for matching resources in directory tree [D:\webWorkspace\LYQstudyweb\target\classes\com\study]
[ main:14830 ] org.springframework.core.io.support.PathMatchingResourcePatternResolver.doRetrieveMatchingFiles(PathMatchingResourcePatternResolver.java:773) Searching directory [D:\webWorkspace\LYQstudyweb\target\classes\com\study] for files matching pattern [D:/webWorkspace/LYQstudyweb/target/classes/com/study/**/dao/**/*.class]
[ main:14830 ] org.springframework.core.io.support.PathMatchingResourcePatternResolver.doRetrieveMatchingFiles(PathMatchingResourcePatternResolver.java:773) Searching directory [D:\webWorkspace\LYQstudyweb\target\classes\com\study\basic] for files matching pattern [D:/webWorkspace/LYQstudyweb/target/classes/com/study/**/dao/**/*.class]
[ main:14830 ] org.springframework.core.io.support.PathMatchingResourcePatternResolver.doRetrieveMatchingFiles(PathMatchingResourcePatternResolver.java:773) Searching directory [D:\webWorkspace\LYQstudyweb\target\classes\com\study\basic\dao] for files matching pattern [D:/webWorkspace/LYQstudyweb/target/classes/com/study/**/dao/**/*.class]
[ main:14831 ] org.springframework.core.io.support.PathMatchingResourcePatternResolver.doRetrieveMatchingFiles(PathMatchingResourcePatternResolver.java:773) Searching directory [D:\webWorkspace\LYQstudyweb\target\classes\com\study\basic\pojo] for files matching pattern [D:/webWorkspace/LYQstudyweb/target/classes/com/study/**/dao/**/*.class]
[ main:14831 ] org.springframework.core.io.support.PathMatchingResourcePatternResolver.doRetrieveMatchingFiles(PathMatchingResourcePatternResolver.java:773) Searching directory [D:\webWorkspace\LYQstudyweb\target\classes\com\study\basic\service] for files matching pattern [D:/webWorkspace/LYQstudyweb/target/classes/com/study/**/dao/**/*.class]
[ main:14831 ] org.springframework.core.io.support.PathMatchingResourcePatternResolver.doRetrieveMatchingFiles(PathMatchingResourcePatternResolver.java:773) Searching directory [D:\webWorkspace\LYQstudyweb\target\classes\com\study\basic\vo] for files matching pattern [D:/webWorkspace/LYQstudyweb/target/classes/com/study/**/dao/**/*.class]
[ main:14831 ] org.springframework.core.io.support.PathMatchingResourcePatternResolver.doRetrieveMatchingFiles(PathMatchingResourcePatternResolver.java:773) Searching directory [D:\webWorkspace\LYQstudyweb\target\classes\com\study\basic\web] for files matching pattern [D:/webWorkspace/LYQstudyweb/target/classes/com/study/**/dao/**/*.class]
[ main:14832 ] org.springframework.core.io.support.PathMatchingResourcePatternResolver.doRetrieveMatchingFiles(PathMatchingResourcePatternResolver.java:773) Searching directory [D:\webWorkspace\LYQstudyweb\target\classes\com\study\charts] for files matching pattern [D:/webWorkspace/LYQstudyweb/target/classes/com/study/**/dao/**/*.class]
[ main:14832 ] org.springframework.core.io.support.PathMatchingResourcePatternResolver.doRetrieveMatchingFiles(PathMatchingResourcePatternResolver.java:773) Searching directory [D:\webWorkspace\LYQstudyweb\target\classes\com\study\charts\dao] for files matching pattern [D:/webWorkspace/LYQstudyweb/target/classes/com/study/**/dao/**/*.class]
[ main:14832 ] org.springframework.core.io.support.PathMatchingResourcePatternResolver.doRetrieveMatchingFiles(PathMatchingResourcePatternResolver.java:773) Searching directory [D:\webWorkspace\LYQstudyweb\target\classes\com\study\charts\pojo] for files matching pattern [D:/webWorkspace/LYQstudyweb/target/classes/com/study/**/dao/**/*.class]
[ main:14832 ] org.springframework.core.io.support.PathMatchingResourcePatternResolver.doRetrieveMatchingFiles(PathMatchingResourcePatternResolver.java:773) Searching directory [D:\webWorkspace\LYQstudyweb\target\classes\com\study\charts\service] for files matching pattern [D:/webWorkspace/LYQstudyweb/target/classes/com/study/**/dao/**/*.class]
[ main:14833 ] org.springframework.core.io.support.PathMatchingResourcePatternResolver.doRetrieveMatchingFiles(PathMatchingResourcePatternResolver.java:773) Searching directory [D:\webWorkspace\LYQstudyweb\target\classes\com\study\charts\web] for files matching pattern [D:/webWorkspace/LYQstudyweb/target/classes/com/study/**/dao/**/*.class]
[ main:14833 ] org.springframework.core.io.support.PathMatchingResourcePatternResolver.doRetrieveMatchingFiles(PathMatchingResourcePatternResolver.java:773) Searching directory [D:\webWorkspace\LYQstudyweb\target\classes\com\study\common] for files matching pattern [D:/webWorkspace/LYQstudyweb/target/classes/com/study/**/dao/**/*.class]
[ main:14833 ] org.springframework.core.io.support.PathMatchingResourcePatternResolver.doRetrieveMatchingFiles(PathMatchingResourcePatternResolver.java:773) Searching directory [D:\webWorkspace\LYQstudyweb\target\classes\com\study\common\page] for files matching pattern [D:/webWorkspace/LYQstudyweb/target/classes/com/study/**/dao/**/*.class]
[ main:14833 ] org.springframework.core.io.support.PathMatchingResourcePatternResolver.doRetrieveMatchingFiles(PathMatchingResourcePatternResolver.java:773) Searching directory [D:\webWorkspace\LYQstudyweb\target\classes\com\study\common\util] for files matching pattern [D:/webWorkspace/LYQstudyweb/target/classes/com/study/**/dao/**/*.class]
[ main:14834 ] org.springframework.core.io.support.PathMatchingResourcePatternResolver.doRetrieveMatchingFiles(PathMatchingResourcePatternResolver.java:773) Searching directory [D:\webWorkspace\LYQstudyweb\target\classes\com\study\question] for files matching pattern [D:/webWorkspace/LYQstudyweb/target/classes/com/study/**/dao/**/*.class]
[ main:14834 ] org.springframework.core.io.support.PathMatchingResourcePatternResolver.doRetrieveMatchingFiles(PathMatchingResourcePatternResolver.java:773) Searching directory [D:\webWorkspace\LYQstudyweb\target\classes\com\study\question\dao] for files matching pattern [D:/webWorkspace/LYQstudyweb/target/classes/com/study/**/dao/**/*.class]
[ main:14834 ] org.springframework.core.io.support.PathMatchingResourcePatternResolver.doRetrieveMatchingFiles(PathMatchingResourcePatternResolver.java:773) Searching directory [D:\webWorkspace\LYQstudyweb\target\classes\com\study\question\pojo] for files matching pattern [D:/webWorkspace/LYQstudyweb/target/classes/com/study/**/dao/**/*.class]
[ main:14835 ] org.springframework.core.io.support.PathMatchingResourcePatternResolver.doRetrieveMatchingFiles(PathMatchingResourcePatternResolver.java:773) Searching directory [D:\webWorkspace\LYQstudyweb\target\classes\com\study\question\service] for files matching pattern [D:/webWorkspace/LYQstudyweb/target/classes/com/study/**/dao/**/*.class]
[ main:14835 ] org.springframework.core.io.support.PathMatchingResourcePatternResolver.doRetrieveMatchingFiles(PathMatchingResourcePatternResolver.java:773) Searching directory [D:\webWorkspace\LYQstudyweb\target\classes\com\study\question\web] for files matching pattern [D:/webWorkspace/LYQstudyweb/target/classes/com/study/**/dao/**/*.class]
[ main:14835 ] org.springframework.core.io.support.PathMatchingResourcePatternResolver.doRetrieveMatchingFiles(PathMatchingResourcePatternResolver.java:773) Searching directory [D:\webWorkspace\LYQstudyweb\target\classes\com\study\user] for files matching pattern [D:/webWorkspace/LYQstudyweb/target/classes/com/study/**/dao/**/*.class]
[ main:14835 ] org.springframework.core.io.support.PathMatchingResourcePatternResolver.doRetrieveMatchingFiles(PathMatchingResourcePatternResolver.java:773) Searching directory [D:\webWorkspace\LYQstudyweb\target\classes\com\study\user\dao] for files matching pattern [D:/webWorkspace/LYQstudyweb/target/classes/com/study/**/dao/**/*.class]
[ main:14836 ] org.springframework.core.io.support.PathMatchingResourcePatternResolver.doRetrieveMatchingFiles(PathMatchingResourcePatternResolver.java:773) Searching directory [D:\webWorkspace\LYQstudyweb\target\classes\com\study\user\pojo] for files matching pattern [D:/webWorkspace/LYQstudyweb/target/classes/com/study/**/dao/**/*.class]
[ main:14836 ] org.springframework.core.io.support.PathMatchingResourcePatternResolver.doRetrieveMatchingFiles(PathMatchingResourcePatternResolver.java:773) Searching directory [D:\webWorkspace\LYQstudyweb\target\classes\com\study\user\service] for files matching pattern [D:/webWorkspace/LYQstudyweb/target/classes/com/study/**/dao/**/*.class]
[ main:14836 ] org.springframework.core.io.support.PathMatchingResourcePatternResolver.doRetrieveMatchingFiles(PathMatchingResourcePatternResolver.java:773) Searching directory [D:\webWorkspace\LYQstudyweb\target\classes\com\study\user\web] for files matching pattern [D:/webWorkspace/LYQstudyweb/target/classes/com/study/**/dao/**/*.class]
[ main:14837 ] org.springframework.core.io.support.PathMatchingResourcePatternResolver.findPathMatchingResources(PathMatchingResourcePatternResolver.java:483) Resolved location pattern [classpath*:com/study/**/dao/**/*.class] to resources [file [D:\webWorkspace\LYQstudyweb\target\test-classes\com\study\basic\dao\ClsRoomMapperTest.class], file [D:\webWorkspace\LYQstudyweb\target\test-classes\com\study\basic\dao\UserInfoMapperTest.class], file [D:\webWorkspace\LYQstudyweb\target\test-classes\com\study\user\dao\RoleMapperTest.class], file [D:\webWorkspace\LYQstudyweb\target\test-classes\com\study\user\dao\RoleRightsMapperTest.class], file [D:\webWorkspace\LYQstudyweb\target\test-classes\com\study\user\dao\TeacherMapperTest.class], file [D:\webWorkspace\LYQstudyweb\target\classes\com\study\basic\dao\ClsMapper.class], file [D:\webWorkspace\LYQstudyweb\target\classes\com\study\basic\dao\ClsRoomMapper.class], file [D:\webWorkspace\LYQstudyweb\target\classes\com\study\basic\dao\UserInfoMapper.class], file [D:\webWorkspace\LYQstudyweb\target\classes\com\study\charts\dao\VoteHistoryMapper.class], file [D:\webWorkspace\LYQstudyweb\target\classes\com\study\question\dao\AnswerMapper.class], file [D:\webWorkspace\LYQstudyweb\target\classes\com\study\question\dao\QuestionMapper.class], file [D:\webWorkspace\LYQstudyweb\target\classes\com\study\question\dao\QuestionTypeMapper.class], file [D:\webWorkspace\LYQstudyweb\target\classes\com\study\user\dao\RightsMapper.class], file [D:\webWorkspace\LYQstudyweb\target\classes\com\study\user\dao\RoleMapper.class], file [D:\webWorkspace\LYQstudyweb\target\classes\com\study\user\dao\RoleRightsMapper.class], file [D:\webWorkspace\LYQstudyweb\target\classes\com\study\user\dao\TeacherMapper.class]]
[ main:14837 ] org.springframework.context.annotation.ClassPathScanningCandidateComponentProvider.findCandidateComponents(ClassPathScanningCandidateComponentProvider.java:275) Scanning file [D:\webWorkspace\LYQstudyweb\target\test-classes\com\study\basic\dao\ClsRoomMapperTest.class]
[ main:14837 ] org.springframework.context.annotation.ClassPathScanningCandidateComponentProvider.findCandidateComponents(ClassPathScanningCandidateComponentProvider.java:292) Ignored because not a concrete top-level class: file [D:\webWorkspace\LYQstudyweb\target\test-classes\com\study\basic\dao\ClsRoomMapperTest.class]
[ main:14838 ] org.springframework.context.annotation.ClassPathScanningCandidateComponentProvider.findCandidateComponents(ClassPathScanningCandidateComponentProvider.java:275) Scanning file [D:\webWorkspace\LYQstudyweb\target\test-classes\com\study\basic\dao\UserInfoMapperTest.class]
[ main:14839 ] org.springframework.context.annotation.ClassPathScanningCandidateComponentProvider.findCandidateComponents(ClassPathScanningCandidateComponentProvider.java:292) Ignored because not a concrete top-level class: file [D:\webWorkspace\LYQstudyweb\target\test-classes\com\study\basic\dao\UserInfoMapperTest.class]
[ main:14839 ] org.springframework.context.annotation.ClassPathScanningCandidateComponentProvider.findCandidateComponents(ClassPathScanningCandidateComponentProvider.java:275) Scanning file [D:\webWorkspace\LYQstudyweb\target\test-classes\com\study\user\dao\RoleMapperTest.class]
[ main:14840 ] org.springframework.context.annotation.ClassPathScanningCandidateComponentProvider.findCandidateComponents(ClassPathScanningCandidateComponentProvider.java:292) Ignored because not a concrete top-level class: file [D:\webWorkspace\LYQstudyweb\target\test-classes\com\study\user\dao\RoleMapperTest.class]
[ main:14840 ] org.springframework.context.annotation.ClassPathScanningCandidateComponentProvider.findCandidateComponents(ClassPathScanningCandidateComponentProvider.java:275) Scanning file [D:\webWorkspace\LYQstudyweb\target\test-classes\com\study\user\dao\RoleRightsMapperTest.class]
[ main:14840 ] org.springframework.context.annotation.ClassPathScanningCandidateComponentProvider.findCandidateComponents(ClassPathScanningCandidateComponentProvider.java:292) Ignored because not a concrete top-level class: file [D:\webWorkspace\LYQstudyweb\target\test-classes\com\study\user\dao\RoleRightsMapperTest.class]
[ main:14840 ] org.springframework.context.annotation.ClassPathScanningCandidateComponentProvider.findCandidateComponents(ClassPathScanningCandidateComponentProvider.java:275) Scanning file [D:\webWorkspace\LYQstudyweb\target\test-classes\com\study\user\dao\TeacherMapperTest.class]
[ main:14841 ] org.springframework.context.annotation.ClassPathScanningCandidateComponentProvider.findCandidateComponents(ClassPathScanningCandidateComponentProvider.java:292) Ignored because not a concrete top-level class: file [D:\webWorkspace\LYQstudyweb\target\test-classes\com\study\user\dao\TeacherMapperTest.class]
[ main:14841 ] org.springframework.context.annotation.ClassPathScanningCandidateComponentProvider.findCandidateComponents(ClassPathScanningCandidateComponentProvider.java:275) Scanning file [D:\webWorkspace\LYQstudyweb\target\classes\com\study\basic\dao\ClsMapper.class]
[ main:14841 ] org.springframework.context.annotation.ClassPathScanningCandidateComponentProvider.findCandidateComponents(ClassPathScanningCandidateComponentProvider.java:286) Identified candidate component class: file [D:\webWorkspace\LYQstudyweb\target\classes\com\study\basic\dao\ClsMapper.class]
[ main:14842 ] org.springframework.context.annotation.ClassPathScanningCandidateComponentProvider.findCandidateComponents(ClassPathScanningCandidateComponentProvider.java:275) Scanning file [D:\webWorkspace\LYQstudyweb\target\classes\com\study\basic\dao\ClsRoomMapper.class]
[ main:14842 ] org.springframework.context.annotation.ClassPathScanningCandidateComponentProvider.findCandidateComponents(ClassPathScanningCandidateComponentProvider.java:286) Identified candidate component class: file [D:\webWorkspace\LYQstudyweb\target\classes\com\study\basic\dao\ClsRoomMapper.class]
[ main:14842 ] org.springframework.context.annotation.ClassPathScanningCandidateComponentProvider.findCandidateComponents(ClassPathScanningCandidateComponentProvider.java:275) Scanning file [D:\webWorkspace\LYQstudyweb\target\classes\com\study\basic\dao\UserInfoMapper.class]
[ main:14842 ] org.springframework.context.annotation.ClassPathScanningCandidateComponentProvider.findCandidateComponents(ClassPathScanningCandidateComponentProvider.java:286) Identified candidate component class: file [D:\webWorkspace\LYQstudyweb\target\classes\com\study\basic\dao\UserInfoMapper.class]
[ main:14843 ] org.springframework.context.annotation.ClassPathScanningCandidateComponentProvider.findCandidateComponents(ClassPathScanningCandidateComponentProvider.java:275) Scanning file [D:\webWorkspace\LYQstudyweb\target\classes\com\study\charts\dao\VoteHistoryMapper.class]
[ main:14843 ] org.springframework.context.annotation.ClassPathScanningCandidateComponentProvider.findCandidateComponents(ClassPathScanningCandidateComponentProvider.java:286) Identified candidate component class: file [D:\webWorkspace\LYQstudyweb\target\classes\com\study\charts\dao\VoteHistoryMapper.class]
[ main:14843 ] org.springframework.context.annotation.ClassPathScanningCandidateComponentProvider.findCandidateComponents(ClassPathScanningCandidateComponentProvider.java:275) Scanning file [D:\webWorkspace\LYQstudyweb\target\classes\com\study\question\dao\AnswerMapper.class]
[ main:14844 ] org.springframework.context.annotation.ClassPathScanningCandidateComponentProvider.findCandidateComponents(ClassPathScanningCandidateComponentProvider.java:286) Identified candidate component class: file [D:\webWorkspace\LYQstudyweb\target\classes\com\study\question\dao\AnswerMapper.class]
[ main:14844 ] org.springframework.context.annotation.ClassPathScanningCandidateComponentProvider.findCandidateComponents(ClassPathScanningCandidateComponentProvider.java:275) Scanning file [D:\webWorkspace\LYQstudyweb\target\classes\com\study\question\dao\QuestionMapper.class]
[ main:14844 ] org.springframework.context.annotation.ClassPathScanningCandidateComponentProvider.findCandidateComponents(ClassPathScanningCandidateComponentProvider.java:286) Identified candidate component class: file [D:\webWorkspace\LYQstudyweb\target\classes\com\study\question\dao\QuestionMapper.class]
[ main:14844 ] org.springframework.context.annotation.ClassPathScanningCandidateComponentProvider.findCandidateComponents(ClassPathScanningCandidateComponentProvider.java:275) Scanning file [D:\webWorkspace\LYQstudyweb\target\classes\com\study\question\dao\QuestionTypeMapper.class]
[ main:14845 ] org.springframework.context.annotation.ClassPathScanningCandidateComponentProvider.findCandidateComponents(ClassPathScanningCandidateComponentProvider.java:286) Identified candidate component class: file [D:\webWorkspace\LYQstudyweb\target\classes\com\study\question\dao\QuestionTypeMapper.class]
[ main:14845 ] org.springframework.context.annotation.ClassPathScanningCandidateComponentProvider.findCandidateComponents(ClassPathScanningCandidateComponentProvider.java:275) Scanning file [D:\webWorkspace\LYQstudyweb\target\classes\com\study\user\dao\RightsMapper.class]
[ main:14845 ] org.springframework.context.annotation.ClassPathScanningCandidateComponentProvider.findCandidateComponents(ClassPathScanningCandidateComponentProvider.java:286) Identified candidate component class: file [D:\webWorkspace\LYQstudyweb\target\classes\com\study\user\dao\RightsMapper.class]
[ main:14845 ] org.springframework.context.annotation.ClassPathScanningCandidateComponentProvider.findCandidateComponents(ClassPathScanningCandidateComponentProvider.java:275) Scanning file [D:\webWorkspace\LYQstudyweb\target\classes\com\study\user\dao\RoleMapper.class]
[ main:14845 ] org.springframework.context.annotation.ClassPathScanningCandidateComponentProvider.findCandidateComponents(ClassPathScanningCandidateComponentProvider.java:286) Identified candidate component class: file [D:\webWorkspace\LYQstudyweb\target\classes\com\study\user\dao\RoleMapper.class]
[ main:14846 ] org.springframework.context.annotation.ClassPathScanningCandidateComponentProvider.findCandidateComponents(ClassPathScanningCandidateComponentProvider.java:275) Scanning file [D:\webWorkspace\LYQstudyweb\target\classes\com\study\user\dao\RoleRightsMapper.class]
[ main:14846 ] org.springframework.context.annotation.ClassPathScanningCandidateComponentProvider.findCandidateComponents(ClassPathScanningCandidateComponentProvider.java:286) Identified candidate component class: file [D:\webWorkspace\LYQstudyweb\target\classes\com\study\user\dao\RoleRightsMapper.class]
[ main:14846 ] org.springframework.context.annotation.ClassPathScanningCandidateComponentProvider.findCandidateComponents(ClassPathScanningCandidateComponentProvider.java:275) Scanning file [D:\webWorkspace\LYQstudyweb\target\classes\com\study\user\dao\TeacherMapper.class]
[ main:14847 ] org.springframework.context.annotation.ClassPathScanningCandidateComponentProvider.findCandidateComponents(ClassPathScanningCandidateComponentProvider.java:286) Identified candidate component class: file [D:\webWorkspace\LYQstudyweb\target\classes\com\study\user\dao\TeacherMapper.class]
[ main:14847 ] org.mybatis.spring.mapper.ClassPathMapperScanner.processBeanDefinitions(ClassPathMapperScanner.java:181) Creating MapperFactoryBean with name &apos;clsMapper&apos; and &apos;com.study.basic.dao.ClsMapper&apos; mapperInterface
[ main:14847 ] org.mybatis.spring.mapper.ClassPathMapperScanner.processBeanDefinitions(ClassPathMapperScanner.java:181) Creating MapperFactoryBean with name &apos;clsRoomMapper&apos; and &apos;com.study.basic.dao.ClsRoomMapper&apos; mapperInterface
[ main:14848 ] org.mybatis.spring.mapper.ClassPathMapperScanner.processBeanDefinitions(ClassPathMapperScanner.java:181) Creating MapperFactoryBean with name &apos;userInfoMapper&apos; and &apos;com.study.basic.dao.UserInfoMapper&apos; mapperInterface
[ main:14848 ] org.mybatis.spring.mapper.ClassPathMapperScanner.processBeanDefinitions(ClassPathMapperScanner.java:181) Creating MapperFactoryBean with name &apos;voteHistoryMapper&apos; and &apos;com.study.charts.dao.VoteHistoryMapper&apos; mapperInterface
[ main:14848 ] org.mybatis.spring.mapper.ClassPathMapperScanner.processBeanDefinitions(ClassPathMapperScanner.java:181) Creating MapperFactoryBean with name &apos;answerMapper&apos; and &apos;com.study.question.dao.AnswerMapper&apos; mapperInterface
[ main:14848 ] org.mybatis.spring.mapper.ClassPathMapperScanner.processBeanDefinitions(ClassPathMapperScanner.java:181) Creating MapperFactoryBean with name &apos;questionMapper&apos; and &apos;com.study.question.dao.QuestionMapper&apos; mapperInterface
[ main:14848 ] org.mybatis.spring.mapper.ClassPathMapperScanner.processBeanDefinitions(ClassPathMapperScanner.java:181) Creating MapperFactoryBean with name &apos;questionTypeMapper&apos; and &apos;com.study.question.dao.QuestionTypeMapper&apos; mapperInterface
[ main:14848 ] org.mybatis.spring.mapper.ClassPathMapperScanner.processBeanDefinitions(ClassPathMapperScanner.java:181) Creating MapperFactoryBean with name &apos;rightsMapper&apos; and &apos;com.study.user.dao.RightsMapper&apos; mapperInterface
[ main:14848 ] org.mybatis.spring.mapper.ClassPathMapperScanner.processBeanDefinitions(ClassPathMapperScanner.java:181) Creating MapperFactoryBean with name &apos;roleMapper&apos; and &apos;com.study.user.dao.RoleMapper&apos; mapperInterface
[ main:14848 ] org.mybatis.spring.mapper.ClassPathMapperScanner.processBeanDefinitions(ClassPathMapperScanner.java:181) Creating MapperFactoryBean with name &apos;roleRightsMapper&apos; and &apos;com.study.user.dao.RoleRightsMapper&apos; mapperInterface
[ main:14848 ] org.mybatis.spring.mapper.ClassPathMapperScanner.processBeanDefinitions(ClassPathMapperScanner.java:181) Creating MapperFactoryBean with name &apos;teacherMapper&apos; and &apos;com.study.user.dao.TeacherMapper&apos; mapperInterface
[ main:14850 ] org.springframework.beans.factory.support.DefaultSingletonBeanRegistry.getSingleton(DefaultSingletonBeanRegistry.java:221) Creating shared instance of singleton bean &apos;org.springframework.context.annotation.internalAutowiredAnnotationProcessor&apos;
[ main:14850 ] org.springframework.beans.factory.support.AbstractAutowireCapableBeanFactory.createBean(AbstractAutowireCapableBeanFactory.java:448) Creating instance of bean &apos;org.springframework.context.annotation.internalAutowiredAnnotationProcessor&apos;
[ main:14851 ] org.springframework.beans.factory.support.AbstractAutowireCapableBeanFactory.doCreateBean(AbstractAutowireCapableBeanFactory.java:529) Eagerly caching bean &apos;org.springframework.context.annotation.internalAutowiredAnnotationProcessor&apos; to allow for resolving potential circular references
[ main:14851 ] org.springframework.beans.factory.support.AbstractAutowireCapableBeanFactory.createBean(AbstractAutowireCapableBeanFactory.java:484) Finished creating instance of bean &apos;org.springframework.context.annotation.internalAutowiredAnnotationProcessor&apos;
[ main:14851 ] org.springframework.beans.factory.support.DefaultSingletonBeanRegistry.getSingleton(DefaultSingletonBeanRegistry.java:221) Creating shared instance of singleton bean &apos;org.springframework.context.annotation.internalRequiredAnnotationProcessor&apos;
[ main:14851 ] org.springframework.beans.factory.support.AbstractAutowireCapableBeanFactory.createBean(AbstractAutowireCapableBeanFactory.java:448) Creating instance of bean &apos;org.springframework.context.annotation.internalRequiredAnnotationProcessor&apos;
[ main:14851 ] org.springframework.beans.factory.support.AbstractAutowireCapableBeanFactory.doCreateBean(AbstractAutowireCapableBeanFactory.java:529) Eagerly caching bean &apos;org.springframework.context.annotation.internalRequiredAnnotationProcessor&apos; to allow for resolving potential circular references
[ main:14851 ] org.springframework.beans.factory.support.AbstractAutowireCapableBeanFactory.createBean(AbstractAutowireCapableBeanFactory.java:484) Finished creating instance of bean &apos;org.springframework.context.annotation.internalRequiredAnnotationProcessor&apos;
[ main:14851 ] org.springframework.beans.factory.support.DefaultSingletonBeanRegistry.getSingleton(DefaultSingletonBeanRegistry.java:221) Creating shared instance of singleton bean &apos;org.springframework.context.annotation.internalCommonAnnotationProcessor&apos;
[ main:14852 ] org.springframework.beans.factory.support.AbstractAutowireCapableBeanFactory.createBean(AbstractAutowireCapableBeanFactory.java:448) Creating instance of bean &apos;org.springframework.context.annotation.internalCommonAnnotationProcessor&apos;
[ main:14852 ] org.springframework.beans.factory.support.AbstractAutowireCapableBeanFactory.doCreateBean(AbstractAutowireCapableBeanFactory.java:529) Eagerly caching bean &apos;org.springframework.context.annotation.internalCommonAnnotationProcessor&apos; to allow for resolving potential circular references
[ main:14852 ] org.springframework.beans.factory.support.AbstractAutowireCapableBeanFactory.createBean(AbstractAutowireCapableBeanFactory.java:484) Finished creating instance of bean &apos;org.springframework.context.annotation.internalCommonAnnotationProcessor&apos;
[ main:14852 ] org.springframework.beans.factory.support.DefaultSingletonBeanRegistry.getSingleton(DefaultSingletonBeanRegistry.java:221) Creating shared instance of singleton bean &apos;org.springframework.context.annotation.ConfigurationClassPostProcessor.importAwareProcessor&apos;
[ main:14852 ] org.springframework.beans.factory.support.AbstractAutowireCapableBeanFactory.createBean(AbstractAutowireCapableBeanFactory.java:448) Creating instance of bean &apos;org.springframework.context.annotation.ConfigurationClassPostProcessor.importAwareProcessor&apos;
[ main:14852 ] org.springframework.beans.factory.support.AbstractAutowireCapableBeanFactory.doCreateBean(AbstractAutowireCapableBeanFactory.java:529) Eagerly caching bean &apos;org.springframework.context.annotation.ConfigurationClassPostProcessor.importAwareProcessor&apos; to allow for resolving potential circular references
[ main:14852 ] org.springframework.beans.factory.support.AbstractAutowireCapableBeanFactory.createBean(AbstractAutowireCapableBeanFactory.java:484) Finished creating instance of bean &apos;org.springframework.context.annotation.ConfigurationClassPostProcessor.importAwareProcessor&apos;
[ main:14852 ] org.springframework.beans.factory.support.DefaultSingletonBeanRegistry.getSingleton(DefaultSingletonBeanRegistry.java:221) Creating shared instance of singleton bean &apos;org.springframework.context.annotation.ConfigurationClassPostProcessor.enhancedConfigurationProcessor&apos;
[ main:14853 ] org.springframework.beans.factory.support.AbstractAutowireCapableBeanFactory.createBean(AbstractAutowireCapableBeanFactory.java:448) Creating instance of bean &apos;org.springframework.context.annotation.ConfigurationClassPostProcessor.enhancedConfigurationProcessor&apos;
[ main:14853 ] org.springframework.beans.factory.support.AbstractAutowireCapableBeanFactory.doCreateBean(AbstractAutowireCapableBeanFactory.java:529) Eagerly caching bean &apos;org.springframework.context.annotation.ConfigurationClassPostProcessor.enhancedConfigurationProcessor&apos; to allow for resolving potential circular references
[ main:14853 ] org.springframework.beans.factory.support.AbstractAutowireCapableBeanFactory.createBean(AbstractAutowireCapableBeanFactory.java:484) Finished creating instance of bean &apos;org.springframework.context.annotation.ConfigurationClassPostProcessor.enhancedConfigurationProcessor&apos;
[ main:14853 ] org.springframework.beans.factory.support.DefaultSingletonBeanRegistry.getSingleton(DefaultSingletonBeanRegistry.java:221) Creating shared instance of singleton bean &apos;org.springframework.aop.config.internalAutoProxyCreator&apos;
[ main:14853 ] org.springframework.beans.factory.support.AbstractAutowireCapableBeanFactory.createBean(AbstractAutowireCapableBeanFactory.java:448) Creating instance of bean &apos;org.springframework.aop.config.internalAutoProxyCreator&apos;
[ main:14853 ] org.springframework.beans.factory.support.AbstractAutowireCapableBeanFactory.doCreateBean(AbstractAutowireCapableBeanFactory.java:529) Eagerly caching bean &apos;org.springframework.aop.config.internalAutoProxyCreator&apos; to allow for resolving potential circular references
[ main:14854 ] org.springframework.beans.CachedIntrospectionResults.&lt;init&gt;(CachedIntrospectionResults.java:265) Getting BeanInfo for class [org.springframework.aop.framework.autoproxy.InfrastructureAdvisorAutoProxyCreator]
[ main:14854 ] org.springframework.beans.CachedIntrospectionResults.&lt;init&gt;(CachedIntrospectionResults.java:284) Caching PropertyDescriptors for class [org.springframework.aop.framework.autoproxy.InfrastructureAdvisorAutoProxyCreator]
[ main:14854 ] org.springframework.beans.CachedIntrospectionResults.&lt;init&gt;(CachedIntrospectionResults.java:297) Found bean property &apos;advisorAdapterRegistry&apos; of type [org.springframework.aop.framework.adapter.AdvisorAdapterRegistry]
[ main:14854 ] org.springframework.beans.CachedIntrospectionResults.&lt;init&gt;(CachedIntrospectionResults.java:297) Found bean property &apos;applyCommonInterceptorsFirst&apos; of type [boolean]
[ main:14854 ] org.springframework.beans.CachedIntrospectionResults.&lt;init&gt;(CachedIntrospectionResults.java:297) Found bean property &apos;beanClassLoader&apos; of type [java.lang.ClassLoader]
[ main:14854 ] org.springframework.beans.CachedIntrospectionResults.&lt;init&gt;(CachedIntrospectionResults.java:297) Found bean property &apos;beanFactory&apos; of type [org.springframework.beans.factory.BeanFactory]
[ main:14854 ] org.springframework.beans.CachedIntrospectionResults.&lt;init&gt;(CachedIntrospectionResults.java:297) Found bean property &apos;class&apos; of type [java.lang.Class]
[ main:14855 ] org.springframework.beans.CachedIntrospectionResults.&lt;init&gt;(CachedIntrospectionResults.java:297) Found bean property &apos;customTargetSourceCreators&apos; of type [[Lorg.springframework.aop.framework.autoproxy.TargetSourceCreator;]
[ main:14855 ] org.springframework.beans.CachedIntrospectionResults.&lt;init&gt;(CachedIntrospectionResults.java:297) Found bean property &apos;exposeProxy&apos; of type [boolean]
[ main:14855 ] org.springframework.beans.CachedIntrospectionResults.&lt;init&gt;(CachedIntrospectionResults.java:297) Found bean property &apos;frozen&apos; of type [boolean]
[ main:14855 ] org.springframework.beans.CachedIntrospectionResults.&lt;init&gt;(CachedIntrospectionResults.java:297) Found bean property &apos;interceptorNames&apos; of type [[Ljava.lang.String;]
[ main:14855 ] org.springframework.beans.CachedIntrospectionResults.&lt;init&gt;(CachedIntrospectionResults.java:297) Found bean property &apos;opaque&apos; of type [boolean]
[ main:14855 ] org.springframework.beans.CachedIntrospectionResults.&lt;init&gt;(CachedIntrospectionResults.java:297) Found bean property &apos;optimize&apos; of type [boolean]
[ main:14855 ] org.springframework.beans.CachedIntrospectionResults.&lt;init&gt;(CachedIntrospectionResults.java:297) Found bean property &apos;order&apos; of type [int]
[ main:14855 ] org.springframework.beans.CachedIntrospectionResults.&lt;init&gt;(CachedIntrospectionResults.java:297) Found bean property &apos;proxyClassLoader&apos; of type [java.lang.ClassLoader]
[ main:14856 ] org.springframework.beans.CachedIntrospectionResults.&lt;init&gt;(CachedIntrospectionResults.java:297) Found bean property &apos;proxyTargetClass&apos; of type [boolean]
[ main:14858 ] org.springframework.beans.factory.support.AbstractAutowireCapableBeanFactory.createBean(AbstractAutowireCapableBeanFactory.java:484) Finished creating instance of bean &apos;org.springframework.aop.config.internalAutoProxyCreator&apos;
[ main:14858 ] org.springframework.context.support.AbstractApplicationContext.initMessageSource(AbstractApplicationContext.java:728) Unable to locate MessageSource with name &apos;messageSource&apos;: using default [org.springframework.context.support.DelegatingMessageSource@c3177d5]
[ main:14859 ] org.springframework.context.support.AbstractApplicationContext.initApplicationEventMulticaster(AbstractApplicationContext.java:752) Unable to locate ApplicationEventMulticaster with name &apos;applicationEventMulticaster&apos;: using default [org.springframework.context.event.SimpleApplicationEventMulticaster@76f856a8]
[ main:14859 ] org.springframework.beans.factory.support.DefaultListableBeanFactory.preInstantiateSingletons(DefaultListableBeanFactory.java:745) Pre-instantiating singletons in org.springframework.beans.factory.support.DefaultListableBeanFactory@37864b77: defining beans [basicServiceImpl,clsController,clsRoomController,userInfoController,userServiceImpl,userController,org.springframework.context.annotation.internalConfigurationAnnotationProcessor,org.springframework.context.annotation.internalAutowiredAnnotationProcessor,org.springframework.context.annotation.internalRequiredAnnotationProcessor,org.springframework.context.annotation.internalCommonAnnotationProcessor,org.springframework.context.event.internalEventListenerProcessor,org.springframework.context.event.internalEventListenerFactory,mvcContentNegotiationManager,org.springframework.web.servlet.mvc.method.annotation.RequestMappingHandlerMapping,mvcCorsConfigurations,org.springframework.format.support.FormattingConversionServiceFactoryBean#0,org.springframework.web.servlet.mvc.method.annotation.RequestMappingHandlerAdapter,mvcUriComponentsContributor,org.springframework.web.servlet.handler.MappedInterceptor#0,org.springframework.web.servlet.mvc.method.annotation.ExceptionHandlerExceptionResolver#0,org.springframework.web.servlet.mvc.annotation.ResponseStatusExceptionResolver#0,org.springframework.web.servlet.mvc.support.DefaultHandlerExceptionResolver#0,org.springframework.web.servlet.handler.BeanNameUrlHandlerMapping,org.springframework.web.servlet.mvc.HttpRequestHandlerAdapter,org.springframework.web.servlet.mvc.SimpleControllerHandlerAdapter,mvcResourceUrlProvider,org.springframework.web.servlet.handler.MappedInterceptor#1,org.springframework.web.servlet.resource.ResourceHttpRequestHandler#0,mvcPathMatcher,mvcUrlPathHelper,org.springframework.web.servlet.handler.SimpleUrlHandlerMapping#0,org.springframework.web.servlet.resource.ResourceHttpRequestHandler#1,org.springframework.web.servlet.handler.SimpleUrlHandlerMapping#1,org.springframework.web.servlet.resource.ResourceHttpRequestHandler#2,org.springframework.web.servlet.handler.SimpleUrlHandlerMapping#2,org.springframework.web.servlet.resource.DefaultServletHttpRequestHandler#0,org.springframework.web.servlet.handler.SimpleUrlHandlerMapping#3,org.springframework.web.servlet.view.InternalResourceViewResolver#0,ds,txManager,org.springframework.transaction.config.internalTransactionalEventListenerFactory,org.springframework.aop.config.internalAutoProxyCreator,org.springframework.transaction.annotation.AnnotationTransactionAttributeSource#0,org.springframework.transaction.interceptor.TransactionInterceptor#0,org.springframework.transaction.config.internalTransactionAdvisor,sqlSessionFactory,org.mybatis.spring.mapper.MapperScannerConfigurer#0,org.springframework.context.annotation.ConfigurationClassPostProcessor.importAwareProcessor,org.springframework.context.annotation.ConfigurationClassPostProcessor.enhancedConfigurationProcessor,clsMapper,clsRoomMapper,userInfoMapper,voteHistoryMapper,answerMapper,questionMapper,questionTypeMapper,rightsMapper,roleMapper,roleRightsMapper,teacherMapper]; root of factory hierarchy
[ main:14859 ] org.springframework.beans.factory.support.DefaultSingletonBeanRegistry.getSingleton(DefaultSingletonBeanRegistry.java:221) Creating shared instance of singleton bean &apos;basicServiceImpl&apos;
[ main:14859 ] org.springframework.beans.factory.support.AbstractAutowireCapableBeanFactory.createBean(AbstractAutowireCapableBeanFactory.java:448) Creating instance of bean &apos;basicServiceImpl&apos;
[ main:14860 ] org.springframework.beans.factory.annotation.InjectionMetadata.checkConfigMembers(InjectionMetadata.java:72) Registered injected element on class [com.study.basic.service.BasicServiceImpl]: AutowiredFieldElement for private com.study.basic.dao.ClsRoomMapper com.study.basic.service.BasicServiceImpl.clsroomMapper
[ main:14860 ] org.springframework.beans.factory.annotation.InjectionMetadata.checkConfigMembers(InjectionMetadata.java:72) Registered injected element on class [com.study.basic.service.BasicServiceImpl]: AutowiredFieldElement for private com.study.basic.dao.UserInfoMapper com.study.basic.service.BasicServiceImpl.userInfoMapper
[ main:14860 ] org.springframework.beans.factory.annotation.InjectionMetadata.checkConfigMembers(InjectionMetadata.java:72) Registered injected element on class [com.study.basic.service.BasicServiceImpl]: AutowiredFieldElement for private com.study.basic.dao.ClsMapper com.study.basic.service.BasicServiceImpl.clsMapper
[ main:14860 ] org.springframework.beans.factory.support.AbstractAutowireCapableBeanFactory.doCreateBean(AbstractAutowireCapableBeanFactory.java:529) Eagerly caching bean &apos;basicServiceImpl&apos; to allow for resolving potential circular references
[ main:14860 ] org.springframework.beans.CachedIntrospectionResults.&lt;init&gt;(CachedIntrospectionResults.java:265) Getting BeanInfo for class [com.study.basic.service.BasicServiceImpl]
[ main:14861 ] org.springframework.beans.CachedIntrospectionResults.&lt;init&gt;(CachedIntrospectionResults.java:284) Caching PropertyDescriptors for class [com.study.basic.service.BasicServiceImpl]
[ main:14861 ] org.springframework.beans.CachedIntrospectionResults.&lt;init&gt;(CachedIntrospectionResults.java:297) Found bean property &apos;class&apos; of type [java.lang.Class]
[ main:14861 ] org.springframework.beans.factory.annotation.InjectionMetadata.inject(InjectionMetadata.java:86) Processing injected element of bean &apos;basicServiceImpl&apos;: AutowiredFieldElement for private com.study.basic.dao.ClsRoomMapper com.study.basic.service.BasicServiceImpl.clsroomMapper
[ main:14862 ] org.springframework.beans.TypeConverterDelegate.doConvertValue(TypeConverterDelegate.java:438) Converting String to [class java.lang.Class] using property editor [org.springframework.beans.propertyeditors.ClassEditor@71cb3139]
[ main:14862 ] org.springframework.beans.TypeConverterDelegate.doConvertValue(TypeConverterDelegate.java:438) Converting String to [class java.lang.Class] using property editor [org.springframework.beans.propertyeditors.ClassEditor@3491e86e]
[ main:14863 ] org.springframework.beans.TypeConverterDelegate.doConvertValue(TypeConverterDelegate.java:438) Converting String to [class java.lang.Class] using property editor [org.springframework.beans.propertyeditors.ClassEditor@409986fe]
[ main:14864 ] org.springframework.beans.TypeConverterDelegate.doConvertValue(TypeConverterDelegate.java:438) Converting String to [class java.lang.Class] using property editor [org.springframework.beans.propertyeditors.ClassEditor@22590e3e]
[ main:14864 ] org.springframework.beans.TypeConverterDelegate.doConvertValue(TypeConverterDelegate.java:438) Converting String to [class java.lang.Class] using property editor [org.springframework.beans.propertyeditors.ClassEditor@5f780a86]
[ main:14865 ] org.springframework.beans.TypeConverterDelegate.doConvertValue(TypeConverterDelegate.java:438) Converting String to [class java.lang.Class] using property editor [org.springframework.beans.propertyeditors.ClassEditor@2eaef76d]
[ main:14865 ] org.springframework.beans.TypeConverterDelegate.doConvertValue(TypeConverterDelegate.java:438) Converting String to [class java.lang.Class] using property editor [org.springframework.beans.propertyeditors.ClassEditor@34819867]
[ main:14866 ] org.springframework.beans.TypeConverterDelegate.doConvertValue(TypeConverterDelegate.java:438) Converting String to [class java.lang.Class] using property editor [org.springframework.beans.propertyeditors.ClassEditor@48cd9a2c]
[ main:14867 ] org.springframework.beans.TypeConverterDelegate.doConvertValue(TypeConverterDelegate.java:438) Converting String to [class java.lang.Class] using property editor [org.springframework.beans.propertyeditors.ClassEditor@4f67e3df]
[ main:14869 ] org.springframework.beans.TypeConverterDelegate.doConvertValue(TypeConverterDelegate.java:438) Converting String to [class java.lang.Class] using property editor [org.springframework.beans.propertyeditors.ClassEditor@72d0f2b4]
[ main:14869 ] org.springframework.beans.TypeConverterDelegate.doConvertValue(TypeConverterDelegate.java:438) Converting String to [class java.lang.Class] using property editor [org.springframework.beans.propertyeditors.ClassEditor@1da4b6b3]
[ main:14870 ] org.springframework.beans.factory.support.DefaultSingletonBeanRegistry.getSingleton(DefaultSingletonBeanRegistry.java:221) Creating shared instance of singleton bean &apos;clsRoomMapper&apos;
[ main:14870 ] org.springframework.beans.factory.support.AbstractAutowireCapableBeanFactory.createBean(AbstractAutowireCapableBeanFactory.java:448) Creating instance of bean &apos;clsRoomMapper&apos;
[ main:14870 ] org.springframework.beans.factory.support.AbstractAutowireCapableBeanFactory.doCreateBean(AbstractAutowireCapableBeanFactory.java:529) Eagerly caching bean &apos;clsRoomMapper&apos; to allow for resolving potential circular references
[ main:14870 ] org.springframework.beans.CachedIntrospectionResults.&lt;init&gt;(CachedIntrospectionResults.java:265) Getting BeanInfo for class [org.mybatis.spring.mapper.MapperFactoryBean]
[ main:14871 ] org.springframework.beans.CachedIntrospectionResults.&lt;init&gt;(CachedIntrospectionResults.java:284) Caching PropertyDescriptors for class [org.mybatis.spring.mapper.MapperFactoryBean]
[ main:14871 ] org.springframework.beans.CachedIntrospectionResults.&lt;init&gt;(CachedIntrospectionResults.java:297) Found bean property &apos;addToConfig&apos; of type [boolean]
[ main:14871 ] org.springframework.beans.CachedIntrospectionResults.&lt;init&gt;(CachedIntrospectionResults.java:297) Found bean property &apos;class&apos; of type [java.lang.Class]
[ main:14871 ] org.springframework.beans.CachedIntrospectionResults.&lt;init&gt;(CachedIntrospectionResults.java:297) Found bean property &apos;mapperInterface&apos; of type [java.lang.Class]
[ main:14871 ] org.springframework.beans.CachedIntrospectionResults.&lt;init&gt;(CachedIntrospectionResults.java:297) Found bean property &apos;object&apos; of type [java.lang.Object]
[ main:14871 ] org.springframework.beans.CachedIntrospectionResults.&lt;init&gt;(CachedIntrospectionResults.java:297) Found bean property &apos;objectType&apos; of type [java.lang.Class]
[ main:14872 ] org.springframework.beans.CachedIntrospectionResults.&lt;init&gt;(CachedIntrospectionResults.java:297) Found bean property &apos;singleton&apos; of type [boolean]
[ main:14872 ] org.springframework.beans.CachedIntrospectionResults.&lt;init&gt;(CachedIntrospectionResults.java:297) Found bean property &apos;sqlSession&apos; of type [org.apache.ibatis.session.SqlSession]
[ main:14872 ] org.springframework.beans.CachedIntrospectionResults.&lt;init&gt;(CachedIntrospectionResults.java:297) Found bean property &apos;sqlSessionFactory&apos; of type [org.apache.ibatis.session.SqlSessionFactory]
[ main:14872 ] org.springframework.beans.CachedIntrospectionResults.&lt;init&gt;(CachedIntrospectionResults.java:297) Found bean property &apos;sqlSessionTemplate&apos; of type [org.mybatis.spring.SqlSessionTemplate]
[ main:14874 ] org.springframework.beans.factory.support.DefaultSingletonBeanRegistry.getSingleton(DefaultSingletonBeanRegistry.java:221) Creating shared instance of singleton bean &apos;sqlSessionFactory&apos;
[ main:14874 ] org.springframework.beans.factory.support.AbstractAutowireCapableBeanFactory.createBean(AbstractAutowireCapableBeanFactory.java:448) Creating instance of bean &apos;sqlSessionFactory&apos;
[ main:14874 ] org.springframework.beans.factory.support.AbstractAutowireCapableBeanFactory.doCreateBean(AbstractAutowireCapableBeanFactory.java:529) Eagerly caching bean &apos;sqlSessionFactory&apos; to allow for resolving potential circular references
[ main:14874 ] org.springframework.beans.CachedIntrospectionResults.&lt;init&gt;(CachedIntrospectionResults.java:265) Getting BeanInfo for class [org.mybatis.spring.SqlSessionFactoryBean]
[ main:14874 ] org.springframework.beans.CachedIntrospectionResults.&lt;init&gt;(CachedIntrospectionResults.java:284) Caching PropertyDescriptors for class [org.mybatis.spring.SqlSessionFactoryBean]
[ main:14875 ] org.springframework.beans.CachedIntrospectionResults.&lt;init&gt;(CachedIntrospectionResults.java:297) Found bean property &apos;cache&apos; of type [org.apache.ibatis.cache.Cache]
[ main:14875 ] org.springframework.beans.CachedIntrospectionResults.&lt;init&gt;(CachedIntrospectionResults.java:297) Found bean property &apos;class&apos; of type [java.lang.Class]
[ main:14875 ] org.springframework.beans.CachedIntrospectionResults.&lt;init&gt;(CachedIntrospectionResults.java:297) Found bean property &apos;configLocation&apos; of type [org.springframework.core.io.Resource]
[ main:14875 ] org.springframework.beans.CachedIntrospectionResults.&lt;init&gt;(CachedIntrospectionResults.java:297) Found bean property &apos;configuration&apos; of type [org.apache.ibatis.session.Configuration]
[ main:14875 ] org.springframework.beans.CachedIntrospectionResults.&lt;init&gt;(CachedIntrospectionResults.java:297) Found bean property &apos;configurationProperties&apos; of type [java.util.Properties]
[ main:14875 ] org.springframework.beans.CachedIntrospectionResults.&lt;init&gt;(CachedIntrospectionResults.java:297) Found bean property &apos;dataSource&apos; of type [javax.sql.DataSource]
[ main:14876 ] org.springframework.beans.CachedIntrospectionResults.&lt;init&gt;(CachedIntrospectionResults.java:297) Found bean property &apos;databaseIdProvider&apos; of type [org.apache.ibatis.mapping.DatabaseIdProvider]
[ main:14876 ] org.springframework.beans.CachedIntrospectionResults.&lt;init&gt;(CachedIntrospectionResults.java:297) Found bean property &apos;environment&apos; of type [java.lang.String]
[ main:14876 ] org.springframework.beans.CachedIntrospectionResults.&lt;init&gt;(CachedIntrospectionResults.java:297) Found bean property &apos;failFast&apos; of type [boolean]
[ main:14876 ] org.springframework.beans.CachedIntrospectionResults.&lt;init&gt;(CachedIntrospectionResults.java:297) Found bean property &apos;mapperLocations&apos; of type [[Lorg.springframework.core.io.Resource;]
[ main:14876 ] org.springframework.beans.CachedIntrospectionResults.&lt;init&gt;(CachedIntrospectionResults.java:297) Found bean property &apos;object&apos; of type [org.apache.ibatis.session.SqlSessionFactory]
[ main:14876 ] org.springframework.beans.CachedIntrospectionResults.&lt;init&gt;(CachedIntrospectionResults.java:297) Found bean property &apos;objectFactory&apos; of type [org.apache.ibatis.reflection.factory.ObjectFactory]
[ main:14876 ] org.springframework.beans.CachedIntrospectionResults.&lt;init&gt;(CachedIntrospectionResults.java:297) Found bean property &apos;objectType&apos; of type [java.lang.Class]
[ main:14876 ] org.springframework.beans.CachedIntrospectionResults.&lt;init&gt;(CachedIntrospectionResults.java:297) Found bean property &apos;objectWrapperFactory&apos; of type [org.apache.ibatis.reflection.wrapper.ObjectWrapperFactory]
[ main:14877 ] org.springframework.beans.CachedIntrospectionResults.&lt;init&gt;(CachedIntrospectionResults.java:297) Found bean property &apos;plugins&apos; of type [[Lorg.apache.ibatis.plugin.Interceptor;]
[ main:14877 ] org.springframework.beans.CachedIntrospectionResults.&lt;init&gt;(CachedIntrospectionResults.java:297) Found bean property &apos;singleton&apos; of type [boolean]
[ main:14877 ] org.springframework.beans.CachedIntrospectionResults.&lt;init&gt;(CachedIntrospectionResults.java:297) Found bean property &apos;sqlSessionFactoryBuilder&apos; of type [org.apache.ibatis.session.SqlSessionFactoryBuilder]
[ main:14877 ] org.springframework.beans.CachedIntrospectionResults.&lt;init&gt;(CachedIntrospectionResults.java:297) Found bean property &apos;transactionFactory&apos; of type [org.apache.ibatis.transaction.TransactionFactory]
[ main:14877 ] org.springframework.beans.CachedIntrospectionResults.&lt;init&gt;(CachedIntrospectionResults.java:297) Found bean property &apos;typeAliases&apos; of type [[Ljava.lang.Class;]
[ main:14877 ] org.springframework.beans.CachedIntrospectionResults.&lt;init&gt;(CachedIntrospectionResults.java:297) Found bean property &apos;typeAliasesPackage&apos; of type [java.lang.String]
[ main:14877 ] org.springframework.beans.CachedIntrospectionResults.&lt;init&gt;(CachedIntrospectionResults.java:297) Found bean property &apos;typeAliasesSuperType&apos; of type [java.lang.Class]
[ main:14877 ] org.springframework.beans.CachedIntrospectionResults.&lt;init&gt;(CachedIntrospectionResults.java:297) Found bean property &apos;typeHandlers&apos; of type [[Lorg.apache.ibatis.type.TypeHandler;]
[ main:14878 ] org.springframework.beans.CachedIntrospectionResults.&lt;init&gt;(CachedIntrospectionResults.java:297) Found bean property &apos;typeHandlersPackage&apos; of type [java.lang.String]
[ main:14878 ] org.springframework.beans.CachedIntrospectionResults.&lt;init&gt;(CachedIntrospectionResults.java:297) Found bean property &apos;vfs&apos; of type [java.lang.Class]
[ main:14879 ] org.springframework.beans.TypeConverterDelegate.doConvertValue(TypeConverterDelegate.java:438) Converting String to [interface org.springframework.core.io.Resource] using property editor [org.springframework.core.io.ResourceEditor@b2f4ece]
[ main:14879 ] org.springframework.beans.factory.support.DefaultSingletonBeanRegistry.getSingleton(DefaultSingletonBeanRegistry.java:221) Creating shared instance of singleton bean &apos;ds&apos;
[ main:14879 ] org.springframework.beans.factory.support.AbstractAutowireCapableBeanFactory.createBean(AbstractAutowireCapableBeanFactory.java:448) Creating instance of bean &apos;ds&apos;
[ main:14879 ] org.springframework.beans.factory.support.AbstractAutowireCapableBeanFactory.doCreateBean(AbstractAutowireCapableBeanFactory.java:529) Eagerly caching bean &apos;ds&apos; to allow for resolving potential circular references
[ main:14879 ] org.springframework.beans.CachedIntrospectionResults.&lt;init&gt;(CachedIntrospectionResults.java:265) Getting BeanInfo for class [org.apache.commons.dbcp.BasicDataSource]
[ main:14879 ] org.springframework.beans.CachedIntrospectionResults.&lt;init&gt;(CachedIntrospectionResults.java:284) Caching PropertyDescriptors for class [org.apache.commons.dbcp.BasicDataSource]
[ main:14880 ] org.springframework.beans.CachedIntrospectionResults.&lt;init&gt;(CachedIntrospectionResults.java:297) Found bean property &apos;accessToUnderlyingConnectionAllowed&apos; of type [boolean]
[ main:14880 ] org.springframework.beans.CachedIntrospectionResults.&lt;init&gt;(CachedIntrospectionResults.java:297) Found bean property &apos;class&apos; of type [java.lang.Class]
[ main:14880 ] org.springframework.beans.CachedIntrospectionResults.&lt;init&gt;(CachedIntrospectionResults.java:297) Found bean property &apos;closed&apos; of type [boolean]
[ main:14880 ] org.springframework.beans.CachedIntrospectionResults.&lt;init&gt;(CachedIntrospectionResults.java:297) Found bean property &apos;connection&apos; of type [java.sql.Connection]
[ main:14880 ] org.springframework.beans.CachedIntrospectionResults.&lt;init&gt;(CachedIntrospectionResults.java:297) Found bean property &apos;connectionInitSqls&apos; of type [java.util.Collection]
[ main:14880 ] org.springframework.beans.CachedIntrospectionResults.&lt;init&gt;(CachedIntrospectionResults.java:297) Found bean property &apos;connectionProperties&apos; of type [java.lang.String]
[ main:14880 ] org.springframework.beans.CachedIntrospectionResults.&lt;init&gt;(CachedIntrospectionResults.java:297) Found bean property &apos;defaultAutoCommit&apos; of type [boolean]
[ main:14880 ] org.springframework.beans.CachedIntrospectionResults.&lt;init&gt;(CachedIntrospectionResults.java:297) Found bean property &apos;defaultCatalog&apos; of type [java.lang.String]
[ main:14880 ] org.springframework.beans.CachedIntrospectionResults.&lt;init&gt;(CachedIntrospectionResults.java:297) Found bean property &apos;defaultReadOnly&apos; of type [boolean]
[ main:14881 ] org.springframework.beans.CachedIntrospectionResults.&lt;init&gt;(CachedIntrospectionResults.java:297) Found bean property &apos;defaultTransactionIsolation&apos; of type [int]
[ main:14881 ] org.springframework.beans.CachedIntrospectionResults.&lt;init&gt;(CachedIntrospectionResults.java:297) Found bean property &apos;driverClassLoader&apos; of type [java.lang.ClassLoader]
[ main:14881 ] org.springframework.beans.CachedIntrospectionResults.&lt;init&gt;(CachedIntrospectionResults.java:297) Found bean property &apos;driverClassName&apos; of type [java.lang.String]
[ main:14881 ] org.springframework.beans.CachedIntrospectionResults.&lt;init&gt;(CachedIntrospectionResults.java:297) Found bean property &apos;initialSize&apos; of type [int]
[ main:14881 ] org.springframework.beans.CachedIntrospectionResults.&lt;init&gt;(CachedIntrospectionResults.java:297) Found bean property &apos;logAbandoned&apos; of type [boolean]
[ main:14881 ] org.springframework.beans.CachedIntrospectionResults.&lt;init&gt;(CachedIntrospectionResults.java:297) Found bean property &apos;logWriter&apos; of type [java.io.PrintWriter]
[ main:14881 ] org.springframework.beans.CachedIntrospectionResults.&lt;init&gt;(CachedIntrospectionResults.java:297) Found bean property &apos;loginTimeout&apos; of type [int]
[ main:14881 ] org.springframework.beans.CachedIntrospectionResults.&lt;init&gt;(CachedIntrospectionResults.java:297) Found bean property &apos;maxActive&apos; of type [int]
[ main:14882 ] org.springframework.beans.CachedIntrospectionResults.&lt;init&gt;(CachedIntrospectionResults.java:297) Found bean property &apos;maxIdle&apos; of type [int]
[ main:14882 ] org.springframework.beans.CachedIntrospectionResults.&lt;init&gt;(CachedIntrospectionResults.java:297) Found bean property &apos;maxOpenPreparedStatements&apos; of type [int]
[ main:14882 ] org.springframework.beans.CachedIntrospectionResults.&lt;init&gt;(CachedIntrospectionResults.java:297) Found bean property &apos;maxWait&apos; of type [long]
[ main:14882 ] org.springframework.beans.CachedIntrospectionResults.&lt;init&gt;(CachedIntrospectionResults.java:297) Found bean property &apos;minEvictableIdleTimeMillis&apos; of type [long]
[ main:14883 ] org.springframework.beans.CachedIntrospectionResults.&lt;init&gt;(CachedIntrospectionResults.java:297) Found bean property &apos;minIdle&apos; of type [int]
[ main:14883 ] org.springframework.beans.CachedIntrospectionResults.&lt;init&gt;(CachedIntrospectionResults.java:297) Found bean property &apos;numActive&apos; of type [int]
[ main:14883 ] org.springframework.beans.CachedIntrospectionResults.&lt;init&gt;(CachedIntrospectionResults.java:297) Found bean property &apos;numIdle&apos; of type [int]
[ main:14883 ] org.springframework.beans.CachedIntrospectionResults.&lt;init&gt;(CachedIntrospectionResults.java:297) Found bean property &apos;numTestsPerEvictionRun&apos; of type [int]
[ main:14883 ] org.springframework.beans.CachedIntrospectionResults.&lt;init&gt;(CachedIntrospectionResults.java:297) Found bean property &apos;password&apos; of type [java.lang.String]
[ main:14884 ] org.springframework.beans.CachedIntrospectionResults.&lt;init&gt;(CachedIntrospectionResults.java:297) Found bean property &apos;poolPreparedStatements&apos; of type [boolean]
[ main:14885 ] org.springframework.beans.CachedIntrospectionResults.&lt;init&gt;(CachedIntrospectionResults.java:297) Found bean property &apos;removeAbandoned&apos; of type [boolean]
[ main:14885 ] org.springframework.beans.CachedIntrospectionResults.&lt;init&gt;(CachedIntrospectionResults.java:297) Found bean property &apos;removeAbandonedTimeout&apos; of type [int]
[ main:14885 ] org.springframework.beans.CachedIntrospectionResults.&lt;init&gt;(CachedIntrospectionResults.java:297) Found bean property &apos;testOnBorrow&apos; of type [boolean]
[ main:14885 ] org.springframework.beans.CachedIntrospectionResults.&lt;init&gt;(CachedIntrospectionResults.java:297) Found bean property &apos;testOnReturn&apos; of type [boolean]
[ main:14885 ] org.springframework.beans.CachedIntrospectionResults.&lt;init&gt;(CachedIntrospectionResults.java:297) Found bean property &apos;testWhileIdle&apos; of type [boolean]
[ main:14886 ] org.springframework.beans.CachedIntrospectionResults.&lt;init&gt;(CachedIntrospectionResults.java:297) Found bean property &apos;timeBetweenEvictionRunsMillis&apos; of type [long]
[ main:14886 ] org.springframework.beans.CachedIntrospectionResults.&lt;init&gt;(CachedIntrospectionResults.java:297) Found bean property &apos;url&apos; of type [java.lang.String]
[ main:14886 ] org.springframework.beans.CachedIntrospectionResults.&lt;init&gt;(CachedIntrospectionResults.java:297) Found bean property &apos;username&apos; of type [java.lang.String]
[ main:14886 ] org.springframework.beans.CachedIntrospectionResults.&lt;init&gt;(CachedIntrospectionResults.java:297) Found bean property &apos;validationQuery&apos; of type [java.lang.String]
[ main:14886 ] org.springframework.beans.CachedIntrospectionResults.&lt;init&gt;(CachedIntrospectionResults.java:297) Found bean property &apos;validationQueryTimeout&apos; of type [int]
[ main:14887 ] org.springframework.beans.factory.support.DefaultSingletonBeanRegistry.getSingleton(DefaultSingletonBeanRegistry.java:221) Creating shared instance of singleton bean &apos;org.springframework.transaction.config.internalTransactionAdvisor&apos;
[ main:14888 ] org.springframework.beans.factory.support.AbstractAutowireCapableBeanFactory.createBean(AbstractAutowireCapableBeanFactory.java:448) Creating instance of bean &apos;org.springframework.transaction.config.internalTransactionAdvisor&apos;
[ main:14888 ] org.springframework.aop.framework.autoproxy.AbstractAutoProxyCreator.isInfrastructureClass(AbstractAutoProxyCreator.java:378) Did not attempt to auto-proxy infrastructure class [org.springframework.transaction.interceptor.BeanFactoryTransactionAttributeSourceAdvisor]
[ main:14888 ] org.springframework.beans.factory.support.AbstractAutowireCapableBeanFactory.doCreateBean(AbstractAutowireCapableBeanFactory.java:529) Eagerly caching bean &apos;org.springframework.transaction.config.internalTransactionAdvisor&apos; to allow for resolving potential circular references
[ main:14889 ] org.springframework.beans.CachedIntrospectionResults.&lt;init&gt;(CachedIntrospectionResults.java:265) Getting BeanInfo for class [org.springframework.transaction.interceptor.BeanFactoryTransactionAttributeSourceAdvisor]
[ main:14889 ] org.springframework.beans.CachedIntrospectionResults.&lt;init&gt;(CachedIntrospectionResults.java:284) Caching PropertyDescriptors for class [org.springframework.transaction.interceptor.BeanFactoryTransactionAttributeSourceAdvisor]
[ main:14889 ] org.springframework.beans.CachedIntrospectionResults.&lt;init&gt;(CachedIntrospectionResults.java:297) Found bean property &apos;advice&apos; of type [org.aopalliance.aop.Advice]
[ main:14889 ] org.springframework.beans.CachedIntrospectionResults.&lt;init&gt;(CachedIntrospectionResults.java:297) Found bean property &apos;adviceBeanName&apos; of type [java.lang.String]
[ main:14890 ] org.springframework.beans.CachedIntrospectionResults.&lt;init&gt;(CachedIntrospectionResults.java:297) Found bean property &apos;beanFactory&apos; of type [org.springframework.beans.factory.BeanFactory]
[ main:14891 ] org.springframework.beans.CachedIntrospectionResults.&lt;init&gt;(CachedIntrospectionResults.java:297) Found bean property &apos;class&apos; of type [java.lang.Class]
[ main:14891 ] org.springframework.beans.CachedIntrospectionResults.&lt;init&gt;(CachedIntrospectionResults.java:297) Found bean property &apos;classFilter&apos; of type [org.springframework.aop.ClassFilter]
[ main:14891 ] org.springframework.beans.CachedIntrospectionResults.&lt;init&gt;(CachedIntrospectionResults.java:297) Found bean property &apos;order&apos; of type [int]
[ main:14892 ] org.springframework.beans.CachedIntrospectionResults.&lt;init&gt;(CachedIntrospectionResults.java:297) Found bean property &apos;perInstance&apos; of type [boolean]
[ main:14892 ] org.springframework.beans.CachedIntrospectionResults.&lt;init&gt;(CachedIntrospectionResults.java:297) Found bean property &apos;pointcut&apos; of type [org.springframework.aop.Pointcut]
[ main:14892 ] org.springframework.beans.CachedIntrospectionResults.&lt;init&gt;(CachedIntrospectionResults.java:297) Found bean property &apos;transactionAttributeSource&apos; of type [org.springframework.transaction.interceptor.TransactionAttributeSource]
[ main:14894 ] org.springframework.beans.factory.support.DefaultSingletonBeanRegistry.getSingleton(DefaultSingletonBeanRegistry.java:221) Creating shared instance of singleton bean &apos;org.springframework.transaction.annotation.AnnotationTransactionAttributeSource#0&apos;
[ main:14894 ] org.springframework.beans.factory.support.AbstractAutowireCapableBeanFactory.createBean(AbstractAutowireCapableBeanFactory.java:448) Creating instance of bean &apos;org.springframework.transaction.annotation.AnnotationTransactionAttributeSource#0&apos;
[ main:14894 ] org.springframework.beans.factory.support.AbstractAutowireCapableBeanFactory.doCreateBean(AbstractAutowireCapableBeanFactory.java:529) Eagerly caching bean &apos;org.springframework.transaction.annotation.AnnotationTransactionAttributeSource#0&apos; to allow for resolving potential circular references
[ main:14895 ] org.springframework.beans.CachedIntrospectionResults.&lt;init&gt;(CachedIntrospectionResults.java:265) Getting BeanInfo for class [org.springframework.transaction.annotation.AnnotationTransactionAttributeSource]
[ main:14895 ] org.springframework.beans.CachedIntrospectionResults.&lt;init&gt;(CachedIntrospectionResults.java:284) Caching PropertyDescriptors for class [org.springframework.transaction.annotation.AnnotationTransactionAttributeSource]
[ main:14895 ] org.springframework.beans.CachedIntrospectionResults.&lt;init&gt;(CachedIntrospectionResults.java:297) Found bean property &apos;class&apos; of type [java.lang.Class]
[ main:14898 ] org.springframework.aop.framework.autoproxy.BeanFactoryAdvisorRetrievalHelper.findAdvisorBeans(BeanFactoryAdvisorRetrievalHelper.java:87) Skipping currently created advisor &apos;org.springframework.transaction.config.internalTransactionAdvisor&apos;
[ main:14898 ] org.springframework.beans.factory.support.AbstractAutowireCapableBeanFactory.createBean(AbstractAutowireCapableBeanFactory.java:484) Finished creating instance of bean &apos;org.springframework.transaction.annotation.AnnotationTransactionAttributeSource#0&apos;
[ main:14899 ] org.springframework.beans.factory.support.AbstractAutowireCapableBeanFactory.createBean(AbstractAutowireCapableBeanFactory.java:484) Finished creating instance of bean &apos;org.springframework.transaction.config.internalTransactionAdvisor&apos;
[ main:14899 ] org.springframework.beans.factory.support.AbstractAutowireCapableBeanFactory.createBean(AbstractAutowireCapableBeanFactory.java:484) Finished creating instance of bean &apos;ds&apos;
[ main:14900 ] org.springframework.beans.factory.support.AbstractAutowireCapableBeanFactory.invokeInitMethods(AbstractAutowireCapableBeanFactory.java:1620) Invoking afterPropertiesSet() on bean with name &apos;sqlSessionFactory&apos;
[ main:14907 ] org.apache.ibatis.io.DefaultVFS.findJarForResource(DefaultVFS.java:222) Find JAR URL: file:/D:/webWorkspace/LYQstudyweb/target/test-classes/com/study
[ main:14907 ] org.apache.ibatis.io.DefaultVFS.findJarForResource(DefaultVFS.java:248) Not a JAR: file:/D:/webWorkspace/LYQstudyweb/target/test-classes/com/study
[ main:14908 ] org.apache.ibatis.io.DefaultVFS.list(DefaultVFS.java:102) Reader entry: basic
[ main:14909 ] org.apache.ibatis.io.DefaultVFS.list(DefaultVFS.java:102) Reader entry: charts
[ main:14909 ] org.apache.ibatis.io.DefaultVFS.list(DefaultVFS.java:102) Reader entry: question
[ main:14909 ] org.apache.ibatis.io.DefaultVFS.list(DefaultVFS.java:102) Reader entry: user
[ main:14909 ] org.apache.ibatis.io.DefaultVFS.list(DefaultVFS.java:113) Listing file:/D:/webWorkspace/LYQstudyweb/target/test-classes/com/study
[ main:14910 ] org.apache.ibatis.io.DefaultVFS.findJarForResource(DefaultVFS.java:222) Find JAR URL: file:/D:/webWorkspace/LYQstudyweb/target/test-classes/com/study/basic
[ main:14910 ] org.apache.ibatis.io.DefaultVFS.findJarForResource(DefaultVFS.java:248) Not a JAR: file:/D:/webWorkspace/LYQstudyweb/target/test-classes/com/study/basic
[ main:14911 ] org.apache.ibatis.io.DefaultVFS.list(DefaultVFS.java:102) Reader entry: dao
[ main:14911 ] org.apache.ibatis.io.DefaultVFS.list(DefaultVFS.java:102) Reader entry: service
[ main:14911 ] org.apache.ibatis.io.DefaultVFS.list(DefaultVFS.java:113) Listing file:/D:/webWorkspace/LYQstudyweb/target/test-classes/com/study/basic
[ main:14912 ] org.apache.ibatis.io.DefaultVFS.findJarForResource(DefaultVFS.java:222) Find JAR URL: file:/D:/webWorkspace/LYQstudyweb/target/test-classes/com/study/basic/dao
[ main:14912 ] org.apache.ibatis.io.DefaultVFS.findJarForResource(DefaultVFS.java:248) Not a JAR: file:/D:/webWorkspace/LYQstudyweb/target/test-classes/com/study/basic/dao
[ main:14913 ] org.apache.ibatis.io.DefaultVFS.list(DefaultVFS.java:102) Reader entry: ClsRoomMapperTest.class
[ main:14913 ] org.apache.ibatis.io.DefaultVFS.list(DefaultVFS.java:102) Reader entry: UserInfoMapperTest.class
[ main:14913 ] org.apache.ibatis.io.DefaultVFS.list(DefaultVFS.java:113) Listing file:/D:/webWorkspace/LYQstudyweb/target/test-classes/com/study/basic/dao
[ main:14913 ] org.apache.ibatis.io.DefaultVFS.findJarForResource(DefaultVFS.java:222) Find JAR URL: file:/D:/webWorkspace/LYQstudyweb/target/test-classes/com/study/basic/dao/ClsRoomMapperTest.class
[ main:14914 ] org.apache.ibatis.io.DefaultVFS.findJarForResource(DefaultVFS.java:248) Not a JAR: file:/D:/webWorkspace/LYQstudyweb/target/test-classes/com/study/basic/dao/ClsRoomMapperTest.class
[ main:14914 ] org.apache.ibatis.io.DefaultVFS.list(DefaultVFS.java:102) Reader entry: ����&amp;#0;&amp;#0;&amp;#0;3&amp;#0;d
[ main:14915 ] org.apache.ibatis.io.DefaultVFS.findJarForResource(DefaultVFS.java:222) Find JAR URL: file:/D:/webWorkspace/LYQstudyweb/target/test-classes/com/study/basic/dao/UserInfoMapperTest.class
[ main:14915 ] org.apache.ibatis.io.DefaultVFS.findJarForResource(DefaultVFS.java:248) Not a JAR: file:/D:/webWorkspace/LYQstudyweb/target/test-classes/com/study/basic/dao/UserInfoMapperTest.class
[ main:14916 ] org.apache.ibatis.io.DefaultVFS.list(DefaultVFS.java:102) Reader entry: ����&amp;#0;&amp;#0;&amp;#0;3&amp;#0;t
[ main:14916 ] org.apache.ibatis.io.DefaultVFS.findJarForResource(DefaultVFS.java:222) Find JAR URL: file:/D:/webWorkspace/LYQstudyweb/target/test-classes/com/study/basic/service
[ main:14916 ] org.apache.ibatis.io.DefaultVFS.findJarForResource(DefaultVFS.java:248) Not a JAR: file:/D:/webWorkspace/LYQstudyweb/target/test-classes/com/study/basic/service
[ main:14917 ] org.apache.ibatis.io.DefaultVFS.list(DefaultVFS.java:102) Reader entry: BasicServiceTest.class
[ main:14918 ] org.apache.ibatis.io.DefaultVFS.list(DefaultVFS.java:113) Listing file:/D:/webWorkspace/LYQstudyweb/target/test-classes/com/study/basic/service
[ main:14918 ] org.apache.ibatis.io.DefaultVFS.findJarForResource(DefaultVFS.java:222) Find JAR URL: file:/D:/webWorkspace/LYQstudyweb/target/test-classes/com/study/basic/service/BasicServiceTest.class
[ main:14918 ] org.apache.ibatis.io.DefaultVFS.findJarForResource(DefaultVFS.java:248) Not a JAR: file:/D:/webWorkspace/LYQstudyweb/target/test-classes/com/study/basic/service/BasicServiceTest.class
[ main:14919 ] org.apache.ibatis.io.DefaultVFS.list(DefaultVFS.java:102) Reader entry: ����&amp;#0;&amp;#0;&amp;#0;3&amp;#0;?
[ main:14919 ] org.apache.ibatis.io.DefaultVFS.findJarForResource(DefaultVFS.java:222) Find JAR URL: file:/D:/webWorkspace/LYQstudyweb/target/test-classes/com/study/charts
[ main:14919 ] org.apache.ibatis.io.DefaultVFS.findJarForResource(DefaultVFS.java:248) Not a JAR: file:/D:/webWorkspace/LYQstudyweb/target/test-classes/com/study/charts
[ main:14920 ] org.apache.ibatis.io.DefaultVFS.list(DefaultVFS.java:102) Reader entry: dao
[ main:14920 ] org.apache.ibatis.io.DefaultVFS.list(DefaultVFS.java:102) Reader entry: service
[ main:14920 ] org.apache.ibatis.io.DefaultVFS.list(DefaultVFS.java:113) Listing file:/D:/webWorkspace/LYQstudyweb/target/test-classes/com/study/charts
[ main:14920 ] org.apache.ibatis.io.DefaultVFS.findJarForResource(DefaultVFS.java:222) Find JAR URL: file:/D:/webWorkspace/LYQstudyweb/target/test-classes/com/study/charts/dao
[ main:14921 ] org.apache.ibatis.io.DefaultVFS.findJarForResource(DefaultVFS.java:248) Not a JAR: file:/D:/webWorkspace/LYQstudyweb/target/test-classes/com/study/charts/dao
[ main:14921 ] org.apache.ibatis.io.DefaultVFS.findJarForResource(DefaultVFS.java:222) Find JAR URL: file:/D:/webWorkspace/LYQstudyweb/target/test-classes/com/study/charts/service
[ main:14921 ] org.apache.ibatis.io.DefaultVFS.findJarForResource(DefaultVFS.java:248) Not a JAR: file:/D:/webWorkspace/LYQstudyweb/target/test-classes/com/study/charts/service
[ main:14921 ] org.apache.ibatis.io.DefaultVFS.findJarForResource(DefaultVFS.java:222) Find JAR URL: file:/D:/webWorkspace/LYQstudyweb/target/test-classes/com/study/question
[ main:14922 ] org.apache.ibatis.io.DefaultVFS.findJarForResource(DefaultVFS.java:248) Not a JAR: file:/D:/webWorkspace/LYQstudyweb/target/test-classes/com/study/question
[ main:14922 ] org.apache.ibatis.io.DefaultVFS.list(DefaultVFS.java:102) Reader entry: dao
[ main:14922 ] org.apache.ibatis.io.DefaultVFS.list(DefaultVFS.java:102) Reader entry: service
[ main:14923 ] org.apache.ibatis.io.DefaultVFS.list(DefaultVFS.java:113) Listing file:/D:/webWorkspace/LYQstudyweb/target/test-classes/com/study/question
[ main:14923 ] org.apache.ibatis.io.DefaultVFS.findJarForResource(DefaultVFS.java:222) Find JAR URL: file:/D:/webWorkspace/LYQstudyweb/target/test-classes/com/study/question/dao
[ main:14923 ] org.apache.ibatis.io.DefaultVFS.findJarForResource(DefaultVFS.java:248) Not a JAR: file:/D:/webWorkspace/LYQstudyweb/target/test-classes/com/study/question/dao
[ main:14924 ] org.apache.ibatis.io.DefaultVFS.findJarForResource(DefaultVFS.java:222) Find JAR URL: file:/D:/webWorkspace/LYQstudyweb/target/test-classes/com/study/question/service
[ main:14924 ] org.apache.ibatis.io.DefaultVFS.findJarForResource(DefaultVFS.java:248) Not a JAR: file:/D:/webWorkspace/LYQstudyweb/target/test-classes/com/study/question/service
[ main:14925 ] org.apache.ibatis.io.DefaultVFS.findJarForResource(DefaultVFS.java:222) Find JAR URL: file:/D:/webWorkspace/LYQstudyweb/target/test-classes/com/study/user
[ main:14925 ] org.apache.ibatis.io.DefaultVFS.findJarForResource(DefaultVFS.java:248) Not a JAR: file:/D:/webWorkspace/LYQstudyweb/target/test-classes/com/study/user
[ main:14925 ] org.apache.ibatis.io.DefaultVFS.list(DefaultVFS.java:102) Reader entry: dao
[ main:14926 ] org.apache.ibatis.io.DefaultVFS.list(DefaultVFS.java:102) Reader entry: service
[ main:14926 ] org.apache.ibatis.io.DefaultVFS.list(DefaultVFS.java:113) Listing file:/D:/webWorkspace/LYQstudyweb/target/test-classes/com/study/user
[ main:14926 ] org.apache.ibatis.io.DefaultVFS.findJarForResource(DefaultVFS.java:222) Find JAR URL: file:/D:/webWorkspace/LYQstudyweb/target/test-classes/com/study/user/dao
[ main:14926 ] org.apache.ibatis.io.DefaultVFS.findJarForResource(DefaultVFS.java:248) Not a JAR: file:/D:/webWorkspace/LYQstudyweb/target/test-classes/com/study/user/dao
[ main:14926 ] org.apache.ibatis.io.DefaultVFS.list(DefaultVFS.java:102) Reader entry: RoleMapperTest.class
[ main:14927 ] org.apache.ibatis.io.DefaultVFS.list(DefaultVFS.java:102) Reader entry: RoleRightsMapperTest.class
[ main:14927 ] org.apache.ibatis.io.DefaultVFS.list(DefaultVFS.java:102) Reader entry: TeacherMapperTest.class
[ main:14927 ] org.apache.ibatis.io.DefaultVFS.list(DefaultVFS.java:113) Listing file:/D:/webWorkspace/LYQstudyweb/target/test-classes/com/study/user/dao
[ main:14927 ] org.apache.ibatis.io.DefaultVFS.findJarForResource(DefaultVFS.java:222) Find JAR URL: file:/D:/webWorkspace/LYQstudyweb/target/test-classes/com/study/user/dao/RoleMapperTest.class
[ main:14927 ] org.apache.ibatis.io.DefaultVFS.findJarForResource(DefaultVFS.java:248) Not a JAR: file:/D:/webWorkspace/LYQstudyweb/target/test-classes/com/study/user/dao/RoleMapperTest.class
[ main:14928 ] org.apache.ibatis.io.DefaultVFS.list(DefaultVFS.java:102) Reader entry: ����&amp;#0;&amp;#0;&amp;#0;3&amp;#0;?
[ main:14928 ] org.apache.ibatis.io.DefaultVFS.findJarForResource(DefaultVFS.java:222) Find JAR URL: file:/D:/webWorkspace/LYQstudyweb/target/test-classes/com/study/user/dao/RoleRightsMapperTest.class
[ main:14928 ] org.apache.ibatis.io.DefaultVFS.findJarForResource(DefaultVFS.java:248) Not a JAR: file:/D:/webWorkspace/LYQstudyweb/target/test-classes/com/study/user/dao/RoleRightsMapperTest.class
[ main:14929 ] org.apache.ibatis.io.DefaultVFS.list(DefaultVFS.java:102) Reader entry: ����&amp;#0;&amp;#0;&amp;#0;3&amp;#0;T
[ main:14929 ] org.apache.ibatis.io.DefaultVFS.findJarForResource(DefaultVFS.java:222) Find JAR URL: file:/D:/webWorkspace/LYQstudyweb/target/test-classes/com/study/user/dao/TeacherMapperTest.class
[ main:14929 ] org.apache.ibatis.io.DefaultVFS.findJarForResource(DefaultVFS.java:248) Not a JAR: file:/D:/webWorkspace/LYQstudyweb/target/test-classes/com/study/user/dao/TeacherMapperTest.class
[ main:14930 ] org.apache.ibatis.io.DefaultVFS.list(DefaultVFS.java:102) Reader entry: ����&amp;#0;&amp;#0;&amp;#0;3&amp;#0;R
[ main:14930 ] org.apache.ibatis.io.DefaultVFS.findJarForResource(DefaultVFS.java:222) Find JAR URL: file:/D:/webWorkspace/LYQstudyweb/target/test-classes/com/study/user/service
[ main:14930 ] org.apache.ibatis.io.DefaultVFS.findJarForResource(DefaultVFS.java:248) Not a JAR: file:/D:/webWorkspace/LYQstudyweb/target/test-classes/com/study/user/service
[ main:14930 ] org.apache.ibatis.io.DefaultVFS.list(DefaultVFS.java:102) Reader entry: UserServiceImplTest.class
[ main:14931 ] org.apache.ibatis.io.DefaultVFS.list(DefaultVFS.java:113) Listing file:/D:/webWorkspace/LYQstudyweb/target/test-classes/com/study/user/service
[ main:14931 ] org.apache.ibatis.io.DefaultVFS.findJarForResource(DefaultVFS.java:222) Find JAR URL: file:/D:/webWorkspace/LYQstudyweb/target/test-classes/com/study/user/service/UserServiceImplTest.class
[ main:14931 ] org.apache.ibatis.io.DefaultVFS.findJarForResource(DefaultVFS.java:248) Not a JAR: file:/D:/webWorkspace/LYQstudyweb/target/test-classes/com/study/user/service/UserServiceImplTest.class
[ main:14931 ] org.apache.ibatis.io.DefaultVFS.list(DefaultVFS.java:102) Reader entry: ����&amp;#0;&amp;#0;&amp;#0;3&amp;#0;?
[ main:14932 ] org.apache.ibatis.io.DefaultVFS.findJarForResource(DefaultVFS.java:222) Find JAR URL: file:/D:/webWorkspace/LYQstudyweb/target/classes/com/study
[ main:14932 ] org.apache.ibatis.io.DefaultVFS.findJarForResource(DefaultVFS.java:248) Not a JAR: file:/D:/webWorkspace/LYQstudyweb/target/classes/com/study
[ main:14932 ] org.apache.ibatis.io.DefaultVFS.list(DefaultVFS.java:102) Reader entry: basic
[ main:14932 ] org.apache.ibatis.io.DefaultVFS.list(DefaultVFS.java:102) Reader entry: charts
[ main:14933 ] org.apache.ibatis.io.DefaultVFS.list(DefaultVFS.java:102) Reader entry: common
[ main:14933 ] org.apache.ibatis.io.DefaultVFS.list(DefaultVFS.java:102) Reader entry: question
[ main:14933 ] org.apache.ibatis.io.DefaultVFS.list(DefaultVFS.java:102) Reader entry: user
[ main:14933 ] org.apache.ibatis.io.DefaultVFS.list(DefaultVFS.java:113) Listing file:/D:/webWorkspace/LYQstudyweb/target/classes/com/study
[ main:14933 ] org.apache.ibatis.io.DefaultVFS.findJarForResource(DefaultVFS.java:222) Find JAR URL: file:/D:/webWorkspace/LYQstudyweb/target/classes/com/study/basic
[ main:14934 ] org.apache.ibatis.io.DefaultVFS.findJarForResource(DefaultVFS.java:248) Not a JAR: file:/D:/webWorkspace/LYQstudyweb/target/classes/com/study/basic
[ main:14934 ] org.apache.ibatis.io.DefaultVFS.list(DefaultVFS.java:102) Reader entry: dao
[ main:14934 ] org.apache.ibatis.io.DefaultVFS.list(DefaultVFS.java:102) Reader entry: pojo
[ main:14934 ] org.apache.ibatis.io.DefaultVFS.list(DefaultVFS.java:102) Reader entry: service
[ main:14935 ] org.apache.ibatis.io.DefaultVFS.list(DefaultVFS.java:102) Reader entry: vo
[ main:14935 ] org.apache.ibatis.io.DefaultVFS.list(DefaultVFS.java:102) Reader entry: web
[ main:14935 ] org.apache.ibatis.io.DefaultVFS.list(DefaultVFS.java:113) Listing file:/D:/webWorkspace/LYQstudyweb/target/classes/com/study/basic
[ main:14935 ] org.apache.ibatis.io.DefaultVFS.findJarForResource(DefaultVFS.java:222) Find JAR URL: file:/D:/webWorkspace/LYQstudyweb/target/classes/com/study/basic/dao
[ main:14935 ] org.apache.ibatis.io.DefaultVFS.findJarForResource(DefaultVFS.java:248) Not a JAR: file:/D:/webWorkspace/LYQstudyweb/target/classes/com/study/basic/dao
[ main:14936 ] org.apache.ibatis.io.DefaultVFS.list(DefaultVFS.java:102) Reader entry: ClsMapper.class
[ main:14936 ] org.apache.ibatis.io.DefaultVFS.list(DefaultVFS.java:102) Reader entry: ClsMapper.xml
[ main:14936 ] org.apache.ibatis.io.DefaultVFS.list(DefaultVFS.java:102) Reader entry: ClsRoomMapper.class
[ main:14937 ] org.apache.ibatis.io.DefaultVFS.list(DefaultVFS.java:102) Reader entry: ClsRoomMapper.xml
[ main:14937 ] org.apache.ibatis.io.DefaultVFS.list(DefaultVFS.java:102) Reader entry: UserInfoMapper.class
[ main:14938 ] org.apache.ibatis.io.DefaultVFS.list(DefaultVFS.java:102) Reader entry: UserInfoMapper.xml
[ main:14938 ] org.apache.ibatis.io.DefaultVFS.list(DefaultVFS.java:113) Listing file:/D:/webWorkspace/LYQstudyweb/target/classes/com/study/basic/dao
[ main:14938 ] org.apache.ibatis.io.DefaultVFS.findJarForResource(DefaultVFS.java:222) Find JAR URL: file:/D:/webWorkspace/LYQstudyweb/target/classes/com/study/basic/dao/ClsMapper.class
[ main:14938 ] org.apache.ibatis.io.DefaultVFS.findJarForResource(DefaultVFS.java:248) Not a JAR: file:/D:/webWorkspace/LYQstudyweb/target/classes/com/study/basic/dao/ClsMapper.class
[ main:14938 ] org.apache.ibatis.io.DefaultVFS.list(DefaultVFS.java:102) Reader entry: ����&amp;#0;&amp;#0;&amp;#0;3&amp;#0;&amp;#20;&amp;#7;&amp;#0;&amp;#18;&amp;#7;&amp;#0;&amp;#19;&amp;#1;&amp;#0;&amp;#18;deleteByPrimaryKey&amp;#1;&amp;#0;&amp;#22;(Ljava/lang/Integer;)I&amp;#1;&amp;#0;&amp;#6;insert&amp;#1;&amp;#0;&amp;#29;(Lcom/study/basic/pojo/Cls;)I&amp;#1;&amp;#0;&amp;#15;insertSelective&amp;#1;&amp;#0;&amp;#18;selectByPrimaryKey&amp;#1;&amp;#0;/(Ljava/lang/Integer;)Lcom/study/basic/pojo/Cls;&amp;#1;&amp;#0;
[ main:14939 ] org.apache.ibatis.io.DefaultVFS.findJarForResource(DefaultVFS.java:222) Find JAR URL: file:/D:/webWorkspace/LYQstudyweb/target/classes/com/study/basic/dao/ClsMapper.xml
[ main:14939 ] org.apache.ibatis.io.DefaultVFS.findJarForResource(DefaultVFS.java:248) Not a JAR: file:/D:/webWorkspace/LYQstudyweb/target/classes/com/study/basic/dao/ClsMapper.xml
[ main:14939 ] org.apache.ibatis.io.DefaultVFS.list(DefaultVFS.java:102) Reader entry: &lt;?xml version=&quot;1.0&quot; encoding=&quot;UTF-8&quot; ?&gt;
[ main:14940 ] org.apache.ibatis.io.DefaultVFS.findJarForResource(DefaultVFS.java:222) Find JAR URL: file:/D:/webWorkspace/LYQstudyweb/target/classes/com/study/basic/dao/ClsRoomMapper.class
[ main:14940 ] org.apache.ibatis.io.DefaultVFS.findJarForResource(DefaultVFS.java:248) Not a JAR: file:/D:/webWorkspace/LYQstudyweb/target/classes/com/study/basic/dao/ClsRoomMapper.class
[ main:14941 ] org.apache.ibatis.io.DefaultVFS.list(DefaultVFS.java:102) Reader entry: ����&amp;#0;&amp;#0;&amp;#0;3&amp;#0;&amp;#20;&amp;#7;&amp;#0;&amp;#18;&amp;#7;&amp;#0;&amp;#19;&amp;#1;&amp;#0;&amp;#18;deleteByPrimaryKey&amp;#1;&amp;#0;&amp;#22;(Ljava/lang/Integer;)I&amp;#1;&amp;#0;&amp;#6;insert&amp;#1;&amp;#0;!(Lcom/study/basic/pojo/ClsRoom;)I&amp;#1;&amp;#0;&amp;#15;insertSelective&amp;#1;&amp;#0;&amp;#18;selectByPrimaryKey&amp;#1;&amp;#0;3(Ljava/lang/Integer;)Lcom/study/basic/pojo/ClsRoom;&amp;#1;&amp;#0;&amp;#14;listAllClsRoom&amp;#1;&amp;#0;&amp;#18;()Ljava/util/List;&amp;#1;&amp;#0;	Signature&amp;#1;&amp;#0;2()Ljava/util/List&lt;Lcom/study/basic/pojo/ClsRoom;&gt;;&amp;#1;&amp;#0;&amp;#27;updateByPrimaryKeySelective&amp;#1;&amp;#0;&amp;#18;updateByPrimaryKey&amp;#1;&amp;#0;
[ main:14941 ] org.apache.ibatis.io.DefaultVFS.findJarForResource(DefaultVFS.java:222) Find JAR URL: file:/D:/webWorkspace/LYQstudyweb/target/classes/com/study/basic/dao/ClsRoomMapper.xml
[ main:14942 ] org.apache.ibatis.io.DefaultVFS.findJarForResource(DefaultVFS.java:248) Not a JAR: file:/D:/webWorkspace/LYQstudyweb/target/classes/com/study/basic/dao/ClsRoomMapper.xml
[ main:14942 ] org.apache.ibatis.io.DefaultVFS.list(DefaultVFS.java:102) Reader entry: &lt;?xml version=&quot;1.0&quot; encoding=&quot;UTF-8&quot; ?&gt;
[ main:14943 ] org.apache.ibatis.io.DefaultVFS.findJarForResource(DefaultVFS.java:222) Find JAR URL: file:/D:/webWorkspace/LYQstudyweb/target/classes/com/study/basic/dao/UserInfoMapper.class
[ main:14943 ] org.apache.ibatis.io.DefaultVFS.findJarForResource(DefaultVFS.java:248) Not a JAR: file:/D:/webWorkspace/LYQstudyweb/target/classes/com/study/basic/dao/UserInfoMapper.class
[ main:14943 ] org.apache.ibatis.io.DefaultVFS.list(DefaultVFS.java:102) Reader entry: ����&amp;#0;&amp;#0;&amp;#0;3&amp;#0;&amp;#20;&amp;#7;&amp;#0;&amp;#18;&amp;#7;&amp;#0;&amp;#19;&amp;#1;&amp;#0;&amp;#18;deleteByPrimaryKey&amp;#1;&amp;#0;&amp;#22;(Ljava/lang/Integer;)I&amp;#1;&amp;#0;&amp;#6;insert&amp;#1;&amp;#0;&quot;(Lcom/study/basic/pojo/UserInfo;)I&amp;#1;&amp;#0;&amp;#15;insertSelective&amp;#1;&amp;#0;&amp;#18;selectByPrimaryKey&amp;#1;&amp;#0;4(Ljava/lang/Integer;)Lcom/study/basic/pojo/UserInfo;&amp;#1;&amp;#0;&amp;#15;listAllUserInfo&amp;#1;&amp;#0;&amp;#18;()Ljava/util/List;&amp;#1;&amp;#0;	Signature&amp;#1;&amp;#0;3()Ljava/util/List&lt;Lcom/study/basic/pojo/UserInfo;&gt;;&amp;#1;&amp;#0;&amp;#27;updateByPrimaryKeySelective&amp;#1;&amp;#0;&amp;#18;updateByPrimaryKey&amp;#1;&amp;#0;
[ main:14944 ] org.apache.ibatis.io.DefaultVFS.findJarForResource(DefaultVFS.java:222) Find JAR URL: file:/D:/webWorkspace/LYQstudyweb/target/classes/com/study/basic/dao/UserInfoMapper.xml
[ main:14944 ] org.apache.ibatis.io.DefaultVFS.findJarForResource(DefaultVFS.java:248) Not a JAR: file:/D:/webWorkspace/LYQstudyweb/target/classes/com/study/basic/dao/UserInfoMapper.xml
[ main:14945 ] org.apache.ibatis.io.DefaultVFS.list(DefaultVFS.java:102) Reader entry: &lt;?xml version=&quot;1.0&quot; encoding=&quot;UTF-8&quot; ?&gt;
[ main:14945 ] org.apache.ibatis.io.DefaultVFS.findJarForResource(DefaultVFS.java:222) Find JAR URL: file:/D:/webWorkspace/LYQstudyweb/target/classes/com/study/basic/pojo
[ main:14945 ] org.apache.ibatis.io.DefaultVFS.findJarForResource(DefaultVFS.java:248) Not a JAR: file:/D:/webWorkspace/LYQstudyweb/target/classes/com/study/basic/pojo
[ main:14946 ] org.apache.ibatis.io.DefaultVFS.list(DefaultVFS.java:102) Reader entry: Cls.class
[ main:14946 ] org.apache.ibatis.io.DefaultVFS.list(DefaultVFS.java:102) Reader entry: ClsRoom.class
[ main:14947 ] org.apache.ibatis.io.DefaultVFS.list(DefaultVFS.java:102) Reader entry: UserInfo.class
[ main:14947 ] org.apache.ibatis.io.DefaultVFS.list(DefaultVFS.java:113) Listing file:/D:/webWorkspace/LYQstudyweb/target/classes/com/study/basic/pojo
[ main:14947 ] org.apache.ibatis.io.DefaultVFS.findJarForResource(DefaultVFS.java:222) Find JAR URL: file:/D:/webWorkspace/LYQstudyweb/target/classes/com/study/basic/pojo/Cls.class
[ main:14947 ] org.apache.ibatis.io.DefaultVFS.findJarForResource(DefaultVFS.java:248) Not a JAR: file:/D:/webWorkspace/LYQstudyweb/target/classes/com/study/basic/pojo/Cls.class
[ main:14948 ] org.apache.ibatis.io.DefaultVFS.list(DefaultVFS.java:102) Reader entry: ����&amp;#0;&amp;#0;&amp;#0;3&amp;#0;W
[ main:14948 ] org.apache.ibatis.io.DefaultVFS.findJarForResource(DefaultVFS.java:222) Find JAR URL: file:/D:/webWorkspace/LYQstudyweb/target/classes/com/study/basic/pojo/ClsRoom.class
[ main:14948 ] org.apache.ibatis.io.DefaultVFS.findJarForResource(DefaultVFS.java:248) Not a JAR: file:/D:/webWorkspace/LYQstudyweb/target/classes/com/study/basic/pojo/ClsRoom.class
[ main:14949 ] org.apache.ibatis.io.DefaultVFS.list(DefaultVFS.java:102) Reader entry: ����&amp;#0;&amp;#0;&amp;#0;3&amp;#0;D
[ main:14949 ] org.apache.ibatis.io.DefaultVFS.findJarForResource(DefaultVFS.java:222) Find JAR URL: file:/D:/webWorkspace/LYQstudyweb/target/classes/com/study/basic/pojo/UserInfo.class
[ main:14949 ] org.apache.ibatis.io.DefaultVFS.findJarForResource(DefaultVFS.java:248) Not a JAR: file:/D:/webWorkspace/LYQstudyweb/target/classes/com/study/basic/pojo/UserInfo.class
[ main:14950 ] org.apache.ibatis.io.DefaultVFS.list(DefaultVFS.java:102) Reader entry: ����&amp;#0;&amp;#0;&amp;#0;3&amp;#0;?
[ main:14950 ] org.apache.ibatis.io.DefaultVFS.findJarForResource(DefaultVFS.java:222) Find JAR URL: file:/D:/webWorkspace/LYQstudyweb/target/classes/com/study/basic/service
[ main:14950 ] org.apache.ibatis.io.DefaultVFS.findJarForResource(DefaultVFS.java:248) Not a JAR: file:/D:/webWorkspace/LYQstudyweb/target/classes/com/study/basic/service
[ main:14951 ] org.apache.ibatis.io.DefaultVFS.list(DefaultVFS.java:102) Reader entry: BasicServiceImpl.class
[ main:14951 ] org.apache.ibatis.io.DefaultVFS.list(DefaultVFS.java:102) Reader entry: IBasicService.class
[ main:14951 ] org.apache.ibatis.io.DefaultVFS.list(DefaultVFS.java:113) Listing file:/D:/webWorkspace/LYQstudyweb/target/classes/com/study/basic/service
[ main:14951 ] org.apache.ibatis.io.DefaultVFS.findJarForResource(DefaultVFS.java:222) Find JAR URL: file:/D:/webWorkspace/LYQstudyweb/target/classes/com/study/basic/service/BasicServiceImpl.class
[ main:14952 ] org.apache.ibatis.io.DefaultVFS.findJarForResource(DefaultVFS.java:248) Not a JAR: file:/D:/webWorkspace/LYQstudyweb/target/classes/com/study/basic/service/BasicServiceImpl.class
[ main:14952 ] org.apache.ibatis.io.DefaultVFS.list(DefaultVFS.java:102) Reader entry: ����&amp;#0;&amp;#0;&amp;#0;3&amp;#0;?
[ main:14953 ] org.apache.ibatis.io.DefaultVFS.findJarForResource(DefaultVFS.java:222) Find JAR URL: file:/D:/webWorkspace/LYQstudyweb/target/classes/com/study/basic/service/IBasicService.class
[ main:14953 ] org.apache.ibatis.io.DefaultVFS.findJarForResource(DefaultVFS.java:248) Not a JAR: file:/D:/webWorkspace/LYQstudyweb/target/classes/com/study/basic/service/IBasicService.class
[ main:14953 ] org.apache.ibatis.io.DefaultVFS.list(DefaultVFS.java:102) Reader entry: ����&amp;#0;&amp;#0;&amp;#0;3&amp;#0; &amp;#7;&amp;#0;&amp;#30;&amp;#7;&amp;#0;&amp;#31;&amp;#1;&amp;#0;&amp;#14;listAllClsRoom&amp;#1;&amp;#0;&amp;#18;()Ljava/util/List;&amp;#1;&amp;#0;	Signature&amp;#1;&amp;#0;2()Ljava/util/List&lt;Lcom/study/basic/pojo/ClsRoom;&gt;;&amp;#1;&amp;#0;&amp;#15;listAllUserInfo&amp;#1;&amp;#0;3()Ljava/util/List&lt;Lcom/study/basic/pojo/UserInfo;&gt;;&amp;#1;&amp;#0;
[ main:14954 ] org.apache.ibatis.io.DefaultVFS.findJarForResource(DefaultVFS.java:222) Find JAR URL: file:/D:/webWorkspace/LYQstudyweb/target/classes/com/study/basic/vo
[ main:14954 ] org.apache.ibatis.io.DefaultVFS.findJarForResource(DefaultVFS.java:248) Not a JAR: file:/D:/webWorkspace/LYQstudyweb/target/classes/com/study/basic/vo
[ main:14955 ] org.apache.ibatis.io.DefaultVFS.list(DefaultVFS.java:102) Reader entry: UserVO.class
[ main:14955 ] org.apache.ibatis.io.DefaultVFS.list(DefaultVFS.java:113) Listing file:/D:/webWorkspace/LYQstudyweb/target/classes/com/study/basic/vo
[ main:14956 ] org.apache.ibatis.io.DefaultVFS.findJarForResource(DefaultVFS.java:222) Find JAR URL: file:/D:/webWorkspace/LYQstudyweb/target/classes/com/study/basic/vo/UserVO.class
[ main:14956 ] org.apache.ibatis.io.DefaultVFS.findJarForResource(DefaultVFS.java:248) Not a JAR: file:/D:/webWorkspace/LYQstudyweb/target/classes/com/study/basic/vo/UserVO.class
[ main:14957 ] org.apache.ibatis.io.DefaultVFS.list(DefaultVFS.java:102) Reader entry: ����&amp;#0;&amp;#0;&amp;#0;3&amp;#0;%
[ main:14958 ] org.apache.ibatis.io.DefaultVFS.findJarForResource(DefaultVFS.java:222) Find JAR URL: file:/D:/webWorkspace/LYQstudyweb/target/classes/com/study/basic/web
[ main:14959 ] org.apache.ibatis.io.DefaultVFS.findJarForResource(DefaultVFS.java:248) Not a JAR: file:/D:/webWorkspace/LYQstudyweb/target/classes/com/study/basic/web
[ main:14959 ] org.apache.ibatis.io.DefaultVFS.list(DefaultVFS.java:102) Reader entry: ClsController.class
[ main:14960 ] org.apache.ibatis.io.DefaultVFS.list(DefaultVFS.java:102) Reader entry: ClsRoomController.class
[ main:14960 ] org.apache.ibatis.io.DefaultVFS.list(DefaultVFS.java:102) Reader entry: UserInfoController.class
[ main:14960 ] org.apache.ibatis.io.DefaultVFS.list(DefaultVFS.java:113) Listing file:/D:/webWorkspace/LYQstudyweb/target/classes/com/study/basic/web
[ main:14960 ] org.apache.ibatis.io.DefaultVFS.findJarForResource(DefaultVFS.java:222) Find JAR URL: file:/D:/webWorkspace/LYQstudyweb/target/classes/com/study/basic/web/ClsController.class
[ main:14960 ] org.apache.ibatis.io.DefaultVFS.findJarForResource(DefaultVFS.java:248) Not a JAR: file:/D:/webWorkspace/LYQstudyweb/target/classes/com/study/basic/web/ClsController.class
[ main:14961 ] org.apache.ibatis.io.DefaultVFS.list(DefaultVFS.java:102) Reader entry: ����&amp;#0;&amp;#0;&amp;#0;3&amp;#0;?
[ main:14961 ] org.apache.ibatis.io.DefaultVFS.findJarForResource(DefaultVFS.java:222) Find JAR URL: file:/D:/webWorkspace/LYQstudyweb/target/classes/com/study/basic/web/ClsRoomController.class
[ main:14962 ] org.apache.ibatis.io.DefaultVFS.findJarForResource(DefaultVFS.java:248) Not a JAR: file:/D:/webWorkspace/LYQstudyweb/target/classes/com/study/basic/web/ClsRoomController.class
[ main:14962 ] org.apache.ibatis.io.DefaultVFS.list(DefaultVFS.java:102) Reader entry: ����&amp;#0;&amp;#0;&amp;#0;3&amp;#0;t
[ main:14962 ] org.apache.ibatis.io.DefaultVFS.findJarForResource(DefaultVFS.java:222) Find JAR URL: file:/D:/webWorkspace/LYQstudyweb/target/classes/com/study/basic/web/UserInfoController.class
[ main:14962 ] org.apache.ibatis.io.DefaultVFS.findJarForResource(DefaultVFS.java:248) Not a JAR: file:/D:/webWorkspace/LYQstudyweb/target/classes/com/study/basic/web/UserInfoController.class
[ main:14963 ] org.apache.ibatis.io.DefaultVFS.list(DefaultVFS.java:102) Reader entry: ����&amp;#0;&amp;#0;&amp;#0;3&amp;#0;?
[ main:14963 ] org.apache.ibatis.io.DefaultVFS.findJarForResource(DefaultVFS.java:222) Find JAR URL: file:/D:/webWorkspace/LYQstudyweb/target/classes/com/study/charts
[ main:14963 ] org.apache.ibatis.io.DefaultVFS.findJarForResource(DefaultVFS.java:248) Not a JAR: file:/D:/webWorkspace/LYQstudyweb/target/classes/com/study/charts
[ main:14964 ] org.apache.ibatis.io.DefaultVFS.list(DefaultVFS.java:102) Reader entry: dao
[ main:14964 ] org.apache.ibatis.io.DefaultVFS.list(DefaultVFS.java:102) Reader entry: pojo
[ main:14964 ] org.apache.ibatis.io.DefaultVFS.list(DefaultVFS.java:102) Reader entry: service
[ main:14965 ] org.apache.ibatis.io.DefaultVFS.list(DefaultVFS.java:102) Reader entry: web
[ main:14965 ] org.apache.ibatis.io.DefaultVFS.list(DefaultVFS.java:113) Listing file:/D:/webWorkspace/LYQstudyweb/target/classes/com/study/charts
[ main:14965 ] org.apache.ibatis.io.DefaultVFS.findJarForResource(DefaultVFS.java:222) Find JAR URL: file:/D:/webWorkspace/LYQstudyweb/target/classes/com/study/charts/dao
[ main:14965 ] org.apache.ibatis.io.DefaultVFS.findJarForResource(DefaultVFS.java:248) Not a JAR: file:/D:/webWorkspace/LYQstudyweb/target/classes/com/study/charts/dao
[ main:14966 ] org.apache.ibatis.io.DefaultVFS.list(DefaultVFS.java:102) Reader entry: VoteHistoryMapper.class
[ main:14966 ] org.apache.ibatis.io.DefaultVFS.list(DefaultVFS.java:102) Reader entry: VoteHistoryMapper.xml
[ main:14966 ] org.apache.ibatis.io.DefaultVFS.list(DefaultVFS.java:113) Listing file:/D:/webWorkspace/LYQstudyweb/target/classes/com/study/charts/dao
[ main:14966 ] org.apache.ibatis.io.DefaultVFS.findJarForResource(DefaultVFS.java:222) Find JAR URL: file:/D:/webWorkspace/LYQstudyweb/target/classes/com/study/charts/dao/VoteHistoryMapper.class
[ main:14967 ] org.apache.ibatis.io.DefaultVFS.findJarForResource(DefaultVFS.java:248) Not a JAR: file:/D:/webWorkspace/LYQstudyweb/target/classes/com/study/charts/dao/VoteHistoryMapper.class
[ main:14967 ] org.apache.ibatis.io.DefaultVFS.list(DefaultVFS.java:102) Reader entry: ����&amp;#0;&amp;#0;&amp;#0;3&amp;#0;&amp;#16;&amp;#7;&amp;#0;&amp;#14;&amp;#7;&amp;#0;&amp;#15;&amp;#1;&amp;#0;&amp;#18;deleteByPrimaryKey&amp;#1;&amp;#0;&amp;#22;(Ljava/lang/Integer;)I&amp;#1;&amp;#0;&amp;#6;insert&amp;#1;&amp;#0;&amp;(Lcom/study/charts/pojo/VoteHistory;)I&amp;#1;&amp;#0;&amp;#15;insertSelective&amp;#1;&amp;#0;&amp;#18;selectByPrimaryKey&amp;#1;&amp;#0;8(Ljava/lang/Integer;)Lcom/study/charts/pojo/VoteHistory;&amp;#1;&amp;#0;&amp;#27;updateByPrimaryKeySelective&amp;#1;&amp;#0;&amp;#18;updateByPrimaryKey&amp;#1;&amp;#0;
[ main:14967 ] org.apache.ibatis.io.DefaultVFS.findJarForResource(DefaultVFS.java:222) Find JAR URL: file:/D:/webWorkspace/LYQstudyweb/target/classes/com/study/charts/dao/VoteHistoryMapper.xml
[ main:14967 ] org.apache.ibatis.io.DefaultVFS.findJarForResource(DefaultVFS.java:248) Not a JAR: file:/D:/webWorkspace/LYQstudyweb/target/classes/com/study/charts/dao/VoteHistoryMapper.xml
[ main:14968 ] org.apache.ibatis.io.DefaultVFS.list(DefaultVFS.java:102) Reader entry: &lt;?xml version=&quot;1.0&quot; encoding=&quot;UTF-8&quot; ?&gt;
[ main:14968 ] org.apache.ibatis.io.DefaultVFS.findJarForResource(DefaultVFS.java:222) Find JAR URL: file:/D:/webWorkspace/LYQstudyweb/target/classes/com/study/charts/pojo
[ main:14968 ] org.apache.ibatis.io.DefaultVFS.findJarForResource(DefaultVFS.java:248) Not a JAR: file:/D:/webWorkspace/LYQstudyweb/target/classes/com/study/charts/pojo
[ main:14969 ] org.apache.ibatis.io.DefaultVFS.list(DefaultVFS.java:102) Reader entry: VoteHistory.class
[ main:14969 ] org.apache.ibatis.io.DefaultVFS.list(DefaultVFS.java:113) Listing file:/D:/webWorkspace/LYQstudyweb/target/classes/com/study/charts/pojo
[ main:14969 ] org.apache.ibatis.io.DefaultVFS.findJarForResource(DefaultVFS.java:222) Find JAR URL: file:/D:/webWorkspace/LYQstudyweb/target/classes/com/study/charts/pojo/VoteHistory.class
[ main:14969 ] org.apache.ibatis.io.DefaultVFS.findJarForResource(DefaultVFS.java:248) Not a JAR: file:/D:/webWorkspace/LYQstudyweb/target/classes/com/study/charts/pojo/VoteHistory.class
[ main:14970 ] org.apache.ibatis.io.DefaultVFS.list(DefaultVFS.java:102) Reader entry: ����&amp;#0;&amp;#0;&amp;#0;3&amp;#0;&apos;
[ main:14970 ] org.apache.ibatis.io.DefaultVFS.findJarForResource(DefaultVFS.java:222) Find JAR URL: file:/D:/webWorkspace/LYQstudyweb/target/classes/com/study/charts/service
[ main:14970 ] org.apache.ibatis.io.DefaultVFS.findJarForResource(DefaultVFS.java:248) Not a JAR: file:/D:/webWorkspace/LYQstudyweb/target/classes/com/study/charts/service
[ main:14970 ] org.apache.ibatis.io.DefaultVFS.findJarForResource(DefaultVFS.java:222) Find JAR URL: file:/D:/webWorkspace/LYQstudyweb/target/classes/com/study/charts/web
[ main:14971 ] org.apache.ibatis.io.DefaultVFS.findJarForResource(DefaultVFS.java:248) Not a JAR: file:/D:/webWorkspace/LYQstudyweb/target/classes/com/study/charts/web
[ main:14971 ] org.apache.ibatis.io.DefaultVFS.findJarForResource(DefaultVFS.java:222) Find JAR URL: file:/D:/webWorkspace/LYQstudyweb/target/classes/com/study/common
[ main:14971 ] org.apache.ibatis.io.DefaultVFS.findJarForResource(DefaultVFS.java:248) Not a JAR: file:/D:/webWorkspace/LYQstudyweb/target/classes/com/study/common
[ main:14972 ] org.apache.ibatis.io.DefaultVFS.list(DefaultVFS.java:102) Reader entry: page
[ main:14972 ] org.apache.ibatis.io.DefaultVFS.list(DefaultVFS.java:102) Reader entry: util
[ main:14973 ] org.apache.ibatis.io.DefaultVFS.list(DefaultVFS.java:113) Listing file:/D:/webWorkspace/LYQstudyweb/target/classes/com/study/common
[ main:14973 ] org.apache.ibatis.io.DefaultVFS.findJarForResource(DefaultVFS.java:222) Find JAR URL: file:/D:/webWorkspace/LYQstudyweb/target/classes/com/study/common/page
[ main:14973 ] org.apache.ibatis.io.DefaultVFS.findJarForResource(DefaultVFS.java:248) Not a JAR: file:/D:/webWorkspace/LYQstudyweb/target/classes/com/study/common/page
[ main:14973 ] org.apache.ibatis.io.DefaultVFS.list(DefaultVFS.java:102) Reader entry: PageInfo.class
[ main:14974 ] org.apache.ibatis.io.DefaultVFS.list(DefaultVFS.java:102) Reader entry: PageInterceptor.class
[ main:14974 ] org.apache.ibatis.io.DefaultVFS.list(DefaultVFS.java:102) Reader entry: PageTools.class
[ main:14974 ] org.apache.ibatis.io.DefaultVFS.list(DefaultVFS.java:113) Listing file:/D:/webWorkspace/LYQstudyweb/target/classes/com/study/common/page
[ main:14974 ] org.apache.ibatis.io.DefaultVFS.findJarForResource(DefaultVFS.java:222) Find JAR URL: file:/D:/webWorkspace/LYQstudyweb/target/classes/com/study/common/page/PageInfo.class
[ main:14974 ] org.apache.ibatis.io.DefaultVFS.findJarForResource(DefaultVFS.java:248) Not a JAR: file:/D:/webWorkspace/LYQstudyweb/target/classes/com/study/common/page/PageInfo.class
[ main:14975 ] org.apache.ibatis.io.DefaultVFS.list(DefaultVFS.java:102) Reader entry: ����&amp;#0;&amp;#0;&amp;#0;3&amp;#0;J
[ main:14975 ] org.apache.ibatis.io.DefaultVFS.findJarForResource(DefaultVFS.java:222) Find JAR URL: file:/D:/webWorkspace/LYQstudyweb/target/classes/com/study/common/page/PageInterceptor.class
[ main:14975 ] org.apache.ibatis.io.DefaultVFS.findJarForResource(DefaultVFS.java:248) Not a JAR: file:/D:/webWorkspace/LYQstudyweb/target/classes/com/study/common/page/PageInterceptor.class
[ main:14976 ] org.apache.ibatis.io.DefaultVFS.list(DefaultVFS.java:102) Reader entry: ����&amp;#0;&amp;#0;&amp;#0;3&amp;#1;J
[ main:14976 ] org.apache.ibatis.io.DefaultVFS.findJarForResource(DefaultVFS.java:222) Find JAR URL: file:/D:/webWorkspace/LYQstudyweb/target/classes/com/study/common/page/PageTools.class
[ main:14976 ] org.apache.ibatis.io.DefaultVFS.findJarForResource(DefaultVFS.java:248) Not a JAR: file:/D:/webWorkspace/LYQstudyweb/target/classes/com/study/common/page/PageTools.class
[ main:14977 ] org.apache.ibatis.io.DefaultVFS.list(DefaultVFS.java:102) Reader entry: ����&amp;#0;&amp;#0;&amp;#0;3&amp;#0;7
[ main:14977 ] org.apache.ibatis.io.DefaultVFS.findJarForResource(DefaultVFS.java:222) Find JAR URL: file:/D:/webWorkspace/LYQstudyweb/target/classes/com/study/common/util
[ main:14977 ] org.apache.ibatis.io.DefaultVFS.findJarForResource(DefaultVFS.java:248) Not a JAR: file:/D:/webWorkspace/LYQstudyweb/target/classes/com/study/common/util
[ main:14977 ] org.apache.ibatis.io.DefaultVFS.list(DefaultVFS.java:102) Reader entry: MD5.class
[ main:14978 ] org.apache.ibatis.io.DefaultVFS.list(DefaultVFS.java:113) Listing file:/D:/webWorkspace/LYQstudyweb/target/classes/com/study/common/util
[ main:14978 ] org.apache.ibatis.io.DefaultVFS.findJarForResource(DefaultVFS.java:222) Find JAR URL: file:/D:/webWorkspace/LYQstudyweb/target/classes/com/study/common/util/MD5.class
[ main:14978 ] org.apache.ibatis.io.DefaultVFS.findJarForResource(DefaultVFS.java:248) Not a JAR: file:/D:/webWorkspace/LYQstudyweb/target/classes/com/study/common/util/MD5.class
[ main:14978 ] org.apache.ibatis.io.DefaultVFS.list(DefaultVFS.java:102) Reader entry: ����&amp;#0;&amp;#0;&amp;#0;3&amp;#0;g
[ main:14979 ] org.apache.ibatis.io.DefaultVFS.findJarForResource(DefaultVFS.java:222) Find JAR URL: file:/D:/webWorkspace/LYQstudyweb/target/classes/com/study/question
[ main:14979 ] org.apache.ibatis.io.DefaultVFS.findJarForResource(DefaultVFS.java:248) Not a JAR: file:/D:/webWorkspace/LYQstudyweb/target/classes/com/study/question
[ main:14979 ] org.apache.ibatis.io.DefaultVFS.list(DefaultVFS.java:102) Reader entry: dao
[ main:14979 ] org.apache.ibatis.io.DefaultVFS.list(DefaultVFS.java:102) Reader entry: pojo
[ main:14980 ] org.apache.ibatis.io.DefaultVFS.list(DefaultVFS.java:102) Reader entry: service
[ main:14980 ] org.apache.ibatis.io.DefaultVFS.list(DefaultVFS.java:102) Reader entry: web
[ main:14980 ] org.apache.ibatis.io.DefaultVFS.list(DefaultVFS.java:113) Listing file:/D:/webWorkspace/LYQstudyweb/target/classes/com/study/question
[ main:14980 ] org.apache.ibatis.io.DefaultVFS.findJarForResource(DefaultVFS.java:222) Find JAR URL: file:/D:/webWorkspace/LYQstudyweb/target/classes/com/study/question/dao
[ main:14981 ] org.apache.ibatis.io.DefaultVFS.findJarForResource(DefaultVFS.java:248) Not a JAR: file:/D:/webWorkspace/LYQstudyweb/target/classes/com/study/question/dao
[ main:14981 ] org.apache.ibatis.io.DefaultVFS.list(DefaultVFS.java:102) Reader entry: AnswerMapper.class
[ main:14981 ] org.apache.ibatis.io.DefaultVFS.list(DefaultVFS.java:102) Reader entry: AnswerMapper.xml
[ main:14982 ] org.apache.ibatis.io.DefaultVFS.list(DefaultVFS.java:102) Reader entry: QuestionMapper.class
[ main:14982 ] org.apache.ibatis.io.DefaultVFS.list(DefaultVFS.java:102) Reader entry: QuestionMapper.xml
[ main:14982 ] org.apache.ibatis.io.DefaultVFS.list(DefaultVFS.java:102) Reader entry: QuestionTypeMapper.class
[ main:14982 ] org.apache.ibatis.io.DefaultVFS.list(DefaultVFS.java:102) Reader entry: QuestionTypeMapper.xml
[ main:14982 ] org.apache.ibatis.io.DefaultVFS.list(DefaultVFS.java:113) Listing file:/D:/webWorkspace/LYQstudyweb/target/classes/com/study/question/dao
[ main:14982 ] org.apache.ibatis.io.DefaultVFS.findJarForResource(DefaultVFS.java:222) Find JAR URL: file:/D:/webWorkspace/LYQstudyweb/target/classes/com/study/question/dao/AnswerMapper.class
[ main:14982 ] org.apache.ibatis.io.DefaultVFS.findJarForResource(DefaultVFS.java:248) Not a JAR: file:/D:/webWorkspace/LYQstudyweb/target/classes/com/study/question/dao/AnswerMapper.class
[ main:14983 ] org.apache.ibatis.io.DefaultVFS.list(DefaultVFS.java:102) Reader entry: ����&amp;#0;&amp;#0;&amp;#0;3&amp;#0;&amp;#17;&amp;#7;&amp;#0;&amp;#15;&amp;#7;&amp;#0;&amp;#16;&amp;#1;&amp;#0;&amp;#18;deleteByPrimaryKey&amp;#1;&amp;#0;&amp;#22;(Ljava/lang/Integer;)I&amp;#1;&amp;#0;&amp;#6;insert&amp;#1;&amp;#0;#(Lcom/study/question/pojo/Answer;)I&amp;#1;&amp;#0;&amp;#15;insertSelective&amp;#1;&amp;#0;&amp;#18;selectByPrimaryKey&amp;#1;&amp;#0;5(Ljava/lang/Integer;)Lcom/study/question/pojo/Answer;&amp;#1;&amp;#0;&amp;#27;updateByPrimaryKeySelective&amp;#1;&amp;#0;&amp;#27;updateByPrimaryKeyWithBLOBs&amp;#1;&amp;#0;&amp;#18;updateByPrimaryKey&amp;#1;&amp;#0;
[ main:14983 ] org.apache.ibatis.io.DefaultVFS.findJarForResource(DefaultVFS.java:222) Find JAR URL: file:/D:/webWorkspace/LYQstudyweb/target/classes/com/study/question/dao/AnswerMapper.xml
[ main:14983 ] org.apache.ibatis.io.DefaultVFS.findJarForResource(DefaultVFS.java:248) Not a JAR: file:/D:/webWorkspace/LYQstudyweb/target/classes/com/study/question/dao/AnswerMapper.xml
[ main:14984 ] org.apache.ibatis.io.DefaultVFS.list(DefaultVFS.java:102) Reader entry: &lt;?xml version=&quot;1.0&quot; encoding=&quot;UTF-8&quot; ?&gt;
[ main:14984 ] org.apache.ibatis.io.DefaultVFS.findJarForResource(DefaultVFS.java:222) Find JAR URL: file:/D:/webWorkspace/LYQstudyweb/target/classes/com/study/question/dao/QuestionMapper.class
[ main:14984 ] org.apache.ibatis.io.DefaultVFS.findJarForResource(DefaultVFS.java:248) Not a JAR: file:/D:/webWorkspace/LYQstudyweb/target/classes/com/study/question/dao/QuestionMapper.class
[ main:14984 ] org.apache.ibatis.io.DefaultVFS.list(DefaultVFS.java:102) Reader entry: ����&amp;#0;&amp;#0;&amp;#0;3&amp;#0;&amp;#17;&amp;#7;&amp;#0;&amp;#15;&amp;#7;&amp;#0;&amp;#16;&amp;#1;&amp;#0;&amp;#18;deleteByPrimaryKey&amp;#1;&amp;#0;&amp;#22;(Ljava/lang/Integer;)I&amp;#1;&amp;#0;&amp;#6;insert&amp;#1;&amp;#0;%(Lcom/study/question/pojo/Question;)I&amp;#1;&amp;#0;&amp;#15;insertSelective&amp;#1;&amp;#0;&amp;#18;selectByPrimaryKey&amp;#1;&amp;#0;7(Ljava/lang/Integer;)Lcom/study/question/pojo/Question;&amp;#1;&amp;#0;&amp;#27;updateByPrimaryKeySelective&amp;#1;&amp;#0;&amp;#27;updateByPrimaryKeyWithBLOBs&amp;#1;&amp;#0;&amp;#18;updateByPrimaryKey&amp;#1;&amp;#0;
[ main:14985 ] org.apache.ibatis.io.DefaultVFS.findJarForResource(DefaultVFS.java:222) Find JAR URL: file:/D:/webWorkspace/LYQstudyweb/target/classes/com/study/question/dao/QuestionMapper.xml
[ main:14985 ] org.apache.ibatis.io.DefaultVFS.findJarForResource(DefaultVFS.java:248) Not a JAR: file:/D:/webWorkspace/LYQstudyweb/target/classes/com/study/question/dao/QuestionMapper.xml
[ main:14985 ] org.apache.ibatis.io.DefaultVFS.list(DefaultVFS.java:102) Reader entry: &lt;?xml version=&quot;1.0&quot; encoding=&quot;UTF-8&quot; ?&gt;
[ main:14985 ] org.apache.ibatis.io.DefaultVFS.findJarForResource(DefaultVFS.java:222) Find JAR URL: file:/D:/webWorkspace/LYQstudyweb/target/classes/com/study/question/dao/QuestionTypeMapper.class
[ main:14986 ] org.apache.ibatis.io.DefaultVFS.findJarForResource(DefaultVFS.java:248) Not a JAR: file:/D:/webWorkspace/LYQstudyweb/target/classes/com/study/question/dao/QuestionTypeMapper.class
[ main:14986 ] org.apache.ibatis.io.DefaultVFS.list(DefaultVFS.java:102) Reader entry: ����&amp;#0;&amp;#0;&amp;#0;3&amp;#0;&amp;#16;&amp;#7;&amp;#0;&amp;#14;&amp;#7;&amp;#0;&amp;#15;&amp;#1;&amp;#0;&amp;#18;deleteByPrimaryKey&amp;#1;&amp;#0;&amp;#22;(Ljava/lang/Integer;)I&amp;#1;&amp;#0;&amp;#6;insert&amp;#1;&amp;#0;)(Lcom/study/question/pojo/QuestionType;)I&amp;#1;&amp;#0;&amp;#15;insertSelective&amp;#1;&amp;#0;&amp;#18;selectByPrimaryKey&amp;#1;&amp;#0;;(Ljava/lang/Integer;)Lcom/study/question/pojo/QuestionType;&amp;#1;&amp;#0;&amp;#27;updateByPrimaryKeySelective&amp;#1;&amp;#0;&amp;#18;updateByPrimaryKey&amp;#1;&amp;#0;
[ main:14987 ] org.apache.ibatis.io.DefaultVFS.findJarForResource(DefaultVFS.java:222) Find JAR URL: file:/D:/webWorkspace/LYQstudyweb/target/classes/com/study/question/dao/QuestionTypeMapper.xml
[ main:14987 ] org.apache.ibatis.io.DefaultVFS.findJarForResource(DefaultVFS.java:248) Not a JAR: file:/D:/webWorkspace/LYQstudyweb/target/classes/com/study/question/dao/QuestionTypeMapper.xml
[ main:14987 ] org.apache.ibatis.io.DefaultVFS.list(DefaultVFS.java:102) Reader entry: &lt;?xml version=&quot;1.0&quot; encoding=&quot;UTF-8&quot; ?&gt;
[ main:14987 ] org.apache.ibatis.io.DefaultVFS.findJarForResource(DefaultVFS.java:222) Find JAR URL: file:/D:/webWorkspace/LYQstudyweb/target/classes/com/study/question/pojo
[ main:14988 ] org.apache.ibatis.io.DefaultVFS.findJarForResource(DefaultVFS.java:248) Not a JAR: file:/D:/webWorkspace/LYQstudyweb/target/classes/com/study/question/pojo
[ main:14988 ] org.apache.ibatis.io.DefaultVFS.list(DefaultVFS.java:102) Reader entry: Answer.class
[ main:14989 ] org.apache.ibatis.io.DefaultVFS.list(DefaultVFS.java:102) Reader entry: Question.class
[ main:14989 ] org.apache.ibatis.io.DefaultVFS.list(DefaultVFS.java:102) Reader entry: QuestionType.class
[ main:14989 ] org.apache.ibatis.io.DefaultVFS.list(DefaultVFS.java:113) Listing file:/D:/webWorkspace/LYQstudyweb/target/classes/com/study/question/pojo
[ main:14989 ] org.apache.ibatis.io.DefaultVFS.findJarForResource(DefaultVFS.java:222) Find JAR URL: file:/D:/webWorkspace/LYQstudyweb/target/classes/com/study/question/pojo/Answer.class
[ main:14989 ] org.apache.ibatis.io.DefaultVFS.findJarForResource(DefaultVFS.java:248) Not a JAR: file:/D:/webWorkspace/LYQstudyweb/target/classes/com/study/question/pojo/Answer.class
[ main:14990 ] org.apache.ibatis.io.DefaultVFS.list(DefaultVFS.java:102) Reader entry: ����&amp;#0;&amp;#0;&amp;#0;3&amp;#0;I
[ main:14990 ] org.apache.ibatis.io.DefaultVFS.findJarForResource(DefaultVFS.java:222) Find JAR URL: file:/D:/webWorkspace/LYQstudyweb/target/classes/com/study/question/pojo/Question.class
[ main:14990 ] org.apache.ibatis.io.DefaultVFS.findJarForResource(DefaultVFS.java:248) Not a JAR: file:/D:/webWorkspace/LYQstudyweb/target/classes/com/study/question/pojo/Question.class
[ main:14991 ] org.apache.ibatis.io.DefaultVFS.list(DefaultVFS.java:102) Reader entry: ����&amp;#0;&amp;#0;&amp;#0;3&amp;#0;g
[ main:14991 ] org.apache.ibatis.io.DefaultVFS.findJarForResource(DefaultVFS.java:222) Find JAR URL: file:/D:/webWorkspace/LYQstudyweb/target/classes/com/study/question/pojo/QuestionType.class
[ main:14991 ] org.apache.ibatis.io.DefaultVFS.findJarForResource(DefaultVFS.java:248) Not a JAR: file:/D:/webWorkspace/LYQstudyweb/target/classes/com/study/question/pojo/QuestionType.class
[ main:14991 ] org.apache.ibatis.io.DefaultVFS.list(DefaultVFS.java:102) Reader entry: ����&amp;#0;&amp;#0;&amp;#0;3&amp;#0;(
[ main:14992 ] org.apache.ibatis.io.DefaultVFS.findJarForResource(DefaultVFS.java:222) Find JAR URL: file:/D:/webWorkspace/LYQstudyweb/target/classes/com/study/question/service
[ main:14992 ] org.apache.ibatis.io.DefaultVFS.findJarForResource(DefaultVFS.java:248) Not a JAR: file:/D:/webWorkspace/LYQstudyweb/target/classes/com/study/question/service
[ main:14992 ] org.apache.ibatis.io.DefaultVFS.findJarForResource(DefaultVFS.java:222) Find JAR URL: file:/D:/webWorkspace/LYQstudyweb/target/classes/com/study/question/web
[ main:14993 ] org.apache.ibatis.io.DefaultVFS.findJarForResource(DefaultVFS.java:248) Not a JAR: file:/D:/webWorkspace/LYQstudyweb/target/classes/com/study/question/web
[ main:14993 ] org.apache.ibatis.io.DefaultVFS.findJarForResource(DefaultVFS.java:222) Find JAR URL: file:/D:/webWorkspace/LYQstudyweb/target/classes/com/study/user
[ main:14993 ] org.apache.ibatis.io.DefaultVFS.findJarForResource(DefaultVFS.java:248) Not a JAR: file:/D:/webWorkspace/LYQstudyweb/target/classes/com/study/user
[ main:14993 ] org.apache.ibatis.io.DefaultVFS.list(DefaultVFS.java:102) Reader entry: dao
[ main:14994 ] org.apache.ibatis.io.DefaultVFS.list(DefaultVFS.java:102) Reader entry: pojo
[ main:14994 ] org.apache.ibatis.io.DefaultVFS.list(DefaultVFS.java:102) Reader entry: service
[ main:14994 ] org.apache.ibatis.io.DefaultVFS.list(DefaultVFS.java:102) Reader entry: web
[ main:14994 ] org.apache.ibatis.io.DefaultVFS.list(DefaultVFS.java:113) Listing file:/D:/webWorkspace/LYQstudyweb/target/classes/com/study/user
[ main:14994 ] org.apache.ibatis.io.DefaultVFS.findJarForResource(DefaultVFS.java:222) Find JAR URL: file:/D:/webWorkspace/LYQstudyweb/target/classes/com/study/user/dao
[ main:14994 ] org.apache.ibatis.io.DefaultVFS.findJarForResource(DefaultVFS.java:248) Not a JAR: file:/D:/webWorkspace/LYQstudyweb/target/classes/com/study/user/dao
[ main:14995 ] org.apache.ibatis.io.DefaultVFS.list(DefaultVFS.java:102) Reader entry: RightsMapper.class
[ main:14995 ] org.apache.ibatis.io.DefaultVFS.list(DefaultVFS.java:102) Reader entry: RightsMapper.xml
[ main:14995 ] org.apache.ibatis.io.DefaultVFS.list(DefaultVFS.java:102) Reader entry: RoleMapper.class
[ main:14996 ] org.apache.ibatis.io.DefaultVFS.list(DefaultVFS.java:102) Reader entry: RoleMapper.xml
[ main:14996 ] org.apache.ibatis.io.DefaultVFS.list(DefaultVFS.java:102) Reader entry: RoleRightsMapper.class
[ main:14996 ] org.apache.ibatis.io.DefaultVFS.list(DefaultVFS.java:102) Reader entry: RoleRightsMapper.xml
[ main:14996 ] org.apache.ibatis.io.DefaultVFS.list(DefaultVFS.java:102) Reader entry: TeacherMapper.class
[ main:14996 ] org.apache.ibatis.io.DefaultVFS.list(DefaultVFS.java:102) Reader entry: TeacherMapper.xml
[ main:14997 ] org.apache.ibatis.io.DefaultVFS.list(DefaultVFS.java:113) Listing file:/D:/webWorkspace/LYQstudyweb/target/classes/com/study/user/dao
[ main:14997 ] org.apache.ibatis.io.DefaultVFS.findJarForResource(DefaultVFS.java:222) Find JAR URL: file:/D:/webWorkspace/LYQstudyweb/target/classes/com/study/user/dao/RightsMapper.class
[ main:14997 ] org.apache.ibatis.io.DefaultVFS.findJarForResource(DefaultVFS.java:248) Not a JAR: file:/D:/webWorkspace/LYQstudyweb/target/classes/com/study/user/dao/RightsMapper.class
[ main:14998 ] org.apache.ibatis.io.DefaultVFS.list(DefaultVFS.java:102) Reader entry: ����&amp;#0;&amp;#0;&amp;#0;3&amp;#0;&amp;#16;&amp;#7;&amp;#0;&amp;#14;&amp;#7;&amp;#0;&amp;#15;&amp;#1;&amp;#0;&amp;#18;deleteByPrimaryKey&amp;#1;&amp;#0;&amp;#22;(Ljava/lang/Integer;)I&amp;#1;&amp;#0;&amp;#6;insert&amp;#1;&amp;#0;&amp;#31;(Lcom/study/user/pojo/Rights;)I&amp;#1;&amp;#0;&amp;#15;insertSelective&amp;#1;&amp;#0;&amp;#18;selectByPrimaryKey&amp;#1;&amp;#0;1(Ljava/lang/Integer;)Lcom/study/user/pojo/Rights;&amp;#1;&amp;#0;&amp;#27;updateByPrimaryKeySelective&amp;#1;&amp;#0;&amp;#18;updateByPrimaryKey&amp;#1;&amp;#0;
[ main:14998 ] org.apache.ibatis.io.DefaultVFS.findJarForResource(DefaultVFS.java:222) Find JAR URL: file:/D:/webWorkspace/LYQstudyweb/target/classes/com/study/user/dao/RightsMapper.xml
[ main:14998 ] org.apache.ibatis.io.DefaultVFS.findJarForResource(DefaultVFS.java:248) Not a JAR: file:/D:/webWorkspace/LYQstudyweb/target/classes/com/study/user/dao/RightsMapper.xml
[ main:14999 ] org.apache.ibatis.io.DefaultVFS.list(DefaultVFS.java:102) Reader entry: &lt;?xml version=&quot;1.0&quot; encoding=&quot;UTF-8&quot; ?&gt;
[ main:14999 ] org.apache.ibatis.io.DefaultVFS.findJarForResource(DefaultVFS.java:222) Find JAR URL: file:/D:/webWorkspace/LYQstudyweb/target/classes/com/study/user/dao/RoleMapper.class
[ main:14999 ] org.apache.ibatis.io.DefaultVFS.findJarForResource(DefaultVFS.java:248) Not a JAR: file:/D:/webWorkspace/LYQstudyweb/target/classes/com/study/user/dao/RoleMapper.class
[ main:15000 ] org.apache.ibatis.io.DefaultVFS.list(DefaultVFS.java:102) Reader entry: ����&amp;#0;&amp;#0;&amp;#0;3&amp;#0;&amp;#21;&amp;#7;&amp;#0;&amp;#19;&amp;#7;&amp;#0;&amp;#20;&amp;#1;&amp;#0;&amp;#18;deleteByPrimaryKey&amp;#1;&amp;#0;&amp;#22;(Ljava/lang/Integer;)I&amp;#1;&amp;#0;&amp;#6;insert&amp;#1;&amp;#0;&amp;#29;(Lcom/study/user/pojo/Role;)I&amp;#1;&amp;#0;&amp;#15;insertSelective&amp;#1;&amp;#0;&amp;#18;selectByPrimaryKey&amp;#1;&amp;#0;/(Ljava/lang/Integer;)Lcom/study/user/pojo/Role;&amp;#1;&amp;#0;&amp;#11;listAllRole&amp;#1;&amp;#0;&amp;#18;()Ljava/util/List;&amp;#1;&amp;#0;	Signature&amp;#1;&amp;#0;.()Ljava/util/List&lt;Lcom/study/user/pojo/Role;&gt;;&amp;#1;&amp;#0;&amp;#27;updateByPrimaryKeySelective&amp;#1;&amp;#0;&amp;#18;updateByPrimaryKey&amp;#1;&amp;#0;&amp;#25;queryRoleAndRightByRoleId&amp;#1;&amp;#0;
[ main:15000 ] org.apache.ibatis.io.DefaultVFS.findJarForResource(DefaultVFS.java:222) Find JAR URL: file:/D:/webWorkspace/LYQstudyweb/target/classes/com/study/user/dao/RoleMapper.xml
[ main:15001 ] org.apache.ibatis.io.DefaultVFS.findJarForResource(DefaultVFS.java:248) Not a JAR: file:/D:/webWorkspace/LYQstudyweb/target/classes/com/study/user/dao/RoleMapper.xml
[ main:15001 ] org.apache.ibatis.io.DefaultVFS.list(DefaultVFS.java:102) Reader entry: &lt;?xml version=&quot;1.0&quot; encoding=&quot;UTF-8&quot; ?&gt;
[ main:15002 ] org.apache.ibatis.io.DefaultVFS.findJarForResource(DefaultVFS.java:222) Find JAR URL: file:/D:/webWorkspace/LYQstudyweb/target/classes/com/study/user/dao/RoleRightsMapper.class
[ main:15002 ] org.apache.ibatis.io.DefaultVFS.findJarForResource(DefaultVFS.java:248) Not a JAR: file:/D:/webWorkspace/LYQstudyweb/target/classes/com/study/user/dao/RoleRightsMapper.class
[ main:15002 ] org.apache.ibatis.io.DefaultVFS.list(DefaultVFS.java:102) Reader entry: ����&amp;#0;&amp;#0;&amp;#0;3&amp;#0;&amp;#11;&amp;#7;&amp;#0;	&amp;#7;&amp;#0;
[ main:15003 ] org.apache.ibatis.io.DefaultVFS.findJarForResource(DefaultVFS.java:222) Find JAR URL: file:/D:/webWorkspace/LYQstudyweb/target/classes/com/study/user/dao/RoleRightsMapper.xml
[ main:15003 ] org.apache.ibatis.io.DefaultVFS.findJarForResource(DefaultVFS.java:248) Not a JAR: file:/D:/webWorkspace/LYQstudyweb/target/classes/com/study/user/dao/RoleRightsMapper.xml
[ main:15003 ] org.apache.ibatis.io.DefaultVFS.list(DefaultVFS.java:102) Reader entry: &lt;?xml version=&quot;1.0&quot; encoding=&quot;UTF-8&quot; ?&gt;
[ main:15004 ] org.apache.ibatis.io.DefaultVFS.findJarForResource(DefaultVFS.java:222) Find JAR URL: file:/D:/webWorkspace/LYQstudyweb/target/classes/com/study/user/dao/TeacherMapper.class
[ main:15004 ] org.apache.ibatis.io.DefaultVFS.findJarForResource(DefaultVFS.java:248) Not a JAR: file:/D:/webWorkspace/LYQstudyweb/target/classes/com/study/user/dao/TeacherMapper.class
[ main:15005 ] org.apache.ibatis.io.DefaultVFS.list(DefaultVFS.java:102) Reader entry: ����&amp;#0;&amp;#0;&amp;#0;3&amp;#0;&amp;#22;&amp;#7;&amp;#0;&amp;#20;&amp;#7;&amp;#0;&amp;#21;&amp;#1;&amp;#0;&amp;#18;deleteByPrimaryKey&amp;#1;&amp;#0;&amp;#22;(Ljava/lang/Integer;)I&amp;#1;&amp;#0;&amp;#6;insert&amp;#1;&amp;#0; (Lcom/study/user/pojo/Teacher;)I&amp;#1;&amp;#0;&amp;#15;insertSelective&amp;#1;&amp;#0;&amp;#18;selectByPrimaryKey&amp;#1;&amp;#0;2(Ljava/lang/Integer;)Lcom/study/user/pojo/Teacher;&amp;#1;&amp;#0;&amp;#14;listAllTeacher&amp;#1;&amp;#0;&amp;#18;()Ljava/util/List;&amp;#1;&amp;#0;	Signature&amp;#1;&amp;#0;1()Ljava/util/List&lt;Lcom/study/user/pojo/Teacher;&gt;;&amp;#1;&amp;#0;&amp;#21;selectByTchNameAndPwd&amp;#1;&amp;#0;&lt;(Lcom/study/user/pojo/Teacher;)Lcom/study/user/pojo/Teacher;&amp;#1;&amp;#0;&amp;#27;updateByPrimaryKeySelective&amp;#1;&amp;#0;&amp;#18;updateByPrimaryKey&amp;#1;&amp;#0;
[ main:15005 ] org.apache.ibatis.io.DefaultVFS.findJarForResource(DefaultVFS.java:222) Find JAR URL: file:/D:/webWorkspace/LYQstudyweb/target/classes/com/study/user/dao/TeacherMapper.xml
[ main:15005 ] org.apache.ibatis.io.DefaultVFS.findJarForResource(DefaultVFS.java:248) Not a JAR: file:/D:/webWorkspace/LYQstudyweb/target/classes/com/study/user/dao/TeacherMapper.xml
[ main:15006 ] org.apache.ibatis.io.DefaultVFS.list(DefaultVFS.java:102) Reader entry: &lt;?xml version=&quot;1.0&quot; encoding=&quot;UTF-8&quot; ?&gt;
[ main:15006 ] org.apache.ibatis.io.DefaultVFS.findJarForResource(DefaultVFS.java:222) Find JAR URL: file:/D:/webWorkspace/LYQstudyweb/target/classes/com/study/user/pojo
[ main:15006 ] org.apache.ibatis.io.DefaultVFS.findJarForResource(DefaultVFS.java:248) Not a JAR: file:/D:/webWorkspace/LYQstudyweb/target/classes/com/study/user/pojo
[ main:15007 ] org.apache.ibatis.io.DefaultVFS.list(DefaultVFS.java:102) Reader entry: Rights.class
[ main:15007 ] org.apache.ibatis.io.DefaultVFS.list(DefaultVFS.java:102) Reader entry: Role.class
[ main:15007 ] org.apache.ibatis.io.DefaultVFS.list(DefaultVFS.java:102) Reader entry: RoleRightsKey.class
[ main:15008 ] org.apache.ibatis.io.DefaultVFS.list(DefaultVFS.java:102) Reader entry: Teacher.class
[ main:15008 ] org.apache.ibatis.io.DefaultVFS.list(DefaultVFS.java:113) Listing file:/D:/webWorkspace/LYQstudyweb/target/classes/com/study/user/pojo
[ main:15008 ] org.apache.ibatis.io.DefaultVFS.findJarForResource(DefaultVFS.java:222) Find JAR URL: file:/D:/webWorkspace/LYQstudyweb/target/classes/com/study/user/pojo/Rights.class
[ main:15009 ] org.apache.ibatis.io.DefaultVFS.findJarForResource(DefaultVFS.java:248) Not a JAR: file:/D:/webWorkspace/LYQstudyweb/target/classes/com/study/user/pojo/Rights.class
[ main:15009 ] org.apache.ibatis.io.DefaultVFS.list(DefaultVFS.java:102) Reader entry: ����&amp;#0;&amp;#0;&amp;#0;3&amp;#0;V
[ main:15009 ] org.apache.ibatis.io.DefaultVFS.findJarForResource(DefaultVFS.java:222) Find JAR URL: file:/D:/webWorkspace/LYQstudyweb/target/classes/com/study/user/pojo/Role.class
[ main:15010 ] org.apache.ibatis.io.DefaultVFS.findJarForResource(DefaultVFS.java:248) Not a JAR: file:/D:/webWorkspace/LYQstudyweb/target/classes/com/study/user/pojo/Role.class
[ main:15010 ] org.apache.ibatis.io.DefaultVFS.list(DefaultVFS.java:102) Reader entry: ����&amp;#0;&amp;#0;&amp;#0;3&amp;#0;N
[ main:15010 ] org.apache.ibatis.io.DefaultVFS.findJarForResource(DefaultVFS.java:222) Find JAR URL: file:/D:/webWorkspace/LYQstudyweb/target/classes/com/study/user/pojo/RoleRightsKey.class
[ main:15011 ] org.apache.ibatis.io.DefaultVFS.findJarForResource(DefaultVFS.java:248) Not a JAR: file:/D:/webWorkspace/LYQstudyweb/target/classes/com/study/user/pojo/RoleRightsKey.class
[ main:15011 ] org.apache.ibatis.io.DefaultVFS.list(DefaultVFS.java:102) Reader entry: ����&amp;#0;&amp;#0;&amp;#0;3&amp;#0;&amp;#29;
[ main:15011 ] org.apache.ibatis.io.DefaultVFS.findJarForResource(DefaultVFS.java:222) Find JAR URL: file:/D:/webWorkspace/LYQstudyweb/target/classes/com/study/user/pojo/Teacher.class
[ main:15012 ] org.apache.ibatis.io.DefaultVFS.findJarForResource(DefaultVFS.java:248) Not a JAR: file:/D:/webWorkspace/LYQstudyweb/target/classes/com/study/user/pojo/Teacher.class
[ main:15012 ] org.apache.ibatis.io.DefaultVFS.list(DefaultVFS.java:102) Reader entry: ����&amp;#0;&amp;#0;&amp;#0;3&amp;#0;W
[ main:15013 ] org.apache.ibatis.io.DefaultVFS.findJarForResource(DefaultVFS.java:222) Find JAR URL: file:/D:/webWorkspace/LYQstudyweb/target/classes/com/study/user/service
[ main:15013 ] org.apache.ibatis.io.DefaultVFS.findJarForResource(DefaultVFS.java:248) Not a JAR: file:/D:/webWorkspace/LYQstudyweb/target/classes/com/study/user/service
[ main:15013 ] org.apache.ibatis.io.DefaultVFS.list(DefaultVFS.java:102) Reader entry: IUserService.class
[ main:15014 ] org.apache.ibatis.io.DefaultVFS.list(DefaultVFS.java:102) Reader entry: UserServiceImpl.class
[ main:15014 ] org.apache.ibatis.io.DefaultVFS.list(DefaultVFS.java:113) Listing file:/D:/webWorkspace/LYQstudyweb/target/classes/com/study/user/service
[ main:15014 ] org.apache.ibatis.io.DefaultVFS.findJarForResource(DefaultVFS.java:222) Find JAR URL: file:/D:/webWorkspace/LYQstudyweb/target/classes/com/study/user/service/IUserService.class
[ main:15014 ] org.apache.ibatis.io.DefaultVFS.findJarForResource(DefaultVFS.java:248) Not a JAR: file:/D:/webWorkspace/LYQstudyweb/target/classes/com/study/user/service/IUserService.class
[ main:15015 ] org.apache.ibatis.io.DefaultVFS.list(DefaultVFS.java:102) Reader entry: ����&amp;#0;&amp;#0;&amp;#0;3&amp;#0;&amp;#27;&amp;#7;&amp;#0;&amp;#25;&amp;#7;&amp;#0;&amp;#26;&amp;#1;&amp;#0;&amp;#20;loginByTchNameAndPwd&amp;#1;&amp;#0;&lt;(Lcom/study/user/pojo/Teacher;)Lcom/study/user/pojo/Teacher;&amp;#1;&amp;#0;&amp;#11;listAllRole&amp;#1;&amp;#0;&amp;#18;()Ljava/util/List;&amp;#1;&amp;#0;	Signature&amp;#1;&amp;#0;.()Ljava/util/List&lt;Lcom/study/user/pojo/Role;&gt;;&amp;#1;&amp;#0;&amp;#14;listAllTeacher&amp;#1;&amp;#0;1()Ljava/util/List&lt;Lcom/study/user/pojo/Teacher;&gt;;&amp;#1;&amp;#0;&amp;#25;queryRoleAndRightByRoleId&amp;#1;&amp;#0;/(Ljava/lang/Integer;)Lcom/study/user/pojo/Role;&amp;#1;&amp;#0;&amp;#14;selectRoleById&amp;#1;&amp;#0;&amp;#16;modifyRoleRights&amp;#1;&amp;#0;&amp;(Ljava/lang/Integer;Ljava/util/List;)V&amp;#1;&amp;#0;;(Ljava/lang/Integer;Ljava/util/List&lt;Ljava/lang/Integer;&gt;;)V&amp;#1;&amp;#0;
[ main:15015 ] org.apache.ibatis.io.DefaultVFS.findJarForResource(DefaultVFS.java:222) Find JAR URL: file:/D:/webWorkspace/LYQstudyweb/target/classes/com/study/user/service/UserServiceImpl.class
[ main:15015 ] org.apache.ibatis.io.DefaultVFS.findJarForResource(DefaultVFS.java:248) Not a JAR: file:/D:/webWorkspace/LYQstudyweb/target/classes/com/study/user/service/UserServiceImpl.class
[ main:15016 ] org.apache.ibatis.io.DefaultVFS.list(DefaultVFS.java:102) Reader entry: ����&amp;#0;&amp;#0;&amp;#0;3&amp;#0;?
[ main:15016 ] org.apache.ibatis.io.DefaultVFS.findJarForResource(DefaultVFS.java:222) Find JAR URL: file:/D:/webWorkspace/LYQstudyweb/target/classes/com/study/user/web
[ main:15017 ] org.apache.ibatis.io.DefaultVFS.findJarForResource(DefaultVFS.java:248) Not a JAR: file:/D:/webWorkspace/LYQstudyweb/target/classes/com/study/user/web
[ main:15017 ] org.apache.ibatis.io.DefaultVFS.list(DefaultVFS.java:102) Reader entry: UserController.class
[ main:15017 ] org.apache.ibatis.io.DefaultVFS.list(DefaultVFS.java:113) Listing file:/D:/webWorkspace/LYQstudyweb/target/classes/com/study/user/web
[ main:15018 ] org.apache.ibatis.io.DefaultVFS.findJarForResource(DefaultVFS.java:222) Find JAR URL: file:/D:/webWorkspace/LYQstudyweb/target/classes/com/study/user/web/UserController.class
[ main:15018 ] org.apache.ibatis.io.DefaultVFS.findJarForResource(DefaultVFS.java:248) Not a JAR: file:/D:/webWorkspace/LYQstudyweb/target/classes/com/study/user/web/UserController.class
[ main:15018 ] org.apache.ibatis.io.DefaultVFS.list(DefaultVFS.java:102) Reader entry: ����&amp;#0;&amp;#0;&amp;#0;3&amp;#0;?
[ main:15019 ] org.apache.ibatis.io.ResolverUtil.addIfMatching(ResolverUtil.java:256) Checking to see if class com.study.basic.dao.ClsRoomMapperTest matches criteria [is assignable to Object]
[ main:15019 ] org.apache.ibatis.io.ResolverUtil.addIfMatching(ResolverUtil.java:256) Checking to see if class com.study.basic.dao.UserInfoMapperTest matches criteria [is assignable to Object]
[ main:15019 ] org.apache.ibatis.io.ResolverUtil.addIfMatching(ResolverUtil.java:256) Checking to see if class com.study.basic.service.BasicServiceTest matches criteria [is assignable to Object]
[ main:15019 ] org.apache.ibatis.io.ResolverUtil.addIfMatching(ResolverUtil.java:256) Checking to see if class com.study.user.dao.RoleMapperTest matches criteria [is assignable to Object]
[ main:15019 ] org.apache.ibatis.io.ResolverUtil.addIfMatching(ResolverUtil.java:256) Checking to see if class com.study.user.dao.RoleRightsMapperTest matches criteria [is assignable to Object]
[ main:15020 ] org.apache.ibatis.io.ResolverUtil.addIfMatching(ResolverUtil.java:256) Checking to see if class com.study.user.dao.TeacherMapperTest matches criteria [is assignable to Object]
[ main:15020 ] org.apache.ibatis.io.ResolverUtil.addIfMatching(ResolverUtil.java:256) Checking to see if class com.study.user.service.UserServiceImplTest matches criteria [is assignable to Object]
[ main:15020 ] org.apache.ibatis.io.ResolverUtil.addIfMatching(ResolverUtil.java:256) Checking to see if class com.study.basic.dao.ClsMapper matches criteria [is assignable to Object]
[ main:15020 ] org.apache.ibatis.io.ResolverUtil.addIfMatching(ResolverUtil.java:256) Checking to see if class com.study.basic.dao.ClsRoomMapper matches criteria [is assignable to Object]
[ main:15020 ] org.apache.ibatis.io.ResolverUtil.addIfMatching(ResolverUtil.java:256) Checking to see if class com.study.basic.dao.UserInfoMapper matches criteria [is assignable to Object]
[ main:15020 ] org.apache.ibatis.io.ResolverUtil.addIfMatching(ResolverUtil.java:256) Checking to see if class com.study.basic.pojo.Cls matches criteria [is assignable to Object]
[ main:15021 ] org.apache.ibatis.io.ResolverUtil.addIfMatching(ResolverUtil.java:256) Checking to see if class com.study.basic.pojo.ClsRoom matches criteria [is assignable to Object]
[ main:15021 ] org.apache.ibatis.io.ResolverUtil.addIfMatching(ResolverUtil.java:256) Checking to see if class com.study.basic.pojo.UserInfo matches criteria [is assignable to Object]
[ main:15021 ] org.apache.ibatis.io.ResolverUtil.addIfMatching(ResolverUtil.java:256) Checking to see if class com.study.basic.service.BasicServiceImpl matches criteria [is assignable to Object]
[ main:15021 ] org.apache.ibatis.io.ResolverUtil.addIfMatching(ResolverUtil.java:256) Checking to see if class com.study.basic.service.IBasicService matches criteria [is assignable to Object]
[ main:15021 ] org.apache.ibatis.io.ResolverUtil.addIfMatching(ResolverUtil.java:256) Checking to see if class com.study.basic.vo.UserVO matches criteria [is assignable to Object]
[ main:15022 ] org.apache.ibatis.io.ResolverUtil.addIfMatching(ResolverUtil.java:256) Checking to see if class com.study.basic.web.ClsController matches criteria [is assignable to Object]
[ main:15022 ] org.apache.ibatis.io.ResolverUtil.addIfMatching(ResolverUtil.java:256) Checking to see if class com.study.basic.web.ClsRoomController matches criteria [is assignable to Object]
[ main:15022 ] org.apache.ibatis.io.ResolverUtil.addIfMatching(ResolverUtil.java:256) Checking to see if class com.study.basic.web.UserInfoController matches criteria [is assignable to Object]
[ main:15022 ] org.apache.ibatis.io.ResolverUtil.addIfMatching(ResolverUtil.java:256) Checking to see if class com.study.charts.dao.VoteHistoryMapper matches criteria [is assignable to Object]
[ main:15022 ] org.apache.ibatis.io.ResolverUtil.addIfMatching(ResolverUtil.java:256) Checking to see if class com.study.charts.pojo.VoteHistory matches criteria [is assignable to Object]
[ main:15022 ] org.apache.ibatis.io.ResolverUtil.addIfMatching(ResolverUtil.java:256) Checking to see if class com.study.common.page.PageInfo matches criteria [is assignable to Object]
[ main:15023 ] org.apache.ibatis.io.ResolverUtil.addIfMatching(ResolverUtil.java:256) Checking to see if class com.study.common.page.PageInterceptor matches criteria [is assignable to Object]
[ main:15023 ] org.apache.ibatis.io.ResolverUtil.addIfMatching(ResolverUtil.java:256) Checking to see if class com.study.common.page.PageTools matches criteria [is assignable to Object]
[ main:15023 ] org.apache.ibatis.io.ResolverUtil.addIfMatching(ResolverUtil.java:256) Checking to see if class com.study.common.util.MD5 matches criteria [is assignable to Object]
[ main:15023 ] org.apache.ibatis.io.ResolverUtil.addIfMatching(ResolverUtil.java:256) Checking to see if class com.study.question.dao.AnswerMapper matches criteria [is assignable to Object]
[ main:15023 ] org.apache.ibatis.io.ResolverUtil.addIfMatching(ResolverUtil.java:256) Checking to see if class com.study.question.dao.QuestionMapper matches criteria [is assignable to Object]
[ main:15023 ] org.apache.ibatis.io.ResolverUtil.addIfMatching(ResolverUtil.java:256) Checking to see if class com.study.question.dao.QuestionTypeMapper matches criteria [is assignable to Object]
[ main:15023 ] org.apache.ibatis.io.ResolverUtil.addIfMatching(ResolverUtil.java:256) Checking to see if class com.study.question.pojo.Answer matches criteria [is assignable to Object]
[ main:15024 ] org.apache.ibatis.io.ResolverUtil.addIfMatching(ResolverUtil.java:256) Checking to see if class com.study.question.pojo.Question matches criteria [is assignable to Object]
[ main:15024 ] org.apache.ibatis.io.ResolverUtil.addIfMatching(ResolverUtil.java:256) Checking to see if class com.study.question.pojo.QuestionType matches criteria [is assignable to Object]
[ main:15024 ] org.apache.ibatis.io.ResolverUtil.addIfMatching(ResolverUtil.java:256) Checking to see if class com.study.user.dao.RightsMapper matches criteria [is assignable to Object]
[ main:15024 ] org.apache.ibatis.io.ResolverUtil.addIfMatching(ResolverUtil.java:256) Checking to see if class com.study.user.dao.RoleMapper matches criteria [is assignable to Object]
[ main:15024 ] org.apache.ibatis.io.ResolverUtil.addIfMatching(ResolverUtil.java:256) Checking to see if class com.study.user.dao.RoleRightsMapper matches criteria [is assignable to Object]
[ main:15025 ] org.apache.ibatis.io.ResolverUtil.addIfMatching(ResolverUtil.java:256) Checking to see if class com.study.user.dao.TeacherMapper matches criteria [is assignable to Object]
[ main:15025 ] org.apache.ibatis.io.ResolverUtil.addIfMatching(ResolverUtil.java:256) Checking to see if class com.study.user.pojo.Rights matches criteria [is assignable to Object]
[ main:15025 ] org.apache.ibatis.io.ResolverUtil.addIfMatching(ResolverUtil.java:256) Checking to see if class com.study.user.pojo.Role matches criteria [is assignable to Object]
[ main:15025 ] org.apache.ibatis.io.ResolverUtil.addIfMatching(ResolverUtil.java:256) Checking to see if class com.study.user.pojo.RoleRightsKey matches criteria [is assignable to Object]
[ main:15025 ] org.apache.ibatis.io.ResolverUtil.addIfMatching(ResolverUtil.java:256) Checking to see if class com.study.user.pojo.Teacher matches criteria [is assignable to Object]
[ main:15025 ] org.apache.ibatis.io.ResolverUtil.addIfMatching(ResolverUtil.java:256) Checking to see if class com.study.user.service.IUserService matches criteria [is assignable to Object]
[ main:15026 ] org.apache.ibatis.io.ResolverUtil.addIfMatching(ResolverUtil.java:256) Checking to see if class com.study.user.service.UserServiceImpl matches criteria [is assignable to Object]
[ main:15026 ] org.apache.ibatis.io.ResolverUtil.addIfMatching(ResolverUtil.java:256) Checking to see if class com.study.user.web.UserController matches criteria [is assignable to Object]
[ main:15027 ] org.mybatis.spring.SqlSessionFactoryBean.buildSqlSessionFactory(SqlSessionFactoryBean.java:496) Parsed configuration file: &apos;class path resource [SqlMapConfig.xml]&apos;
[ main:15027 ] org.mybatis.spring.SqlSessionFactoryBean.buildSqlSessionFactory(SqlSessionFactoryBean.java:533) Property &apos;mapperLocations&apos; was not specified or no matching resources found
[ main:15027 ] org.springframework.beans.factory.support.AbstractBeanFactory.doGetBean(AbstractBeanFactory.java:251) Returning cached instance of singleton bean &apos;org.springframework.transaction.config.internalTransactionAdvisor&apos;
[ main:15027 ] org.springframework.beans.factory.support.AbstractAutowireCapableBeanFactory.createBean(AbstractAutowireCapableBeanFactory.java:484) Finished creating instance of bean &apos;sqlSessionFactory&apos;
[ main:15027 ] org.springframework.beans.factory.support.AbstractBeanFactory.doGetBean(AbstractBeanFactory.java:251) Returning cached instance of singleton bean &apos;org.springframework.transaction.config.internalTransactionAdvisor&apos;
[ main:15028 ] org.springframework.beans.factory.support.AbstractAutowireCapableBeanFactory.invokeInitMethods(AbstractAutowireCapableBeanFactory.java:1620) Invoking afterPropertiesSet() on bean with name &apos;clsRoomMapper&apos;
[ main:15032 ] org.springframework.beans.factory.support.AbstractBeanFactory.doGetBean(AbstractBeanFactory.java:251) Returning cached instance of singleton bean &apos;org.springframework.transaction.config.internalTransactionAdvisor&apos;
[ main:15032 ] org.springframework.beans.factory.support.AbstractAutowireCapableBeanFactory.createBean(AbstractAutowireCapableBeanFactory.java:484) Finished creating instance of bean &apos;clsRoomMapper&apos;
[ main:15032 ] org.springframework.beans.factory.support.AbstractBeanFactory.doGetBean(AbstractBeanFactory.java:251) Returning cached instance of singleton bean &apos;org.springframework.transaction.config.internalTransactionAdvisor&apos;
[ main:15033 ] org.springframework.beans.factory.annotation.AutowiredAnnotationBeanPostProcessor.registerDependentBeans(AutowiredAnnotationBeanPostProcessor.java:516) Autowiring by type from bean name &apos;basicServiceImpl&apos; to bean named &apos;clsRoomMapper&apos;
[ main:15033 ] org.springframework.beans.factory.annotation.InjectionMetadata.inject(InjectionMetadata.java:86) Processing injected element of bean &apos;basicServiceImpl&apos;: AutowiredFieldElement for private com.study.basic.dao.UserInfoMapper com.study.basic.service.BasicServiceImpl.userInfoMapper
[ main:15033 ] org.springframework.beans.factory.support.DefaultSingletonBeanRegistry.getSingleton(DefaultSingletonBeanRegistry.java:221) Creating shared instance of singleton bean &apos;userInfoMapper&apos;
[ main:15033 ] org.springframework.beans.factory.support.AbstractAutowireCapableBeanFactory.createBean(AbstractAutowireCapableBeanFactory.java:448) Creating instance of bean &apos;userInfoMapper&apos;
[ main:15034 ] org.springframework.beans.factory.support.AbstractAutowireCapableBeanFactory.doCreateBean(AbstractAutowireCapableBeanFactory.java:529) Eagerly caching bean &apos;userInfoMapper&apos; to allow for resolving potential circular references
[ main:15034 ] org.springframework.beans.factory.support.AbstractBeanFactory.doGetBean(AbstractBeanFactory.java:251) Returning cached instance of singleton bean &apos;sqlSessionFactory&apos;
[ main:15034 ] org.springframework.beans.factory.support.AbstractAutowireCapableBeanFactory.invokeInitMethods(AbstractAutowireCapableBeanFactory.java:1620) Invoking afterPropertiesSet() on bean with name &apos;userInfoMapper&apos;
[ main:15039 ] org.springframework.beans.factory.support.AbstractBeanFactory.doGetBean(AbstractBeanFactory.java:251) Returning cached instance of singleton bean &apos;org.springframework.transaction.config.internalTransactionAdvisor&apos;
[ main:15040 ] org.springframework.beans.factory.support.AbstractAutowireCapableBeanFactory.createBean(AbstractAutowireCapableBeanFactory.java:484) Finished creating instance of bean &apos;userInfoMapper&apos;
[ main:15040 ] org.springframework.beans.factory.support.AbstractBeanFactory.doGetBean(AbstractBeanFactory.java:251) Returning cached instance of singleton bean &apos;org.springframework.transaction.config.internalTransactionAdvisor&apos;
[ main:15040 ] org.springframework.beans.factory.annotation.AutowiredAnnotationBeanPostProcessor.registerDependentBeans(AutowiredAnnotationBeanPostProcessor.java:516) Autowiring by type from bean name &apos;basicServiceImpl&apos; to bean named &apos;userInfoMapper&apos;
[ main:15040 ] org.springframework.beans.factory.annotation.InjectionMetadata.inject(InjectionMetadata.java:86) Processing injected element of bean &apos;basicServiceImpl&apos;: AutowiredFieldElement for private com.study.basic.dao.ClsMapper com.study.basic.service.BasicServiceImpl.clsMapper
[ main:15041 ] org.springframework.beans.factory.support.DefaultSingletonBeanRegistry.getSingleton(DefaultSingletonBeanRegistry.java:221) Creating shared instance of singleton bean &apos;clsMapper&apos;
[ main:15041 ] org.springframework.beans.factory.support.AbstractAutowireCapableBeanFactory.createBean(AbstractAutowireCapableBeanFactory.java:448) Creating instance of bean &apos;clsMapper&apos;
[ main:15041 ] org.springframework.beans.factory.support.AbstractAutowireCapableBeanFactory.doCreateBean(AbstractAutowireCapableBeanFactory.java:529) Eagerly caching bean &apos;clsMapper&apos; to allow for resolving potential circular references
[ main:15041 ] org.springframework.beans.factory.support.AbstractBeanFactory.doGetBean(AbstractBeanFactory.java:251) Returning cached instance of singleton bean &apos;sqlSessionFactory&apos;
[ main:15041 ] org.springframework.beans.factory.support.AbstractAutowireCapableBeanFactory.invokeInitMethods(AbstractAutowireCapableBeanFactory.java:1620) Invoking afterPropertiesSet() on bean with name &apos;clsMapper&apos;
[ main:15051 ] org.springframework.beans.factory.support.AbstractBeanFactory.doGetBean(AbstractBeanFactory.java:251) Returning cached instance of singleton bean &apos;org.springframework.transaction.config.internalTransactionAdvisor&apos;
[ main:15051 ] org.springframework.beans.factory.support.AbstractAutowireCapableBeanFactory.createBean(AbstractAutowireCapableBeanFactory.java:484) Finished creating instance of bean &apos;clsMapper&apos;
[ main:15052 ] org.springframework.beans.factory.support.AbstractBeanFactory.doGetBean(AbstractBeanFactory.java:251) Returning cached instance of singleton bean &apos;org.springframework.transaction.config.internalTransactionAdvisor&apos;
[ main:15052 ] org.springframework.beans.factory.annotation.AutowiredAnnotationBeanPostProcessor.registerDependentBeans(AutowiredAnnotationBeanPostProcessor.java:516) Autowiring by type from bean name &apos;basicServiceImpl&apos; to bean named &apos;clsMapper&apos;
[ main:15052 ] org.springframework.beans.factory.support.AbstractBeanFactory.doGetBean(AbstractBeanFactory.java:251) Returning cached instance of singleton bean &apos;org.springframework.transaction.config.internalTransactionAdvisor&apos;
[ main:15053 ] org.springframework.transaction.interceptor.AbstractFallbackTransactionAttributeSource.getTransactionAttribute(AbstractFallbackTransactionAttributeSource.java:108) Adding transactional method &apos;BasicServiceImpl.listAllClsRoom&apos; with attribute: PROPAGATION_SUPPORTS,ISOLATION_DEFAULT,readOnly; &apos;&apos;
[ main:15053 ] org.springframework.aop.framework.autoproxy.AbstractAutoProxyCreator.buildAdvisors(AbstractAutoProxyCreator.java:528) Creating implicit proxy for bean &apos;basicServiceImpl&apos; with 0 common interceptors and 1 specific interceptors
[ main:15053 ] org.springframework.aop.framework.JdkDynamicAopProxy.getProxy(JdkDynamicAopProxy.java:118) Creating JDK dynamic proxy: target source is SingletonTargetSource for target object [com.study.basic.service.BasicServiceImpl@76c387f9]
[ main:15053 ] org.springframework.beans.factory.support.AbstractAutowireCapableBeanFactory.createBean(AbstractAutowireCapableBeanFactory.java:484) Finished creating instance of bean &apos;basicServiceImpl&apos;
[ main:15053 ] org.springframework.beans.factory.support.DefaultSingletonBeanRegistry.getSingleton(DefaultSingletonBeanRegistry.java:221) Creating shared instance of singleton bean &apos;clsController&apos;
[ main:15053 ] org.springframework.beans.factory.support.AbstractAutowireCapableBeanFactory.createBean(AbstractAutowireCapableBeanFactory.java:448) Creating instance of bean &apos;clsController&apos;
[ main:15054 ] org.springframework.beans.factory.annotation.InjectionMetadata.checkConfigMembers(InjectionMetadata.java:72) Registered injected element on class [com.study.basic.web.ClsController]: AutowiredFieldElement for private com.study.basic.service.IBasicService com.study.basic.web.ClsController.basicService
[ main:15054 ] org.springframework.beans.factory.annotation.InjectionMetadata.checkConfigMembers(InjectionMetadata.java:72) Registered injected element on class [com.study.basic.web.ClsController]: AutowiredFieldElement for private com.study.user.service.IUserService com.study.basic.web.ClsController.userService
[ main:15054 ] org.springframework.beans.factory.support.AbstractAutowireCapableBeanFactory.doCreateBean(AbstractAutowireCapableBeanFactory.java:529) Eagerly caching bean &apos;clsController&apos; to allow for resolving potential circular references
[ main:15054 ] org.springframework.beans.CachedIntrospectionResults.&lt;init&gt;(CachedIntrospectionResults.java:265) Getting BeanInfo for class [com.study.basic.web.ClsController]
[ main:15054 ] org.springframework.beans.CachedIntrospectionResults.&lt;init&gt;(CachedIntrospectionResults.java:284) Caching PropertyDescriptors for class [com.study.basic.web.ClsController]
[ main:15054 ] org.springframework.beans.CachedIntrospectionResults.&lt;init&gt;(CachedIntrospectionResults.java:297) Found bean property &apos;class&apos; of type [java.lang.Class]
[ main:15055 ] org.springframework.beans.factory.annotation.InjectionMetadata.inject(InjectionMetadata.java:86) Processing injected element of bean &apos;clsController&apos;: AutowiredFieldElement for private com.study.basic.service.IBasicService com.study.basic.web.ClsController.basicService
[ main:15056 ] org.springframework.beans.factory.support.AbstractBeanFactory.doGetBean(AbstractBeanFactory.java:251) Returning cached instance of singleton bean &apos;basicServiceImpl&apos;
[ main:15056 ] org.springframework.beans.factory.annotation.AutowiredAnnotationBeanPostProcessor.registerDependentBeans(AutowiredAnnotationBeanPostProcessor.java:516) Autowiring by type from bean name &apos;clsController&apos; to bean named &apos;basicServiceImpl&apos;
[ main:15056 ] org.springframework.beans.factory.annotation.InjectionMetadata.inject(InjectionMetadata.java:86) Processing injected element of bean &apos;clsController&apos;: AutowiredFieldElement for private com.study.user.service.IUserService com.study.basic.web.ClsController.userService
[ main:15057 ] org.springframework.beans.factory.support.DefaultSingletonBeanRegistry.getSingleton(DefaultSingletonBeanRegistry.java:221) Creating shared instance of singleton bean &apos;userServiceImpl&apos;
[ main:15057 ] org.springframework.beans.factory.support.AbstractAutowireCapableBeanFactory.createBean(AbstractAutowireCapableBeanFactory.java:448) Creating instance of bean &apos;userServiceImpl&apos;
[ main:15057 ] org.springframework.beans.factory.annotation.InjectionMetadata.checkConfigMembers(InjectionMetadata.java:72) Registered injected element on class [com.study.user.service.UserServiceImpl]: AutowiredFieldElement for private com.study.user.dao.TeacherMapper com.study.user.service.UserServiceImpl.teacherMapper
[ main:15057 ] org.springframework.beans.factory.annotation.InjectionMetadata.checkConfigMembers(InjectionMetadata.java:72) Registered injected element on class [com.study.user.service.UserServiceImpl]: AutowiredFieldElement for private com.study.user.dao.RoleMapper com.study.user.service.UserServiceImpl.roleMapper
[ main:15057 ] org.springframework.beans.factory.annotation.InjectionMetadata.checkConfigMembers(InjectionMetadata.java:72) Registered injected element on class [com.study.user.service.UserServiceImpl]: AutowiredFieldElement for private com.study.user.dao.RoleRightsMapper com.study.user.service.UserServiceImpl.roleRightsMapper
[ main:15058 ] org.springframework.beans.factory.support.AbstractAutowireCapableBeanFactory.doCreateBean(AbstractAutowireCapableBeanFactory.java:529) Eagerly caching bean &apos;userServiceImpl&apos; to allow for resolving potential circular references
[ main:15058 ] org.springframework.beans.CachedIntrospectionResults.&lt;init&gt;(CachedIntrospectionResults.java:265) Getting BeanInfo for class [com.study.user.service.UserServiceImpl]
[ main:15058 ] org.springframework.beans.CachedIntrospectionResults.&lt;init&gt;(CachedIntrospectionResults.java:284) Caching PropertyDescriptors for class [com.study.user.service.UserServiceImpl]
[ main:15058 ] org.springframework.beans.CachedIntrospectionResults.&lt;init&gt;(CachedIntrospectionResults.java:297) Found bean property &apos;class&apos; of type [java.lang.Class]
[ main:15059 ] org.springframework.beans.factory.annotation.InjectionMetadata.inject(InjectionMetadata.java:86) Processing injected element of bean &apos;userServiceImpl&apos;: AutowiredFieldElement for private com.study.user.dao.TeacherMapper com.study.user.service.UserServiceImpl.teacherMapper
[ main:15059 ] org.springframework.beans.factory.support.DefaultSingletonBeanRegistry.getSingleton(DefaultSingletonBeanRegistry.java:221) Creating shared instance of singleton bean &apos;teacherMapper&apos;
[ main:15059 ] org.springframework.beans.factory.support.AbstractAutowireCapableBeanFactory.createBean(AbstractAutowireCapableBeanFactory.java:448) Creating instance of bean &apos;teacherMapper&apos;
[ main:15059 ] org.springframework.beans.factory.support.AbstractAutowireCapableBeanFactory.doCreateBean(AbstractAutowireCapableBeanFactory.java:529) Eagerly caching bean &apos;teacherMapper&apos; to allow for resolving potential circular references
[ main:15060 ] org.springframework.beans.factory.support.AbstractBeanFactory.doGetBean(AbstractBeanFactory.java:251) Returning cached instance of singleton bean &apos;sqlSessionFactory&apos;
[ main:15060 ] org.springframework.beans.factory.support.AbstractAutowireCapableBeanFactory.invokeInitMethods(AbstractAutowireCapableBeanFactory.java:1620) Invoking afterPropertiesSet() on bean with name &apos;teacherMapper&apos;
[ main:15065 ] org.springframework.beans.factory.support.AbstractBeanFactory.doGetBean(AbstractBeanFactory.java:251) Returning cached instance of singleton bean &apos;org.springframework.transaction.config.internalTransactionAdvisor&apos;
[ main:15065 ] org.springframework.beans.factory.support.AbstractAutowireCapableBeanFactory.createBean(AbstractAutowireCapableBeanFactory.java:484) Finished creating instance of bean &apos;teacherMapper&apos;
[ main:15065 ] org.springframework.beans.factory.support.AbstractBeanFactory.doGetBean(AbstractBeanFactory.java:251) Returning cached instance of singleton bean &apos;org.springframework.transaction.config.internalTransactionAdvisor&apos;
[ main:15066 ] org.springframework.beans.factory.annotation.AutowiredAnnotationBeanPostProcessor.registerDependentBeans(AutowiredAnnotationBeanPostProcessor.java:516) Autowiring by type from bean name &apos;userServiceImpl&apos; to bean named &apos;teacherMapper&apos;
[ main:15066 ] org.springframework.beans.factory.annotation.InjectionMetadata.inject(InjectionMetadata.java:86) Processing injected element of bean &apos;userServiceImpl&apos;: AutowiredFieldElement for private com.study.user.dao.RoleMapper com.study.user.service.UserServiceImpl.roleMapper
[ main:15066 ] org.springframework.beans.factory.support.DefaultSingletonBeanRegistry.getSingleton(DefaultSingletonBeanRegistry.java:221) Creating shared instance of singleton bean &apos;roleMapper&apos;
[ main:15066 ] org.springframework.beans.factory.support.AbstractAutowireCapableBeanFactory.createBean(AbstractAutowireCapableBeanFactory.java:448) Creating instance of bean &apos;roleMapper&apos;
[ main:15067 ] org.springframework.beans.factory.support.AbstractAutowireCapableBeanFactory.doCreateBean(AbstractAutowireCapableBeanFactory.java:529) Eagerly caching bean &apos;roleMapper&apos; to allow for resolving potential circular references
[ main:15067 ] org.springframework.beans.factory.support.AbstractBeanFactory.doGetBean(AbstractBeanFactory.java:251) Returning cached instance of singleton bean &apos;sqlSessionFactory&apos;
[ main:15067 ] org.springframework.beans.factory.support.AbstractAutowireCapableBeanFactory.invokeInitMethods(AbstractAutowireCapableBeanFactory.java:1620) Invoking afterPropertiesSet() on bean with name &apos;roleMapper&apos;
[ main:15072 ] org.springframework.beans.factory.support.AbstractBeanFactory.doGetBean(AbstractBeanFactory.java:251) Returning cached instance of singleton bean &apos;org.springframework.transaction.config.internalTransactionAdvisor&apos;
[ main:15073 ] org.springframework.beans.factory.support.AbstractAutowireCapableBeanFactory.createBean(AbstractAutowireCapableBeanFactory.java:484) Finished creating instance of bean &apos;roleMapper&apos;
[ main:15073 ] org.springframework.beans.factory.support.AbstractBeanFactory.doGetBean(AbstractBeanFactory.java:251) Returning cached instance of singleton bean &apos;org.springframework.transaction.config.internalTransactionAdvisor&apos;
[ main:15073 ] org.springframework.beans.factory.annotation.AutowiredAnnotationBeanPostProcessor.registerDependentBeans(AutowiredAnnotationBeanPostProcessor.java:516) Autowiring by type from bean name &apos;userServiceImpl&apos; to bean named &apos;roleMapper&apos;
[ main:15074 ] org.springframework.beans.factory.annotation.InjectionMetadata.inject(InjectionMetadata.java:86) Processing injected element of bean &apos;userServiceImpl&apos;: AutowiredFieldElement for private com.study.user.dao.RoleRightsMapper com.study.user.service.UserServiceImpl.roleRightsMapper
[ main:15074 ] org.springframework.beans.factory.support.DefaultSingletonBeanRegistry.getSingleton(DefaultSingletonBeanRegistry.java:221) Creating shared instance of singleton bean &apos;roleRightsMapper&apos;
[ main:15075 ] org.springframework.beans.factory.support.AbstractAutowireCapableBeanFactory.createBean(AbstractAutowireCapableBeanFactory.java:448) Creating instance of bean &apos;roleRightsMapper&apos;
[ main:15075 ] org.springframework.beans.factory.support.AbstractAutowireCapableBeanFactory.doCreateBean(AbstractAutowireCapableBeanFactory.java:529) Eagerly caching bean &apos;roleRightsMapper&apos; to allow for resolving potential circular references
[ main:15075 ] org.springframework.beans.factory.support.AbstractBeanFactory.doGetBean(AbstractBeanFactory.java:251) Returning cached instance of singleton bean &apos;sqlSessionFactory&apos;
[ main:15075 ] org.springframework.beans.factory.support.AbstractAutowireCapableBeanFactory.invokeInitMethods(AbstractAutowireCapableBeanFactory.java:1620) Invoking afterPropertiesSet() on bean with name &apos;roleRightsMapper&apos;
[ main:15080 ] org.springframework.beans.factory.support.AbstractBeanFactory.doGetBean(AbstractBeanFactory.java:251) Returning cached instance of singleton bean &apos;org.springframework.transaction.config.internalTransactionAdvisor&apos;
[ main:15080 ] org.springframework.beans.factory.support.AbstractAutowireCapableBeanFactory.createBean(AbstractAutowireCapableBeanFactory.java:484) Finished creating instance of bean &apos;roleRightsMapper&apos;
[ main:15081 ] org.springframework.beans.factory.support.AbstractBeanFactory.doGetBean(AbstractBeanFactory.java:251) Returning cached instance of singleton bean &apos;org.springframework.transaction.config.internalTransactionAdvisor&apos;
[ main:15081 ] org.springframework.beans.factory.annotation.AutowiredAnnotationBeanPostProcessor.registerDependentBeans(AutowiredAnnotationBeanPostProcessor.java:516) Autowiring by type from bean name &apos;userServiceImpl&apos; to bean named &apos;roleRightsMapper&apos;
[ main:15081 ] org.springframework.beans.factory.support.AbstractBeanFactory.doGetBean(AbstractBeanFactory.java:251) Returning cached instance of singleton bean &apos;org.springframework.transaction.config.internalTransactionAdvisor&apos;
[ main:15082 ] org.springframework.transaction.interceptor.AbstractFallbackTransactionAttributeSource.getTransactionAttribute(AbstractFallbackTransactionAttributeSource.java:108) Adding transactional method &apos;UserServiceImpl.listAllRole&apos; with attribute: PROPAGATION_SUPPORTS,ISOLATION_DEFAULT,readOnly; &apos;&apos;
[ main:15082 ] org.springframework.aop.framework.autoproxy.AbstractAutoProxyCreator.buildAdvisors(AbstractAutoProxyCreator.java:528) Creating implicit proxy for bean &apos;userServiceImpl&apos; with 0 common interceptors and 1 specific interceptors
[ main:15082 ] org.springframework.aop.framework.JdkDynamicAopProxy.getProxy(JdkDynamicAopProxy.java:118) Creating JDK dynamic proxy: target source is SingletonTargetSource for target object [com.study.user.service.UserServiceImpl@363a3d15]
[ main:15082 ] org.springframework.beans.factory.support.AbstractAutowireCapableBeanFactory.createBean(AbstractAutowireCapableBeanFactory.java:484) Finished creating instance of bean &apos;userServiceImpl&apos;
[ main:15082 ] org.springframework.beans.factory.annotation.AutowiredAnnotationBeanPostProcessor.registerDependentBeans(AutowiredAnnotationBeanPostProcessor.java:516) Autowiring by type from bean name &apos;clsController&apos; to bean named &apos;userServiceImpl&apos;
[ main:15082 ] org.springframework.beans.factory.support.AbstractBeanFactory.doGetBean(AbstractBeanFactory.java:251) Returning cached instance of singleton bean &apos;org.springframework.transaction.config.internalTransactionAdvisor&apos;
[ main:15083 ] org.springframework.beans.factory.support.AbstractAutowireCapableBeanFactory.createBean(AbstractAutowireCapableBeanFactory.java:484) Finished creating instance of bean &apos;clsController&apos;
[ main:15083 ] org.springframework.beans.factory.support.DefaultSingletonBeanRegistry.getSingleton(DefaultSingletonBeanRegistry.java:221) Creating shared instance of singleton bean &apos;clsRoomController&apos;
[ main:15083 ] org.springframework.beans.factory.support.AbstractAutowireCapableBeanFactory.createBean(AbstractAutowireCapableBeanFactory.java:448) Creating instance of bean &apos;clsRoomController&apos;
[ main:15087 ] org.springframework.beans.factory.annotation.InjectionMetadata.checkConfigMembers(InjectionMetadata.java:72) Registered injected element on class [com.study.basic.web.ClsRoomController]: AutowiredFieldElement for private com.study.basic.service.IBasicService com.study.basic.web.ClsRoomController.basicService
[ main:15088 ] org.springframework.beans.factory.support.AbstractAutowireCapableBeanFactory.doCreateBean(AbstractAutowireCapableBeanFactory.java:529) Eagerly caching bean &apos;clsRoomController&apos; to allow for resolving potential circular references
[ main:15088 ] org.springframework.beans.CachedIntrospectionResults.&lt;init&gt;(CachedIntrospectionResults.java:265) Getting BeanInfo for class [com.study.basic.web.ClsRoomController]
[ main:15088 ] org.springframework.beans.CachedIntrospectionResults.&lt;init&gt;(CachedIntrospectionResults.java:284) Caching PropertyDescriptors for class [com.study.basic.web.ClsRoomController]
[ main:15088 ] org.springframework.beans.CachedIntrospectionResults.&lt;init&gt;(CachedIntrospectionResults.java:297) Found bean property &apos;class&apos; of type [java.lang.Class]
[ main:15089 ] org.springframework.beans.factory.annotation.InjectionMetadata.inject(InjectionMetadata.java:86) Processing injected element of bean &apos;clsRoomController&apos;: AutowiredFieldElement for private com.study.basic.service.IBasicService com.study.basic.web.ClsRoomController.basicService
[ main:15089 ] org.springframework.beans.factory.support.AbstractBeanFactory.doGetBean(AbstractBeanFactory.java:251) Returning cached instance of singleton bean &apos;basicServiceImpl&apos;
[ main:15089 ] org.springframework.beans.factory.annotation.AutowiredAnnotationBeanPostProcessor.registerDependentBeans(AutowiredAnnotationBeanPostProcessor.java:516) Autowiring by type from bean name &apos;clsRoomController&apos; to bean named &apos;basicServiceImpl&apos;
[ main:15089 ] org.springframework.beans.factory.support.AbstractBeanFactory.doGetBean(AbstractBeanFactory.java:251) Returning cached instance of singleton bean &apos;org.springframework.transaction.config.internalTransactionAdvisor&apos;
[ main:15090 ] org.springframework.beans.factory.support.AbstractAutowireCapableBeanFactory.createBean(AbstractAutowireCapableBeanFactory.java:484) Finished creating instance of bean &apos;clsRoomController&apos;
[ main:15090 ] org.springframework.beans.factory.support.DefaultSingletonBeanRegistry.getSingleton(DefaultSingletonBeanRegistry.java:221) Creating shared instance of singleton bean &apos;userInfoController&apos;
[ main:15090 ] org.springframework.beans.factory.support.AbstractAutowireCapableBeanFactory.createBean(AbstractAutowireCapableBeanFactory.java:448) Creating instance of bean &apos;userInfoController&apos;
[ main:15091 ] org.springframework.beans.factory.annotation.InjectionMetadata.checkConfigMembers(InjectionMetadata.java:72) Registered injected element on class [com.study.basic.web.UserInfoController]: AutowiredFieldElement for private com.study.basic.service.IBasicService com.study.basic.web.UserInfoController.basicService
[ main:15091 ] org.springframework.beans.factory.support.AbstractAutowireCapableBeanFactory.doCreateBean(AbstractAutowireCapableBeanFactory.java:529) Eagerly caching bean &apos;userInfoController&apos; to allow for resolving potential circular references
[ main:15091 ] org.springframework.beans.CachedIntrospectionResults.&lt;init&gt;(CachedIntrospectionResults.java:265) Getting BeanInfo for class [com.study.basic.web.UserInfoController]
[ main:15091 ] org.springframework.beans.CachedIntrospectionResults.&lt;init&gt;(CachedIntrospectionResults.java:284) Caching PropertyDescriptors for class [com.study.basic.web.UserInfoController]
[ main:15092 ] org.springframework.beans.CachedIntrospectionResults.&lt;init&gt;(CachedIntrospectionResults.java:297) Found bean property &apos;class&apos; of type [java.lang.Class]
[ main:15092 ] org.springframework.beans.factory.annotation.InjectionMetadata.inject(InjectionMetadata.java:86) Processing injected element of bean &apos;userInfoController&apos;: AutowiredFieldElement for private com.study.basic.service.IBasicService com.study.basic.web.UserInfoController.basicService
[ main:15092 ] org.springframework.beans.factory.support.AbstractBeanFactory.doGetBean(AbstractBeanFactory.java:251) Returning cached instance of singleton bean &apos;basicServiceImpl&apos;
[ main:15092 ] org.springframework.beans.factory.annotation.AutowiredAnnotationBeanPostProcessor.registerDependentBeans(AutowiredAnnotationBeanPostProcessor.java:516) Autowiring by type from bean name &apos;userInfoController&apos; to bean named &apos;basicServiceImpl&apos;
[ main:15093 ] org.springframework.beans.factory.support.AbstractBeanFactory.doGetBean(AbstractBeanFactory.java:251) Returning cached instance of singleton bean &apos;org.springframework.transaction.config.internalTransactionAdvisor&apos;
[ main:15093 ] org.springframework.beans.factory.support.AbstractAutowireCapableBeanFactory.createBean(AbstractAutowireCapableBeanFactory.java:484) Finished creating instance of bean &apos;userInfoController&apos;
[ main:15093 ] org.springframework.beans.factory.support.AbstractBeanFactory.doGetBean(AbstractBeanFactory.java:251) Returning cached instance of singleton bean &apos;userServiceImpl&apos;
[ main:15093 ] org.springframework.beans.factory.support.DefaultSingletonBeanRegistry.getSingleton(DefaultSingletonBeanRegistry.java:221) Creating shared instance of singleton bean &apos;userController&apos;
[ main:15094 ] org.springframework.beans.factory.support.AbstractAutowireCapableBeanFactory.createBean(AbstractAutowireCapableBeanFactory.java:448) Creating instance of bean &apos;userController&apos;
[ main:15094 ] org.springframework.beans.factory.annotation.InjectionMetadata.checkConfigMembers(InjectionMetadata.java:72) Registered injected element on class [com.study.user.web.UserController]: AutowiredFieldElement for private com.study.user.service.IUserService com.study.user.web.UserController.userService
[ main:15094 ] org.springframework.beans.factory.support.AbstractAutowireCapableBeanFactory.doCreateBean(AbstractAutowireCapableBeanFactory.java:529) Eagerly caching bean &apos;userController&apos; to allow for resolving potential circular references
[ main:15094 ] org.springframework.beans.CachedIntrospectionResults.&lt;init&gt;(CachedIntrospectionResults.java:265) Getting BeanInfo for class [com.study.user.web.UserController]
[ main:15094 ] org.springframework.beans.CachedIntrospectionResults.&lt;init&gt;(CachedIntrospectionResults.java:284) Caching PropertyDescriptors for class [com.study.user.web.UserController]
[ main:15095 ] org.springframework.beans.CachedIntrospectionResults.&lt;init&gt;(CachedIntrospectionResults.java:297) Found bean property &apos;class&apos; of type [java.lang.Class]
[ main:15095 ] org.springframework.beans.factory.annotation.InjectionMetadata.inject(InjectionMetadata.java:86) Processing injected element of bean &apos;userController&apos;: AutowiredFieldElement for private com.study.user.service.IUserService com.study.user.web.UserController.userService
[ main:15095 ] org.springframework.beans.factory.support.AbstractBeanFactory.doGetBean(AbstractBeanFactory.java:251) Returning cached instance of singleton bean &apos;userServiceImpl&apos;
[ main:15095 ] org.springframework.beans.factory.annotation.AutowiredAnnotationBeanPostProcessor.registerDependentBeans(AutowiredAnnotationBeanPostProcessor.java:516) Autowiring by type from bean name &apos;userController&apos; to bean named &apos;userServiceImpl&apos;
[ main:15096 ] org.springframework.beans.factory.support.AbstractBeanFactory.doGetBean(AbstractBeanFactory.java:251) Returning cached instance of singleton bean &apos;org.springframework.transaction.config.internalTransactionAdvisor&apos;
[ main:15096 ] org.springframework.beans.factory.support.AbstractAutowireCapableBeanFactory.createBean(AbstractAutowireCapableBeanFactory.java:484) Finished creating instance of bean &apos;userController&apos;
[ main:15096 ] org.springframework.beans.factory.support.AbstractBeanFactory.doGetBean(AbstractBeanFactory.java:251) Returning cached instance of singleton bean &apos;org.springframework.context.annotation.internalConfigurationAnnotationProcessor&apos;
[ main:15096 ] org.springframework.beans.factory.support.AbstractBeanFactory.doGetBean(AbstractBeanFactory.java:251) Returning cached instance of singleton bean &apos;org.springframework.context.annotation.internalAutowiredAnnotationProcessor&apos;
[ main:15096 ] org.springframework.beans.factory.support.AbstractBeanFactory.doGetBean(AbstractBeanFactory.java:251) Returning cached instance of singleton bean &apos;org.springframework.context.annotation.internalRequiredAnnotationProcessor&apos;
[ main:15097 ] org.springframework.beans.factory.support.AbstractBeanFactory.doGetBean(AbstractBeanFactory.java:251) Returning cached instance of singleton bean &apos;org.springframework.context.annotation.internalCommonAnnotationProcessor&apos;
[ main:15097 ] org.springframework.beans.factory.support.DefaultSingletonBeanRegistry.getSingleton(DefaultSingletonBeanRegistry.java:221) Creating shared instance of singleton bean &apos;org.springframework.context.event.internalEventListenerProcessor&apos;
[ main:15097 ] org.springframework.beans.factory.support.AbstractAutowireCapableBeanFactory.createBean(AbstractAutowireCapableBeanFactory.java:448) Creating instance of bean &apos;org.springframework.context.event.internalEventListenerProcessor&apos;
[ main:15097 ] org.springframework.beans.factory.support.AbstractAutowireCapableBeanFactory.doCreateBean(AbstractAutowireCapableBeanFactory.java:529) Eagerly caching bean &apos;org.springframework.context.event.internalEventListenerProcessor&apos; to allow for resolving potential circular references
[ main:15097 ] org.springframework.beans.CachedIntrospectionResults.&lt;init&gt;(CachedIntrospectionResults.java:265) Getting BeanInfo for class [org.springframework.context.event.EventListenerMethodProcessor]
[ main:15098 ] org.springframework.beans.CachedIntrospectionResults.&lt;init&gt;(CachedIntrospectionResults.java:284) Caching PropertyDescriptors for class [org.springframework.context.event.EventListenerMethodProcessor]
[ main:15098 ] org.springframework.beans.CachedIntrospectionResults.&lt;init&gt;(CachedIntrospectionResults.java:297) Found bean property &apos;applicationContext&apos; of type [org.springframework.context.ApplicationContext]
[ main:15098 ] org.springframework.beans.CachedIntrospectionResults.&lt;init&gt;(CachedIntrospectionResults.java:297) Found bean property &apos;class&apos; of type [java.lang.Class]
[ main:15099 ] org.springframework.beans.factory.support.AbstractBeanFactory.doGetBean(AbstractBeanFactory.java:251) Returning cached instance of singleton bean &apos;org.springframework.transaction.config.internalTransactionAdvisor&apos;
[ main:15099 ] org.springframework.beans.factory.support.AbstractAutowireCapableBeanFactory.createBean(AbstractAutowireCapableBeanFactory.java:484) Finished creating instance of bean &apos;org.springframework.context.event.internalEventListenerProcessor&apos;
[ main:15099 ] org.springframework.beans.factory.support.DefaultSingletonBeanRegistry.getSingleton(DefaultSingletonBeanRegistry.java:221) Creating shared instance of singleton bean &apos;org.springframework.context.event.internalEventListenerFactory&apos;
[ main:15099 ] org.springframework.beans.factory.support.AbstractAutowireCapableBeanFactory.createBean(AbstractAutowireCapableBeanFactory.java:448) Creating instance of bean &apos;org.springframework.context.event.internalEventListenerFactory&apos;
[ main:15099 ] org.springframework.beans.factory.support.AbstractAutowireCapableBeanFactory.doCreateBean(AbstractAutowireCapableBeanFactory.java:529) Eagerly caching bean &apos;org.springframework.context.event.internalEventListenerFactory&apos; to allow for resolving potential circular references
[ main:15099 ] org.springframework.beans.CachedIntrospectionResults.&lt;init&gt;(CachedIntrospectionResults.java:265) Getting BeanInfo for class [org.springframework.context.event.DefaultEventListenerFactory]
[ main:15099 ] org.springframework.beans.CachedIntrospectionResults.&lt;init&gt;(CachedIntrospectionResults.java:284) Caching PropertyDescriptors for class [org.springframework.context.event.DefaultEventListenerFactory]
[ main:15100 ] org.springframework.beans.CachedIntrospectionResults.&lt;init&gt;(CachedIntrospectionResults.java:297) Found bean property &apos;class&apos; of type [java.lang.Class]
[ main:15100 ] org.springframework.beans.CachedIntrospectionResults.&lt;init&gt;(CachedIntrospectionResults.java:297) Found bean property &apos;order&apos; of type [int]
[ main:15101 ] org.springframework.beans.factory.support.AbstractBeanFactory.doGetBean(AbstractBeanFactory.java:251) Returning cached instance of singleton bean &apos;org.springframework.transaction.config.internalTransactionAdvisor&apos;
[ main:15101 ] org.springframework.beans.factory.support.AbstractAutowireCapableBeanFactory.createBean(AbstractAutowireCapableBeanFactory.java:484) Finished creating instance of bean &apos;org.springframework.context.event.internalEventListenerFactory&apos;
[ main:15101 ] org.springframework.beans.factory.support.DefaultSingletonBeanRegistry.getSingleton(DefaultSingletonBeanRegistry.java:221) Creating shared instance of singleton bean &apos;mvcContentNegotiationManager&apos;
[ main:15101 ] org.springframework.beans.factory.support.AbstractAutowireCapableBeanFactory.createBean(AbstractAutowireCapableBeanFactory.java:448) Creating instance of bean &apos;mvcContentNegotiationManager&apos;
[ main:15101 ] org.springframework.beans.factory.support.AbstractAutowireCapableBeanFactory.doCreateBean(AbstractAutowireCapableBeanFactory.java:529) Eagerly caching bean &apos;mvcContentNegotiationManager&apos; to allow for resolving potential circular references
[ main:15101 ] org.springframework.beans.CachedIntrospectionResults.&lt;init&gt;(CachedIntrospectionResults.java:265) Getting BeanInfo for class [org.springframework.web.accept.ContentNegotiationManagerFactoryBean]
[ main:15101 ] org.springframework.beans.CachedIntrospectionResults.&lt;init&gt;(CachedIntrospectionResults.java:284) Caching PropertyDescriptors for class [org.springframework.web.accept.ContentNegotiationManagerFactoryBean]
[ main:15101 ] org.springframework.beans.CachedIntrospectionResults.&lt;init&gt;(CachedIntrospectionResults.java:297) Found bean property &apos;class&apos; of type [java.lang.Class]
[ main:15102 ] org.springframework.beans.CachedIntrospectionResults.&lt;init&gt;(CachedIntrospectionResults.java:297) Found bean property &apos;defaultContentType&apos; of type [org.springframework.http.MediaType]
[ main:15102 ] org.springframework.beans.CachedIntrospectionResults.&lt;init&gt;(CachedIntrospectionResults.java:297) Found bean property &apos;defaultContentTypeStrategy&apos; of type [org.springframework.web.accept.ContentNegotiationStrategy]
[ main:15102 ] org.springframework.beans.CachedIntrospectionResults.&lt;init&gt;(CachedIntrospectionResults.java:297) Found bean property &apos;favorParameter&apos; of type [boolean]
[ main:15102 ] org.springframework.beans.CachedIntrospectionResults.&lt;init&gt;(CachedIntrospectionResults.java:297) Found bean property &apos;favorPathExtension&apos; of type [boolean]
[ main:15102 ] org.springframework.beans.CachedIntrospectionResults.&lt;init&gt;(CachedIntrospectionResults.java:297) Found bean property &apos;ignoreAcceptHeader&apos; of type [boolean]
[ main:15102 ] org.springframework.beans.CachedIntrospectionResults.&lt;init&gt;(CachedIntrospectionResults.java:297) Found bean property &apos;ignoreUnknownPathExtensions&apos; of type [boolean]
[ main:15102 ] org.springframework.beans.CachedIntrospectionResults.&lt;init&gt;(CachedIntrospectionResults.java:297) Found bean property &apos;mediaTypes&apos; of type [java.util.Properties]
[ main:15102 ] org.springframework.beans.CachedIntrospectionResults.&lt;init&gt;(CachedIntrospectionResults.java:297) Found bean property &apos;object&apos; of type [org.springframework.web.accept.ContentNegotiationManager]
[ main:15102 ] org.springframework.beans.CachedIntrospectionResults.&lt;init&gt;(CachedIntrospectionResults.java:297) Found bean property &apos;objectType&apos; of type [java.lang.Class]
[ main:15102 ] org.springframework.beans.CachedIntrospectionResults.&lt;init&gt;(CachedIntrospectionResults.java:297) Found bean property &apos;parameterName&apos; of type [java.lang.String]
[ main:15102 ] org.springframework.beans.CachedIntrospectionResults.&lt;init&gt;(CachedIntrospectionResults.java:297) Found bean property &apos;servletContext&apos; of type [javax.servlet.ServletContext]
[ main:15103 ] org.springframework.beans.CachedIntrospectionResults.&lt;init&gt;(CachedIntrospectionResults.java:297) Found bean property &apos;singleton&apos; of type [boolean]
[ main:15103 ] org.springframework.beans.CachedIntrospectionResults.&lt;init&gt;(CachedIntrospectionResults.java:297) Found bean property &apos;useJaf&apos; of type [boolean]
[ main:15104 ] org.springframework.beans.factory.support.AbstractAutowireCapableBeanFactory.invokeInitMethods(AbstractAutowireCapableBeanFactory.java:1620) Invoking afterPropertiesSet() on bean with name &apos;mvcContentNegotiationManager&apos;
[ main:15104 ] org.springframework.beans.factory.support.AbstractBeanFactory.doGetBean(AbstractBeanFactory.java:251) Returning cached instance of singleton bean &apos;org.springframework.transaction.config.internalTransactionAdvisor&apos;
[ main:15104 ] org.springframework.beans.factory.support.AbstractAutowireCapableBeanFactory.createBean(AbstractAutowireCapableBeanFactory.java:484) Finished creating instance of bean &apos;mvcContentNegotiationManager&apos;
[ main:15104 ] org.springframework.beans.factory.support.DefaultSingletonBeanRegistry.getSingleton(DefaultSingletonBeanRegistry.java:221) Creating shared instance of singleton bean &apos;org.springframework.web.servlet.mvc.method.annotation.RequestMappingHandlerMapping&apos;
[ main:15104 ] org.springframework.beans.factory.support.AbstractAutowireCapableBeanFactory.createBean(AbstractAutowireCapableBeanFactory.java:448) Creating instance of bean &apos;org.springframework.web.servlet.mvc.method.annotation.RequestMappingHandlerMapping&apos;
[ main:15105 ] org.springframework.beans.factory.support.AbstractAutowireCapableBeanFactory.doCreateBean(AbstractAutowireCapableBeanFactory.java:529) Eagerly caching bean &apos;org.springframework.web.servlet.mvc.method.annotation.RequestMappingHandlerMapping&apos; to allow for resolving potential circular references
[ main:15105 ] org.springframework.beans.CachedIntrospectionResults.&lt;init&gt;(CachedIntrospectionResults.java:265) Getting BeanInfo for class [org.springframework.web.servlet.mvc.method.annotation.RequestMappingHandlerMapping]
[ main:15105 ] org.springframework.beans.CachedIntrospectionResults.&lt;init&gt;(CachedIntrospectionResults.java:284) Caching PropertyDescriptors for class [org.springframework.web.servlet.mvc.method.annotation.RequestMappingHandlerMapping]
[ main:15105 ] org.springframework.beans.CachedIntrospectionResults.&lt;init&gt;(CachedIntrospectionResults.java:297) Found bean property &apos;alwaysUseFullPath&apos; of type [boolean]
[ main:15105 ] org.springframework.beans.CachedIntrospectionResults.&lt;init&gt;(CachedIntrospectionResults.java:297) Found bean property &apos;applicationContext&apos; of type [org.springframework.context.ApplicationContext]
[ main:15106 ] org.springframework.beans.CachedIntrospectionResults.&lt;init&gt;(CachedIntrospectionResults.java:297) Found bean property &apos;class&apos; of type [java.lang.Class]
[ main:15106 ] org.springframework.beans.CachedIntrospectionResults.&lt;init&gt;(CachedIntrospectionResults.java:297) Found bean property &apos;contentNegotiationManager&apos; of type [org.springframework.web.accept.ContentNegotiationManager]
[ main:15106 ] org.springframework.beans.CachedIntrospectionResults.&lt;init&gt;(CachedIntrospectionResults.java:297) Found bean property &apos;corsConfigurations&apos; of type [java.util.Map]
[ main:15106 ] org.springframework.beans.CachedIntrospectionResults.&lt;init&gt;(CachedIntrospectionResults.java:297) Found bean property &apos;corsProcessor&apos; of type [org.springframework.web.cors.CorsProcessor]
[ main:15106 ] org.springframework.beans.CachedIntrospectionResults.&lt;init&gt;(CachedIntrospectionResults.java:297) Found bean property &apos;defaultHandler&apos; of type [java.lang.Object]
[ main:15106 ] org.springframework.beans.CachedIntrospectionResults.&lt;init&gt;(CachedIntrospectionResults.java:297) Found bean property &apos;detectHandlerMethodsInAncestorContexts&apos; of type [boolean]
[ main:15106 ] org.springframework.beans.CachedIntrospectionResults.&lt;init&gt;(CachedIntrospectionResults.java:297) Found bean property &apos;embeddedValueResolver&apos; of type [org.springframework.util.StringValueResolver]
[ main:15106 ] org.springframework.beans.CachedIntrospectionResults.&lt;init&gt;(CachedIntrospectionResults.java:297) Found bean property &apos;fileExtensions&apos; of type [java.util.List]
[ main:15106 ] org.springframework.beans.CachedIntrospectionResults.&lt;init&gt;(CachedIntrospectionResults.java:297) Found bean property &apos;handlerMethodMappingNamingStrategy&apos; of type [org.springframework.web.servlet.handler.HandlerMethodMappingNamingStrategy]
[ main:15106 ] org.springframework.beans.CachedIntrospectionResults.&lt;init&gt;(CachedIntrospectionResults.java:297) Found bean property &apos;handlerMethods&apos; of type [java.util.Map]
[ main:15106 ] org.springframework.beans.CachedIntrospectionResults.&lt;init&gt;(CachedIntrospectionResults.java:297) Found bean property &apos;interceptors&apos; of type [[Ljava.lang.Object;]
[ main:15107 ] org.springframework.beans.CachedIntrospectionResults.&lt;init&gt;(CachedIntrospectionResults.java:297) Found bean property &apos;namingStrategy&apos; of type [org.springframework.web.servlet.handler.HandlerMethodMappingNamingStrategy]
[ main:15107 ] org.springframework.beans.CachedIntrospectionResults.&lt;init&gt;(CachedIntrospectionResults.java:297) Found bean property &apos;order&apos; of type [int]
[ main:15107 ] org.springframework.beans.CachedIntrospectionResults.&lt;init&gt;(CachedIntrospectionResults.java:297) Found bean property &apos;pathMatcher&apos; of type [org.springframework.util.PathMatcher]
[ main:15107 ] org.springframework.beans.CachedIntrospectionResults.&lt;init&gt;(CachedIntrospectionResults.java:297) Found bean property &apos;removeSemicolonContent&apos; of type [boolean]
[ main:15107 ] org.springframework.beans.CachedIntrospectionResults.&lt;init&gt;(CachedIntrospectionResults.java:297) Found bean property &apos;servletContext&apos; of type [javax.servlet.ServletContext]
[ main:15107 ] org.springframework.beans.CachedIntrospectionResults.&lt;init&gt;(CachedIntrospectionResults.java:297) Found bean property &apos;urlDecode&apos; of type [boolean]
[ main:15107 ] org.springframework.beans.CachedIntrospectionResults.&lt;init&gt;(CachedIntrospectionResults.java:297) Found bean property &apos;urlPathHelper&apos; of type [org.springframework.web.util.UrlPathHelper]
[ main:15107 ] org.springframework.beans.CachedIntrospectionResults.&lt;init&gt;(CachedIntrospectionResults.java:297) Found bean property &apos;useRegisteredSuffixPatternMatch&apos; of type [boolean]
[ main:15107 ] org.springframework.beans.CachedIntrospectionResults.&lt;init&gt;(CachedIntrospectionResults.java:297) Found bean property &apos;useSuffixPatternMatch&apos; of type [boolean]
[ main:15108 ] org.springframework.beans.CachedIntrospectionResults.&lt;init&gt;(CachedIntrospectionResults.java:297) Found bean property &apos;useTrailingSlashMatch&apos; of type [boolean]
[ main:15109 ] org.springframework.beans.factory.support.AbstractBeanFactory.doGetBean(AbstractBeanFactory.java:251) Returning cached instance of singleton bean &apos;mvcContentNegotiationManager&apos;
[ main:15110 ] org.springframework.beans.factory.support.AbstractBeanFactory.doGetBean(AbstractBeanFactory.java:251) Returning cached instance of singleton bean &apos;org.springframework.transaction.config.internalTransactionAdvisor&apos;
[ main:15110 ] org.springframework.beans.factory.support.DefaultSingletonBeanRegistry.getSingleton(DefaultSingletonBeanRegistry.java:221) Creating shared instance of singleton bean &apos;mvcCorsConfigurations&apos;
[ main:15110 ] org.springframework.beans.factory.support.AbstractAutowireCapableBeanFactory.createBean(AbstractAutowireCapableBeanFactory.java:448) Creating instance of bean &apos;mvcCorsConfigurations&apos;
[ main:15110 ] org.springframework.beans.factory.support.AbstractAutowireCapableBeanFactory.doCreateBean(AbstractAutowireCapableBeanFactory.java:529) Eagerly caching bean &apos;mvcCorsConfigurations&apos; to allow for resolving potential circular references
[ main:15110 ] org.springframework.beans.factory.support.AbstractBeanFactory.doGetBean(AbstractBeanFactory.java:251) Returning cached instance of singleton bean &apos;org.springframework.transaction.config.internalTransactionAdvisor&apos;
[ main:15111 ] org.springframework.beans.factory.support.AbstractAutowireCapableBeanFactory.createBean(AbstractAutowireCapableBeanFactory.java:484) Finished creating instance of bean &apos;mvcCorsConfigurations&apos;
[ main:15111 ] org.springframework.beans.factory.support.DefaultSingletonBeanRegistry.getSingleton(DefaultSingletonBeanRegistry.java:221) Creating shared instance of singleton bean &apos;org.springframework.web.servlet.handler.MappedInterceptor#0&apos;
[ main:15111 ] org.springframework.beans.factory.support.AbstractAutowireCapableBeanFactory.createBean(AbstractAutowireCapableBeanFactory.java:448) Creating instance of bean &apos;org.springframework.web.servlet.handler.MappedInterceptor#0&apos;
[ main:15111 ] org.springframework.beans.factory.support.AbstractAutowireCapableBeanFactory.createBean(AbstractAutowireCapableBeanFactory.java:448) Creating instance of bean &apos;(inner bean)#25da615a&apos;
[ main:15112 ] org.springframework.beans.factory.support.DefaultSingletonBeanRegistry.getSingleton(DefaultSingletonBeanRegistry.java:221) Creating shared instance of singleton bean &apos;org.springframework.format.support.FormattingConversionServiceFactoryBean#0&apos;
[ main:15112 ] org.springframework.beans.factory.support.AbstractAutowireCapableBeanFactory.createBean(AbstractAutowireCapableBeanFactory.java:448) Creating instance of bean &apos;org.springframework.format.support.FormattingConversionServiceFactoryBean#0&apos;
[ main:15112 ] org.springframework.beans.factory.support.AbstractAutowireCapableBeanFactory.doCreateBean(AbstractAutowireCapableBeanFactory.java:529) Eagerly caching bean &apos;org.springframework.format.support.FormattingConversionServiceFactoryBean#0&apos; to allow for resolving potential circular references
[ main:15112 ] org.springframework.beans.CachedIntrospectionResults.&lt;init&gt;(CachedIntrospectionResults.java:265) Getting BeanInfo for class [org.springframework.format.support.FormattingConversionServiceFactoryBean]
[ main:15112 ] org.springframework.beans.CachedIntrospectionResults.&lt;init&gt;(CachedIntrospectionResults.java:284) Caching PropertyDescriptors for class [org.springframework.format.support.FormattingConversionServiceFactoryBean]
[ main:15112 ] org.springframework.beans.CachedIntrospectionResults.&lt;init&gt;(CachedIntrospectionResults.java:297) Found bean property &apos;class&apos; of type [java.lang.Class]
[ main:15113 ] org.springframework.beans.CachedIntrospectionResults.&lt;init&gt;(CachedIntrospectionResults.java:297) Found bean property &apos;converters&apos; of type [java.util.Set]
[ main:15113 ] org.springframework.beans.CachedIntrospectionResults.&lt;init&gt;(CachedIntrospectionResults.java:297) Found bean property &apos;embeddedValueResolver&apos; of type [org.springframework.util.StringValueResolver]
[ main:15113 ] org.springframework.beans.CachedIntrospectionResults.&lt;init&gt;(CachedIntrospectionResults.java:297) Found bean property &apos;formatterRegistrars&apos; of type [java.util.Set]
[ main:15113 ] org.springframework.beans.CachedIntrospectionResults.&lt;init&gt;(CachedIntrospectionResults.java:297) Found bean property &apos;formatters&apos; of type [java.util.Set]
[ main:15113 ] org.springframework.beans.CachedIntrospectionResults.&lt;init&gt;(CachedIntrospectionResults.java:297) Found bean property &apos;object&apos; of type [org.springframework.format.support.FormattingConversionService]
[ main:15113 ] org.springframework.beans.CachedIntrospectionResults.&lt;init&gt;(CachedIntrospectionResults.java:297) Found bean property &apos;objectType&apos; of type [java.lang.Class]
[ main:15114 ] org.springframework.beans.CachedIntrospectionResults.&lt;init&gt;(CachedIntrospectionResults.java:297) Found bean property &apos;registerDefaultFormatters&apos; of type [boolean]
[ main:15114 ] org.springframework.beans.CachedIntrospectionResults.&lt;init&gt;(CachedIntrospectionResults.java:297) Found bean property &apos;singleton&apos; of type [boolean]
[ main:15115 ] org.springframework.beans.factory.support.AbstractAutowireCapableBeanFactory.invokeInitMethods(AbstractAutowireCapableBeanFactory.java:1620) Invoking afterPropertiesSet() on bean with name &apos;org.springframework.format.support.FormattingConversionServiceFactoryBean#0&apos;
[ main:15115 ] org.springframework.beans.factory.support.AbstractBeanFactory.doGetBean(AbstractBeanFactory.java:251) Returning cached instance of singleton bean &apos;org.springframework.transaction.config.internalTransactionAdvisor&apos;
[ main:15116 ] org.springframework.beans.factory.support.AbstractAutowireCapableBeanFactory.createBean(AbstractAutowireCapableBeanFactory.java:484) Finished creating instance of bean &apos;org.springframework.format.support.FormattingConversionServiceFactoryBean#0&apos;
[ main:15116 ] org.springframework.beans.factory.support.AbstractBeanFactory.doGetBean(AbstractBeanFactory.java:251) Returning cached instance of singleton bean &apos;org.springframework.transaction.config.internalTransactionAdvisor&apos;
[ main:15117 ] org.springframework.beans.CachedIntrospectionResults.&lt;init&gt;(CachedIntrospectionResults.java:265) Getting BeanInfo for class [org.springframework.web.servlet.handler.ConversionServiceExposingInterceptor]
[ main:15117 ] org.springframework.beans.CachedIntrospectionResults.&lt;init&gt;(CachedIntrospectionResults.java:284) Caching PropertyDescriptors for class [org.springframework.web.servlet.handler.ConversionServiceExposingInterceptor]
[ main:15117 ] org.springframework.beans.CachedIntrospectionResults.&lt;init&gt;(CachedIntrospectionResults.java:297) Found bean property &apos;class&apos; of type [java.lang.Class]
[ main:15118 ] org.springframework.beans.factory.support.AbstractBeanFactory.doGetBean(AbstractBeanFactory.java:251) Returning cached instance of singleton bean &apos;org.springframework.transaction.config.internalTransactionAdvisor&apos;
[ main:15118 ] org.springframework.beans.factory.support.AbstractAutowireCapableBeanFactory.createBean(AbstractAutowireCapableBeanFactory.java:484) Finished creating instance of bean &apos;(inner bean)#25da615a&apos;
[ main:15119 ] org.springframework.beans.factory.support.ConstructorResolver.autowireConstructor(ConstructorResolver.java:194) Ignoring constructor [public org.springframework.web.servlet.handler.MappedInterceptor(java.lang.String[],java.lang.String[],org.springframework.web.context.request.WebRequestInterceptor)] of bean &apos;org.springframework.web.servlet.handler.MappedInterceptor#0&apos;: org.springframework.beans.factory.UnsatisfiedDependencyException: Error creating bean with name &apos;org.springframework.web.servlet.handler.MappedInterceptor#0&apos;: Unsatisfied dependency expressed through constructor parameter 1: Could not convert argument value of type [org.springframework.web.servlet.handler.ConversionServiceExposingInterceptor] to required type [[Ljava.lang.String;]: Failed to convert value of type [org.springframework.web.servlet.handler.ConversionServiceExposingInterceptor] to required type [java.lang.String[]]; nested exception is java.lang.IllegalStateException: Cannot convert value of type [org.springframework.web.servlet.handler.ConversionServiceExposingInterceptor] to required type [java.lang.String]: no matching editors or conversion strategy found
[ main:15120 ] org.springframework.beans.factory.support.ConstructorResolver.autowireConstructor(ConstructorResolver.java:194) Ignoring constructor [public org.springframework.web.servlet.handler.MappedInterceptor(java.lang.String[],java.lang.String[],org.springframework.web.servlet.HandlerInterceptor)] of bean &apos;org.springframework.web.servlet.handler.MappedInterceptor#0&apos;: org.springframework.beans.factory.UnsatisfiedDependencyException: Error creating bean with name &apos;org.springframework.web.servlet.handler.MappedInterceptor#0&apos;: Unsatisfied dependency expressed through constructor parameter 1: Could not convert argument value of type [org.springframework.web.servlet.handler.ConversionServiceExposingInterceptor] to required type [[Ljava.lang.String;]: Failed to convert value of type [org.springframework.web.servlet.handler.ConversionServiceExposingInterceptor] to required type [java.lang.String[]]; nested exception is java.lang.IllegalStateException: Cannot convert value of type [org.springframework.web.servlet.handler.ConversionServiceExposingInterceptor] to required type [java.lang.String]: no matching editors or conversion strategy found
[ main:15120 ] org.springframework.beans.factory.support.ConstructorResolver.autowireConstructor(ConstructorResolver.java:194) Ignoring constructor [public org.springframework.web.servlet.handler.MappedInterceptor(java.lang.String[],org.springframework.web.context.request.WebRequestInterceptor)] of bean &apos;org.springframework.web.servlet.handler.MappedInterceptor#0&apos;: org.springframework.beans.factory.UnsatisfiedDependencyException: Error creating bean with name &apos;org.springframework.web.servlet.handler.MappedInterceptor#0&apos;: Unsatisfied dependency expressed through constructor parameter 1: Could not convert argument value of type [org.springframework.web.servlet.handler.ConversionServiceExposingInterceptor] to required type [org.springframework.web.context.request.WebRequestInterceptor]: Failed to convert value of type [org.springframework.web.servlet.handler.ConversionServiceExposingInterceptor] to required type [org.springframework.web.context.request.WebRequestInterceptor]; nested exception is java.lang.IllegalStateException: Cannot convert value of type [org.springframework.web.servlet.handler.ConversionServiceExposingInterceptor] to required type [org.springframework.web.context.request.WebRequestInterceptor]: no matching editors or conversion strategy found
[ main:15120 ] org.springframework.beans.factory.support.AbstractAutowireCapableBeanFactory.doCreateBean(AbstractAutowireCapableBeanFactory.java:529) Eagerly caching bean &apos;org.springframework.web.servlet.handler.MappedInterceptor#0&apos; to allow for resolving potential circular references
[ main:15120 ] org.springframework.beans.CachedIntrospectionResults.&lt;init&gt;(CachedIntrospectionResults.java:265) Getting BeanInfo for class [org.springframework.web.servlet.handler.MappedInterceptor]
[ main:15120 ] org.springframework.beans.CachedIntrospectionResults.&lt;init&gt;(CachedIntrospectionResults.java:284) Caching PropertyDescriptors for class [org.springframework.web.servlet.handler.MappedInterceptor]
[ main:15121 ] org.springframework.beans.CachedIntrospectionResults.&lt;init&gt;(CachedIntrospectionResults.java:297) Found bean property &apos;class&apos; of type [java.lang.Class]
[ main:15121 ] org.springframework.beans.CachedIntrospectionResults.&lt;init&gt;(CachedIntrospectionResults.java:297) Found bean property &apos;interceptor&apos; of type [org.springframework.web.servlet.HandlerInterceptor]
[ main:15121 ] org.springframework.beans.CachedIntrospectionResults.&lt;init&gt;(CachedIntrospectionResults.java:297) Found bean property &apos;pathMatcher&apos; of type [org.springframework.util.PathMatcher]
[ main:15121 ] org.springframework.beans.CachedIntrospectionResults.&lt;init&gt;(CachedIntrospectionResults.java:297) Found bean property &apos;pathPatterns&apos; of type [[Ljava.lang.String;]
[ main:15122 ] org.springframework.beans.factory.support.AbstractBeanFactory.doGetBean(AbstractBeanFactory.java:251) Returning cached instance of singleton bean &apos;org.springframework.transaction.config.internalTransactionAdvisor&apos;
[ main:15122 ] org.springframework.beans.factory.support.AbstractAutowireCapableBeanFactory.createBean(AbstractAutowireCapableBeanFactory.java:484) Finished creating instance of bean &apos;org.springframework.web.servlet.handler.MappedInterceptor#0&apos;
[ main:15122 ] org.springframework.beans.factory.support.DefaultSingletonBeanRegistry.getSingleton(DefaultSingletonBeanRegistry.java:221) Creating shared instance of singleton bean &apos;org.springframework.web.servlet.handler.MappedInterceptor#1&apos;
[ main:15122 ] org.springframework.beans.factory.support.AbstractAutowireCapableBeanFactory.createBean(AbstractAutowireCapableBeanFactory.java:448) Creating instance of bean &apos;org.springframework.web.servlet.handler.MappedInterceptor#1&apos;
[ main:15123 ] org.springframework.beans.factory.support.AbstractAutowireCapableBeanFactory.createBean(AbstractAutowireCapableBeanFactory.java:448) Creating instance of bean &apos;(inner bean)#7fb33394&apos;
[ main:15123 ] org.springframework.beans.factory.support.AbstractAutowireCapableBeanFactory.createBean(AbstractAutowireCapableBeanFactory.java:448) Creating instance of bean &apos;(inner bean)#41bf79da&apos;
[ main:15123 ] org.springframework.beans.CachedIntrospectionResults.&lt;init&gt;(CachedIntrospectionResults.java:265) Getting BeanInfo for class [org.springframework.web.servlet.resource.ResourceUrlProvider]
[ main:15123 ] org.springframework.beans.CachedIntrospectionResults.&lt;init&gt;(CachedIntrospectionResults.java:284) Caching PropertyDescriptors for class [org.springframework.web.servlet.resource.ResourceUrlProvider]
[ main:15123 ] org.springframework.beans.CachedIntrospectionResults.&lt;init&gt;(CachedIntrospectionResults.java:297) Found bean property &apos;autodetect&apos; of type [boolean]
[ main:15123 ] org.springframework.beans.CachedIntrospectionResults.&lt;init&gt;(CachedIntrospectionResults.java:297) Found bean property &apos;class&apos; of type [java.lang.Class]
[ main:15124 ] org.springframework.beans.CachedIntrospectionResults.&lt;init&gt;(CachedIntrospectionResults.java:297) Found bean property &apos;handlerMap&apos; of type [java.util.Map]
[ main:15124 ] org.springframework.beans.CachedIntrospectionResults.&lt;init&gt;(CachedIntrospectionResults.java:297) Found bean property &apos;pathHelper&apos; of type [org.springframework.web.util.UrlPathHelper]
[ main:15124 ] org.springframework.beans.CachedIntrospectionResults.&lt;init&gt;(CachedIntrospectionResults.java:297) Found bean property &apos;pathMatcher&apos; of type [org.springframework.util.PathMatcher]
[ main:15124 ] org.springframework.beans.CachedIntrospectionResults.&lt;init&gt;(CachedIntrospectionResults.java:297) Found bean property &apos;urlPathHelper&apos; of type [org.springframework.web.util.UrlPathHelper]
[ main:15124 ] org.springframework.beans.factory.support.AbstractBeanFactory.doGetBean(AbstractBeanFactory.java:251) Returning cached instance of singleton bean &apos;org.springframework.transaction.config.internalTransactionAdvisor&apos;
[ main:15125 ] org.springframework.beans.factory.support.AbstractAutowireCapableBeanFactory.createBean(AbstractAutowireCapableBeanFactory.java:484) Finished creating instance of bean &apos;(inner bean)#41bf79da&apos;
[ main:15125 ] org.springframework.beans.CachedIntrospectionResults.&lt;init&gt;(CachedIntrospectionResults.java:265) Getting BeanInfo for class [org.springframework.web.servlet.resource.ResourceUrlProviderExposingInterceptor]
[ main:15126 ] org.springframework.beans.CachedIntrospectionResults.&lt;init&gt;(CachedIntrospectionResults.java:284) Caching PropertyDescriptors for class [org.springframework.web.servlet.resource.ResourceUrlProviderExposingInterceptor]
[ main:15126 ] org.springframework.beans.CachedIntrospectionResults.&lt;init&gt;(CachedIntrospectionResults.java:297) Found bean property &apos;class&apos; of type [java.lang.Class]
[ main:15126 ] org.springframework.beans.factory.support.AbstractBeanFactory.doGetBean(AbstractBeanFactory.java:251) Returning cached instance of singleton bean &apos;org.springframework.transaction.config.internalTransactionAdvisor&apos;
[ main:15127 ] org.springframework.beans.factory.support.AbstractAutowireCapableBeanFactory.createBean(AbstractAutowireCapableBeanFactory.java:484) Finished creating instance of bean &apos;(inner bean)#7fb33394&apos;
[ main:15127 ] org.springframework.beans.factory.support.ConstructorResolver.autowireConstructor(ConstructorResolver.java:194) Ignoring constructor [public org.springframework.web.servlet.handler.MappedInterceptor(java.lang.String[],java.lang.String[],org.springframework.web.context.request.WebRequestInterceptor)] of bean &apos;org.springframework.web.servlet.handler.MappedInterceptor#1&apos;: org.springframework.beans.factory.UnsatisfiedDependencyException: Error creating bean with name &apos;org.springframework.web.servlet.handler.MappedInterceptor#1&apos;: Unsatisfied dependency expressed through constructor parameter 1: Could not convert argument value of type [org.springframework.web.servlet.resource.ResourceUrlProviderExposingInterceptor] to required type [[Ljava.lang.String;]: Failed to convert value of type [org.springframework.web.servlet.resource.ResourceUrlProviderExposingInterceptor] to required type [java.lang.String[]]; nested exception is java.lang.IllegalStateException: Cannot convert value of type [org.springframework.web.servlet.resource.ResourceUrlProviderExposingInterceptor] to required type [java.lang.String]: no matching editors or conversion strategy found
[ main:15128 ] org.springframework.beans.factory.support.ConstructorResolver.autowireConstructor(ConstructorResolver.java:194) Ignoring constructor [public org.springframework.web.servlet.handler.MappedInterceptor(java.lang.String[],java.lang.String[],org.springframework.web.servlet.HandlerInterceptor)] of bean &apos;org.springframework.web.servlet.handler.MappedInterceptor#1&apos;: org.springframework.beans.factory.UnsatisfiedDependencyException: Error creating bean with name &apos;org.springframework.web.servlet.handler.MappedInterceptor#1&apos;: Unsatisfied dependency expressed through constructor parameter 1: Could not convert argument value of type [org.springframework.web.servlet.resource.ResourceUrlProviderExposingInterceptor] to required type [[Ljava.lang.String;]: Failed to convert value of type [org.springframework.web.servlet.resource.ResourceUrlProviderExposingInterceptor] to required type [java.lang.String[]]; nested exception is java.lang.IllegalStateException: Cannot convert value of type [org.springframework.web.servlet.resource.ResourceUrlProviderExposingInterceptor] to required type [java.lang.String]: no matching editors or conversion strategy found
[ main:15128 ] org.springframework.beans.factory.support.ConstructorResolver.autowireConstructor(ConstructorResolver.java:194) Ignoring constructor [public org.springframework.web.servlet.handler.MappedInterceptor(java.lang.String[],org.springframework.web.context.request.WebRequestInterceptor)] of bean &apos;org.springframework.web.servlet.handler.MappedInterceptor#1&apos;: org.springframework.beans.factory.UnsatisfiedDependencyException: Error creating bean with name &apos;org.springframework.web.servlet.handler.MappedInterceptor#1&apos;: Unsatisfied dependency expressed through constructor parameter 1: Could not convert argument value of type [org.springframework.web.servlet.resource.ResourceUrlProviderExposingInterceptor] to required type [org.springframework.web.context.request.WebRequestInterceptor]: Failed to convert value of type [org.springframework.web.servlet.resource.ResourceUrlProviderExposingInterceptor] to required type [org.springframework.web.context.request.WebRequestInterceptor]; nested exception is java.lang.IllegalStateException: Cannot convert value of type [org.springframework.web.servlet.resource.ResourceUrlProviderExposingInterceptor] to required type [org.springframework.web.context.request.WebRequestInterceptor]: no matching editors or conversion strategy found
[ main:15128 ] org.springframework.beans.factory.support.AbstractAutowireCapableBeanFactory.doCreateBean(AbstractAutowireCapableBeanFactory.java:529) Eagerly caching bean &apos;org.springframework.web.servlet.handler.MappedInterceptor#1&apos; to allow for resolving potential circular references
[ main:15129 ] org.springframework.beans.factory.support.AbstractBeanFactory.doGetBean(AbstractBeanFactory.java:251) Returning cached instance of singleton bean &apos;org.springframework.transaction.config.internalTransactionAdvisor&apos;
[ main:15129 ] org.springframework.beans.factory.support.AbstractAutowireCapableBeanFactory.createBean(AbstractAutowireCapableBeanFactory.java:484) Finished creating instance of bean &apos;org.springframework.web.servlet.handler.MappedInterceptor#1&apos;
[ main:15129 ] org.springframework.beans.factory.support.AbstractAutowireCapableBeanFactory.invokeInitMethods(AbstractAutowireCapableBeanFactory.java:1620) Invoking afterPropertiesSet() on bean with name &apos;org.springframework.web.servlet.mvc.method.annotation.RequestMappingHandlerMapping&apos;
[ main:15129 ] org.springframework.web.servlet.handler.AbstractHandlerMethodMapping.initHandlerMethods(AbstractHandlerMethodMapping.java:195) Looking for request mappings in application context: org.springframework.context.support.ClassPathXmlApplicationContext@1ffcf674: startup date [Wed Sep 09 19:11:02 CST 2020]; root of context hierarchy
[ main:15130 ] org.springframework.web.servlet.handler.AbstractHandlerMethodMapping.detectHandlerMethods(AbstractHandlerMethodMapping.java:245) 4 request handler methods found on class com.study.basic.web.ClsController: {public org.springframework.web.servlet.ModelAndView com.study.basic.web.ClsController.showAllCls()={[/basic/clsmain],methods=[GET || POST]}, public boolean com.study.basic.web.ClsController.deleteUserinfo(com.study.basic.pojo.Cls)={[/basic/clsdel],methods=[GET || POST]}, public boolean com.study.basic.web.ClsController.saveCls(com.study.basic.pojo.Cls)={[/basic/clssave],methods=[GET || POST]}, public com.study.basic.pojo.Cls com.study.basic.web.ClsController.selectUserForEdit(java.lang.Integer)={[/basic/selectClsForEdit],methods=[GET || POST]}}
[ main:15130 ] org.springframework.web.servlet.handler.AbstractHandlerMethodMapping$MappingRegistry.register(AbstractHandlerMethodMapping.java:543) Mapped &quot;{[/basic/clsmain],methods=[GET || POST]}&quot; onto public org.springframework.web.servlet.ModelAndView com.study.basic.web.ClsController.showAllCls()
[ main:15130 ] org.springframework.web.servlet.handler.AbstractHandlerMethodMapping$MappingRegistry.addMappingName(AbstractHandlerMethodMapping.java:603) Mapping name &apos;CC#showAllCls&apos;
[ main:15130 ] org.springframework.web.servlet.handler.AbstractHandlerMethodMapping$MappingRegistry.register(AbstractHandlerMethodMapping.java:543) Mapped &quot;{[/basic/clsdel],methods=[GET || POST]}&quot; onto public boolean com.study.basic.web.ClsController.deleteUserinfo(com.study.basic.pojo.Cls)
[ main:15131 ] org.springframework.web.servlet.handler.AbstractHandlerMethodMapping$MappingRegistry.addMappingName(AbstractHandlerMethodMapping.java:603) Mapping name &apos;CC#deleteUserinfo&apos;
[ main:15131 ] org.springframework.web.servlet.handler.AbstractHandlerMethodMapping$MappingRegistry.register(AbstractHandlerMethodMapping.java:543) Mapped &quot;{[/basic/clssave],methods=[GET || POST]}&quot; onto public boolean com.study.basic.web.ClsController.saveCls(com.study.basic.pojo.Cls)
[ main:15131 ] org.springframework.web.servlet.handler.AbstractHandlerMethodMapping$MappingRegistry.addMappingName(AbstractHandlerMethodMapping.java:603) Mapping name &apos;CC#saveCls&apos;
[ main:15131 ] org.springframework.web.servlet.handler.AbstractHandlerMethodMapping$MappingRegistry.register(AbstractHandlerMethodMapping.java:543) Mapped &quot;{[/basic/selectClsForEdit],methods=[GET || POST]}&quot; onto public com.study.basic.pojo.Cls com.study.basic.web.ClsController.selectUserForEdit(java.lang.Integer)
[ main:15131 ] org.springframework.web.servlet.handler.AbstractHandlerMethodMapping$MappingRegistry.addMappingName(AbstractHandlerMethodMapping.java:603) Mapping name &apos;CC#selectUserForEdit&apos;
[ main:15132 ] org.springframework.web.servlet.handler.AbstractHandlerMethodMapping.detectHandlerMethods(AbstractHandlerMethodMapping.java:245) 4 request handler methods found on class com.study.basic.web.ClsRoomController: {public boolean com.study.basic.web.ClsRoomController.updateClsRoomStatus(com.study.basic.pojo.ClsRoom)={[/basic/clsRoomdel],methods=[GET || POST]}, public com.study.basic.pojo.ClsRoom com.study.basic.web.ClsRoomController.updateClsRoom(java.lang.Integer)={[/basic/clsroomedit],methods=[GET || POST]}, public org.springframework.web.servlet.ModelAndView com.study.basic.web.ClsRoomController.showAllClsRoom()={[/basic/clsRoommain],methods=[GET || POST]}, public com.study.basic.pojo.ClsRoom com.study.basic.web.ClsRoomController.saveClsRoom(com.study.basic.pojo.ClsRoom)={[/basic/clsroomsave],methods=[GET || POST]}}
[ main:15132 ] org.springframework.web.servlet.handler.AbstractHandlerMethodMapping$MappingRegistry.register(AbstractHandlerMethodMapping.java:543) Mapped &quot;{[/basic/clsRoomdel],methods=[GET || POST]}&quot; onto public boolean com.study.basic.web.ClsRoomController.updateClsRoomStatus(com.study.basic.pojo.ClsRoom)
[ main:15132 ] org.springframework.web.servlet.handler.AbstractHandlerMethodMapping$MappingRegistry.addMappingName(AbstractHandlerMethodMapping.java:603) Mapping name &apos;CRC#updateClsRoomStatus&apos;
[ main:15132 ] org.springframework.web.servlet.handler.AbstractHandlerMethodMapping$MappingRegistry.register(AbstractHandlerMethodMapping.java:543) Mapped &quot;{[/basic/clsroomedit],methods=[GET || POST]}&quot; onto public com.study.basic.pojo.ClsRoom com.study.basic.web.ClsRoomController.updateClsRoom(java.lang.Integer)
[ main:15133 ] org.springframework.web.servlet.handler.AbstractHandlerMethodMapping$MappingRegistry.addMappingName(AbstractHandlerMethodMapping.java:603) Mapping name &apos;CRC#updateClsRoom&apos;
[ main:15133 ] org.springframework.web.servlet.handler.AbstractHandlerMethodMapping$MappingRegistry.register(AbstractHandlerMethodMapping.java:543) Mapped &quot;{[/basic/clsRoommain],methods=[GET || POST]}&quot; onto public org.springframework.web.servlet.ModelAndView com.study.basic.web.ClsRoomController.showAllClsRoom()
[ main:15133 ] org.springframework.web.servlet.handler.AbstractHandlerMethodMapping$MappingRegistry.addMappingName(AbstractHandlerMethodMapping.java:603) Mapping name &apos;CRC#showAllClsRoom&apos;
[ main:15134 ] org.springframework.web.servlet.handler.AbstractHandlerMethodMapping$MappingRegistry.register(AbstractHandlerMethodMapping.java:543) Mapped &quot;{[/basic/clsroomsave],methods=[GET || POST]}&quot; onto public com.study.basic.pojo.ClsRoom com.study.basic.web.ClsRoomController.saveClsRoom(com.study.basic.pojo.ClsRoom)
[ main:15134 ] org.springframework.web.servlet.handler.AbstractHandlerMethodMapping$MappingRegistry.addMappingName(AbstractHandlerMethodMapping.java:603) Mapping name &apos;CRC#saveClsRoom&apos;
[ main:15135 ] org.springframework.web.servlet.handler.AbstractHandlerMethodMapping.detectHandlerMethods(AbstractHandlerMethodMapping.java:245) 4 request handler methods found on class com.study.basic.web.UserInfoController: {public boolean com.study.basic.web.UserInfoController.deleteUserinfo(com.study.basic.pojo.UserInfo)={[/basic/userdel],methods=[GET || POST]}, public org.springframework.web.servlet.ModelAndView com.study.basic.web.UserInfoController.showAllUserinfo()={[/basic/usermain],methods=[GET || POST]}, public boolean com.study.basic.web.UserInfoController.saveUser(java.lang.Integer,java.lang.String,java.lang.String,java.lang.String,java.lang.String,java.lang.String,java.lang.Integer,java.util.Date)={[/basic/usersave],methods=[GET || POST]}, public com.study.basic.pojo.UserInfo com.study.basic.web.UserInfoController.selectUserForEdit(java.lang.Integer)={[/basic/selectUserForEdit],methods=[GET || POST]}}
[ main:15135 ] org.springframework.web.servlet.handler.AbstractHandlerMethodMapping$MappingRegistry.register(AbstractHandlerMethodMapping.java:543) Mapped &quot;{[/basic/userdel],methods=[GET || POST]}&quot; onto public boolean com.study.basic.web.UserInfoController.deleteUserinfo(com.study.basic.pojo.UserInfo)
[ main:15135 ] org.springframework.web.servlet.handler.AbstractHandlerMethodMapping$MappingRegistry.addMappingName(AbstractHandlerMethodMapping.java:603) Mapping name &apos;UIC#deleteUserinfo&apos;
[ main:15136 ] org.springframework.web.servlet.handler.AbstractHandlerMethodMapping$MappingRegistry.register(AbstractHandlerMethodMapping.java:543) Mapped &quot;{[/basic/usermain],methods=[GET || POST]}&quot; onto public org.springframework.web.servlet.ModelAndView com.study.basic.web.UserInfoController.showAllUserinfo()
[ main:15136 ] org.springframework.web.servlet.handler.AbstractHandlerMethodMapping$MappingRegistry.addMappingName(AbstractHandlerMethodMapping.java:603) Mapping name &apos;UIC#showAllUserinfo&apos;
[ main:15136 ] org.springframework.web.servlet.handler.AbstractHandlerMethodMapping$MappingRegistry.register(AbstractHandlerMethodMapping.java:543) Mapped &quot;{[/basic/usersave],methods=[GET || POST]}&quot; onto public boolean com.study.basic.web.UserInfoController.saveUser(java.lang.Integer,java.lang.String,java.lang.String,java.lang.String,java.lang.String,java.lang.String,java.lang.Integer,java.util.Date)
[ main:15136 ] org.springframework.web.servlet.handler.AbstractHandlerMethodMapping$MappingRegistry.addMappingName(AbstractHandlerMethodMapping.java:603) Mapping name &apos;UIC#saveUser&apos;
[ main:15136 ] org.springframework.web.servlet.handler.AbstractHandlerMethodMapping$MappingRegistry.register(AbstractHandlerMethodMapping.java:543) Mapped &quot;{[/basic/selectUserForEdit],methods=[GET || POST]}&quot; onto public com.study.basic.pojo.UserInfo com.study.basic.web.UserInfoController.selectUserForEdit(java.lang.Integer)
[ main:15137 ] org.springframework.web.servlet.handler.AbstractHandlerMethodMapping$MappingRegistry.addMappingName(AbstractHandlerMethodMapping.java:603) Mapping name &apos;UIC#selectUserForEdit&apos;
[ main:15138 ] org.springframework.web.servlet.handler.AbstractHandlerMethodMapping.detectHandlerMethods(AbstractHandlerMethodMapping.java:245) 8 request handler methods found on class com.study.user.web.UserController: {public org.springframework.web.servlet.ModelAndView com.study.user.web.UserController.listAllRole() throws java.lang.Exception={[/user/rolemain],methods=[GET || POST]}, public com.study.user.pojo.Role com.study.user.web.UserController.updateRole(java.lang.Integer)={[/user/roleedit],methods=[GET || POST]}, public boolean com.study.user.web.UserController.deleteRole(java.lang.Integer)={[/user/roledelete],methods=[GET || POST]}, public org.springframework.web.servlet.ModelAndView com.study.user.web.UserController.rolerightModify(java.lang.Integer) throws java.lang.Exception={[/user/rolerightmodify/{roleId}],methods=[GET || POST]}, public com.study.user.pojo.Role com.study.user.web.UserController.saveRole(com.study.user.pojo.Role) throws java.lang.Exception={[/user/saverole],methods=[GET || POST]}, public org.springframework.web.servlet.ModelAndView com.study.user.web.UserController.saveRoleright(java.lang.Integer,java.util.List) throws java.lang.Exception={[/user/saveright],methods=[GET || POST]}, public org.springframework.web.servlet.ModelAndView com.study.user.web.UserController.listAllteacher() throws java.lang.Exception={[/user/teachermain],methods=[GET || POST]}, public org.springframework.web.servlet.ModelAndView com.study.user.web.UserController.loginRequest(com.study.user.pojo.Teacher,javax.servlet.http.HttpSession) throws java.lang.Exception={[/user/login],methods=[GET || POST]}}
[ main:15138 ] org.springframework.web.servlet.handler.AbstractHandlerMethodMapping$MappingRegistry.register(AbstractHandlerMethodMapping.java:543) Mapped &quot;{[/user/rolemain],methods=[GET || POST]}&quot; onto public org.springframework.web.servlet.ModelAndView com.study.user.web.UserController.listAllRole() throws java.lang.Exception
[ main:15138 ] org.springframework.web.servlet.handler.AbstractHandlerMethodMapping$MappingRegistry.addMappingName(AbstractHandlerMethodMapping.java:603) Mapping name &apos;UC#listAllRole&apos;
[ main:15139 ] org.springframework.web.servlet.handler.AbstractHandlerMethodMapping$MappingRegistry.register(AbstractHandlerMethodMapping.java:543) Mapped &quot;{[/user/roleedit],methods=[GET || POST]}&quot; onto public com.study.user.pojo.Role com.study.user.web.UserController.updateRole(java.lang.Integer)
[ main:15139 ] org.springframework.web.servlet.handler.AbstractHandlerMethodMapping$MappingRegistry.addMappingName(AbstractHandlerMethodMapping.java:603) Mapping name &apos;UC#updateRole&apos;
[ main:15139 ] org.springframework.web.servlet.handler.AbstractHandlerMethodMapping$MappingRegistry.register(AbstractHandlerMethodMapping.java:543) Mapped &quot;{[/user/roledelete],methods=[GET || POST]}&quot; onto public boolean com.study.user.web.UserController.deleteRole(java.lang.Integer)
[ main:15140 ] org.springframework.web.servlet.handler.AbstractHandlerMethodMapping$MappingRegistry.addMappingName(AbstractHandlerMethodMapping.java:603) Mapping name &apos;UC#deleteRole&apos;
[ main:15140 ] org.springframework.web.servlet.handler.AbstractHandlerMethodMapping$MappingRegistry.register(AbstractHandlerMethodMapping.java:543) Mapped &quot;{[/user/rolerightmodify/{roleId}],methods=[GET || POST]}&quot; onto public org.springframework.web.servlet.ModelAndView com.study.user.web.UserController.rolerightModify(java.lang.Integer) throws java.lang.Exception
[ main:15140 ] org.springframework.web.servlet.handler.AbstractHandlerMethodMapping$MappingRegistry.addMappingName(AbstractHandlerMethodMapping.java:603) Mapping name &apos;UC#rolerightModify&apos;
[ main:15140 ] org.springframework.web.servlet.handler.AbstractHandlerMethodMapping$MappingRegistry.register(AbstractHandlerMethodMapping.java:543) Mapped &quot;{[/user/saverole],methods=[GET || POST]}&quot; onto public com.study.user.pojo.Role com.study.user.web.UserController.saveRole(com.study.user.pojo.Role) throws java.lang.Exception
[ main:15140 ] org.springframework.web.servlet.handler.AbstractHandlerMethodMapping$MappingRegistry.addMappingName(AbstractHandlerMethodMapping.java:603) Mapping name &apos;UC#saveRole&apos;
[ main:15140 ] org.springframework.web.servlet.handler.AbstractHandlerMethodMapping$MappingRegistry.register(AbstractHandlerMethodMapping.java:543) Mapped &quot;{[/user/saveright],methods=[GET || POST]}&quot; onto public org.springframework.web.servlet.ModelAndView com.study.user.web.UserController.saveRoleright(java.lang.Integer,java.util.List&lt;java.lang.Integer&gt;) throws java.lang.Exception
[ main:15141 ] org.springframework.web.servlet.handler.AbstractHandlerMethodMapping$MappingRegistry.addMappingName(AbstractHandlerMethodMapping.java:603) Mapping name &apos;UC#saveRoleright&apos;
[ main:15141 ] org.springframework.web.servlet.handler.AbstractHandlerMethodMapping$MappingRegistry.register(AbstractHandlerMethodMapping.java:543) Mapped &quot;{[/user/teachermain],methods=[GET || POST]}&quot; onto public org.springframework.web.servlet.ModelAndView com.study.user.web.UserController.listAllteacher() throws java.lang.Exception
[ main:15141 ] org.springframework.web.servlet.handler.AbstractHandlerMethodMapping$MappingRegistry.addMappingName(AbstractHandlerMethodMapping.java:603) Mapping name &apos;UC#listAllteacher&apos;
[ main:15141 ] org.springframework.web.servlet.handler.AbstractHandlerMethodMapping$MappingRegistry.register(AbstractHandlerMethodMapping.java:543) Mapped &quot;{[/user/login],methods=[GET || POST]}&quot; onto public org.springframework.web.servlet.ModelAndView com.study.user.web.UserController.loginRequest(com.study.user.pojo.Teacher,javax.servlet.http.HttpSession) throws java.lang.Exception
[ main:15141 ] org.springframework.web.servlet.handler.AbstractHandlerMethodMapping$MappingRegistry.addMappingName(AbstractHandlerMethodMapping.java:603) Mapping name &apos;UC#loginRequest&apos;
[ main:15141 ] org.springframework.beans.factory.support.AbstractBeanFactory.doGetBean(AbstractBeanFactory.java:251) Returning cached instance of singleton bean &apos;org.springframework.transaction.config.internalTransactionAdvisor&apos;
[ main:15142 ] org.springframework.beans.factory.support.AbstractAutowireCapableBeanFactory.createBean(AbstractAutowireCapableBeanFactory.java:484) Finished creating instance of bean &apos;org.springframework.web.servlet.mvc.method.annotation.RequestMappingHandlerMapping&apos;
[ main:15142 ] org.springframework.beans.factory.support.AbstractBeanFactory.doGetBean(AbstractBeanFactory.java:251) Returning cached instance of singleton bean &apos;mvcCorsConfigurations&apos;
[ main:15142 ] org.springframework.beans.factory.support.AbstractBeanFactory.doGetBean(AbstractBeanFactory.java:251) Returning cached instance of singleton bean &apos;org.springframework.format.support.FormattingConversionServiceFactoryBean#0&apos;
[ main:15142 ] org.springframework.beans.factory.support.DefaultSingletonBeanRegistry.getSingleton(DefaultSingletonBeanRegistry.java:221) Creating shared instance of singleton bean &apos;org.springframework.web.servlet.mvc.method.annotation.RequestMappingHandlerAdapter&apos;
[ main:15142 ] org.springframework.beans.factory.support.AbstractAutowireCapableBeanFactory.createBean(AbstractAutowireCapableBeanFactory.java:448) Creating instance of bean &apos;org.springframework.web.servlet.mvc.method.annotation.RequestMappingHandlerAdapter&apos;
[ main:15144 ] org.springframework.beans.factory.support.AbstractAutowireCapableBeanFactory.doCreateBean(AbstractAutowireCapableBeanFactory.java:529) Eagerly caching bean &apos;org.springframework.web.servlet.mvc.method.annotation.RequestMappingHandlerAdapter&apos; to allow for resolving potential circular references
[ main:15144 ] org.springframework.beans.CachedIntrospectionResults.&lt;init&gt;(CachedIntrospectionResults.java:265) Getting BeanInfo for class [org.springframework.web.servlet.mvc.method.annotation.RequestMappingHandlerAdapter]
[ main:15145 ] org.springframework.beans.CachedIntrospectionResults.&lt;init&gt;(CachedIntrospectionResults.java:284) Caching PropertyDescriptors for class [org.springframework.web.servlet.mvc.method.annotation.RequestMappingHandlerAdapter]
[ main:15145 ] org.springframework.beans.CachedIntrospectionResults.&lt;init&gt;(CachedIntrospectionResults.java:297) Found bean property &apos;alwaysMustRevalidate&apos; of type [boolean]
[ main:15145 ] org.springframework.beans.CachedIntrospectionResults.&lt;init&gt;(CachedIntrospectionResults.java:297) Found bean property &apos;applicationContext&apos; of type [org.springframework.context.ApplicationContext]
[ main:15145 ] org.springframework.beans.CachedIntrospectionResults.&lt;init&gt;(CachedIntrospectionResults.java:297) Found bean property &apos;argumentResolvers&apos; of type [java.util.List]
[ main:15145 ] org.springframework.beans.CachedIntrospectionResults.&lt;init&gt;(CachedIntrospectionResults.java:297) Found bean property &apos;asyncRequestTimeout&apos; of type [long]
[ main:15145 ] org.springframework.beans.CachedIntrospectionResults.&lt;init&gt;(CachedIntrospectionResults.java:297) Found bean property &apos;beanFactory&apos; of type [org.springframework.beans.factory.BeanFactory]
[ main:15145 ] org.springframework.beans.CachedIntrospectionResults.&lt;init&gt;(CachedIntrospectionResults.java:297) Found bean property &apos;cacheControl&apos; of type [org.springframework.http.CacheControl]
[ main:15145 ] org.springframework.beans.CachedIntrospectionResults.&lt;init&gt;(CachedIntrospectionResults.java:297) Found bean property &apos;cacheSeconds&apos; of type [int]
[ main:15145 ] org.springframework.beans.CachedIntrospectionResults.&lt;init&gt;(CachedIntrospectionResults.java:297) Found bean property &apos;cacheSecondsForSessionAttributeHandlers&apos; of type [int]
[ main:15145 ] org.springframework.beans.CachedIntrospectionResults.&lt;init&gt;(CachedIntrospectionResults.java:297) Found bean property &apos;callableInterceptors&apos; of type [java.util.List]
[ main:15145 ] org.springframework.beans.CachedIntrospectionResults.&lt;init&gt;(CachedIntrospectionResults.java:297) Found bean property &apos;class&apos; of type [java.lang.Class]
[ main:15146 ] org.springframework.beans.CachedIntrospectionResults.&lt;init&gt;(CachedIntrospectionResults.java:297) Found bean property &apos;contentNegotiationManager&apos; of type [org.springframework.web.accept.ContentNegotiationManager]
[ main:15146 ] org.springframework.beans.CachedIntrospectionResults.&lt;init&gt;(CachedIntrospectionResults.java:297) Found bean property &apos;customArgumentResolvers&apos; of type [java.util.List]
[ main:15146 ] org.springframework.beans.CachedIntrospectionResults.&lt;init&gt;(CachedIntrospectionResults.java:297) Found bean property &apos;customReturnValueHandlers&apos; of type [java.util.List]
[ main:15146 ] org.springframework.beans.CachedIntrospectionResults.&lt;init&gt;(CachedIntrospectionResults.java:297) Found bean property &apos;deferredResultInterceptors&apos; of type [java.util.List]
[ main:15146 ] org.springframework.beans.CachedIntrospectionResults.&lt;init&gt;(CachedIntrospectionResults.java:297) Found bean property &apos;ignoreDefaultModelOnRedirect&apos; of type [boolean]
[ main:15146 ] org.springframework.beans.CachedIntrospectionResults.&lt;init&gt;(CachedIntrospectionResults.java:297) Found bean property &apos;initBinderArgumentResolvers&apos; of type [java.util.List]
[ main:15146 ] org.springframework.beans.CachedIntrospectionResults.&lt;init&gt;(CachedIntrospectionResults.java:297) Found bean property &apos;messageConverters&apos; of type [java.util.List]
[ main:15146 ] org.springframework.beans.CachedIntrospectionResults.&lt;init&gt;(CachedIntrospectionResults.java:297) Found bean property &apos;modelAndViewResolvers&apos; of type [java.util.List]
[ main:15147 ] org.springframework.beans.CachedIntrospectionResults.&lt;init&gt;(CachedIntrospectionResults.java:297) Found bean property &apos;order&apos; of type [int]
[ main:15147 ] org.springframework.beans.CachedIntrospectionResults.&lt;init&gt;(CachedIntrospectionResults.java:297) Found bean property &apos;parameterNameDiscoverer&apos; of type [org.springframework.core.ParameterNameDiscoverer]
[ main:15147 ] org.springframework.beans.CachedIntrospectionResults.&lt;init&gt;(CachedIntrospectionResults.java:297) Found bean property &apos;requestBodyAdvice&apos; of type [java.util.List]
[ main:15147 ] org.springframework.beans.CachedIntrospectionResults.&lt;init&gt;(CachedIntrospectionResults.java:297) Found bean property &apos;requireSession&apos; of type [boolean]
[ main:15147 ] org.springframework.beans.CachedIntrospectionResults.&lt;init&gt;(CachedIntrospectionResults.java:297) Found bean property &apos;responseBodyAdvice&apos; of type [java.util.List]
[ main:15147 ] org.springframework.beans.CachedIntrospectionResults.&lt;init&gt;(CachedIntrospectionResults.java:297) Found bean property &apos;returnValueHandlers&apos; of type [java.util.List]
[ main:15147 ] org.springframework.beans.CachedIntrospectionResults.&lt;init&gt;(CachedIntrospectionResults.java:297) Found bean property &apos;servletContext&apos; of type [javax.servlet.ServletContext]
[ main:15147 ] org.springframework.beans.CachedIntrospectionResults.&lt;init&gt;(CachedIntrospectionResults.java:297) Found bean property &apos;sessionAttributeStore&apos; of type [org.springframework.web.bind.support.SessionAttributeStore]
[ main:15147 ] org.springframework.beans.CachedIntrospectionResults.&lt;init&gt;(CachedIntrospectionResults.java:297) Found bean property &apos;supportedMethods&apos; of type [[Ljava.lang.String;]
[ main:15147 ] org.springframework.beans.CachedIntrospectionResults.&lt;init&gt;(CachedIntrospectionResults.java:297) Found bean property &apos;synchronizeOnSession&apos; of type [boolean]
[ main:15147 ] org.springframework.beans.CachedIntrospectionResults.&lt;init&gt;(CachedIntrospectionResults.java:297) Found bean property &apos;taskExecutor&apos; of type [org.springframework.core.task.AsyncTaskExecutor]
[ main:15147 ] org.springframework.beans.CachedIntrospectionResults.&lt;init&gt;(CachedIntrospectionResults.java:297) Found bean property &apos;useCacheControlHeader&apos; of type [boolean]
[ main:15148 ] org.springframework.beans.CachedIntrospectionResults.&lt;init&gt;(CachedIntrospectionResults.java:297) Found bean property &apos;useCacheControlNoStore&apos; of type [boolean]
[ main:15148 ] org.springframework.beans.CachedIntrospectionResults.&lt;init&gt;(CachedIntrospectionResults.java:297) Found bean property &apos;useExpiresHeader&apos; of type [boolean]
[ main:15148 ] org.springframework.beans.CachedIntrospectionResults.&lt;init&gt;(CachedIntrospectionResults.java:297) Found bean property &apos;varyByRequestHeaders&apos; of type [[Ljava.lang.String;]
[ main:15148 ] org.springframework.beans.CachedIntrospectionResults.&lt;init&gt;(CachedIntrospectionResults.java:297) Found bean property &apos;webBindingInitializer&apos; of type [org.springframework.web.bind.support.WebBindingInitializer]
[ main:15149 ] org.springframework.beans.factory.support.AbstractBeanFactory.doGetBean(AbstractBeanFactory.java:251) Returning cached instance of singleton bean &apos;mvcContentNegotiationManager&apos;
[ main:15150 ] org.springframework.beans.factory.support.AbstractAutowireCapableBeanFactory.createBean(AbstractAutowireCapableBeanFactory.java:448) Creating instance of bean &apos;(inner bean)#74aa9c72&apos;
[ main:15150 ] org.springframework.beans.CachedIntrospectionResults.&lt;init&gt;(CachedIntrospectionResults.java:265) Getting BeanInfo for class [org.springframework.web.bind.support.ConfigurableWebBindingInitializer]
[ main:15150 ] org.springframework.beans.CachedIntrospectionResults.&lt;init&gt;(CachedIntrospectionResults.java:284) Caching PropertyDescriptors for class [org.springframework.web.bind.support.ConfigurableWebBindingInitializer]
[ main:15150 ] org.springframework.beans.CachedIntrospectionResults.&lt;init&gt;(CachedIntrospectionResults.java:297) Found bean property &apos;autoGrowNestedPaths&apos; of type [boolean]
[ main:15150 ] org.springframework.beans.CachedIntrospectionResults.&lt;init&gt;(CachedIntrospectionResults.java:297) Found bean property &apos;bindingErrorProcessor&apos; of type [org.springframework.validation.BindingErrorProcessor]
[ main:15150 ] org.springframework.beans.CachedIntrospectionResults.&lt;init&gt;(CachedIntrospectionResults.java:297) Found bean property &apos;class&apos; of type [java.lang.Class]
[ main:15151 ] org.springframework.beans.CachedIntrospectionResults.&lt;init&gt;(CachedIntrospectionResults.java:297) Found bean property &apos;conversionService&apos; of type [org.springframework.core.convert.ConversionService]
[ main:15151 ] org.springframework.beans.CachedIntrospectionResults.&lt;init&gt;(CachedIntrospectionResults.java:297) Found bean property &apos;directFieldAccess&apos; of type [boolean]
[ main:15151 ] org.springframework.beans.CachedIntrospectionResults.&lt;init&gt;(CachedIntrospectionResults.java:297) Found bean property &apos;messageCodesResolver&apos; of type [org.springframework.validation.MessageCodesResolver]
[ main:15151 ] org.springframework.beans.CachedIntrospectionResults.&lt;init&gt;(CachedIntrospectionResults.java:297) Found bean property &apos;propertyEditorRegistrar&apos; of type [org.springframework.beans.PropertyEditorRegistrar]
[ main:15151 ] org.springframework.beans.CachedIntrospectionResults.&lt;init&gt;(CachedIntrospectionResults.java:297) Found bean property &apos;propertyEditorRegistrars&apos; of type [[Lorg.springframework.beans.PropertyEditorRegistrar;]
[ main:15151 ] org.springframework.beans.CachedIntrospectionResults.&lt;init&gt;(CachedIntrospectionResults.java:297) Found bean property &apos;validator&apos; of type [org.springframework.validation.Validator]
[ main:15152 ] org.springframework.beans.factory.support.AbstractBeanFactory.doGetBean(AbstractBeanFactory.java:251) Returning cached instance of singleton bean &apos;org.springframework.format.support.FormattingConversionServiceFactoryBean#0&apos;
[ main:15152 ] org.springframework.beans.factory.support.AbstractBeanFactory.doGetBean(AbstractBeanFactory.java:251) Returning cached instance of singleton bean &apos;org.springframework.transaction.config.internalTransactionAdvisor&apos;
[ main:15152 ] org.springframework.beans.factory.support.AbstractAutowireCapableBeanFactory.createBean(AbstractAutowireCapableBeanFactory.java:484) Finished creating instance of bean &apos;(inner bean)#74aa9c72&apos;
[ main:15152 ] org.springframework.beans.factory.support.AbstractAutowireCapableBeanFactory.createBean(AbstractAutowireCapableBeanFactory.java:448) Creating instance of bean &apos;(inner bean)#5c20aab9&apos;
[ main:15153 ] org.springframework.beans.CachedIntrospectionResults.&lt;init&gt;(CachedIntrospectionResults.java:265) Getting BeanInfo for class [org.springframework.http.converter.ByteArrayHttpMessageConverter]
[ main:15153 ] org.springframework.beans.CachedIntrospectionResults.&lt;init&gt;(CachedIntrospectionResults.java:284) Caching PropertyDescriptors for class [org.springframework.http.converter.ByteArrayHttpMessageConverter]
[ main:15153 ] org.springframework.beans.CachedIntrospectionResults.&lt;init&gt;(CachedIntrospectionResults.java:297) Found bean property &apos;class&apos; of type [java.lang.Class]
[ main:15153 ] org.springframework.beans.CachedIntrospectionResults.&lt;init&gt;(CachedIntrospectionResults.java:297) Found bean property &apos;defaultCharset&apos; of type [java.nio.charset.Charset]
[ main:15153 ] org.springframework.beans.CachedIntrospectionResults.&lt;init&gt;(CachedIntrospectionResults.java:297) Found bean property &apos;supportedMediaTypes&apos; of type [java.util.List]
[ main:15154 ] org.springframework.beans.factory.support.AbstractBeanFactory.doGetBean(AbstractBeanFactory.java:251) Returning cached instance of singleton bean &apos;org.springframework.transaction.config.internalTransactionAdvisor&apos;
[ main:15154 ] org.springframework.beans.factory.support.AbstractAutowireCapableBeanFactory.createBean(AbstractAutowireCapableBeanFactory.java:484) Finished creating instance of bean &apos;(inner bean)#5c20aab9&apos;
[ main:15155 ] org.springframework.beans.factory.support.AbstractAutowireCapableBeanFactory.createBean(AbstractAutowireCapableBeanFactory.java:448) Creating instance of bean &apos;(inner bean)#4b7c4456&apos;
[ main:15156 ] org.springframework.beans.CachedIntrospectionResults.&lt;init&gt;(CachedIntrospectionResults.java:265) Getting BeanInfo for class [org.springframework.http.converter.StringHttpMessageConverter]
[ main:15156 ] org.springframework.beans.CachedIntrospectionResults.&lt;init&gt;(CachedIntrospectionResults.java:284) Caching PropertyDescriptors for class [org.springframework.http.converter.StringHttpMessageConverter]
[ main:15156 ] org.springframework.beans.CachedIntrospectionResults.&lt;init&gt;(CachedIntrospectionResults.java:297) Found bean property &apos;class&apos; of type [java.lang.Class]
[ main:15156 ] org.springframework.beans.CachedIntrospectionResults.&lt;init&gt;(CachedIntrospectionResults.java:297) Found bean property &apos;defaultCharset&apos; of type [java.nio.charset.Charset]
[ main:15156 ] org.springframework.beans.CachedIntrospectionResults.&lt;init&gt;(CachedIntrospectionResults.java:297) Found bean property &apos;supportedMediaTypes&apos; of type [java.util.List]
[ main:15156 ] org.springframework.beans.CachedIntrospectionResults.&lt;init&gt;(CachedIntrospectionResults.java:297) Found bean property &apos;writeAcceptCharset&apos; of type [boolean]
[ main:15157 ] org.springframework.beans.factory.support.AbstractBeanFactory.doGetBean(AbstractBeanFactory.java:251) Returning cached instance of singleton bean &apos;org.springframework.transaction.config.internalTransactionAdvisor&apos;
[ main:15158 ] org.springframework.beans.factory.support.AbstractAutowireCapableBeanFactory.createBean(AbstractAutowireCapableBeanFactory.java:484) Finished creating instance of bean &apos;(inner bean)#4b7c4456&apos;
[ main:15158 ] org.springframework.beans.factory.support.AbstractAutowireCapableBeanFactory.createBean(AbstractAutowireCapableBeanFactory.java:448) Creating instance of bean &apos;(inner bean)#2c768ada&apos;
[ main:15158 ] org.springframework.beans.CachedIntrospectionResults.&lt;init&gt;(CachedIntrospectionResults.java:265) Getting BeanInfo for class [org.springframework.http.converter.ResourceHttpMessageConverter]
[ main:15158 ] org.springframework.beans.CachedIntrospectionResults.&lt;init&gt;(CachedIntrospectionResults.java:284) Caching PropertyDescriptors for class [org.springframework.http.converter.ResourceHttpMessageConverter]
[ main:15158 ] org.springframework.beans.CachedIntrospectionResults.&lt;init&gt;(CachedIntrospectionResults.java:297) Found bean property &apos;class&apos; of type [java.lang.Class]
[ main:15159 ] org.springframework.beans.CachedIntrospectionResults.&lt;init&gt;(CachedIntrospectionResults.java:297) Found bean property &apos;defaultCharset&apos; of type [java.nio.charset.Charset]
[ main:15159 ] org.springframework.beans.CachedIntrospectionResults.&lt;init&gt;(CachedIntrospectionResults.java:297) Found bean property &apos;supportedMediaTypes&apos; of type [java.util.List]
[ main:15159 ] org.springframework.beans.factory.support.AbstractBeanFactory.doGetBean(AbstractBeanFactory.java:251) Returning cached instance of singleton bean &apos;org.springframework.transaction.config.internalTransactionAdvisor&apos;
[ main:15159 ] org.springframework.beans.factory.support.AbstractAutowireCapableBeanFactory.createBean(AbstractAutowireCapableBeanFactory.java:484) Finished creating instance of bean &apos;(inner bean)#2c768ada&apos;
[ main:15160 ] org.springframework.beans.factory.support.AbstractAutowireCapableBeanFactory.createBean(AbstractAutowireCapableBeanFactory.java:448) Creating instance of bean &apos;(inner bean)#c1fca2a&apos;
[ main:15160 ] org.springframework.beans.CachedIntrospectionResults.&lt;init&gt;(CachedIntrospectionResults.java:265) Getting BeanInfo for class [org.springframework.http.converter.xml.SourceHttpMessageConverter]
[ main:15160 ] org.springframework.beans.CachedIntrospectionResults.&lt;init&gt;(CachedIntrospectionResults.java:284) Caching PropertyDescriptors for class [org.springframework.http.converter.xml.SourceHttpMessageConverter]
[ main:15160 ] org.springframework.beans.CachedIntrospectionResults.&lt;init&gt;(CachedIntrospectionResults.java:297) Found bean property &apos;class&apos; of type [java.lang.Class]
[ main:15161 ] org.springframework.beans.CachedIntrospectionResults.&lt;init&gt;(CachedIntrospectionResults.java:297) Found bean property &apos;defaultCharset&apos; of type [java.nio.charset.Charset]
[ main:15161 ] org.springframework.beans.CachedIntrospectionResults.&lt;init&gt;(CachedIntrospectionResults.java:297) Found bean property &apos;processExternalEntities&apos; of type [boolean]
[ main:15161 ] org.springframework.beans.CachedIntrospectionResults.&lt;init&gt;(CachedIntrospectionResults.java:297) Found bean property &apos;supportDtd&apos; of type [boolean]
[ main:15161 ] org.springframework.beans.CachedIntrospectionResults.&lt;init&gt;(CachedIntrospectionResults.java:297) Found bean property &apos;supportedMediaTypes&apos; of type [java.util.List]
[ main:15161 ] org.springframework.beans.factory.support.AbstractBeanFactory.doGetBean(AbstractBeanFactory.java:251) Returning cached instance of singleton bean &apos;org.springframework.transaction.config.internalTransactionAdvisor&apos;
[ main:15161 ] org.springframework.beans.factory.support.AbstractAutowireCapableBeanFactory.createBean(AbstractAutowireCapableBeanFactory.java:484) Finished creating instance of bean &apos;(inner bean)#c1fca2a&apos;
[ main:15162 ] org.springframework.beans.factory.support.AbstractAutowireCapableBeanFactory.createBean(AbstractAutowireCapableBeanFactory.java:448) Creating instance of bean &apos;(inner bean)#5533dc72&apos;
[ main:15163 ] org.springframework.beans.CachedIntrospectionResults.&lt;init&gt;(CachedIntrospectionResults.java:265) Getting BeanInfo for class [org.springframework.http.converter.support.AllEncompassingFormHttpMessageConverter]
[ main:15163 ] org.springframework.beans.CachedIntrospectionResults.&lt;init&gt;(CachedIntrospectionResults.java:284) Caching PropertyDescriptors for class [org.springframework.http.converter.support.AllEncompassingFormHttpMessageConverter]
[ main:15164 ] org.springframework.beans.CachedIntrospectionResults.&lt;init&gt;(CachedIntrospectionResults.java:297) Found bean property &apos;charset&apos; of type [java.nio.charset.Charset]
[ main:15164 ] org.springframework.beans.CachedIntrospectionResults.&lt;init&gt;(CachedIntrospectionResults.java:297) Found bean property &apos;class&apos; of type [java.lang.Class]
[ main:15164 ] org.springframework.beans.CachedIntrospectionResults.&lt;init&gt;(CachedIntrospectionResults.java:297) Found bean property &apos;multipartCharset&apos; of type [java.nio.charset.Charset]
[ main:15164 ] org.springframework.beans.CachedIntrospectionResults.&lt;init&gt;(CachedIntrospectionResults.java:297) Found bean property &apos;partConverters&apos; of type [java.util.List]
[ main:15164 ] org.springframework.beans.CachedIntrospectionResults.&lt;init&gt;(CachedIntrospectionResults.java:297) Found bean property &apos;supportedMediaTypes&apos; of type [java.util.List]
[ main:15165 ] org.springframework.beans.factory.support.AbstractBeanFactory.doGetBean(AbstractBeanFactory.java:251) Returning cached instance of singleton bean &apos;org.springframework.transaction.config.internalTransactionAdvisor&apos;
[ main:15165 ] org.springframework.beans.factory.support.AbstractAutowireCapableBeanFactory.createBean(AbstractAutowireCapableBeanFactory.java:484) Finished creating instance of bean &apos;(inner bean)#5533dc72&apos;
[ main:15165 ] org.springframework.beans.factory.support.AbstractAutowireCapableBeanFactory.createBean(AbstractAutowireCapableBeanFactory.java:448) Creating instance of bean &apos;(inner bean)#7c447c76&apos;
[ main:15166 ] org.springframework.beans.CachedIntrospectionResults.&lt;init&gt;(CachedIntrospectionResults.java:265) Getting BeanInfo for class [org.springframework.http.converter.xml.Jaxb2RootElementHttpMessageConverter]
[ main:15166 ] org.springframework.beans.CachedIntrospectionResults.&lt;init&gt;(CachedIntrospectionResults.java:284) Caching PropertyDescriptors for class [org.springframework.http.converter.xml.Jaxb2RootElementHttpMessageConverter]
[ main:15166 ] org.springframework.beans.CachedIntrospectionResults.&lt;init&gt;(CachedIntrospectionResults.java:297) Found bean property &apos;class&apos; of type [java.lang.Class]
[ main:15166 ] org.springframework.beans.CachedIntrospectionResults.&lt;init&gt;(CachedIntrospectionResults.java:297) Found bean property &apos;defaultCharset&apos; of type [java.nio.charset.Charset]
[ main:15166 ] org.springframework.beans.CachedIntrospectionResults.&lt;init&gt;(CachedIntrospectionResults.java:297) Found bean property &apos;processExternalEntities&apos; of type [boolean]
[ main:15167 ] org.springframework.beans.CachedIntrospectionResults.&lt;init&gt;(CachedIntrospectionResults.java:297) Found bean property &apos;supportDtd&apos; of type [boolean]
[ main:15167 ] org.springframework.beans.CachedIntrospectionResults.&lt;init&gt;(CachedIntrospectionResults.java:297) Found bean property &apos;supportedMediaTypes&apos; of type [java.util.List]
[ main:15168 ] org.springframework.beans.factory.support.AbstractBeanFactory.doGetBean(AbstractBeanFactory.java:251) Returning cached instance of singleton bean &apos;org.springframework.transaction.config.internalTransactionAdvisor&apos;
[ main:15168 ] org.springframework.beans.factory.support.AbstractAutowireCapableBeanFactory.createBean(AbstractAutowireCapableBeanFactory.java:484) Finished creating instance of bean &apos;(inner bean)#7c447c76&apos;
[ main:15168 ] org.springframework.beans.factory.support.AbstractAutowireCapableBeanFactory.createBean(AbstractAutowireCapableBeanFactory.java:448) Creating instance of bean &apos;(inner bean)#64fc097e&apos;
[ main:15168 ] org.springframework.beans.factory.support.AbstractAutowireCapableBeanFactory.createBean(AbstractAutowireCapableBeanFactory.java:448) Creating instance of bean &apos;(inner bean)#1640c151&apos;
[ main:15169 ] org.springframework.beans.CachedIntrospectionResults.&lt;init&gt;(CachedIntrospectionResults.java:265) Getting BeanInfo for class [org.springframework.http.converter.json.Jackson2ObjectMapperFactoryBean]
[ main:15169 ] org.springframework.beans.CachedIntrospectionResults.&lt;init&gt;(CachedIntrospectionResults.java:284) Caching PropertyDescriptors for class [org.springframework.http.converter.json.Jackson2ObjectMapperFactoryBean]
[ main:15169 ] org.springframework.beans.CachedIntrospectionResults.&lt;init&gt;(CachedIntrospectionResults.java:297) Found bean property &apos;annotationIntrospector&apos; of type [com.fasterxml.jackson.databind.AnnotationIntrospector]
[ main:15169 ] org.springframework.beans.CachedIntrospectionResults.&lt;init&gt;(CachedIntrospectionResults.java:297) Found bean property &apos;applicationContext&apos; of type [org.springframework.context.ApplicationContext]
[ main:15169 ] org.springframework.beans.CachedIntrospectionResults.&lt;init&gt;(CachedIntrospectionResults.java:297) Found bean property &apos;autoDetectFields&apos; of type [boolean]
[ main:15169 ] org.springframework.beans.CachedIntrospectionResults.&lt;init&gt;(CachedIntrospectionResults.java:297) Found bean property &apos;autoDetectGettersSetters&apos; of type [boolean]
[ main:15169 ] org.springframework.beans.CachedIntrospectionResults.&lt;init&gt;(CachedIntrospectionResults.java:297) Found bean property &apos;beanClassLoader&apos; of type [java.lang.ClassLoader]
[ main:15170 ] org.springframework.beans.CachedIntrospectionResults.&lt;init&gt;(CachedIntrospectionResults.java:297) Found bean property &apos;class&apos; of type [java.lang.Class]
[ main:15170 ] org.springframework.beans.CachedIntrospectionResults.&lt;init&gt;(CachedIntrospectionResults.java:297) Found bean property &apos;createXmlMapper&apos; of type [boolean]
[ main:15170 ] org.springframework.beans.CachedIntrospectionResults.&lt;init&gt;(CachedIntrospectionResults.java:297) Found bean property &apos;dateFormat&apos; of type [java.text.DateFormat]
[ main:15170 ] org.springframework.beans.CachedIntrospectionResults.&lt;init&gt;(CachedIntrospectionResults.java:297) Found bean property &apos;defaultTyping&apos; of type [com.fasterxml.jackson.databind.jsontype.TypeResolverBuilder]
[ main:15171 ] org.springframework.beans.CachedIntrospectionResults.&lt;init&gt;(CachedIntrospectionResults.java:297) Found bean property &apos;defaultUseWrapper&apos; of type [boolean]
[ main:15171 ] org.springframework.beans.CachedIntrospectionResults.&lt;init&gt;(CachedIntrospectionResults.java:297) Found bean property &apos;defaultViewInclusion&apos; of type [boolean]
[ main:15171 ] org.springframework.beans.CachedIntrospectionResults.&lt;init&gt;(CachedIntrospectionResults.java:297) Found bean property &apos;deserializers&apos; of type [[Lcom.fasterxml.jackson.databind.JsonDeserializer;]
[ main:15171 ] org.springframework.beans.CachedIntrospectionResults.&lt;init&gt;(CachedIntrospectionResults.java:297) Found bean property &apos;deserializersByType&apos; of type [java.util.Map]
[ main:15171 ] org.springframework.beans.CachedIntrospectionResults.&lt;init&gt;(CachedIntrospectionResults.java:297) Found bean property &apos;failOnEmptyBeans&apos; of type [boolean]
[ main:15171 ] org.springframework.beans.CachedIntrospectionResults.&lt;init&gt;(CachedIntrospectionResults.java:297) Found bean property &apos;failOnUnknownProperties&apos; of type [boolean]
[ main:15171 ] org.springframework.beans.CachedIntrospectionResults.&lt;init&gt;(CachedIntrospectionResults.java:297) Found bean property &apos;featuresToDisable&apos; of type [[Ljava.lang.Object;]
[ main:15172 ] org.springframework.beans.CachedIntrospectionResults.&lt;init&gt;(CachedIntrospectionResults.java:297) Found bean property &apos;featuresToEnable&apos; of type [[Ljava.lang.Object;]
[ main:15172 ] org.springframework.beans.CachedIntrospectionResults.&lt;init&gt;(CachedIntrospectionResults.java:297) Found bean property &apos;filters&apos; of type [com.fasterxml.jackson.databind.ser.FilterProvider]
[ main:15172 ] org.springframework.beans.CachedIntrospectionResults.&lt;init&gt;(CachedIntrospectionResults.java:297) Found bean property &apos;findModulesViaServiceLoader&apos; of type [boolean]
[ main:15172 ] org.springframework.beans.CachedIntrospectionResults.&lt;init&gt;(CachedIntrospectionResults.java:297) Found bean property &apos;handlerInstantiator&apos; of type [com.fasterxml.jackson.databind.cfg.HandlerInstantiator]
[ main:15172 ] org.springframework.beans.CachedIntrospectionResults.&lt;init&gt;(CachedIntrospectionResults.java:297) Found bean property &apos;indentOutput&apos; of type [boolean]
[ main:15173 ] org.springframework.beans.CachedIntrospectionResults.&lt;init&gt;(CachedIntrospectionResults.java:297) Found bean property &apos;locale&apos; of type [java.util.Locale]
[ main:15173 ] org.springframework.beans.CachedIntrospectionResults.&lt;init&gt;(CachedIntrospectionResults.java:297) Found bean property &apos;mixIns&apos; of type [java.util.Map]
[ main:15173 ] org.springframework.beans.CachedIntrospectionResults.&lt;init&gt;(CachedIntrospectionResults.java:297) Found bean property &apos;modules&apos; of type [java.util.List]
[ main:15174 ] org.springframework.beans.CachedIntrospectionResults.&lt;init&gt;(CachedIntrospectionResults.java:297) Found bean property &apos;modulesToInstall&apos; of type [[Ljava.lang.Class;]
[ main:15174 ] org.springframework.beans.CachedIntrospectionResults.&lt;init&gt;(CachedIntrospectionResults.java:297) Found bean property &apos;object&apos; of type [com.fasterxml.jackson.databind.ObjectMapper]
[ main:15174 ] org.springframework.beans.CachedIntrospectionResults.&lt;init&gt;(CachedIntrospectionResults.java:297) Found bean property &apos;objectMapper&apos; of type [com.fasterxml.jackson.databind.ObjectMapper]
[ main:15174 ] org.springframework.beans.CachedIntrospectionResults.&lt;init&gt;(CachedIntrospectionResults.java:297) Found bean property &apos;objectType&apos; of type [java.lang.Class]
[ main:15175 ] org.springframework.beans.CachedIntrospectionResults.&lt;init&gt;(CachedIntrospectionResults.java:297) Found bean property &apos;propertyNamingStrategy&apos; of type [com.fasterxml.jackson.databind.PropertyNamingStrategy]
[ main:15175 ] org.springframework.beans.CachedIntrospectionResults.&lt;init&gt;(CachedIntrospectionResults.java:297) Found bean property &apos;serializationInclusion&apos; of type [com.fasterxml.jackson.annotation.JsonInclude$Include]
[ main:15175 ] org.springframework.beans.CachedIntrospectionResults.&lt;init&gt;(CachedIntrospectionResults.java:297) Found bean property &apos;serializers&apos; of type [[Lcom.fasterxml.jackson.databind.JsonSerializer;]
[ main:15175 ] org.springframework.beans.CachedIntrospectionResults.&lt;init&gt;(CachedIntrospectionResults.java:297) Found bean property &apos;serializersByType&apos; of type [java.util.Map]
[ main:15175 ] org.springframework.beans.CachedIntrospectionResults.&lt;init&gt;(CachedIntrospectionResults.java:297) Found bean property &apos;simpleDateFormat&apos; of type [java.lang.String]
[ main:15175 ] org.springframework.beans.CachedIntrospectionResults.&lt;init&gt;(CachedIntrospectionResults.java:297) Found bean property &apos;singleton&apos; of type [boolean]
[ main:15175 ] org.springframework.beans.CachedIntrospectionResults.&lt;init&gt;(CachedIntrospectionResults.java:297) Found bean property &apos;timeZone&apos; of type [java.util.TimeZone]
[ main:15177 ] org.springframework.beans.factory.support.AbstractAutowireCapableBeanFactory.invokeInitMethods(AbstractAutowireCapableBeanFactory.java:1620) Invoking afterPropertiesSet() on bean with name &apos;(inner bean)#1640c151&apos;
[ main:15178 ] org.springframework.beans.factory.support.AbstractBeanFactory.doGetBean(AbstractBeanFactory.java:251) Returning cached instance of singleton bean &apos;org.springframework.transaction.config.internalTransactionAdvisor&apos;
[ main:15179 ] org.springframework.beans.factory.support.AbstractAutowireCapableBeanFactory.createBean(AbstractAutowireCapableBeanFactory.java:484) Finished creating instance of bean &apos;(inner bean)#1640c151&apos;
[ main:15179 ] org.springframework.beans.factory.support.AbstractBeanFactory.doGetBean(AbstractBeanFactory.java:251) Returning cached instance of singleton bean &apos;org.springframework.transaction.config.internalTransactionAdvisor&apos;
[ main:15181 ] org.springframework.beans.CachedIntrospectionResults.&lt;init&gt;(CachedIntrospectionResults.java:265) Getting BeanInfo for class [org.springframework.http.converter.json.MappingJackson2HttpMessageConverter]
[ main:15181 ] org.springframework.beans.CachedIntrospectionResults.&lt;init&gt;(CachedIntrospectionResults.java:284) Caching PropertyDescriptors for class [org.springframework.http.converter.json.MappingJackson2HttpMessageConverter]
[ main:15181 ] org.springframework.beans.CachedIntrospectionResults.&lt;init&gt;(CachedIntrospectionResults.java:297) Found bean property &apos;class&apos; of type [java.lang.Class]
[ main:15181 ] org.springframework.beans.CachedIntrospectionResults.&lt;init&gt;(CachedIntrospectionResults.java:297) Found bean property &apos;defaultCharset&apos; of type [java.nio.charset.Charset]
[ main:15182 ] org.springframework.beans.CachedIntrospectionResults.&lt;init&gt;(CachedIntrospectionResults.java:297) Found bean property &apos;jsonPrefix&apos; of type [java.lang.String]
[ main:15182 ] org.springframework.beans.CachedIntrospectionResults.&lt;init&gt;(CachedIntrospectionResults.java:297) Found bean property &apos;objectMapper&apos; of type [com.fasterxml.jackson.databind.ObjectMapper]
[ main:15182 ] org.springframework.beans.CachedIntrospectionResults.&lt;init&gt;(CachedIntrospectionResults.java:297) Found bean property &apos;prefixJson&apos; of type [boolean]
[ main:15182 ] org.springframework.beans.CachedIntrospectionResults.&lt;init&gt;(CachedIntrospectionResults.java:297) Found bean property &apos;prettyPrint&apos; of type [boolean]
[ main:15182 ] org.springframework.beans.CachedIntrospectionResults.&lt;init&gt;(CachedIntrospectionResults.java:297) Found bean property &apos;supportedMediaTypes&apos; of type [java.util.List]
[ main:15183 ] org.springframework.beans.factory.support.AbstractBeanFactory.doGetBean(AbstractBeanFactory.java:251) Returning cached instance of singleton bean &apos;org.springframework.transaction.config.internalTransactionAdvisor&apos;
[ main:15183 ] org.springframework.beans.factory.support.AbstractAutowireCapableBeanFactory.createBean(AbstractAutowireCapableBeanFactory.java:484) Finished creating instance of bean &apos;(inner bean)#64fc097e&apos;
[ main:15184 ] org.springframework.beans.factory.support.AbstractAutowireCapableBeanFactory.createBean(AbstractAutowireCapableBeanFactory.java:448) Creating instance of bean &apos;(inner bean)#164a62bf&apos;
[ main:15184 ] org.springframework.beans.CachedIntrospectionResults.&lt;init&gt;(CachedIntrospectionResults.java:265) Getting BeanInfo for class [org.springframework.web.servlet.mvc.method.annotation.JsonViewRequestBodyAdvice]
[ main:15184 ] org.springframework.beans.CachedIntrospectionResults.&lt;init&gt;(CachedIntrospectionResults.java:284) Caching PropertyDescriptors for class [org.springframework.web.servlet.mvc.method.annotation.JsonViewRequestBodyAdvice]
[ main:15184 ] org.springframework.beans.CachedIntrospectionResults.&lt;init&gt;(CachedIntrospectionResults.java:297) Found bean property &apos;class&apos; of type [java.lang.Class]
[ main:15184 ] org.springframework.beans.factory.support.AbstractBeanFactory.doGetBean(AbstractBeanFactory.java:251) Returning cached instance of singleton bean &apos;org.springframework.transaction.config.internalTransactionAdvisor&apos;
[ main:15185 ] org.springframework.beans.factory.support.AbstractAutowireCapableBeanFactory.createBean(AbstractAutowireCapableBeanFactory.java:484) Finished creating instance of bean &apos;(inner bean)#164a62bf&apos;
[ main:15185 ] org.springframework.beans.factory.support.AbstractAutowireCapableBeanFactory.createBean(AbstractAutowireCapableBeanFactory.java:448) Creating instance of bean &apos;(inner bean)#11ebb1b6&apos;
[ main:15185 ] org.springframework.beans.CachedIntrospectionResults.&lt;init&gt;(CachedIntrospectionResults.java:265) Getting BeanInfo for class [org.springframework.web.servlet.mvc.method.annotation.JsonViewResponseBodyAdvice]
[ main:15185 ] org.springframework.beans.CachedIntrospectionResults.&lt;init&gt;(CachedIntrospectionResults.java:284) Caching PropertyDescriptors for class [org.springframework.web.servlet.mvc.method.annotation.JsonViewResponseBodyAdvice]
[ main:15186 ] org.springframework.beans.CachedIntrospectionResults.&lt;init&gt;(CachedIntrospectionResults.java:297) Found bean property &apos;class&apos; of type [java.lang.Class]
[ main:15186 ] org.springframework.beans.factory.support.AbstractBeanFactory.doGetBean(AbstractBeanFactory.java:251) Returning cached instance of singleton bean &apos;org.springframework.transaction.config.internalTransactionAdvisor&apos;
[ main:15187 ] org.springframework.beans.factory.support.AbstractAutowireCapableBeanFactory.createBean(AbstractAutowireCapableBeanFactory.java:484) Finished creating instance of bean &apos;(inner bean)#11ebb1b6&apos;
[ main:15187 ] org.springframework.beans.factory.support.AbstractAutowireCapableBeanFactory.invokeInitMethods(AbstractAutowireCapableBeanFactory.java:1620) Invoking afterPropertiesSet() on bean with name &apos;org.springframework.web.servlet.mvc.method.annotation.RequestMappingHandlerAdapter&apos;
[ main:15188 ] org.springframework.web.servlet.mvc.method.annotation.RequestMappingHandlerAdapter.initControllerAdviceCache(RequestMappingHandlerAdapter.java:534) Looking for @ControllerAdvice: org.springframework.context.support.ClassPathXmlApplicationContext@1ffcf674: startup date [Wed Sep 09 19:11:02 CST 2020]; root of context hierarchy
[ main:15188 ] org.springframework.beans.factory.support.AbstractBeanFactory.doGetBean(AbstractBeanFactory.java:251) Returning cached instance of singleton bean &apos;org.springframework.transaction.config.internalTransactionAdvisor&apos;
[ main:15189 ] org.springframework.beans.factory.support.AbstractAutowireCapableBeanFactory.createBean(AbstractAutowireCapableBeanFactory.java:484) Finished creating instance of bean &apos;org.springframework.web.servlet.mvc.method.annotation.RequestMappingHandlerAdapter&apos;
[ main:15189 ] org.springframework.beans.factory.support.DefaultSingletonBeanRegistry.getSingleton(DefaultSingletonBeanRegistry.java:221) Creating shared instance of singleton bean &apos;mvcUriComponentsContributor&apos;
[ main:15190 ] org.springframework.beans.factory.support.AbstractAutowireCapableBeanFactory.createBean(AbstractAutowireCapableBeanFactory.java:448) Creating instance of bean &apos;mvcUriComponentsContributor&apos;
[ main:15190 ] org.springframework.beans.factory.support.AbstractAutowireCapableBeanFactory.doCreateBean(AbstractAutowireCapableBeanFactory.java:529) Eagerly caching bean &apos;mvcUriComponentsContributor&apos; to allow for resolving potential circular references
[ main:15190 ] org.springframework.beans.CachedIntrospectionResults.&lt;init&gt;(CachedIntrospectionResults.java:265) Getting BeanInfo for class [org.springframework.web.servlet.config.AnnotationDrivenBeanDefinitionParser$CompositeUriComponentsContributorFactoryBean]
[ main:15190 ] org.springframework.beans.CachedIntrospectionResults.&lt;init&gt;(CachedIntrospectionResults.java:284) Caching PropertyDescriptors for class [org.springframework.web.servlet.config.AnnotationDrivenBeanDefinitionParser$CompositeUriComponentsContributorFactoryBean]
[ main:15190 ] org.springframework.beans.CachedIntrospectionResults.&lt;init&gt;(CachedIntrospectionResults.java:297) Found bean property &apos;class&apos; of type [java.lang.Class]
[ main:15191 ] org.springframework.beans.CachedIntrospectionResults.&lt;init&gt;(CachedIntrospectionResults.java:297) Found bean property &apos;conversionService&apos; of type [org.springframework.core.convert.ConversionService]
[ main:15191 ] org.springframework.beans.CachedIntrospectionResults.&lt;init&gt;(CachedIntrospectionResults.java:297) Found bean property &apos;handlerAdapter&apos; of type [org.springframework.web.servlet.mvc.method.annotation.RequestMappingHandlerAdapter]
[ main:15191 ] org.springframework.beans.CachedIntrospectionResults.&lt;init&gt;(CachedIntrospectionResults.java:297) Found bean property &apos;object&apos; of type [org.springframework.web.method.support.CompositeUriComponentsContributor]
[ main:15191 ] org.springframework.beans.CachedIntrospectionResults.&lt;init&gt;(CachedIntrospectionResults.java:297) Found bean property &apos;objectType&apos; of type [java.lang.Class]
[ main:15192 ] org.springframework.beans.CachedIntrospectionResults.&lt;init&gt;(CachedIntrospectionResults.java:297) Found bean property &apos;singleton&apos; of type [boolean]
[ main:15193 ] org.springframework.beans.factory.support.AbstractAutowireCapableBeanFactory.createBean(AbstractAutowireCapableBeanFactory.java:448) Creating instance of bean &apos;(inner bean)#aaee2a2&apos;
[ main:15195 ] org.springframework.beans.factory.support.AbstractBeanFactory.doGetBean(AbstractBeanFactory.java:251) Returning cached instance of singleton bean &apos;mvcContentNegotiationManager&apos;
[ main:15196 ] org.springframework.beans.factory.support.AbstractAutowireCapableBeanFactory.createBean(AbstractAutowireCapableBeanFactory.java:448) Creating instance of bean &apos;(inner bean)#74aa9c72#1&apos;
[ main:15196 ] org.springframework.beans.factory.support.AbstractBeanFactory.doGetBean(AbstractBeanFactory.java:251) Returning cached instance of singleton bean &apos;org.springframework.format.support.FormattingConversionServiceFactoryBean#0&apos;
[ main:15196 ] org.springframework.beans.factory.support.AbstractBeanFactory.doGetBean(AbstractBeanFactory.java:251) Returning cached instance of singleton bean &apos;org.springframework.transaction.config.internalTransactionAdvisor&apos;
[ main:15196 ] org.springframework.beans.factory.support.AbstractAutowireCapableBeanFactory.createBean(AbstractAutowireCapableBeanFactory.java:484) Finished creating instance of bean &apos;(inner bean)#74aa9c72#1&apos;
[ main:15196 ] org.springframework.beans.factory.support.AbstractAutowireCapableBeanFactory.createBean(AbstractAutowireCapableBeanFactory.java:448) Creating instance of bean &apos;(inner bean)#5c20aab9#1&apos;
[ main:15197 ] org.springframework.beans.factory.support.AbstractBeanFactory.doGetBean(AbstractBeanFactory.java:251) Returning cached instance of singleton bean &apos;org.springframework.transaction.config.internalTransactionAdvisor&apos;
[ main:15197 ] org.springframework.beans.factory.support.AbstractAutowireCapableBeanFactory.createBean(AbstractAutowireCapableBeanFactory.java:484) Finished creating instance of bean &apos;(inner bean)#5c20aab9#1&apos;
[ main:15197 ] org.springframework.beans.factory.support.AbstractAutowireCapableBeanFactory.createBean(AbstractAutowireCapableBeanFactory.java:448) Creating instance of bean &apos;(inner bean)#4b7c4456#1&apos;
[ main:15198 ] org.springframework.beans.factory.support.AbstractBeanFactory.doGetBean(AbstractBeanFactory.java:251) Returning cached instance of singleton bean &apos;org.springframework.transaction.config.internalTransactionAdvisor&apos;
[ main:15198 ] org.springframework.beans.factory.support.AbstractAutowireCapableBeanFactory.createBean(AbstractAutowireCapableBeanFactory.java:484) Finished creating instance of bean &apos;(inner bean)#4b7c4456#1&apos;
[ main:15198 ] org.springframework.beans.factory.support.AbstractAutowireCapableBeanFactory.createBean(AbstractAutowireCapableBeanFactory.java:448) Creating instance of bean &apos;(inner bean)#2c768ada#1&apos;
[ main:15198 ] org.springframework.beans.factory.support.AbstractBeanFactory.doGetBean(AbstractBeanFactory.java:251) Returning cached instance of singleton bean &apos;org.springframework.transaction.config.internalTransactionAdvisor&apos;
[ main:15198 ] org.springframework.beans.factory.support.AbstractAutowireCapableBeanFactory.createBean(AbstractAutowireCapableBeanFactory.java:484) Finished creating instance of bean &apos;(inner bean)#2c768ada#1&apos;
[ main:15198 ] org.springframework.beans.factory.support.AbstractAutowireCapableBeanFactory.createBean(AbstractAutowireCapableBeanFactory.java:448) Creating instance of bean &apos;(inner bean)#c1fca2a#1&apos;
[ main:15199 ] org.springframework.beans.factory.support.AbstractBeanFactory.doGetBean(AbstractBeanFactory.java:251) Returning cached instance of singleton bean &apos;org.springframework.transaction.config.internalTransactionAdvisor&apos;
[ main:15199 ] org.springframework.beans.factory.support.AbstractAutowireCapableBeanFactory.createBean(AbstractAutowireCapableBeanFactory.java:484) Finished creating instance of bean &apos;(inner bean)#c1fca2a#1&apos;
[ main:15200 ] org.springframework.beans.factory.support.AbstractAutowireCapableBeanFactory.createBean(AbstractAutowireCapableBeanFactory.java:448) Creating instance of bean &apos;(inner bean)#5533dc72#1&apos;
[ main:15205 ] org.springframework.beans.factory.support.AbstractBeanFactory.doGetBean(AbstractBeanFactory.java:251) Returning cached instance of singleton bean &apos;org.springframework.transaction.config.internalTransactionAdvisor&apos;
[ main:15205 ] org.springframework.beans.factory.support.AbstractAutowireCapableBeanFactory.createBean(AbstractAutowireCapableBeanFactory.java:484) Finished creating instance of bean &apos;(inner bean)#5533dc72#1&apos;
[ main:15206 ] org.springframework.beans.factory.support.AbstractAutowireCapableBeanFactory.createBean(AbstractAutowireCapableBeanFactory.java:448) Creating instance of bean &apos;(inner bean)#7c447c76#1&apos;
[ main:15206 ] org.springframework.beans.factory.support.AbstractBeanFactory.doGetBean(AbstractBeanFactory.java:251) Returning cached instance of singleton bean &apos;org.springframework.transaction.config.internalTransactionAdvisor&apos;
[ main:15206 ] org.springframework.beans.factory.support.AbstractAutowireCapableBeanFactory.createBean(AbstractAutowireCapableBeanFactory.java:484) Finished creating instance of bean &apos;(inner bean)#7c447c76#1&apos;
[ main:15207 ] org.springframework.beans.factory.support.AbstractAutowireCapableBeanFactory.createBean(AbstractAutowireCapableBeanFactory.java:448) Creating instance of bean &apos;(inner bean)#64fc097e#1&apos;
[ main:15207 ] org.springframework.beans.factory.support.AbstractAutowireCapableBeanFactory.createBean(AbstractAutowireCapableBeanFactory.java:448) Creating instance of bean &apos;(inner bean)#1640c151#1&apos;
[ main:15207 ] org.springframework.beans.factory.support.AbstractAutowireCapableBeanFactory.invokeInitMethods(AbstractAutowireCapableBeanFactory.java:1620) Invoking afterPropertiesSet() on bean with name &apos;(inner bean)#1640c151#1&apos;
[ main:15210 ] org.springframework.beans.factory.support.AbstractBeanFactory.doGetBean(AbstractBeanFactory.java:251) Returning cached instance of singleton bean &apos;org.springframework.transaction.config.internalTransactionAdvisor&apos;
[ main:15210 ] org.springframework.beans.factory.support.AbstractAutowireCapableBeanFactory.createBean(AbstractAutowireCapableBeanFactory.java:484) Finished creating instance of bean &apos;(inner bean)#1640c151#1&apos;
[ main:15210 ] org.springframework.beans.factory.support.AbstractBeanFactory.doGetBean(AbstractBeanFactory.java:251) Returning cached instance of singleton bean &apos;org.springframework.transaction.config.internalTransactionAdvisor&apos;
[ main:15211 ] org.springframework.beans.factory.support.AbstractBeanFactory.doGetBean(AbstractBeanFactory.java:251) Returning cached instance of singleton bean &apos;org.springframework.transaction.config.internalTransactionAdvisor&apos;
[ main:15212 ] org.springframework.beans.factory.support.AbstractAutowireCapableBeanFactory.createBean(AbstractAutowireCapableBeanFactory.java:484) Finished creating instance of bean &apos;(inner bean)#64fc097e#1&apos;
[ main:15212 ] org.springframework.beans.factory.support.AbstractAutowireCapableBeanFactory.createBean(AbstractAutowireCapableBeanFactory.java:448) Creating instance of bean &apos;(inner bean)#164a62bf#1&apos;
[ main:15212 ] org.springframework.beans.factory.support.AbstractBeanFactory.doGetBean(AbstractBeanFactory.java:251) Returning cached instance of singleton bean &apos;org.springframework.transaction.config.internalTransactionAdvisor&apos;
[ main:15212 ] org.springframework.beans.factory.support.AbstractAutowireCapableBeanFactory.createBean(AbstractAutowireCapableBeanFactory.java:484) Finished creating instance of bean &apos;(inner bean)#164a62bf#1&apos;
[ main:15212 ] org.springframework.beans.factory.support.AbstractAutowireCapableBeanFactory.createBean(AbstractAutowireCapableBeanFactory.java:448) Creating instance of bean &apos;(inner bean)#11ebb1b6#1&apos;
[ main:15213 ] org.springframework.beans.factory.support.AbstractBeanFactory.doGetBean(AbstractBeanFactory.java:251) Returning cached instance of singleton bean &apos;org.springframework.transaction.config.internalTransactionAdvisor&apos;
[ main:15213 ] org.springframework.beans.factory.support.AbstractAutowireCapableBeanFactory.createBean(AbstractAutowireCapableBeanFactory.java:484) Finished creating instance of bean &apos;(inner bean)#11ebb1b6#1&apos;
[ main:15214 ] org.springframework.beans.factory.support.AbstractAutowireCapableBeanFactory.invokeInitMethods(AbstractAutowireCapableBeanFactory.java:1620) Invoking afterPropertiesSet() on bean with name &apos;(inner bean)#aaee2a2&apos;
[ main:15214 ] org.springframework.web.servlet.mvc.method.annotation.RequestMappingHandlerAdapter.initControllerAdviceCache(RequestMappingHandlerAdapter.java:534) Looking for @ControllerAdvice: org.springframework.context.support.ClassPathXmlApplicationContext@1ffcf674: startup date [Wed Sep 09 19:11:02 CST 2020]; root of context hierarchy
[ main:15214 ] org.springframework.beans.factory.support.AbstractBeanFactory.doGetBean(AbstractBeanFactory.java:251) Returning cached instance of singleton bean &apos;org.springframework.transaction.config.internalTransactionAdvisor&apos;
[ main:15215 ] org.springframework.beans.factory.support.AbstractBeanFactory.doGetBean(AbstractBeanFactory.java:247) Returning eagerly cached instance of singleton bean &apos;mvcUriComponentsContributor&apos; that is not fully initialized yet - a consequence of a circular reference
[ main:15216 ] org.springframework.beans.factory.support.AbstractBeanFactory.doGetBean(AbstractBeanFactory.java:251) Returning cached instance of singleton bean &apos;org.springframework.transaction.config.internalTransactionAdvisor&apos;
[ main:15216 ] org.springframework.beans.factory.support.AbstractAutowireCapableBeanFactory.createBean(AbstractAutowireCapableBeanFactory.java:484) Finished creating instance of bean &apos;(inner bean)#aaee2a2&apos;
[ main:15216 ] org.springframework.beans.factory.support.AbstractBeanFactory.doGetBean(AbstractBeanFactory.java:251) Returning cached instance of singleton bean &apos;org.springframework.format.support.FormattingConversionServiceFactoryBean#0&apos;
[ main:15216 ] org.springframework.beans.factory.support.AbstractAutowireCapableBeanFactory.invokeInitMethods(AbstractAutowireCapableBeanFactory.java:1620) Invoking afterPropertiesSet() on bean with name &apos;mvcUriComponentsContributor&apos;
[ main:15217 ] org.springframework.beans.factory.support.AbstractAutowireCapableBeanFactory.createBean(AbstractAutowireCapableBeanFactory.java:484) Finished creating instance of bean &apos;mvcUriComponentsContributor&apos;
[ main:15217 ] org.springframework.beans.factory.support.AbstractBeanFactory.doGetBean(AbstractBeanFactory.java:251) Returning cached instance of singleton bean &apos;org.springframework.web.servlet.handler.MappedInterceptor#0&apos;
[ main:15217 ] org.springframework.beans.factory.support.DefaultSingletonBeanRegistry.getSingleton(DefaultSingletonBeanRegistry.java:221) Creating shared instance of singleton bean &apos;org.springframework.web.servlet.mvc.method.annotation.ExceptionHandlerExceptionResolver#0&apos;
[ main:15217 ] org.springframework.beans.factory.support.AbstractAutowireCapableBeanFactory.createBean(AbstractAutowireCapableBeanFactory.java:448) Creating instance of bean &apos;org.springframework.web.servlet.mvc.method.annotation.ExceptionHandlerExceptionResolver#0&apos;
[ main:15220 ] org.springframework.beans.factory.support.AbstractAutowireCapableBeanFactory.doCreateBean(AbstractAutowireCapableBeanFactory.java:529) Eagerly caching bean &apos;org.springframework.web.servlet.mvc.method.annotation.ExceptionHandlerExceptionResolver#0&apos; to allow for resolving potential circular references
[ main:15220 ] org.springframework.beans.CachedIntrospectionResults.&lt;init&gt;(CachedIntrospectionResults.java:265) Getting BeanInfo for class [org.springframework.web.servlet.mvc.method.annotation.ExceptionHandlerExceptionResolver]
[ main:15220 ] org.springframework.beans.CachedIntrospectionResults.&lt;init&gt;(CachedIntrospectionResults.java:284) Caching PropertyDescriptors for class [org.springframework.web.servlet.mvc.method.annotation.ExceptionHandlerExceptionResolver]
[ main:15220 ] org.springframework.beans.CachedIntrospectionResults.&lt;init&gt;(CachedIntrospectionResults.java:297) Found bean property &apos;applicationContext&apos; of type [org.springframework.context.ApplicationContext]
[ main:15221 ] org.springframework.beans.CachedIntrospectionResults.&lt;init&gt;(CachedIntrospectionResults.java:297) Found bean property &apos;argumentResolvers&apos; of type [org.springframework.web.method.support.HandlerMethodArgumentResolverComposite]
[ main:15221 ] org.springframework.beans.CachedIntrospectionResults.&lt;init&gt;(CachedIntrospectionResults.java:297) Found bean property &apos;class&apos; of type [java.lang.Class]
[ main:15221 ] org.springframework.beans.CachedIntrospectionResults.&lt;init&gt;(CachedIntrospectionResults.java:297) Found bean property &apos;contentNegotiationManager&apos; of type [org.springframework.web.accept.ContentNegotiationManager]
[ main:15221 ] org.springframework.beans.CachedIntrospectionResults.&lt;init&gt;(CachedIntrospectionResults.java:297) Found bean property &apos;customArgumentResolvers&apos; of type [java.util.List]
[ main:15221 ] org.springframework.beans.CachedIntrospectionResults.&lt;init&gt;(CachedIntrospectionResults.java:297) Found bean property &apos;customReturnValueHandlers&apos; of type [java.util.List]
[ main:15221 ] org.springframework.beans.CachedIntrospectionResults.&lt;init&gt;(CachedIntrospectionResults.java:297) Found bean property &apos;exceptionHandlerAdviceCache&apos; of type [java.util.Map]
[ main:15221 ] org.springframework.beans.CachedIntrospectionResults.&lt;init&gt;(CachedIntrospectionResults.java:297) Found bean property &apos;mappedHandlerClasses&apos; of type [[Ljava.lang.Class;]
[ main:15221 ] org.springframework.beans.CachedIntrospectionResults.&lt;init&gt;(CachedIntrospectionResults.java:297) Found bean property &apos;mappedHandlers&apos; of type [java.util.Set]
[ main:15222 ] org.springframework.beans.CachedIntrospectionResults.&lt;init&gt;(CachedIntrospectionResults.java:297) Found bean property &apos;messageConverters&apos; of type [java.util.List]
[ main:15222 ] org.springframework.beans.CachedIntrospectionResults.&lt;init&gt;(CachedIntrospectionResults.java:297) Found bean property &apos;order&apos; of type [int]
[ main:15222 ] org.springframework.beans.CachedIntrospectionResults.&lt;init&gt;(CachedIntrospectionResults.java:297) Found bean property &apos;preventResponseCaching&apos; of type [boolean]
[ main:15222 ] org.springframework.beans.CachedIntrospectionResults.&lt;init&gt;(CachedIntrospectionResults.java:297) Found bean property &apos;responseBodyAdvice&apos; of type [java.util.List]
[ main:15222 ] org.springframework.beans.CachedIntrospectionResults.&lt;init&gt;(CachedIntrospectionResults.java:297) Found bean property &apos;returnValueHandlers&apos; of type [org.springframework.web.method.support.HandlerMethodReturnValueHandlerComposite]
[ main:15222 ] org.springframework.beans.CachedIntrospectionResults.&lt;init&gt;(CachedIntrospectionResults.java:297) Found bean property &apos;warnLogCategory&apos; of type [java.lang.String]
[ main:15224 ] org.springframework.beans.factory.support.AbstractBeanFactory.doGetBean(AbstractBeanFactory.java:251) Returning cached instance of singleton bean &apos;mvcContentNegotiationManager&apos;
[ main:15225 ] org.springframework.beans.factory.support.AbstractAutowireCapableBeanFactory.createBean(AbstractAutowireCapableBeanFactory.java:448) Creating instance of bean &apos;(inner bean)#5c20aab9#2&apos;
[ main:15225 ] org.springframework.beans.factory.support.AbstractBeanFactory.doGetBean(AbstractBeanFactory.java:251) Returning cached instance of singleton bean &apos;org.springframework.transaction.config.internalTransactionAdvisor&apos;
[ main:15226 ] org.springframework.beans.factory.support.AbstractAutowireCapableBeanFactory.createBean(AbstractAutowireCapableBeanFactory.java:484) Finished creating instance of bean &apos;(inner bean)#5c20aab9#2&apos;
[ main:15226 ] org.springframework.beans.factory.support.AbstractAutowireCapableBeanFactory.createBean(AbstractAutowireCapableBeanFactory.java:448) Creating instance of bean &apos;(inner bean)#4b7c4456#2&apos;
[ main:15227 ] org.springframework.beans.factory.support.AbstractBeanFactory.doGetBean(AbstractBeanFactory.java:251) Returning cached instance of singleton bean &apos;org.springframework.transaction.config.internalTransactionAdvisor&apos;
[ main:15228 ] org.springframework.beans.factory.support.AbstractAutowireCapableBeanFactory.createBean(AbstractAutowireCapableBeanFactory.java:484) Finished creating instance of bean &apos;(inner bean)#4b7c4456#2&apos;
[ main:15228 ] org.springframework.beans.factory.support.AbstractAutowireCapableBeanFactory.createBean(AbstractAutowireCapableBeanFactory.java:448) Creating instance of bean &apos;(inner bean)#2c768ada#2&apos;
[ main:15228 ] org.springframework.beans.factory.support.AbstractBeanFactory.doGetBean(AbstractBeanFactory.java:251) Returning cached instance of singleton bean &apos;org.springframework.transaction.config.internalTransactionAdvisor&apos;
[ main:15228 ] org.springframework.beans.factory.support.AbstractAutowireCapableBeanFactory.createBean(AbstractAutowireCapableBeanFactory.java:484) Finished creating instance of bean &apos;(inner bean)#2c768ada#2&apos;
[ main:15228 ] org.springframework.beans.factory.support.AbstractAutowireCapableBeanFactory.createBean(AbstractAutowireCapableBeanFactory.java:448) Creating instance of bean &apos;(inner bean)#c1fca2a#2&apos;
[ main:15230 ] org.springframework.beans.factory.support.AbstractBeanFactory.doGetBean(AbstractBeanFactory.java:251) Returning cached instance of singleton bean &apos;org.springframework.transaction.config.internalTransactionAdvisor&apos;
[ main:15230 ] org.springframework.beans.factory.support.AbstractAutowireCapableBeanFactory.createBean(AbstractAutowireCapableBeanFactory.java:484) Finished creating instance of bean &apos;(inner bean)#c1fca2a#2&apos;
[ main:15230 ] org.springframework.beans.factory.support.AbstractAutowireCapableBeanFactory.createBean(AbstractAutowireCapableBeanFactory.java:448) Creating instance of bean &apos;(inner bean)#5533dc72#2&apos;
[ main:15232 ] org.springframework.beans.factory.support.AbstractBeanFactory.doGetBean(AbstractBeanFactory.java:251) Returning cached instance of singleton bean &apos;org.springframework.transaction.config.internalTransactionAdvisor&apos;
[ main:15232 ] org.springframework.beans.factory.support.AbstractAutowireCapableBeanFactory.createBean(AbstractAutowireCapableBeanFactory.java:484) Finished creating instance of bean &apos;(inner bean)#5533dc72#2&apos;
[ main:15233 ] org.springframework.beans.factory.support.AbstractAutowireCapableBeanFactory.createBean(AbstractAutowireCapableBeanFactory.java:448) Creating instance of bean &apos;(inner bean)#7c447c76#2&apos;
[ main:15233 ] org.springframework.beans.factory.support.AbstractBeanFactory.doGetBean(AbstractBeanFactory.java:251) Returning cached instance of singleton bean &apos;org.springframework.transaction.config.internalTransactionAdvisor&apos;
[ main:15233 ] org.springframework.beans.factory.support.AbstractAutowireCapableBeanFactory.createBean(AbstractAutowireCapableBeanFactory.java:484) Finished creating instance of bean &apos;(inner bean)#7c447c76#2&apos;
[ main:15234 ] org.springframework.beans.factory.support.AbstractAutowireCapableBeanFactory.createBean(AbstractAutowireCapableBeanFactory.java:448) Creating instance of bean &apos;(inner bean)#64fc097e#2&apos;
[ main:15234 ] org.springframework.beans.factory.support.AbstractAutowireCapableBeanFactory.createBean(AbstractAutowireCapableBeanFactory.java:448) Creating instance of bean &apos;(inner bean)#1640c151#2&apos;
[ main:15234 ] org.springframework.beans.factory.support.AbstractAutowireCapableBeanFactory.invokeInitMethods(AbstractAutowireCapableBeanFactory.java:1620) Invoking afterPropertiesSet() on bean with name &apos;(inner bean)#1640c151#2&apos;
[ main:15235 ] org.springframework.beans.factory.support.AbstractBeanFactory.doGetBean(AbstractBeanFactory.java:251) Returning cached instance of singleton bean &apos;org.springframework.transaction.config.internalTransactionAdvisor&apos;
[ main:15236 ] org.springframework.beans.factory.support.AbstractAutowireCapableBeanFactory.createBean(AbstractAutowireCapableBeanFactory.java:484) Finished creating instance of bean &apos;(inner bean)#1640c151#2&apos;
[ main:15237 ] org.springframework.beans.factory.support.AbstractBeanFactory.doGetBean(AbstractBeanFactory.java:251) Returning cached instance of singleton bean &apos;org.springframework.transaction.config.internalTransactionAdvisor&apos;
[ main:15238 ] org.springframework.beans.factory.support.AbstractBeanFactory.doGetBean(AbstractBeanFactory.java:251) Returning cached instance of singleton bean &apos;org.springframework.transaction.config.internalTransactionAdvisor&apos;
[ main:15238 ] org.springframework.beans.factory.support.AbstractAutowireCapableBeanFactory.createBean(AbstractAutowireCapableBeanFactory.java:484) Finished creating instance of bean &apos;(inner bean)#64fc097e#2&apos;
[ main:15238 ] org.springframework.beans.factory.support.AbstractAutowireCapableBeanFactory.createBean(AbstractAutowireCapableBeanFactory.java:448) Creating instance of bean &apos;(inner bean)#6009bea&apos;
[ main:15239 ] org.springframework.beans.factory.support.AbstractBeanFactory.doGetBean(AbstractBeanFactory.java:251) Returning cached instance of singleton bean &apos;org.springframework.transaction.config.internalTransactionAdvisor&apos;
[ main:15239 ] org.springframework.beans.factory.support.AbstractAutowireCapableBeanFactory.createBean(AbstractAutowireCapableBeanFactory.java:484) Finished creating instance of bean &apos;(inner bean)#6009bea&apos;
[ main:15239 ] org.springframework.beans.factory.support.AbstractAutowireCapableBeanFactory.invokeInitMethods(AbstractAutowireCapableBeanFactory.java:1620) Invoking afterPropertiesSet() on bean with name &apos;org.springframework.web.servlet.mvc.method.annotation.ExceptionHandlerExceptionResolver#0&apos;
[ main:15239 ] org.springframework.web.servlet.mvc.method.annotation.ExceptionHandlerExceptionResolver.initExceptionHandlerAdviceCache(ExceptionHandlerExceptionResolver.java:258) Looking for exception mappings: org.springframework.context.support.ClassPathXmlApplicationContext@1ffcf674: startup date [Wed Sep 09 19:11:02 CST 2020]; root of context hierarchy
[ main:15240 ] org.springframework.beans.factory.support.AbstractBeanFactory.doGetBean(AbstractBeanFactory.java:251) Returning cached instance of singleton bean &apos;org.springframework.transaction.config.internalTransactionAdvisor&apos;
[ main:15240 ] org.springframework.beans.factory.support.AbstractAutowireCapableBeanFactory.createBean(AbstractAutowireCapableBeanFactory.java:484) Finished creating instance of bean &apos;org.springframework.web.servlet.mvc.method.annotation.ExceptionHandlerExceptionResolver#0&apos;
[ main:15241 ] org.springframework.beans.factory.support.DefaultSingletonBeanRegistry.getSingleton(DefaultSingletonBeanRegistry.java:221) Creating shared instance of singleton bean &apos;org.springframework.web.servlet.mvc.annotation.ResponseStatusExceptionResolver#0&apos;
[ main:15241 ] org.springframework.beans.factory.support.AbstractAutowireCapableBeanFactory.createBean(AbstractAutowireCapableBeanFactory.java:448) Creating instance of bean &apos;org.springframework.web.servlet.mvc.annotation.ResponseStatusExceptionResolver#0&apos;
[ main:15242 ] org.springframework.beans.factory.support.AbstractAutowireCapableBeanFactory.doCreateBean(AbstractAutowireCapableBeanFactory.java:529) Eagerly caching bean &apos;org.springframework.web.servlet.mvc.annotation.ResponseStatusExceptionResolver#0&apos; to allow for resolving potential circular references
[ main:15242 ] org.springframework.beans.CachedIntrospectionResults.&lt;init&gt;(CachedIntrospectionResults.java:265) Getting BeanInfo for class [org.springframework.web.servlet.mvc.annotation.ResponseStatusExceptionResolver]
[ main:15242 ] org.springframework.beans.CachedIntrospectionResults.&lt;init&gt;(CachedIntrospectionResults.java:284) Caching PropertyDescriptors for class [org.springframework.web.servlet.mvc.annotation.ResponseStatusExceptionResolver]
[ main:15242 ] org.springframework.beans.CachedIntrospectionResults.&lt;init&gt;(CachedIntrospectionResults.java:297) Found bean property &apos;class&apos; of type [java.lang.Class]
[ main:15242 ] org.springframework.beans.CachedIntrospectionResults.&lt;init&gt;(CachedIntrospectionResults.java:297) Found bean property &apos;mappedHandlerClasses&apos; of type [[Ljava.lang.Class;]
[ main:15243 ] org.springframework.beans.CachedIntrospectionResults.&lt;init&gt;(CachedIntrospectionResults.java:297) Found bean property &apos;mappedHandlers&apos; of type [java.util.Set]
[ main:15243 ] org.springframework.beans.CachedIntrospectionResults.&lt;init&gt;(CachedIntrospectionResults.java:297) Found bean property &apos;messageSource&apos; of type [org.springframework.context.MessageSource]
[ main:15243 ] org.springframework.beans.CachedIntrospectionResults.&lt;init&gt;(CachedIntrospectionResults.java:297) Found bean property &apos;order&apos; of type [int]
[ main:15243 ] org.springframework.beans.CachedIntrospectionResults.&lt;init&gt;(CachedIntrospectionResults.java:297) Found bean property &apos;preventResponseCaching&apos; of type [boolean]
[ main:15243 ] org.springframework.beans.CachedIntrospectionResults.&lt;init&gt;(CachedIntrospectionResults.java:297) Found bean property &apos;warnLogCategory&apos; of type [java.lang.String]
[ main:15244 ] org.springframework.beans.factory.support.AbstractBeanFactory.doGetBean(AbstractBeanFactory.java:251) Returning cached instance of singleton bean &apos;org.springframework.transaction.config.internalTransactionAdvisor&apos;
[ main:15245 ] org.springframework.beans.factory.support.AbstractAutowireCapableBeanFactory.createBean(AbstractAutowireCapableBeanFactory.java:484) Finished creating instance of bean &apos;org.springframework.web.servlet.mvc.annotation.ResponseStatusExceptionResolver#0&apos;
[ main:15245 ] org.springframework.beans.factory.support.DefaultSingletonBeanRegistry.getSingleton(DefaultSingletonBeanRegistry.java:221) Creating shared instance of singleton bean &apos;org.springframework.web.servlet.mvc.support.DefaultHandlerExceptionResolver#0&apos;
[ main:15245 ] org.springframework.beans.factory.support.AbstractAutowireCapableBeanFactory.createBean(AbstractAutowireCapableBeanFactory.java:448) Creating instance of bean &apos;org.springframework.web.servlet.mvc.support.DefaultHandlerExceptionResolver#0&apos;
[ main:15246 ] org.springframework.beans.factory.support.AbstractAutowireCapableBeanFactory.doCreateBean(AbstractAutowireCapableBeanFactory.java:529) Eagerly caching bean &apos;org.springframework.web.servlet.mvc.support.DefaultHandlerExceptionResolver#0&apos; to allow for resolving potential circular references
[ main:15246 ] org.springframework.beans.CachedIntrospectionResults.&lt;init&gt;(CachedIntrospectionResults.java:265) Getting BeanInfo for class [org.springframework.web.servlet.mvc.support.DefaultHandlerExceptionResolver]
[ main:15246 ] org.springframework.beans.CachedIntrospectionResults.&lt;init&gt;(CachedIntrospectionResults.java:284) Caching PropertyDescriptors for class [org.springframework.web.servlet.mvc.support.DefaultHandlerExceptionResolver]
[ main:15246 ] org.springframework.beans.CachedIntrospectionResults.&lt;init&gt;(CachedIntrospectionResults.java:297) Found bean property &apos;class&apos; of type [java.lang.Class]
[ main:15246 ] org.springframework.beans.CachedIntrospectionResults.&lt;init&gt;(CachedIntrospectionResults.java:297) Found bean property &apos;mappedHandlerClasses&apos; of type [[Ljava.lang.Class;]
[ main:15247 ] org.springframework.beans.CachedIntrospectionResults.&lt;init&gt;(CachedIntrospectionResults.java:297) Found bean property &apos;mappedHandlers&apos; of type [java.util.Set]
[ main:15247 ] org.springframework.beans.CachedIntrospectionResults.&lt;init&gt;(CachedIntrospectionResults.java:297) Found bean property &apos;order&apos; of type [int]
[ main:15247 ] org.springframework.beans.CachedIntrospectionResults.&lt;init&gt;(CachedIntrospectionResults.java:297) Found bean property &apos;preventResponseCaching&apos; of type [boolean]
[ main:15247 ] org.springframework.beans.CachedIntrospectionResults.&lt;init&gt;(CachedIntrospectionResults.java:297) Found bean property &apos;warnLogCategory&apos; of type [java.lang.String]
[ main:15249 ] org.springframework.beans.factory.support.AbstractBeanFactory.doGetBean(AbstractBeanFactory.java:251) Returning cached instance of singleton bean &apos;org.springframework.transaction.config.internalTransactionAdvisor&apos;
[ main:15249 ] org.springframework.beans.factory.support.AbstractAutowireCapableBeanFactory.createBean(AbstractAutowireCapableBeanFactory.java:484) Finished creating instance of bean &apos;org.springframework.web.servlet.mvc.support.DefaultHandlerExceptionResolver#0&apos;
[ main:15250 ] org.springframework.beans.factory.support.DefaultSingletonBeanRegistry.getSingleton(DefaultSingletonBeanRegistry.java:221) Creating shared instance of singleton bean &apos;org.springframework.web.servlet.handler.BeanNameUrlHandlerMapping&apos;
[ main:15250 ] org.springframework.beans.factory.support.AbstractAutowireCapableBeanFactory.createBean(AbstractAutowireCapableBeanFactory.java:448) Creating instance of bean &apos;org.springframework.web.servlet.handler.BeanNameUrlHandlerMapping&apos;
[ main:15250 ] org.springframework.beans.factory.support.AbstractAutowireCapableBeanFactory.doCreateBean(AbstractAutowireCapableBeanFactory.java:529) Eagerly caching bean &apos;org.springframework.web.servlet.handler.BeanNameUrlHandlerMapping&apos; to allow for resolving potential circular references
[ main:15250 ] org.springframework.beans.CachedIntrospectionResults.&lt;init&gt;(CachedIntrospectionResults.java:265) Getting BeanInfo for class [org.springframework.web.servlet.handler.BeanNameUrlHandlerMapping]
[ main:15257 ] org.springframework.beans.CachedIntrospectionResults.&lt;init&gt;(CachedIntrospectionResults.java:284) Caching PropertyDescriptors for class [org.springframework.web.servlet.handler.BeanNameUrlHandlerMapping]
[ main:15258 ] org.springframework.beans.CachedIntrospectionResults.&lt;init&gt;(CachedIntrospectionResults.java:297) Found bean property &apos;alwaysUseFullPath&apos; of type [boolean]
[ main:15258 ] org.springframework.beans.CachedIntrospectionResults.&lt;init&gt;(CachedIntrospectionResults.java:297) Found bean property &apos;applicationContext&apos; of type [org.springframework.context.ApplicationContext]
[ main:15259 ] org.springframework.beans.CachedIntrospectionResults.&lt;init&gt;(CachedIntrospectionResults.java:297) Found bean property &apos;class&apos; of type [java.lang.Class]
[ main:15259 ] org.springframework.beans.CachedIntrospectionResults.&lt;init&gt;(CachedIntrospectionResults.java:297) Found bean property &apos;corsConfigurations&apos; of type [java.util.Map]
[ main:15259 ] org.springframework.beans.CachedIntrospectionResults.&lt;init&gt;(CachedIntrospectionResults.java:297) Found bean property &apos;corsProcessor&apos; of type [org.springframework.web.cors.CorsProcessor]
[ main:15259 ] org.springframework.beans.CachedIntrospectionResults.&lt;init&gt;(CachedIntrospectionResults.java:297) Found bean property &apos;defaultHandler&apos; of type [java.lang.Object]
[ main:15259 ] org.springframework.beans.CachedIntrospectionResults.&lt;init&gt;(CachedIntrospectionResults.java:297) Found bean property &apos;detectHandlersInAncestorContexts&apos; of type [boolean]
[ main:15259 ] org.springframework.beans.CachedIntrospectionResults.&lt;init&gt;(CachedIntrospectionResults.java:297) Found bean property &apos;handlerMap&apos; of type [java.util.Map]
[ main:15259 ] org.springframework.beans.CachedIntrospectionResults.&lt;init&gt;(CachedIntrospectionResults.java:297) Found bean property &apos;interceptors&apos; of type [[Ljava.lang.Object;]
[ main:15260 ] org.springframework.beans.CachedIntrospectionResults.&lt;init&gt;(CachedIntrospectionResults.java:297) Found bean property &apos;lazyInitHandlers&apos; of type [boolean]
[ main:15260 ] org.springframework.beans.CachedIntrospectionResults.&lt;init&gt;(CachedIntrospectionResults.java:297) Found bean property &apos;order&apos; of type [int]
[ main:15260 ] org.springframework.beans.CachedIntrospectionResults.&lt;init&gt;(CachedIntrospectionResults.java:297) Found bean property &apos;pathMatcher&apos; of type [org.springframework.util.PathMatcher]
[ main:15260 ] org.springframework.beans.CachedIntrospectionResults.&lt;init&gt;(CachedIntrospectionResults.java:297) Found bean property &apos;removeSemicolonContent&apos; of type [boolean]
[ main:15260 ] org.springframework.beans.CachedIntrospectionResults.&lt;init&gt;(CachedIntrospectionResults.java:297) Found bean property &apos;rootHandler&apos; of type [java.lang.Object]
[ main:15260 ] org.springframework.beans.CachedIntrospectionResults.&lt;init&gt;(CachedIntrospectionResults.java:297) Found bean property &apos;servletContext&apos; of type [javax.servlet.ServletContext]
[ main:15260 ] org.springframework.beans.CachedIntrospectionResults.&lt;init&gt;(CachedIntrospectionResults.java:297) Found bean property &apos;urlDecode&apos; of type [boolean]
[ main:15260 ] org.springframework.beans.CachedIntrospectionResults.&lt;init&gt;(CachedIntrospectionResults.java:297) Found bean property &apos;urlPathHelper&apos; of type [org.springframework.web.util.UrlPathHelper]
[ main:15261 ] org.springframework.beans.CachedIntrospectionResults.&lt;init&gt;(CachedIntrospectionResults.java:297) Found bean property &apos;useTrailingSlashMatch&apos; of type [boolean]
[ main:15263 ] org.springframework.beans.factory.support.AbstractBeanFactory.doGetBean(AbstractBeanFactory.java:251) Returning cached instance of singleton bean &apos;mvcCorsConfigurations&apos;
[ main:15263 ] org.springframework.beans.factory.support.AbstractBeanFactory.doGetBean(AbstractBeanFactory.java:251) Returning cached instance of singleton bean &apos;org.springframework.web.servlet.handler.MappedInterceptor#0&apos;
[ main:15264 ] org.springframework.beans.factory.support.AbstractBeanFactory.doGetBean(AbstractBeanFactory.java:251) Returning cached instance of singleton bean &apos;org.springframework.web.servlet.handler.MappedInterceptor#1&apos;
[ main:15289 ] org.springframework.web.servlet.handler.AbstractDetectingUrlHandlerMapping.detectHandlers(AbstractDetectingUrlHandlerMapping.java:71) Looking for URL mappings in application context: org.springframework.context.support.ClassPathXmlApplicationContext@1ffcf674: startup date [Wed Sep 09 19:11:02 CST 2020]; root of context hierarchy
[ main:15289 ] org.springframework.web.servlet.handler.AbstractDetectingUrlHandlerMapping.detectHandlers(AbstractDetectingUrlHandlerMapping.java:86) Rejected bean name &apos;basicServiceImpl&apos;: no URL paths identified
[ main:15289 ] org.springframework.web.servlet.handler.AbstractDetectingUrlHandlerMapping.detectHandlers(AbstractDetectingUrlHandlerMapping.java:86) Rejected bean name &apos;clsController&apos;: no URL paths identified
[ main:15290 ] org.springframework.web.servlet.handler.AbstractDetectingUrlHandlerMapping.detectHandlers(AbstractDetectingUrlHandlerMapping.java:86) Rejected bean name &apos;clsRoomController&apos;: no URL paths identified
[ main:15290 ] org.springframework.web.servlet.handler.AbstractDetectingUrlHandlerMapping.detectHandlers(AbstractDetectingUrlHandlerMapping.java:86) Rejected bean name &apos;userInfoController&apos;: no URL paths identified
[ main:15290 ] org.springframework.web.servlet.handler.AbstractDetectingUrlHandlerMapping.detectHandlers(AbstractDetectingUrlHandlerMapping.java:86) Rejected bean name &apos;userServiceImpl&apos;: no URL paths identified
[ main:15290 ] org.springframework.web.servlet.handler.AbstractDetectingUrlHandlerMapping.detectHandlers(AbstractDetectingUrlHandlerMapping.java:86) Rejected bean name &apos;userController&apos;: no URL paths identified
[ main:15290 ] org.springframework.web.servlet.handler.AbstractDetectingUrlHandlerMapping.detectHandlers(AbstractDetectingUrlHandlerMapping.java:86) Rejected bean name &apos;org.springframework.context.annotation.internalConfigurationAnnotationProcessor&apos;: no URL paths identified
[ main:15290 ] org.springframework.web.servlet.handler.AbstractDetectingUrlHandlerMapping.detectHandlers(AbstractDetectingUrlHandlerMapping.java:86) Rejected bean name &apos;org.springframework.context.annotation.internalAutowiredAnnotationProcessor&apos;: no URL paths identified
[ main:15290 ] org.springframework.web.servlet.handler.AbstractDetectingUrlHandlerMapping.detectHandlers(AbstractDetectingUrlHandlerMapping.java:86) Rejected bean name &apos;org.springframework.context.annotation.internalRequiredAnnotationProcessor&apos;: no URL paths identified
[ main:15290 ] org.springframework.web.servlet.handler.AbstractDetectingUrlHandlerMapping.detectHandlers(AbstractDetectingUrlHandlerMapping.java:86) Rejected bean name &apos;org.springframework.context.annotation.internalCommonAnnotationProcessor&apos;: no URL paths identified
[ main:15291 ] org.springframework.web.servlet.handler.AbstractDetectingUrlHandlerMapping.detectHandlers(AbstractDetectingUrlHandlerMapping.java:86) Rejected bean name &apos;org.springframework.context.event.internalEventListenerProcessor&apos;: no URL paths identified
[ main:15291 ] org.springframework.web.servlet.handler.AbstractDetectingUrlHandlerMapping.detectHandlers(AbstractDetectingUrlHandlerMapping.java:86) Rejected bean name &apos;org.springframework.context.event.internalEventListenerFactory&apos;: no URL paths identified
[ main:15291 ] org.springframework.web.servlet.handler.AbstractDetectingUrlHandlerMapping.detectHandlers(AbstractDetectingUrlHandlerMapping.java:86) Rejected bean name &apos;mvcContentNegotiationManager&apos;: no URL paths identified
[ main:15291 ] org.springframework.web.servlet.handler.AbstractDetectingUrlHandlerMapping.detectHandlers(AbstractDetectingUrlHandlerMapping.java:86) Rejected bean name &apos;org.springframework.web.servlet.mvc.method.annotation.RequestMappingHandlerMapping&apos;: no URL paths identified
[ main:15291 ] org.springframework.web.servlet.handler.AbstractDetectingUrlHandlerMapping.detectHandlers(AbstractDetectingUrlHandlerMapping.java:86) Rejected bean name &apos;mvcCorsConfigurations&apos;: no URL paths identified
[ main:15292 ] org.springframework.web.servlet.handler.AbstractDetectingUrlHandlerMapping.detectHandlers(AbstractDetectingUrlHandlerMapping.java:86) Rejected bean name &apos;org.springframework.format.support.FormattingConversionServiceFactoryBean#0&apos;: no URL paths identified
[ main:15293 ] org.springframework.web.servlet.handler.AbstractDetectingUrlHandlerMapping.detectHandlers(AbstractDetectingUrlHandlerMapping.java:86) Rejected bean name &apos;org.springframework.web.servlet.mvc.method.annotation.RequestMappingHandlerAdapter&apos;: no URL paths identified
[ main:15293 ] org.springframework.web.servlet.handler.AbstractDetectingUrlHandlerMapping.detectHandlers(AbstractDetectingUrlHandlerMapping.java:86) Rejected bean name &apos;mvcUriComponentsContributor&apos;: no URL paths identified
[ main:15293 ] org.springframework.web.servlet.handler.AbstractDetectingUrlHandlerMapping.detectHandlers(AbstractDetectingUrlHandlerMapping.java:86) Rejected bean name &apos;org.springframework.web.servlet.handler.MappedInterceptor#0&apos;: no URL paths identified
[ main:15294 ] org.springframework.web.servlet.handler.AbstractDetectingUrlHandlerMapping.detectHandlers(AbstractDetectingUrlHandlerMapping.java:86) Rejected bean name &apos;org.springframework.web.servlet.mvc.method.annotation.ExceptionHandlerExceptionResolver#0&apos;: no URL paths identified
[ main:15294 ] org.springframework.web.servlet.handler.AbstractDetectingUrlHandlerMapping.detectHandlers(AbstractDetectingUrlHandlerMapping.java:86) Rejected bean name &apos;org.springframework.web.servlet.mvc.annotation.ResponseStatusExceptionResolver#0&apos;: no URL paths identified
[ main:15294 ] org.springframework.web.servlet.handler.AbstractDetectingUrlHandlerMapping.detectHandlers(AbstractDetectingUrlHandlerMapping.java:86) Rejected bean name &apos;org.springframework.web.servlet.mvc.support.DefaultHandlerExceptionResolver#0&apos;: no URL paths identified
[ main:15294 ] org.springframework.web.servlet.handler.AbstractDetectingUrlHandlerMapping.detectHandlers(AbstractDetectingUrlHandlerMapping.java:86) Rejected bean name &apos;org.springframework.web.servlet.handler.BeanNameUrlHandlerMapping&apos;: no URL paths identified
[ main:15294 ] org.springframework.web.servlet.handler.AbstractDetectingUrlHandlerMapping.detectHandlers(AbstractDetectingUrlHandlerMapping.java:86) Rejected bean name &apos;org.springframework.web.servlet.mvc.HttpRequestHandlerAdapter&apos;: no URL paths identified
[ main:15295 ] org.springframework.web.servlet.handler.AbstractDetectingUrlHandlerMapping.detectHandlers(AbstractDetectingUrlHandlerMapping.java:86) Rejected bean name &apos;org.springframework.web.servlet.mvc.SimpleControllerHandlerAdapter&apos;: no URL paths identified
[ main:15295 ] org.springframework.web.servlet.handler.AbstractDetectingUrlHandlerMapping.detectHandlers(AbstractDetectingUrlHandlerMapping.java:86) Rejected bean name &apos;mvcResourceUrlProvider&apos;: no URL paths identified
[ main:15295 ] org.springframework.web.servlet.handler.AbstractDetectingUrlHandlerMapping.detectHandlers(AbstractDetectingUrlHandlerMapping.java:86) Rejected bean name &apos;org.springframework.web.servlet.handler.MappedInterceptor#1&apos;: no URL paths identified
[ main:15295 ] org.springframework.web.servlet.handler.AbstractDetectingUrlHandlerMapping.detectHandlers(AbstractDetectingUrlHandlerMapping.java:86) Rejected bean name &apos;org.springframework.web.servlet.resource.ResourceHttpRequestHandler#0&apos;: no URL paths identified
[ main:15295 ] org.springframework.web.servlet.handler.AbstractDetectingUrlHandlerMapping.detectHandlers(AbstractDetectingUrlHandlerMapping.java:86) Rejected bean name &apos;mvcPathMatcher&apos;: no URL paths identified
[ main:15295 ] org.springframework.web.servlet.handler.AbstractDetectingUrlHandlerMapping.detectHandlers(AbstractDetectingUrlHandlerMapping.java:86) Rejected bean name &apos;mvcUrlPathHelper&apos;: no URL paths identified
[ main:15295 ] org.springframework.web.servlet.handler.AbstractDetectingUrlHandlerMapping.detectHandlers(AbstractDetectingUrlHandlerMapping.java:86) Rejected bean name &apos;org.springframework.web.servlet.handler.SimpleUrlHandlerMapping#0&apos;: no URL paths identified
[ main:15298 ] org.springframework.web.servlet.handler.AbstractDetectingUrlHandlerMapping.detectHandlers(AbstractDetectingUrlHandlerMapping.java:86) Rejected bean name &apos;org.springframework.web.servlet.resource.ResourceHttpRequestHandler#1&apos;: no URL paths identified
[ main:15298 ] org.springframework.web.servlet.handler.AbstractDetectingUrlHandlerMapping.detectHandlers(AbstractDetectingUrlHandlerMapping.java:86) Rejected bean name &apos;org.springframework.web.servlet.handler.SimpleUrlHandlerMapping#1&apos;: no URL paths identified
[ main:15298 ] org.springframework.web.servlet.handler.AbstractDetectingUrlHandlerMapping.detectHandlers(AbstractDetectingUrlHandlerMapping.java:86) Rejected bean name &apos;org.springframework.web.servlet.resource.ResourceHttpRequestHandler#2&apos;: no URL paths identified
[ main:15299 ] org.springframework.web.servlet.handler.AbstractDetectingUrlHandlerMapping.detectHandlers(AbstractDetectingUrlHandlerMapping.java:86) Rejected bean name &apos;org.springframework.web.servlet.handler.SimpleUrlHandlerMapping#2&apos;: no URL paths identified
[ main:15299 ] org.springframework.web.servlet.handler.AbstractDetectingUrlHandlerMapping.detectHandlers(AbstractDetectingUrlHandlerMapping.java:86) Rejected bean name &apos;org.springframework.web.servlet.resource.DefaultServletHttpRequestHandler#0&apos;: no URL paths identified
[ main:15299 ] org.springframework.web.servlet.handler.AbstractDetectingUrlHandlerMapping.detectHandlers(AbstractDetectingUrlHandlerMapping.java:86) Rejected bean name &apos;org.springframework.web.servlet.handler.SimpleUrlHandlerMapping#3&apos;: no URL paths identified
[ main:15299 ] org.springframework.web.servlet.handler.AbstractDetectingUrlHandlerMapping.detectHandlers(AbstractDetectingUrlHandlerMapping.java:86) Rejected bean name &apos;org.springframework.web.servlet.view.InternalResourceViewResolver#0&apos;: no URL paths identified
[ main:15299 ] org.springframework.web.servlet.handler.AbstractDetectingUrlHandlerMapping.detectHandlers(AbstractDetectingUrlHandlerMapping.java:86) Rejected bean name &apos;ds&apos;: no URL paths identified
[ main:15299 ] org.springframework.web.servlet.handler.AbstractDetectingUrlHandlerMapping.detectHandlers(AbstractDetectingUrlHandlerMapping.java:86) Rejected bean name &apos;txManager&apos;: no URL paths identified
[ main:15299 ] org.springframework.web.servlet.handler.AbstractDetectingUrlHandlerMapping.detectHandlers(AbstractDetectingUrlHandlerMapping.java:86) Rejected bean name &apos;org.springframework.transaction.config.internalTransactionalEventListenerFactory&apos;: no URL paths identified
[ main:15299 ] org.springframework.web.servlet.handler.AbstractDetectingUrlHandlerMapping.detectHandlers(AbstractDetectingUrlHandlerMapping.java:86) Rejected bean name &apos;org.springframework.aop.config.internalAutoProxyCreator&apos;: no URL paths identified
[ main:15299 ] org.springframework.web.servlet.handler.AbstractDetectingUrlHandlerMapping.detectHandlers(AbstractDetectingUrlHandlerMapping.java:86) Rejected bean name &apos;org.springframework.transaction.annotation.AnnotationTransactionAttributeSource#0&apos;: no URL paths identified
[ main:15300 ] org.springframework.web.servlet.handler.AbstractDetectingUrlHandlerMapping.detectHandlers(AbstractDetectingUrlHandlerMapping.java:86) Rejected bean name &apos;org.springframework.transaction.interceptor.TransactionInterceptor#0&apos;: no URL paths identified
[ main:15300 ] org.springframework.web.servlet.handler.AbstractDetectingUrlHandlerMapping.detectHandlers(AbstractDetectingUrlHandlerMapping.java:86) Rejected bean name &apos;org.springframework.transaction.config.internalTransactionAdvisor&apos;: no URL paths identified
[ main:15300 ] org.springframework.web.servlet.handler.AbstractDetectingUrlHandlerMapping.detectHandlers(AbstractDetectingUrlHandlerMapping.java:86) Rejected bean name &apos;sqlSessionFactory&apos;: no URL paths identified
[ main:15300 ] org.springframework.web.servlet.handler.AbstractDetectingUrlHandlerMapping.detectHandlers(AbstractDetectingUrlHandlerMapping.java:86) Rejected bean name &apos;org.mybatis.spring.mapper.MapperScannerConfigurer#0&apos;: no URL paths identified
[ main:15300 ] org.springframework.web.servlet.handler.AbstractDetectingUrlHandlerMapping.detectHandlers(AbstractDetectingUrlHandlerMapping.java:86) Rejected bean name &apos;org.springframework.context.annotation.ConfigurationClassPostProcessor.importAwareProcessor&apos;: no URL paths identified
[ main:15300 ] org.springframework.web.servlet.handler.AbstractDetectingUrlHandlerMapping.detectHandlers(AbstractDetectingUrlHandlerMapping.java:86) Rejected bean name &apos;org.springframework.context.annotation.ConfigurationClassPostProcessor.enhancedConfigurationProcessor&apos;: no URL paths identified
[ main:15301 ] org.springframework.web.servlet.handler.AbstractDetectingUrlHandlerMapping.detectHandlers(AbstractDetectingUrlHandlerMapping.java:86) Rejected bean name &apos;clsMapper&apos;: no URL paths identified
[ main:15301 ] org.springframework.web.servlet.handler.AbstractDetectingUrlHandlerMapping.detectHandlers(AbstractDetectingUrlHandlerMapping.java:86) Rejected bean name &apos;clsRoomMapper&apos;: no URL paths identified
[ main:15301 ] org.springframework.web.servlet.handler.AbstractDetectingUrlHandlerMapping.detectHandlers(AbstractDetectingUrlHandlerMapping.java:86) Rejected bean name &apos;userInfoMapper&apos;: no URL paths identified
[ main:15301 ] org.springframework.web.servlet.handler.AbstractDetectingUrlHandlerMapping.detectHandlers(AbstractDetectingUrlHandlerMapping.java:86) Rejected bean name &apos;voteHistoryMapper&apos;: no URL paths identified
[ main:15301 ] org.springframework.web.servlet.handler.AbstractDetectingUrlHandlerMapping.detectHandlers(AbstractDetectingUrlHandlerMapping.java:86) Rejected bean name &apos;answerMapper&apos;: no URL paths identified
[ main:15301 ] org.springframework.web.servlet.handler.AbstractDetectingUrlHandlerMapping.detectHandlers(AbstractDetectingUrlHandlerMapping.java:86) Rejected bean name &apos;questionMapper&apos;: no URL paths identified
[ main:15301 ] org.springframework.web.servlet.handler.AbstractDetectingUrlHandlerMapping.detectHandlers(AbstractDetectingUrlHandlerMapping.java:86) Rejected bean name &apos;questionTypeMapper&apos;: no URL paths identified
[ main:15301 ] org.springframework.web.servlet.handler.AbstractDetectingUrlHandlerMapping.detectHandlers(AbstractDetectingUrlHandlerMapping.java:86) Rejected bean name &apos;rightsMapper&apos;: no URL paths identified
[ main:15302 ] org.springframework.web.servlet.handler.AbstractDetectingUrlHandlerMapping.detectHandlers(AbstractDetectingUrlHandlerMapping.java:86) Rejected bean name &apos;roleMapper&apos;: no URL paths identified
[ main:15302 ] org.springframework.web.servlet.handler.AbstractDetectingUrlHandlerMapping.detectHandlers(AbstractDetectingUrlHandlerMapping.java:86) Rejected bean name &apos;roleRightsMapper&apos;: no URL paths identified
[ main:15302 ] org.springframework.web.servlet.handler.AbstractDetectingUrlHandlerMapping.detectHandlers(AbstractDetectingUrlHandlerMapping.java:86) Rejected bean name &apos;teacherMapper&apos;: no URL paths identified
[ main:15302 ] org.springframework.web.servlet.handler.AbstractDetectingUrlHandlerMapping.detectHandlers(AbstractDetectingUrlHandlerMapping.java:86) Rejected bean name &apos;environment&apos;: no URL paths identified
[ main:15302 ] org.springframework.web.servlet.handler.AbstractDetectingUrlHandlerMapping.detectHandlers(AbstractDetectingUrlHandlerMapping.java:86) Rejected bean name &apos;systemProperties&apos;: no URL paths identified
[ main:15302 ] org.springframework.web.servlet.handler.AbstractDetectingUrlHandlerMapping.detectHandlers(AbstractDetectingUrlHandlerMapping.java:86) Rejected bean name &apos;systemEnvironment&apos;: no URL paths identified
[ main:15302 ] org.springframework.web.servlet.handler.AbstractDetectingUrlHandlerMapping.detectHandlers(AbstractDetectingUrlHandlerMapping.java:86) Rejected bean name &apos;org.springframework.context.annotation.ConfigurationClassPostProcessor.importRegistry&apos;: no URL paths identified
[ main:15302 ] org.springframework.web.servlet.handler.AbstractDetectingUrlHandlerMapping.detectHandlers(AbstractDetectingUrlHandlerMapping.java:86) Rejected bean name &apos;messageSource&apos;: no URL paths identified
[ main:15303 ] org.springframework.web.servlet.handler.AbstractDetectingUrlHandlerMapping.detectHandlers(AbstractDetectingUrlHandlerMapping.java:86) Rejected bean name &apos;applicationEventMulticaster&apos;: no URL paths identified
[ main:15311 ] org.springframework.beans.factory.support.AbstractBeanFactory.doGetBean(AbstractBeanFactory.java:251) Returning cached instance of singleton bean &apos;org.springframework.transaction.config.internalTransactionAdvisor&apos;
[ main:15311 ] org.springframework.beans.factory.support.AbstractAutowireCapableBeanFactory.createBean(AbstractAutowireCapableBeanFactory.java:484) Finished creating instance of bean &apos;org.springframework.web.servlet.handler.BeanNameUrlHandlerMapping&apos;
[ main:15311 ] org.springframework.beans.factory.support.DefaultSingletonBeanRegistry.getSingleton(DefaultSingletonBeanRegistry.java:221) Creating shared instance of singleton bean &apos;org.springframework.web.servlet.mvc.HttpRequestHandlerAdapter&apos;
[ main:15311 ] org.springframework.beans.factory.support.AbstractAutowireCapableBeanFactory.createBean(AbstractAutowireCapableBeanFactory.java:448) Creating instance of bean &apos;org.springframework.web.servlet.mvc.HttpRequestHandlerAdapter&apos;
[ main:15312 ] org.springframework.beans.factory.support.AbstractAutowireCapableBeanFactory.doCreateBean(AbstractAutowireCapableBeanFactory.java:529) Eagerly caching bean &apos;org.springframework.web.servlet.mvc.HttpRequestHandlerAdapter&apos; to allow for resolving potential circular references
[ main:15312 ] org.springframework.beans.CachedIntrospectionResults.&lt;init&gt;(CachedIntrospectionResults.java:265) Getting BeanInfo for class [org.springframework.web.servlet.mvc.HttpRequestHandlerAdapter]
[ main:15312 ] org.springframework.beans.CachedIntrospectionResults.&lt;init&gt;(CachedIntrospectionResults.java:284) Caching PropertyDescriptors for class [org.springframework.web.servlet.mvc.HttpRequestHandlerAdapter]
[ main:15312 ] org.springframework.beans.CachedIntrospectionResults.&lt;init&gt;(CachedIntrospectionResults.java:297) Found bean property &apos;class&apos; of type [java.lang.Class]
[ main:15313 ] org.springframework.beans.factory.support.AbstractBeanFactory.doGetBean(AbstractBeanFactory.java:251) Returning cached instance of singleton bean &apos;org.springframework.transaction.config.internalTransactionAdvisor&apos;
[ main:15313 ] org.springframework.beans.factory.support.AbstractAutowireCapableBeanFactory.createBean(AbstractAutowireCapableBeanFactory.java:484) Finished creating instance of bean &apos;org.springframework.web.servlet.mvc.HttpRequestHandlerAdapter&apos;
[ main:15313 ] org.springframework.beans.factory.support.DefaultSingletonBeanRegistry.getSingleton(DefaultSingletonBeanRegistry.java:221) Creating shared instance of singleton bean &apos;org.springframework.web.servlet.mvc.SimpleControllerHandlerAdapter&apos;
[ main:15314 ] org.springframework.beans.factory.support.AbstractAutowireCapableBeanFactory.createBean(AbstractAutowireCapableBeanFactory.java:448) Creating instance of bean &apos;org.springframework.web.servlet.mvc.SimpleControllerHandlerAdapter&apos;
[ main:15314 ] org.springframework.beans.factory.support.AbstractAutowireCapableBeanFactory.doCreateBean(AbstractAutowireCapableBeanFactory.java:529) Eagerly caching bean &apos;org.springframework.web.servlet.mvc.SimpleControllerHandlerAdapter&apos; to allow for resolving potential circular references
[ main:15314 ] org.springframework.beans.CachedIntrospectionResults.&lt;init&gt;(CachedIntrospectionResults.java:265) Getting BeanInfo for class [org.springframework.web.servlet.mvc.SimpleControllerHandlerAdapter]
[ main:15314 ] org.springframework.beans.CachedIntrospectionResults.&lt;init&gt;(CachedIntrospectionResults.java:284) Caching PropertyDescriptors for class [org.springframework.web.servlet.mvc.SimpleControllerHandlerAdapter]
[ main:15314 ] org.springframework.beans.CachedIntrospectionResults.&lt;init&gt;(CachedIntrospectionResults.java:297) Found bean property &apos;class&apos; of type [java.lang.Class]
[ main:15315 ] org.springframework.beans.factory.support.AbstractBeanFactory.doGetBean(AbstractBeanFactory.java:251) Returning cached instance of singleton bean &apos;org.springframework.transaction.config.internalTransactionAdvisor&apos;
[ main:15315 ] org.springframework.beans.factory.support.AbstractAutowireCapableBeanFactory.createBean(AbstractAutowireCapableBeanFactory.java:484) Finished creating instance of bean &apos;org.springframework.web.servlet.mvc.SimpleControllerHandlerAdapter&apos;
[ main:15315 ] org.springframework.beans.factory.support.DefaultSingletonBeanRegistry.getSingleton(DefaultSingletonBeanRegistry.java:221) Creating shared instance of singleton bean &apos;mvcResourceUrlProvider&apos;
[ main:15316 ] org.springframework.beans.factory.support.AbstractAutowireCapableBeanFactory.createBean(AbstractAutowireCapableBeanFactory.java:448) Creating instance of bean &apos;mvcResourceUrlProvider&apos;
[ main:15316 ] org.springframework.beans.factory.support.AbstractAutowireCapableBeanFactory.doCreateBean(AbstractAutowireCapableBeanFactory.java:529) Eagerly caching bean &apos;mvcResourceUrlProvider&apos; to allow for resolving potential circular references
[ main:15316 ] org.springframework.beans.factory.support.AbstractBeanFactory.doGetBean(AbstractBeanFactory.java:251) Returning cached instance of singleton bean &apos;org.springframework.transaction.config.internalTransactionAdvisor&apos;
[ main:15316 ] org.springframework.beans.factory.support.AbstractAutowireCapableBeanFactory.createBean(AbstractAutowireCapableBeanFactory.java:484) Finished creating instance of bean &apos;mvcResourceUrlProvider&apos;
[ main:15316 ] org.springframework.beans.factory.support.AbstractBeanFactory.doGetBean(AbstractBeanFactory.java:251) Returning cached instance of singleton bean &apos;org.springframework.web.servlet.handler.MappedInterceptor#1&apos;
[ main:15316 ] org.springframework.beans.factory.support.DefaultSingletonBeanRegistry.getSingleton(DefaultSingletonBeanRegistry.java:221) Creating shared instance of singleton bean &apos;org.springframework.web.servlet.resource.ResourceHttpRequestHandler#0&apos;
[ main:15317 ] org.springframework.beans.factory.support.AbstractAutowireCapableBeanFactory.createBean(AbstractAutowireCapableBeanFactory.java:448) Creating instance of bean &apos;org.springframework.web.servlet.resource.ResourceHttpRequestHandler#0&apos;
[ main:15317 ] org.springframework.beans.factory.support.AbstractAutowireCapableBeanFactory.doCreateBean(AbstractAutowireCapableBeanFactory.java:529) Eagerly caching bean &apos;org.springframework.web.servlet.resource.ResourceHttpRequestHandler#0&apos; to allow for resolving potential circular references
[ main:15317 ] org.springframework.beans.CachedIntrospectionResults.&lt;init&gt;(CachedIntrospectionResults.java:265) Getting BeanInfo for class [org.springframework.web.servlet.resource.ResourceHttpRequestHandler]
[ main:15317 ] org.springframework.beans.CachedIntrospectionResults.&lt;init&gt;(CachedIntrospectionResults.java:284) Caching PropertyDescriptors for class [org.springframework.web.servlet.resource.ResourceHttpRequestHandler]
[ main:15317 ] org.springframework.beans.CachedIntrospectionResults.&lt;init&gt;(CachedIntrospectionResults.java:297) Found bean property &apos;alwaysMustRevalidate&apos; of type [boolean]
[ main:15317 ] org.springframework.beans.CachedIntrospectionResults.&lt;init&gt;(CachedIntrospectionResults.java:297) Found bean property &apos;applicationContext&apos; of type [org.springframework.context.ApplicationContext]
[ main:15318 ] org.springframework.beans.CachedIntrospectionResults.&lt;init&gt;(CachedIntrospectionResults.java:297) Found bean property &apos;cacheControl&apos; of type [org.springframework.http.CacheControl]
[ main:15318 ] org.springframework.beans.CachedIntrospectionResults.&lt;init&gt;(CachedIntrospectionResults.java:297) Found bean property &apos;cacheSeconds&apos; of type [int]
[ main:15318 ] org.springframework.beans.CachedIntrospectionResults.&lt;init&gt;(CachedIntrospectionResults.java:297) Found bean property &apos;class&apos; of type [java.lang.Class]
[ main:15318 ] org.springframework.beans.CachedIntrospectionResults.&lt;init&gt;(CachedIntrospectionResults.java:297) Found bean property &apos;contentNegotiationManager&apos; of type [org.springframework.web.accept.ContentNegotiationManager]
[ main:15318 ] org.springframework.beans.CachedIntrospectionResults.&lt;init&gt;(CachedIntrospectionResults.java:297) Found bean property &apos;corsConfiguration&apos; of type [org.springframework.web.cors.CorsConfiguration]
[ main:15318 ] org.springframework.beans.CachedIntrospectionResults.&lt;init&gt;(CachedIntrospectionResults.java:297) Found bean property &apos;locations&apos; of type [java.util.List]
[ main:15319 ] org.springframework.beans.CachedIntrospectionResults.&lt;init&gt;(CachedIntrospectionResults.java:297) Found bean property &apos;requireSession&apos; of type [boolean]
[ main:15319 ] org.springframework.beans.CachedIntrospectionResults.&lt;init&gt;(CachedIntrospectionResults.java:297) Found bean property &apos;resourceHttpMessageConverter&apos; of type [org.springframework.http.converter.ResourceHttpMessageConverter]
[ main:15319 ] org.springframework.beans.CachedIntrospectionResults.&lt;init&gt;(CachedIntrospectionResults.java:297) Found bean property &apos;resourceRegionHttpMessageConverter&apos; of type [org.springframework.http.converter.ResourceRegionHttpMessageConverter]
[ main:15319 ] org.springframework.beans.CachedIntrospectionResults.&lt;init&gt;(CachedIntrospectionResults.java:297) Found bean property &apos;resourceResolvers&apos; of type [java.util.List]
[ main:15319 ] org.springframework.beans.CachedIntrospectionResults.&lt;init&gt;(CachedIntrospectionResults.java:297) Found bean property &apos;resourceTransformers&apos; of type [java.util.List]
[ main:15319 ] org.springframework.beans.CachedIntrospectionResults.&lt;init&gt;(CachedIntrospectionResults.java:297) Found bean property &apos;servletContext&apos; of type [javax.servlet.ServletContext]
[ main:15319 ] org.springframework.beans.CachedIntrospectionResults.&lt;init&gt;(CachedIntrospectionResults.java:297) Found bean property &apos;supportedMethods&apos; of type [[Ljava.lang.String;]
[ main:15319 ] org.springframework.beans.CachedIntrospectionResults.&lt;init&gt;(CachedIntrospectionResults.java:297) Found bean property &apos;useCacheControlHeader&apos; of type [boolean]
[ main:15319 ] org.springframework.beans.CachedIntrospectionResults.&lt;init&gt;(CachedIntrospectionResults.java:297) Found bean property &apos;useCacheControlNoStore&apos; of type [boolean]
[ main:15319 ] org.springframework.beans.CachedIntrospectionResults.&lt;init&gt;(CachedIntrospectionResults.java:297) Found bean property &apos;useExpiresHeader&apos; of type [boolean]
[ main:15320 ] org.springframework.beans.CachedIntrospectionResults.&lt;init&gt;(CachedIntrospectionResults.java:297) Found bean property &apos;varyByRequestHeaders&apos; of type [[Ljava.lang.String;]
[ main:15321 ] org.springframework.beans.TypeConverterDelegate.doConvertValue(TypeConverterDelegate.java:438) Converting String to [interface org.springframework.core.io.Resource] using property editor [org.springframework.core.io.ResourceEditor@75769ab0]
[ main:15322 ] org.springframework.beans.factory.support.AbstractBeanFactory.doGetBean(AbstractBeanFactory.java:251) Returning cached instance of singleton bean &apos;mvcContentNegotiationManager&apos;
[ main:15322 ] org.springframework.beans.factory.support.AbstractAutowireCapableBeanFactory.invokeInitMethods(AbstractAutowireCapableBeanFactory.java:1620) Invoking afterPropertiesSet() on bean with name &apos;org.springframework.web.servlet.resource.ResourceHttpRequestHandler#0&apos;
[ main:15322 ] org.springframework.beans.factory.support.AbstractBeanFactory.doGetBean(AbstractBeanFactory.java:251) Returning cached instance of singleton bean &apos;org.springframework.transaction.config.internalTransactionAdvisor&apos;
[ main:15322 ] org.springframework.beans.factory.support.AbstractAutowireCapableBeanFactory.createBean(AbstractAutowireCapableBeanFactory.java:484) Finished creating instance of bean &apos;org.springframework.web.servlet.resource.ResourceHttpRequestHandler#0&apos;
[ main:15323 ] org.springframework.beans.factory.support.DefaultSingletonBeanRegistry.getSingleton(DefaultSingletonBeanRegistry.java:221) Creating shared instance of singleton bean &apos;mvcPathMatcher&apos;
[ main:15323 ] org.springframework.beans.factory.support.AbstractAutowireCapableBeanFactory.createBean(AbstractAutowireCapableBeanFactory.java:448) Creating instance of bean &apos;mvcPathMatcher&apos;
[ main:15323 ] org.springframework.beans.factory.support.AbstractAutowireCapableBeanFactory.doCreateBean(AbstractAutowireCapableBeanFactory.java:529) Eagerly caching bean &apos;mvcPathMatcher&apos; to allow for resolving potential circular references
[ main:15324 ] org.springframework.beans.CachedIntrospectionResults.&lt;init&gt;(CachedIntrospectionResults.java:265) Getting BeanInfo for class [org.springframework.util.AntPathMatcher]
[ main:15324 ] org.springframework.beans.CachedIntrospectionResults.&lt;init&gt;(CachedIntrospectionResults.java:284) Caching PropertyDescriptors for class [org.springframework.util.AntPathMatcher]
[ main:15324 ] org.springframework.beans.CachedIntrospectionResults.&lt;init&gt;(CachedIntrospectionResults.java:297) Found bean property &apos;cachePatterns&apos; of type [boolean]
[ main:15324 ] org.springframework.beans.CachedIntrospectionResults.&lt;init&gt;(CachedIntrospectionResults.java:297) Found bean property &apos;caseSensitive&apos; of type [boolean]
[ main:15325 ] org.springframework.beans.CachedIntrospectionResults.&lt;init&gt;(CachedIntrospectionResults.java:297) Found bean property &apos;class&apos; of type [java.lang.Class]
[ main:15325 ] org.springframework.beans.CachedIntrospectionResults.&lt;init&gt;(CachedIntrospectionResults.java:297) Found bean property &apos;pathSeparator&apos; of type [java.lang.String]
[ main:15325 ] org.springframework.beans.CachedIntrospectionResults.&lt;init&gt;(CachedIntrospectionResults.java:297) Found bean property &apos;trimTokens&apos; of type [boolean]
[ main:15326 ] org.springframework.beans.factory.support.AbstractBeanFactory.doGetBean(AbstractBeanFactory.java:251) Returning cached instance of singleton bean &apos;org.springframework.transaction.config.internalTransactionAdvisor&apos;
[ main:15326 ] org.springframework.beans.factory.support.AbstractAutowireCapableBeanFactory.createBean(AbstractAutowireCapableBeanFactory.java:484) Finished creating instance of bean &apos;mvcPathMatcher&apos;
[ main:15327 ] org.springframework.beans.factory.support.DefaultSingletonBeanRegistry.getSingleton(DefaultSingletonBeanRegistry.java:221) Creating shared instance of singleton bean &apos;mvcUrlPathHelper&apos;
[ main:15327 ] org.springframework.beans.factory.support.AbstractAutowireCapableBeanFactory.createBean(AbstractAutowireCapableBeanFactory.java:448) Creating instance of bean &apos;mvcUrlPathHelper&apos;
[ main:15327 ] org.springframework.beans.factory.support.AbstractAutowireCapableBeanFactory.doCreateBean(AbstractAutowireCapableBeanFactory.java:529) Eagerly caching bean &apos;mvcUrlPathHelper&apos; to allow for resolving potential circular references
[ main:15327 ] org.springframework.beans.CachedIntrospectionResults.&lt;init&gt;(CachedIntrospectionResults.java:265) Getting BeanInfo for class [org.springframework.web.util.UrlPathHelper]
[ main:15327 ] org.springframework.beans.CachedIntrospectionResults.&lt;init&gt;(CachedIntrospectionResults.java:284) Caching PropertyDescriptors for class [org.springframework.web.util.UrlPathHelper]
[ main:15327 ] org.springframework.beans.CachedIntrospectionResults.&lt;init&gt;(CachedIntrospectionResults.java:297) Found bean property &apos;alwaysUseFullPath&apos; of type [boolean]
[ main:15327 ] org.springframework.beans.CachedIntrospectionResults.&lt;init&gt;(CachedIntrospectionResults.java:297) Found bean property &apos;class&apos; of type [java.lang.Class]
[ main:15328 ] org.springframework.beans.CachedIntrospectionResults.&lt;init&gt;(CachedIntrospectionResults.java:297) Found bean property &apos;defaultEncoding&apos; of type [java.lang.String]
[ main:15328 ] org.springframework.beans.CachedIntrospectionResults.&lt;init&gt;(CachedIntrospectionResults.java:297) Found bean property &apos;removeSemicolonContent&apos; of type [boolean]
[ main:15328 ] org.springframework.beans.CachedIntrospectionResults.&lt;init&gt;(CachedIntrospectionResults.java:297) Found bean property &apos;urlDecode&apos; of type [boolean]
[ main:15328 ] org.springframework.beans.factory.support.AbstractBeanFactory.doGetBean(AbstractBeanFactory.java:251) Returning cached instance of singleton bean &apos;org.springframework.transaction.config.internalTransactionAdvisor&apos;
[ main:15330 ] org.springframework.beans.factory.support.AbstractAutowireCapableBeanFactory.createBean(AbstractAutowireCapableBeanFactory.java:484) Finished creating instance of bean &apos;mvcUrlPathHelper&apos;
[ main:15333 ] org.springframework.beans.factory.support.DefaultSingletonBeanRegistry.getSingleton(DefaultSingletonBeanRegistry.java:221) Creating shared instance of singleton bean &apos;org.springframework.web.servlet.handler.SimpleUrlHandlerMapping#0&apos;
[ main:15333 ] org.springframework.beans.factory.support.AbstractAutowireCapableBeanFactory.createBean(AbstractAutowireCapableBeanFactory.java:448) Creating instance of bean &apos;org.springframework.web.servlet.handler.SimpleUrlHandlerMapping#0&apos;
[ main:15333 ] org.springframework.beans.factory.support.AbstractAutowireCapableBeanFactory.doCreateBean(AbstractAutowireCapableBeanFactory.java:529) Eagerly caching bean &apos;org.springframework.web.servlet.handler.SimpleUrlHandlerMapping#0&apos; to allow for resolving potential circular references
[ main:15333 ] org.springframework.beans.CachedIntrospectionResults.&lt;init&gt;(CachedIntrospectionResults.java:265) Getting BeanInfo for class [org.springframework.web.servlet.handler.SimpleUrlHandlerMapping]
[ main:15333 ] org.springframework.beans.CachedIntrospectionResults.&lt;init&gt;(CachedIntrospectionResults.java:284) Caching PropertyDescriptors for class [org.springframework.web.servlet.handler.SimpleUrlHandlerMapping]
[ main:15333 ] org.springframework.beans.CachedIntrospectionResults.&lt;init&gt;(CachedIntrospectionResults.java:297) Found bean property &apos;alwaysUseFullPath&apos; of type [boolean]
[ main:15333 ] org.springframework.beans.CachedIntrospectionResults.&lt;init&gt;(CachedIntrospectionResults.java:297) Found bean property &apos;applicationContext&apos; of type [org.springframework.context.ApplicationContext]
[ main:15334 ] org.springframework.beans.CachedIntrospectionResults.&lt;init&gt;(CachedIntrospectionResults.java:297) Found bean property &apos;class&apos; of type [java.lang.Class]
[ main:15334 ] org.springframework.beans.CachedIntrospectionResults.&lt;init&gt;(CachedIntrospectionResults.java:297) Found bean property &apos;corsConfigurations&apos; of type [java.util.Map]
[ main:15334 ] org.springframework.beans.CachedIntrospectionResults.&lt;init&gt;(CachedIntrospectionResults.java:297) Found bean property &apos;corsProcessor&apos; of type [org.springframework.web.cors.CorsProcessor]
[ main:15334 ] org.springframework.beans.CachedIntrospectionResults.&lt;init&gt;(CachedIntrospectionResults.java:297) Found bean property &apos;defaultHandler&apos; of type [java.lang.Object]
[ main:15334 ] org.springframework.beans.CachedIntrospectionResults.&lt;init&gt;(CachedIntrospectionResults.java:297) Found bean property &apos;handlerMap&apos; of type [java.util.Map]
[ main:15334 ] org.springframework.beans.CachedIntrospectionResults.&lt;init&gt;(CachedIntrospectionResults.java:297) Found bean property &apos;interceptors&apos; of type [[Ljava.lang.Object;]
[ main:15334 ] org.springframework.beans.CachedIntrospectionResults.&lt;init&gt;(CachedIntrospectionResults.java:297) Found bean property &apos;lazyInitHandlers&apos; of type [boolean]
[ main:15334 ] org.springframework.beans.CachedIntrospectionResults.&lt;init&gt;(CachedIntrospectionResults.java:297) Found bean property &apos;mappings&apos; of type [java.util.Properties]
[ main:15334 ] org.springframework.beans.CachedIntrospectionResults.&lt;init&gt;(CachedIntrospectionResults.java:297) Found bean property &apos;order&apos; of type [int]
[ main:15334 ] org.springframework.beans.CachedIntrospectionResults.&lt;init&gt;(CachedIntrospectionResults.java:297) Found bean property &apos;pathMatcher&apos; of type [org.springframework.util.PathMatcher]
[ main:15335 ] org.springframework.beans.CachedIntrospectionResults.&lt;init&gt;(CachedIntrospectionResults.java:297) Found bean property &apos;removeSemicolonContent&apos; of type [boolean]
[ main:15335 ] org.springframework.beans.CachedIntrospectionResults.&lt;init&gt;(CachedIntrospectionResults.java:297) Found bean property &apos;rootHandler&apos; of type [java.lang.Object]
[ main:15335 ] org.springframework.beans.CachedIntrospectionResults.&lt;init&gt;(CachedIntrospectionResults.java:297) Found bean property &apos;servletContext&apos; of type [javax.servlet.ServletContext]
[ main:15335 ] org.springframework.beans.CachedIntrospectionResults.&lt;init&gt;(CachedIntrospectionResults.java:297) Found bean property &apos;urlDecode&apos; of type [boolean]
[ main:15336 ] org.springframework.beans.CachedIntrospectionResults.&lt;init&gt;(CachedIntrospectionResults.java:297) Found bean property &apos;urlMap&apos; of type [java.util.Map]
[ main:15336 ] org.springframework.beans.CachedIntrospectionResults.&lt;init&gt;(CachedIntrospectionResults.java:297) Found bean property &apos;urlPathHelper&apos; of type [org.springframework.web.util.UrlPathHelper]
[ main:15336 ] org.springframework.beans.CachedIntrospectionResults.&lt;init&gt;(CachedIntrospectionResults.java:297) Found bean property &apos;useTrailingSlashMatch&apos; of type [boolean]
[ main:15338 ] org.springframework.beans.factory.support.AbstractBeanFactory.doGetBean(AbstractBeanFactory.java:251) Returning cached instance of singleton bean &apos;mvcPathMatcher&apos;
[ main:15338 ] org.springframework.beans.factory.support.AbstractBeanFactory.doGetBean(AbstractBeanFactory.java:251) Returning cached instance of singleton bean &apos;mvcUrlPathHelper&apos;
[ main:15338 ] org.springframework.beans.factory.support.AbstractBeanFactory.doGetBean(AbstractBeanFactory.java:251) Returning cached instance of singleton bean &apos;mvcCorsConfigurations&apos;
[ main:15339 ] org.springframework.beans.factory.support.AbstractBeanFactory.doGetBean(AbstractBeanFactory.java:251) Returning cached instance of singleton bean &apos;org.springframework.web.servlet.handler.MappedInterceptor#0&apos;
[ main:15339 ] org.springframework.beans.factory.support.AbstractBeanFactory.doGetBean(AbstractBeanFactory.java:251) Returning cached instance of singleton bean &apos;org.springframework.web.servlet.handler.MappedInterceptor#1&apos;
[ main:15339 ] org.springframework.beans.factory.support.AbstractBeanFactory.doGetBean(AbstractBeanFactory.java:251) Returning cached instance of singleton bean &apos;org.springframework.web.servlet.resource.ResourceHttpRequestHandler#0&apos;
[ main:15339 ] org.springframework.web.servlet.handler.AbstractUrlHandlerMapping.registerHandler(AbstractUrlHandlerMapping.java:354) Mapped URL path [/js/**] onto handler &apos;org.springframework.web.servlet.resource.ResourceHttpRequestHandler#0&apos;
[ main:15339 ] org.springframework.beans.factory.support.AbstractBeanFactory.doGetBean(AbstractBeanFactory.java:251) Returning cached instance of singleton bean &apos;org.springframework.transaction.config.internalTransactionAdvisor&apos;
[ main:15340 ] org.springframework.beans.factory.support.AbstractAutowireCapableBeanFactory.createBean(AbstractAutowireCapableBeanFactory.java:484) Finished creating instance of bean &apos;org.springframework.web.servlet.handler.SimpleUrlHandlerMapping#0&apos;
[ main:15340 ] org.springframework.beans.factory.support.DefaultSingletonBeanRegistry.getSingleton(DefaultSingletonBeanRegistry.java:221) Creating shared instance of singleton bean &apos;org.springframework.web.servlet.resource.ResourceHttpRequestHandler#1&apos;
[ main:15340 ] org.springframework.beans.factory.support.AbstractAutowireCapableBeanFactory.createBean(AbstractAutowireCapableBeanFactory.java:448) Creating instance of bean &apos;org.springframework.web.servlet.resource.ResourceHttpRequestHandler#1&apos;
[ main:15340 ] org.springframework.beans.factory.support.AbstractAutowireCapableBeanFactory.doCreateBean(AbstractAutowireCapableBeanFactory.java:529) Eagerly caching bean &apos;org.springframework.web.servlet.resource.ResourceHttpRequestHandler#1&apos; to allow for resolving potential circular references
[ main:15341 ] org.springframework.beans.TypeConverterDelegate.doConvertValue(TypeConverterDelegate.java:438) Converting String to [interface org.springframework.core.io.Resource] using property editor [org.springframework.core.io.ResourceEditor@6869a3b3]
[ main:15341 ] org.springframework.beans.factory.support.AbstractBeanFactory.doGetBean(AbstractBeanFactory.java:251) Returning cached instance of singleton bean &apos;mvcContentNegotiationManager&apos;
[ main:15342 ] org.springframework.beans.factory.support.AbstractAutowireCapableBeanFactory.invokeInitMethods(AbstractAutowireCapableBeanFactory.java:1620) Invoking afterPropertiesSet() on bean with name &apos;org.springframework.web.servlet.resource.ResourceHttpRequestHandler#1&apos;
[ main:15342 ] org.springframework.beans.factory.support.AbstractBeanFactory.doGetBean(AbstractBeanFactory.java:251) Returning cached instance of singleton bean &apos;org.springframework.transaction.config.internalTransactionAdvisor&apos;
[ main:15343 ] org.springframework.beans.factory.support.AbstractAutowireCapableBeanFactory.createBean(AbstractAutowireCapableBeanFactory.java:484) Finished creating instance of bean &apos;org.springframework.web.servlet.resource.ResourceHttpRequestHandler#1&apos;
[ main:15343 ] org.springframework.beans.factory.support.DefaultSingletonBeanRegistry.getSingleton(DefaultSingletonBeanRegistry.java:221) Creating shared instance of singleton bean &apos;org.springframework.web.servlet.handler.SimpleUrlHandlerMapping#1&apos;
[ main:15343 ] org.springframework.beans.factory.support.AbstractAutowireCapableBeanFactory.createBean(AbstractAutowireCapableBeanFactory.java:448) Creating instance of bean &apos;org.springframework.web.servlet.handler.SimpleUrlHandlerMapping#1&apos;
[ main:15343 ] org.springframework.beans.factory.support.AbstractAutowireCapableBeanFactory.doCreateBean(AbstractAutowireCapableBeanFactory.java:529) Eagerly caching bean &apos;org.springframework.web.servlet.handler.SimpleUrlHandlerMapping#1&apos; to allow for resolving potential circular references
[ main:15344 ] org.springframework.beans.factory.support.AbstractBeanFactory.doGetBean(AbstractBeanFactory.java:251) Returning cached instance of singleton bean &apos;mvcPathMatcher&apos;
[ main:15344 ] org.springframework.beans.factory.support.AbstractBeanFactory.doGetBean(AbstractBeanFactory.java:251) Returning cached instance of singleton bean &apos;mvcUrlPathHelper&apos;
[ main:15344 ] org.springframework.beans.factory.support.AbstractBeanFactory.doGetBean(AbstractBeanFactory.java:251) Returning cached instance of singleton bean &apos;mvcCorsConfigurations&apos;
[ main:15345 ] org.springframework.beans.factory.support.AbstractBeanFactory.doGetBean(AbstractBeanFactory.java:251) Returning cached instance of singleton bean &apos;org.springframework.web.servlet.handler.MappedInterceptor#0&apos;
[ main:15345 ] org.springframework.beans.factory.support.AbstractBeanFactory.doGetBean(AbstractBeanFactory.java:251) Returning cached instance of singleton bean &apos;org.springframework.web.servlet.handler.MappedInterceptor#1&apos;
[ main:15346 ] org.springframework.beans.factory.support.AbstractBeanFactory.doGetBean(AbstractBeanFactory.java:251) Returning cached instance of singleton bean &apos;org.springframework.web.servlet.resource.ResourceHttpRequestHandler#1&apos;
[ main:15347 ] org.springframework.web.servlet.handler.AbstractUrlHandlerMapping.registerHandler(AbstractUrlHandlerMapping.java:354) Mapped URL path [/css/**] onto handler &apos;org.springframework.web.servlet.resource.ResourceHttpRequestHandler#1&apos;
[ main:15347 ] org.springframework.beans.factory.support.AbstractBeanFactory.doGetBean(AbstractBeanFactory.java:251) Returning cached instance of singleton bean &apos;org.springframework.transaction.config.internalTransactionAdvisor&apos;
[ main:15347 ] org.springframework.beans.factory.support.AbstractAutowireCapableBeanFactory.createBean(AbstractAutowireCapableBeanFactory.java:484) Finished creating instance of bean &apos;org.springframework.web.servlet.handler.SimpleUrlHandlerMapping#1&apos;
[ main:15347 ] org.springframework.beans.factory.support.DefaultSingletonBeanRegistry.getSingleton(DefaultSingletonBeanRegistry.java:221) Creating shared instance of singleton bean &apos;org.springframework.web.servlet.resource.ResourceHttpRequestHandler#2&apos;
[ main:15348 ] org.springframework.beans.factory.support.AbstractAutowireCapableBeanFactory.createBean(AbstractAutowireCapableBeanFactory.java:448) Creating instance of bean &apos;org.springframework.web.servlet.resource.ResourceHttpRequestHandler#2&apos;
[ main:15348 ] org.springframework.beans.factory.support.AbstractAutowireCapableBeanFactory.doCreateBean(AbstractAutowireCapableBeanFactory.java:529) Eagerly caching bean &apos;org.springframework.web.servlet.resource.ResourceHttpRequestHandler#2&apos; to allow for resolving potential circular references
[ main:15348 ] org.springframework.beans.TypeConverterDelegate.doConvertValue(TypeConverterDelegate.java:438) Converting String to [interface org.springframework.core.io.Resource] using property editor [org.springframework.core.io.ResourceEditor@6ab4ba9f]
[ main:15348 ] org.springframework.beans.factory.support.AbstractBeanFactory.doGetBean(AbstractBeanFactory.java:251) Returning cached instance of singleton bean &apos;mvcContentNegotiationManager&apos;
[ main:15349 ] org.springframework.beans.factory.support.AbstractAutowireCapableBeanFactory.invokeInitMethods(AbstractAutowireCapableBeanFactory.java:1620) Invoking afterPropertiesSet() on bean with name &apos;org.springframework.web.servlet.resource.ResourceHttpRequestHandler#2&apos;
[ main:15349 ] org.springframework.beans.factory.support.AbstractBeanFactory.doGetBean(AbstractBeanFactory.java:251) Returning cached instance of singleton bean &apos;org.springframework.transaction.config.internalTransactionAdvisor&apos;
[ main:15349 ] org.springframework.beans.factory.support.AbstractAutowireCapableBeanFactory.createBean(AbstractAutowireCapableBeanFactory.java:484) Finished creating instance of bean &apos;org.springframework.web.servlet.resource.ResourceHttpRequestHandler#2&apos;
[ main:15349 ] org.springframework.beans.factory.support.DefaultSingletonBeanRegistry.getSingleton(DefaultSingletonBeanRegistry.java:221) Creating shared instance of singleton bean &apos;org.springframework.web.servlet.handler.SimpleUrlHandlerMapping#2&apos;
[ main:15349 ] org.springframework.beans.factory.support.AbstractAutowireCapableBeanFactory.createBean(AbstractAutowireCapableBeanFactory.java:448) Creating instance of bean &apos;org.springframework.web.servlet.handler.SimpleUrlHandlerMapping#2&apos;
[ main:15349 ] org.springframework.beans.factory.support.AbstractAutowireCapableBeanFactory.doCreateBean(AbstractAutowireCapableBeanFactory.java:529) Eagerly caching bean &apos;org.springframework.web.servlet.handler.SimpleUrlHandlerMapping#2&apos; to allow for resolving potential circular references
[ main:15350 ] org.springframework.beans.factory.support.AbstractBeanFactory.doGetBean(AbstractBeanFactory.java:251) Returning cached instance of singleton bean &apos;mvcPathMatcher&apos;
[ main:15350 ] org.springframework.beans.factory.support.AbstractBeanFactory.doGetBean(AbstractBeanFactory.java:251) Returning cached instance of singleton bean &apos;mvcUrlPathHelper&apos;
[ main:15350 ] org.springframework.beans.factory.support.AbstractBeanFactory.doGetBean(AbstractBeanFactory.java:251) Returning cached instance of singleton bean &apos;mvcCorsConfigurations&apos;
[ main:15351 ] org.springframework.beans.factory.support.AbstractBeanFactory.doGetBean(AbstractBeanFactory.java:251) Returning cached instance of singleton bean &apos;org.springframework.web.servlet.handler.MappedInterceptor#0&apos;
[ main:15351 ] org.springframework.beans.factory.support.AbstractBeanFactory.doGetBean(AbstractBeanFactory.java:251) Returning cached instance of singleton bean &apos;org.springframework.web.servlet.handler.MappedInterceptor#1&apos;
[ main:15351 ] org.springframework.beans.factory.support.AbstractBeanFactory.doGetBean(AbstractBeanFactory.java:251) Returning cached instance of singleton bean &apos;org.springframework.web.servlet.resource.ResourceHttpRequestHandler#2&apos;
[ main:15351 ] org.springframework.web.servlet.handler.AbstractUrlHandlerMapping.registerHandler(AbstractUrlHandlerMapping.java:354) Mapped URL path [/images/**] onto handler &apos;org.springframework.web.servlet.resource.ResourceHttpRequestHandler#2&apos;
[ main:15351 ] org.springframework.beans.factory.support.AbstractBeanFactory.doGetBean(AbstractBeanFactory.java:251) Returning cached instance of singleton bean &apos;org.springframework.transaction.config.internalTransactionAdvisor&apos;
[ main:15352 ] org.springframework.beans.factory.support.AbstractAutowireCapableBeanFactory.createBean(AbstractAutowireCapableBeanFactory.java:484) Finished creating instance of bean &apos;org.springframework.web.servlet.handler.SimpleUrlHandlerMapping#2&apos;
[ main:15352 ] org.springframework.beans.factory.support.DefaultSingletonBeanRegistry.getSingleton(DefaultSingletonBeanRegistry.java:221) Creating shared instance of singleton bean &apos;org.springframework.web.servlet.resource.DefaultServletHttpRequestHandler#0&apos;
[ main:15352 ] org.springframework.beans.factory.support.AbstractAutowireCapableBeanFactory.createBean(AbstractAutowireCapableBeanFactory.java:448) Creating instance of bean &apos;org.springframework.web.servlet.resource.DefaultServletHttpRequestHandler#0&apos;
[ main:15352 ] org.springframework.beans.factory.support.AbstractAutowireCapableBeanFactory.doCreateBean(AbstractAutowireCapableBeanFactory.java:529) Eagerly caching bean &apos;org.springframework.web.servlet.resource.DefaultServletHttpRequestHandler#0&apos; to allow for resolving potential circular references
[ main:15353 ] org.springframework.beans.CachedIntrospectionResults.&lt;init&gt;(CachedIntrospectionResults.java:265) Getting BeanInfo for class [org.springframework.web.servlet.resource.DefaultServletHttpRequestHandler]
[ main:15353 ] org.springframework.beans.CachedIntrospectionResults.&lt;init&gt;(CachedIntrospectionResults.java:284) Caching PropertyDescriptors for class [org.springframework.web.servlet.resource.DefaultServletHttpRequestHandler]
[ main:15353 ] org.springframework.beans.CachedIntrospectionResults.&lt;init&gt;(CachedIntrospectionResults.java:297) Found bean property &apos;class&apos; of type [java.lang.Class]
[ main:15353 ] org.springframework.beans.CachedIntrospectionResults.&lt;init&gt;(CachedIntrospectionResults.java:297) Found bean property &apos;defaultServletName&apos; of type [java.lang.String]
[ main:15353 ] org.springframework.beans.CachedIntrospectionResults.&lt;init&gt;(CachedIntrospectionResults.java:297) Found bean property &apos;servletContext&apos; of type [javax.servlet.ServletContext]
[ main:15354 ] org.springframework.beans.factory.support.AbstractBeanFactory.doGetBean(AbstractBeanFactory.java:251) Returning cached instance of singleton bean &apos;org.springframework.transaction.config.internalTransactionAdvisor&apos;
[ main:15355 ] org.springframework.beans.factory.support.AbstractAutowireCapableBeanFactory.createBean(AbstractAutowireCapableBeanFactory.java:484) Finished creating instance of bean &apos;org.springframework.web.servlet.resource.DefaultServletHttpRequestHandler#0&apos;
[ main:15370 ] org.springframework.beans.factory.support.DefaultSingletonBeanRegistry.getSingleton(DefaultSingletonBeanRegistry.java:221) Creating shared instance of singleton bean &apos;org.springframework.web.servlet.handler.SimpleUrlHandlerMapping#3&apos;
[ main:15370 ] org.springframework.beans.factory.support.AbstractAutowireCapableBeanFactory.createBean(AbstractAutowireCapableBeanFactory.java:448) Creating instance of bean &apos;org.springframework.web.servlet.handler.SimpleUrlHandlerMapping#3&apos;
[ main:15371 ] org.springframework.beans.factory.support.AbstractAutowireCapableBeanFactory.doCreateBean(AbstractAutowireCapableBeanFactory.java:529) Eagerly caching bean &apos;org.springframework.web.servlet.handler.SimpleUrlHandlerMapping#3&apos; to allow for resolving potential circular references
[ main:15371 ] org.springframework.beans.factory.support.AbstractBeanFactory.doGetBean(AbstractBeanFactory.java:251) Returning cached instance of singleton bean &apos;org.springframework.web.servlet.handler.MappedInterceptor#0&apos;
[ main:15371 ] org.springframework.beans.factory.support.AbstractBeanFactory.doGetBean(AbstractBeanFactory.java:251) Returning cached instance of singleton bean &apos;org.springframework.web.servlet.handler.MappedInterceptor#1&apos;
[ main:15372 ] org.springframework.beans.factory.support.AbstractBeanFactory.doGetBean(AbstractBeanFactory.java:251) Returning cached instance of singleton bean &apos;org.springframework.web.servlet.resource.DefaultServletHttpRequestHandler#0&apos;
[ main:15372 ] org.springframework.web.servlet.handler.AbstractUrlHandlerMapping.registerHandler(AbstractUrlHandlerMapping.java:354) Mapped URL path [/**] onto handler &apos;org.springframework.web.servlet.resource.DefaultServletHttpRequestHandler#0&apos;
[ main:15372 ] org.springframework.beans.factory.support.AbstractBeanFactory.doGetBean(AbstractBeanFactory.java:251) Returning cached instance of singleton bean &apos;org.springframework.transaction.config.internalTransactionAdvisor&apos;
[ main:15372 ] org.springframework.beans.factory.support.AbstractAutowireCapableBeanFactory.createBean(AbstractAutowireCapableBeanFactory.java:484) Finished creating instance of bean &apos;org.springframework.web.servlet.handler.SimpleUrlHandlerMapping#3&apos;
[ main:15372 ] org.springframework.beans.factory.support.DefaultSingletonBeanRegistry.getSingleton(DefaultSingletonBeanRegistry.java:221) Creating shared instance of singleton bean &apos;org.springframework.web.servlet.view.InternalResourceViewResolver#0&apos;
[ main:15372 ] org.springframework.beans.factory.support.AbstractAutowireCapableBeanFactory.createBean(AbstractAutowireCapableBeanFactory.java:448) Creating instance of bean &apos;org.springframework.web.servlet.view.InternalResourceViewResolver#0&apos;
[ main:15373 ] org.springframework.beans.factory.support.AbstractAutowireCapableBeanFactory.doCreateBean(AbstractAutowireCapableBeanFactory.java:529) Eagerly caching bean &apos;org.springframework.web.servlet.view.InternalResourceViewResolver#0&apos; to allow for resolving potential circular references
[ main:15373 ] org.springframework.beans.CachedIntrospectionResults.&lt;init&gt;(CachedIntrospectionResults.java:265) Getting BeanInfo for class [org.springframework.web.servlet.view.InternalResourceViewResolver]
[ main:15373 ] org.springframework.beans.CachedIntrospectionResults.&lt;init&gt;(CachedIntrospectionResults.java:284) Caching PropertyDescriptors for class [org.springframework.web.servlet.view.InternalResourceViewResolver]
[ main:15373 ] org.springframework.beans.CachedIntrospectionResults.&lt;init&gt;(CachedIntrospectionResults.java:297) Found bean property &apos;alwaysInclude&apos; of type [boolean]
[ main:15373 ] org.springframework.beans.CachedIntrospectionResults.&lt;init&gt;(CachedIntrospectionResults.java:297) Found bean property &apos;applicationContext&apos; of type [org.springframework.context.ApplicationContext]
[ main:15373 ] org.springframework.beans.CachedIntrospectionResults.&lt;init&gt;(CachedIntrospectionResults.java:297) Found bean property &apos;attributes&apos; of type [java.util.Properties]
[ main:15386 ] org.springframework.beans.CachedIntrospectionResults.&lt;init&gt;(CachedIntrospectionResults.java:297) Found bean property &apos;attributesMap&apos; of type [java.util.Map]
[ main:15386 ] org.springframework.beans.CachedIntrospectionResults.&lt;init&gt;(CachedIntrospectionResults.java:297) Found bean property &apos;cache&apos; of type [boolean]
[ main:15386 ] org.springframework.beans.CachedIntrospectionResults.&lt;init&gt;(CachedIntrospectionResults.java:297) Found bean property &apos;cacheLimit&apos; of type [int]
[ main:15386 ] org.springframework.beans.CachedIntrospectionResults.&lt;init&gt;(CachedIntrospectionResults.java:297) Found bean property &apos;cacheUnresolved&apos; of type [boolean]
[ main:15386 ] org.springframework.beans.CachedIntrospectionResults.&lt;init&gt;(CachedIntrospectionResults.java:297) Found bean property &apos;class&apos; of type [java.lang.Class]
[ main:15387 ] org.springframework.beans.CachedIntrospectionResults.&lt;init&gt;(CachedIntrospectionResults.java:297) Found bean property &apos;contentType&apos; of type [java.lang.String]
[ main:15387 ] org.springframework.beans.CachedIntrospectionResults.&lt;init&gt;(CachedIntrospectionResults.java:297) Found bean property &apos;exposeContextBeansAsAttributes&apos; of type [boolean]
[ main:15387 ] org.springframework.beans.CachedIntrospectionResults.&lt;init&gt;(CachedIntrospectionResults.java:297) Found bean property &apos;exposePathVariables&apos; of type [java.lang.Boolean]
[ main:15387 ] org.springframework.beans.CachedIntrospectionResults.&lt;init&gt;(CachedIntrospectionResults.java:297) Found bean property &apos;exposedContextBeanNames&apos; of type [[Ljava.lang.String;]
[ main:15387 ] org.springframework.beans.CachedIntrospectionResults.&lt;init&gt;(CachedIntrospectionResults.java:297) Found bean property &apos;order&apos; of type [int]
[ main:15387 ] org.springframework.beans.CachedIntrospectionResults.&lt;init&gt;(CachedIntrospectionResults.java:297) Found bean property &apos;prefix&apos; of type [java.lang.String]
[ main:15387 ] org.springframework.beans.CachedIntrospectionResults.&lt;init&gt;(CachedIntrospectionResults.java:297) Found bean property &apos;redirectContextRelative&apos; of type [boolean]
[ main:15387 ] org.springframework.beans.CachedIntrospectionResults.&lt;init&gt;(CachedIntrospectionResults.java:297) Found bean property &apos;redirectHosts&apos; of type [[Ljava.lang.String;]
[ main:15387 ] org.springframework.beans.CachedIntrospectionResults.&lt;init&gt;(CachedIntrospectionResults.java:297) Found bean property &apos;redirectHttp10Compatible&apos; of type [boolean]
[ main:15388 ] org.springframework.beans.CachedIntrospectionResults.&lt;init&gt;(CachedIntrospectionResults.java:297) Found bean property &apos;requestContextAttribute&apos; of type [java.lang.String]
[ main:15388 ] org.springframework.beans.CachedIntrospectionResults.&lt;init&gt;(CachedIntrospectionResults.java:297) Found bean property &apos;servletContext&apos; of type [javax.servlet.ServletContext]
[ main:15388 ] org.springframework.beans.CachedIntrospectionResults.&lt;init&gt;(CachedIntrospectionResults.java:297) Found bean property &apos;suffix&apos; of type [java.lang.String]
[ main:15388 ] org.springframework.beans.CachedIntrospectionResults.&lt;init&gt;(CachedIntrospectionResults.java:297) Found bean property &apos;viewClass&apos; of type [java.lang.Class]
[ main:15388 ] org.springframework.beans.CachedIntrospectionResults.&lt;init&gt;(CachedIntrospectionResults.java:297) Found bean property &apos;viewNames&apos; of type [[Ljava.lang.String;]
[ main:15390 ] org.springframework.beans.TypeConverterDelegate.doConvertValue(TypeConverterDelegate.java:438) Converting String to [class java.lang.Class] using property editor [org.springframework.beans.propertyeditors.ClassEditor@27ace0b1]
[ main:15391 ] org.springframework.beans.factory.support.AbstractBeanFactory.doGetBean(AbstractBeanFactory.java:251) Returning cached instance of singleton bean &apos;org.springframework.transaction.config.internalTransactionAdvisor&apos;
[ main:15391 ] org.springframework.beans.factory.support.AbstractAutowireCapableBeanFactory.createBean(AbstractAutowireCapableBeanFactory.java:484) Finished creating instance of bean &apos;org.springframework.web.servlet.view.InternalResourceViewResolver#0&apos;
[ main:15393 ] org.springframework.beans.factory.support.AbstractBeanFactory.doGetBean(AbstractBeanFactory.java:251) Returning cached instance of singleton bean &apos;ds&apos;
[ main:15393 ] org.springframework.beans.factory.support.DefaultSingletonBeanRegistry.getSingleton(DefaultSingletonBeanRegistry.java:221) Creating shared instance of singleton bean &apos;txManager&apos;
[ main:15393 ] org.springframework.beans.factory.support.AbstractAutowireCapableBeanFactory.createBean(AbstractAutowireCapableBeanFactory.java:448) Creating instance of bean &apos;txManager&apos;
[ main:15393 ] org.springframework.beans.factory.support.AbstractAutowireCapableBeanFactory.doCreateBean(AbstractAutowireCapableBeanFactory.java:529) Eagerly caching bean &apos;txManager&apos; to allow for resolving potential circular references
[ main:15393 ] org.springframework.beans.CachedIntrospectionResults.&lt;init&gt;(CachedIntrospectionResults.java:265) Getting BeanInfo for class [org.springframework.jdbc.datasource.DataSourceTransactionManager]
[ main:15394 ] org.springframework.beans.CachedIntrospectionResults.&lt;init&gt;(CachedIntrospectionResults.java:284) Caching PropertyDescriptors for class [org.springframework.jdbc.datasource.DataSourceTransactionManager]
[ main:15394 ] org.springframework.beans.CachedIntrospectionResults.&lt;init&gt;(CachedIntrospectionResults.java:297) Found bean property &apos;class&apos; of type [java.lang.Class]
[ main:15394 ] org.springframework.beans.CachedIntrospectionResults.&lt;init&gt;(CachedIntrospectionResults.java:297) Found bean property &apos;dataSource&apos; of type [javax.sql.DataSource]
[ main:15394 ] org.springframework.beans.CachedIntrospectionResults.&lt;init&gt;(CachedIntrospectionResults.java:297) Found bean property &apos;defaultTimeout&apos; of type [int]
[ main:15394 ] org.springframework.beans.CachedIntrospectionResults.&lt;init&gt;(CachedIntrospectionResults.java:297) Found bean property &apos;failEarlyOnGlobalRollbackOnly&apos; of type [boolean]
[ main:15394 ] org.springframework.beans.CachedIntrospectionResults.&lt;init&gt;(CachedIntrospectionResults.java:297) Found bean property &apos;globalRollbackOnParticipationFailure&apos; of type [boolean]
[ main:15394 ] org.springframework.beans.CachedIntrospectionResults.&lt;init&gt;(CachedIntrospectionResults.java:297) Found bean property &apos;nestedTransactionAllowed&apos; of type [boolean]
[ main:15395 ] org.springframework.beans.CachedIntrospectionResults.&lt;init&gt;(CachedIntrospectionResults.java:297) Found bean property &apos;resourceFactory&apos; of type [java.lang.Object]
[ main:15395 ] org.springframework.beans.CachedIntrospectionResults.&lt;init&gt;(CachedIntrospectionResults.java:297) Found bean property &apos;rollbackOnCommitFailure&apos; of type [boolean]
[ main:15395 ] org.springframework.beans.CachedIntrospectionResults.&lt;init&gt;(CachedIntrospectionResults.java:297) Found bean property &apos;transactionSynchronization&apos; of type [int]
[ main:15395 ] org.springframework.beans.CachedIntrospectionResults.&lt;init&gt;(CachedIntrospectionResults.java:297) Found bean property &apos;transactionSynchronizationName&apos; of type [java.lang.String]
[ main:15395 ] org.springframework.beans.CachedIntrospectionResults.&lt;init&gt;(CachedIntrospectionResults.java:297) Found bean property &apos;validateExistingTransaction&apos; of type [boolean]
[ main:15396 ] org.springframework.beans.factory.support.AbstractBeanFactory.doGetBean(AbstractBeanFactory.java:251) Returning cached instance of singleton bean &apos;ds&apos;
[ main:15397 ] org.springframework.beans.factory.support.AbstractAutowireCapableBeanFactory.invokeInitMethods(AbstractAutowireCapableBeanFactory.java:1620) Invoking afterPropertiesSet() on bean with name &apos;txManager&apos;
[ main:15397 ] org.springframework.beans.factory.support.AbstractBeanFactory.doGetBean(AbstractBeanFactory.java:251) Returning cached instance of singleton bean &apos;org.springframework.transaction.config.internalTransactionAdvisor&apos;
[ main:15397 ] org.springframework.beans.factory.support.AbstractAutowireCapableBeanFactory.createBean(AbstractAutowireCapableBeanFactory.java:484) Finished creating instance of bean &apos;txManager&apos;
[ main:15398 ] org.springframework.beans.factory.support.DefaultSingletonBeanRegistry.getSingleton(DefaultSingletonBeanRegistry.java:221) Creating shared instance of singleton bean &apos;org.springframework.transaction.config.internalTransactionalEventListenerFactory&apos;
[ main:15398 ] org.springframework.beans.factory.support.AbstractAutowireCapableBeanFactory.createBean(AbstractAutowireCapableBeanFactory.java:448) Creating instance of bean &apos;org.springframework.transaction.config.internalTransactionalEventListenerFactory&apos;
[ main:15398 ] org.springframework.beans.factory.support.AbstractAutowireCapableBeanFactory.doCreateBean(AbstractAutowireCapableBeanFactory.java:529) Eagerly caching bean &apos;org.springframework.transaction.config.internalTransactionalEventListenerFactory&apos; to allow for resolving potential circular references
[ main:15398 ] org.springframework.beans.CachedIntrospectionResults.&lt;init&gt;(CachedIntrospectionResults.java:265) Getting BeanInfo for class [org.springframework.transaction.event.TransactionalEventListenerFactory]
[ main:15399 ] org.springframework.beans.CachedIntrospectionResults.&lt;init&gt;(CachedIntrospectionResults.java:284) Caching PropertyDescriptors for class [org.springframework.transaction.event.TransactionalEventListenerFactory]
[ main:15399 ] org.springframework.beans.CachedIntrospectionResults.&lt;init&gt;(CachedIntrospectionResults.java:297) Found bean property &apos;class&apos; of type [java.lang.Class]
[ main:15399 ] org.springframework.beans.CachedIntrospectionResults.&lt;init&gt;(CachedIntrospectionResults.java:297) Found bean property &apos;order&apos; of type [int]
[ main:15400 ] org.springframework.beans.factory.support.AbstractBeanFactory.doGetBean(AbstractBeanFactory.java:251) Returning cached instance of singleton bean &apos;org.springframework.transaction.config.internalTransactionAdvisor&apos;
[ main:15400 ] org.springframework.beans.factory.support.AbstractAutowireCapableBeanFactory.createBean(AbstractAutowireCapableBeanFactory.java:484) Finished creating instance of bean &apos;org.springframework.transaction.config.internalTransactionalEventListenerFactory&apos;
[ main:15401 ] org.springframework.beans.factory.support.AbstractBeanFactory.doGetBean(AbstractBeanFactory.java:251) Returning cached instance of singleton bean &apos;org.springframework.aop.config.internalAutoProxyCreator&apos;
[ main:15401 ] org.springframework.beans.factory.support.AbstractBeanFactory.doGetBean(AbstractBeanFactory.java:251) Returning cached instance of singleton bean &apos;org.springframework.transaction.annotation.AnnotationTransactionAttributeSource#0&apos;
[ main:15401 ] org.springframework.beans.factory.support.DefaultSingletonBeanRegistry.getSingleton(DefaultSingletonBeanRegistry.java:221) Creating shared instance of singleton bean &apos;org.springframework.transaction.interceptor.TransactionInterceptor#0&apos;
[ main:15402 ] org.springframework.beans.factory.support.AbstractAutowireCapableBeanFactory.createBean(AbstractAutowireCapableBeanFactory.java:448) Creating instance of bean &apos;org.springframework.transaction.interceptor.TransactionInterceptor#0&apos;
[ main:15402 ] org.springframework.aop.framework.autoproxy.AbstractAutoProxyCreator.isInfrastructureClass(AbstractAutoProxyCreator.java:378) Did not attempt to auto-proxy infrastructure class [org.springframework.transaction.interceptor.TransactionInterceptor]
[ main:15402 ] org.springframework.beans.factory.support.AbstractAutowireCapableBeanFactory.doCreateBean(AbstractAutowireCapableBeanFactory.java:529) Eagerly caching bean &apos;org.springframework.transaction.interceptor.TransactionInterceptor#0&apos; to allow for resolving potential circular references
[ main:15402 ] org.springframework.beans.CachedIntrospectionResults.&lt;init&gt;(CachedIntrospectionResults.java:265) Getting BeanInfo for class [org.springframework.transaction.interceptor.TransactionInterceptor]
[ main:15402 ] org.springframework.beans.CachedIntrospectionResults.&lt;init&gt;(CachedIntrospectionResults.java:284) Caching PropertyDescriptors for class [org.springframework.transaction.interceptor.TransactionInterceptor]
[ main:15403 ] org.springframework.beans.CachedIntrospectionResults.&lt;init&gt;(CachedIntrospectionResults.java:297) Found bean property &apos;beanFactory&apos; of type [org.springframework.beans.factory.BeanFactory]
[ main:15403 ] org.springframework.beans.CachedIntrospectionResults.&lt;init&gt;(CachedIntrospectionResults.java:297) Found bean property &apos;class&apos; of type [java.lang.Class]
[ main:15403 ] org.springframework.beans.CachedIntrospectionResults.&lt;init&gt;(CachedIntrospectionResults.java:297) Found bean property &apos;transactionAttributeSource&apos; of type [org.springframework.transaction.interceptor.TransactionAttributeSource]
[ main:15403 ] org.springframework.beans.CachedIntrospectionResults.&lt;init&gt;(CachedIntrospectionResults.java:297) Found bean property &apos;transactionAttributeSources&apos; of type [[Lorg.springframework.transaction.interceptor.TransactionAttributeSource;]
[ main:15403 ] org.springframework.beans.CachedIntrospectionResults.&lt;init&gt;(CachedIntrospectionResults.java:297) Found bean property &apos;transactionAttributes&apos; of type [java.util.Properties]
[ main:15403 ] org.springframework.beans.CachedIntrospectionResults.&lt;init&gt;(CachedIntrospectionResults.java:297) Found bean property &apos;transactionManager&apos; of type [org.springframework.transaction.PlatformTransactionManager]
[ main:15403 ] org.springframework.beans.CachedIntrospectionResults.&lt;init&gt;(CachedIntrospectionResults.java:297) Found bean property &apos;transactionManagerBeanName&apos; of type [java.lang.String]
[ main:15405 ] org.springframework.beans.factory.support.AbstractBeanFactory.doGetBean(AbstractBeanFactory.java:251) Returning cached instance of singleton bean &apos;org.springframework.transaction.annotation.AnnotationTransactionAttributeSource#0&apos;
[ main:15405 ] org.springframework.beans.factory.support.AbstractAutowireCapableBeanFactory.invokeInitMethods(AbstractAutowireCapableBeanFactory.java:1620) Invoking afterPropertiesSet() on bean with name &apos;org.springframework.transaction.interceptor.TransactionInterceptor#0&apos;
[ main:15414 ] org.springframework.beans.factory.support.AbstractAutowireCapableBeanFactory.createBean(AbstractAutowireCapableBeanFactory.java:484) Finished creating instance of bean &apos;org.springframework.transaction.interceptor.TransactionInterceptor#0&apos;
[ main:15415 ] org.springframework.beans.factory.support.AbstractBeanFactory.doGetBean(AbstractBeanFactory.java:251) Returning cached instance of singleton bean &apos;org.springframework.transaction.config.internalTransactionAdvisor&apos;
[ main:15415 ] org.springframework.beans.factory.support.AbstractBeanFactory.doGetBean(AbstractBeanFactory.java:251) Returning cached instance of singleton bean &apos;sqlSessionFactory&apos;
[ main:15415 ] org.springframework.beans.factory.support.AbstractBeanFactory.doGetBean(AbstractBeanFactory.java:251) Returning cached instance of singleton bean &apos;org.mybatis.spring.mapper.MapperScannerConfigurer#0&apos;
[ main:15415 ] org.springframework.beans.factory.support.AbstractBeanFactory.doGetBean(AbstractBeanFactory.java:251) Returning cached instance of singleton bean &apos;org.springframework.context.annotation.ConfigurationClassPostProcessor.importAwareProcessor&apos;
[ main:15415 ] org.springframework.beans.factory.support.AbstractBeanFactory.doGetBean(AbstractBeanFactory.java:251) Returning cached instance of singleton bean &apos;org.springframework.context.annotation.ConfigurationClassPostProcessor.enhancedConfigurationProcessor&apos;
[ main:15415 ] org.springframework.beans.factory.support.AbstractBeanFactory.doGetBean(AbstractBeanFactory.java:251) Returning cached instance of singleton bean &apos;clsMapper&apos;
[ main:15415 ] org.springframework.beans.factory.support.AbstractBeanFactory.doGetBean(AbstractBeanFactory.java:251) Returning cached instance of singleton bean &apos;clsRoomMapper&apos;
[ main:15415 ] org.springframework.beans.factory.support.AbstractBeanFactory.doGetBean(AbstractBeanFactory.java:251) Returning cached instance of singleton bean &apos;userInfoMapper&apos;
[ main:15415 ] org.springframework.beans.factory.support.DefaultSingletonBeanRegistry.getSingleton(DefaultSingletonBeanRegistry.java:221) Creating shared instance of singleton bean &apos;voteHistoryMapper&apos;
[ main:15415 ] org.springframework.beans.factory.support.AbstractAutowireCapableBeanFactory.createBean(AbstractAutowireCapableBeanFactory.java:448) Creating instance of bean &apos;voteHistoryMapper&apos;
[ main:15416 ] org.springframework.beans.factory.support.AbstractAutowireCapableBeanFactory.doCreateBean(AbstractAutowireCapableBeanFactory.java:529) Eagerly caching bean &apos;voteHistoryMapper&apos; to allow for resolving potential circular references
[ main:15416 ] org.springframework.beans.factory.support.AbstractBeanFactory.doGetBean(AbstractBeanFactory.java:251) Returning cached instance of singleton bean &apos;sqlSessionFactory&apos;
[ main:15416 ] org.springframework.beans.factory.support.AbstractAutowireCapableBeanFactory.invokeInitMethods(AbstractAutowireCapableBeanFactory.java:1620) Invoking afterPropertiesSet() on bean with name &apos;voteHistoryMapper&apos;
[ main:15421 ] org.springframework.beans.factory.support.AbstractBeanFactory.doGetBean(AbstractBeanFactory.java:251) Returning cached instance of singleton bean &apos;org.springframework.transaction.config.internalTransactionAdvisor&apos;
[ main:15422 ] org.springframework.beans.factory.support.AbstractAutowireCapableBeanFactory.createBean(AbstractAutowireCapableBeanFactory.java:484) Finished creating instance of bean &apos;voteHistoryMapper&apos;
[ main:15422 ] org.springframework.beans.factory.support.DefaultSingletonBeanRegistry.getSingleton(DefaultSingletonBeanRegistry.java:221) Creating shared instance of singleton bean &apos;answerMapper&apos;
[ main:15422 ] org.springframework.beans.factory.support.AbstractAutowireCapableBeanFactory.createBean(AbstractAutowireCapableBeanFactory.java:448) Creating instance of bean &apos;answerMapper&apos;
[ main:15422 ] org.springframework.beans.factory.support.AbstractAutowireCapableBeanFactory.doCreateBean(AbstractAutowireCapableBeanFactory.java:529) Eagerly caching bean &apos;answerMapper&apos; to allow for resolving potential circular references
[ main:15431 ] org.springframework.beans.factory.support.AbstractBeanFactory.doGetBean(AbstractBeanFactory.java:251) Returning cached instance of singleton bean &apos;sqlSessionFactory&apos;
[ main:15431 ] org.springframework.beans.factory.support.AbstractAutowireCapableBeanFactory.invokeInitMethods(AbstractAutowireCapableBeanFactory.java:1620) Invoking afterPropertiesSet() on bean with name &apos;answerMapper&apos;
[ main:15588 ] org.springframework.beans.factory.support.AbstractBeanFactory.doGetBean(AbstractBeanFactory.java:251) Returning cached instance of singleton bean &apos;org.springframework.transaction.config.internalTransactionAdvisor&apos;
[ main:15588 ] org.springframework.beans.factory.support.AbstractAutowireCapableBeanFactory.createBean(AbstractAutowireCapableBeanFactory.java:484) Finished creating instance of bean &apos;answerMapper&apos;
[ main:15589 ] org.springframework.beans.factory.support.DefaultSingletonBeanRegistry.getSingleton(DefaultSingletonBeanRegistry.java:221) Creating shared instance of singleton bean &apos;questionMapper&apos;
[ main:15589 ] org.springframework.beans.factory.support.AbstractAutowireCapableBeanFactory.createBean(AbstractAutowireCapableBeanFactory.java:448) Creating instance of bean &apos;questionMapper&apos;
[ main:15590 ] org.springframework.beans.factory.support.AbstractAutowireCapableBeanFactory.doCreateBean(AbstractAutowireCapableBeanFactory.java:529) Eagerly caching bean &apos;questionMapper&apos; to allow for resolving potential circular references
[ main:15590 ] org.springframework.beans.factory.support.AbstractBeanFactory.doGetBean(AbstractBeanFactory.java:251) Returning cached instance of singleton bean &apos;sqlSessionFactory&apos;
[ main:15590 ] org.springframework.beans.factory.support.AbstractAutowireCapableBeanFactory.invokeInitMethods(AbstractAutowireCapableBeanFactory.java:1620) Invoking afterPropertiesSet() on bean with name &apos;questionMapper&apos;
[ main:15596 ] org.springframework.beans.factory.support.AbstractBeanFactory.doGetBean(AbstractBeanFactory.java:251) Returning cached instance of singleton bean &apos;org.springframework.transaction.config.internalTransactionAdvisor&apos;
[ main:15597 ] org.springframework.beans.factory.support.AbstractAutowireCapableBeanFactory.createBean(AbstractAutowireCapableBeanFactory.java:484) Finished creating instance of bean &apos;questionMapper&apos;
[ main:15597 ] org.springframework.beans.factory.support.DefaultSingletonBeanRegistry.getSingleton(DefaultSingletonBeanRegistry.java:221) Creating shared instance of singleton bean &apos;questionTypeMapper&apos;
[ main:15597 ] org.springframework.beans.factory.support.AbstractAutowireCapableBeanFactory.createBean(AbstractAutowireCapableBeanFactory.java:448) Creating instance of bean &apos;questionTypeMapper&apos;
[ main:15597 ] org.springframework.beans.factory.support.AbstractAutowireCapableBeanFactory.doCreateBean(AbstractAutowireCapableBeanFactory.java:529) Eagerly caching bean &apos;questionTypeMapper&apos; to allow for resolving potential circular references
[ main:15597 ] org.springframework.beans.factory.support.AbstractBeanFactory.doGetBean(AbstractBeanFactory.java:251) Returning cached instance of singleton bean &apos;sqlSessionFactory&apos;
[ main:15598 ] org.springframework.beans.factory.support.AbstractAutowireCapableBeanFactory.invokeInitMethods(AbstractAutowireCapableBeanFactory.java:1620) Invoking afterPropertiesSet() on bean with name &apos;questionTypeMapper&apos;
[ main:15602 ] org.springframework.beans.factory.support.AbstractBeanFactory.doGetBean(AbstractBeanFactory.java:251) Returning cached instance of singleton bean &apos;org.springframework.transaction.config.internalTransactionAdvisor&apos;
[ main:15602 ] org.springframework.beans.factory.support.AbstractAutowireCapableBeanFactory.createBean(AbstractAutowireCapableBeanFactory.java:484) Finished creating instance of bean &apos;questionTypeMapper&apos;
[ main:15603 ] org.springframework.beans.factory.support.DefaultSingletonBeanRegistry.getSingleton(DefaultSingletonBeanRegistry.java:221) Creating shared instance of singleton bean &apos;rightsMapper&apos;
[ main:15603 ] org.springframework.beans.factory.support.AbstractAutowireCapableBeanFactory.createBean(AbstractAutowireCapableBeanFactory.java:448) Creating instance of bean &apos;rightsMapper&apos;
[ main:15603 ] org.springframework.beans.factory.support.AbstractAutowireCapableBeanFactory.doCreateBean(AbstractAutowireCapableBeanFactory.java:529) Eagerly caching bean &apos;rightsMapper&apos; to allow for resolving potential circular references
[ main:15603 ] org.springframework.beans.factory.support.AbstractBeanFactory.doGetBean(AbstractBeanFactory.java:251) Returning cached instance of singleton bean &apos;sqlSessionFactory&apos;
[ main:15603 ] org.springframework.beans.factory.support.AbstractAutowireCapableBeanFactory.invokeInitMethods(AbstractAutowireCapableBeanFactory.java:1620) Invoking afterPropertiesSet() on bean with name &apos;rightsMapper&apos;
[ main:15608 ] org.springframework.beans.factory.support.AbstractBeanFactory.doGetBean(AbstractBeanFactory.java:251) Returning cached instance of singleton bean &apos;org.springframework.transaction.config.internalTransactionAdvisor&apos;
[ main:15608 ] org.springframework.beans.factory.support.AbstractAutowireCapableBeanFactory.createBean(AbstractAutowireCapableBeanFactory.java:484) Finished creating instance of bean &apos;rightsMapper&apos;
[ main:15608 ] org.springframework.beans.factory.support.AbstractBeanFactory.doGetBean(AbstractBeanFactory.java:251) Returning cached instance of singleton bean &apos;roleMapper&apos;
[ main:15609 ] org.springframework.beans.factory.support.AbstractBeanFactory.doGetBean(AbstractBeanFactory.java:251) Returning cached instance of singleton bean &apos;roleRightsMapper&apos;
[ main:15609 ] org.springframework.beans.factory.support.AbstractBeanFactory.doGetBean(AbstractBeanFactory.java:251) Returning cached instance of singleton bean &apos;teacherMapper&apos;
[ main:15609 ] org.springframework.beans.factory.support.AbstractBeanFactory.doGetBean(AbstractBeanFactory.java:251) Returning cached instance of singleton bean &apos;org.springframework.context.event.internalEventListenerFactory&apos;
[ main:15609 ] org.springframework.beans.factory.support.AbstractBeanFactory.doGetBean(AbstractBeanFactory.java:251) Returning cached instance of singleton bean &apos;org.springframework.transaction.config.internalTransactionalEventListenerFactory&apos;
[ main:15609 ] org.springframework.context.event.EventListenerMethodProcessor.processBean(EventListenerMethodProcessor.java:148) No @EventListener annotations found on bean class: class com.study.basic.service.BasicServiceImpl
[ main:15610 ] org.springframework.context.event.EventListenerMethodProcessor.processBean(EventListenerMethodProcessor.java:148) No @EventListener annotations found on bean class: class com.study.basic.web.ClsController
[ main:15610 ] org.springframework.context.event.EventListenerMethodProcessor.processBean(EventListenerMethodProcessor.java:148) No @EventListener annotations found on bean class: class com.study.basic.web.ClsRoomController
[ main:15610 ] org.springframework.context.event.EventListenerMethodProcessor.processBean(EventListenerMethodProcessor.java:148) No @EventListener annotations found on bean class: class com.study.basic.web.UserInfoController
[ main:15610 ] org.springframework.context.event.EventListenerMethodProcessor.processBean(EventListenerMethodProcessor.java:148) No @EventListener annotations found on bean class: class com.study.user.service.UserServiceImpl
[ main:15610 ] org.springframework.context.event.EventListenerMethodProcessor.processBean(EventListenerMethodProcessor.java:148) No @EventListener annotations found on bean class: class com.study.user.web.UserController
[ main:15610 ] org.springframework.context.event.EventListenerMethodProcessor.processBean(EventListenerMethodProcessor.java:148) No @EventListener annotations found on bean class: class org.springframework.context.annotation.ConfigurationClassPostProcessor
[ main:15610 ] org.springframework.context.event.EventListenerMethodProcessor.processBean(EventListenerMethodProcessor.java:148) No @EventListener annotations found on bean class: class org.springframework.beans.factory.annotation.AutowiredAnnotationBeanPostProcessor
[ main:15611 ] org.springframework.context.event.EventListenerMethodProcessor.processBean(EventListenerMethodProcessor.java:148) No @EventListener annotations found on bean class: class org.springframework.beans.factory.annotation.RequiredAnnotationBeanPostProcessor
[ main:15611 ] org.springframework.context.event.EventListenerMethodProcessor.processBean(EventListenerMethodProcessor.java:148) No @EventListener annotations found on bean class: class org.springframework.context.annotation.CommonAnnotationBeanPostProcessor
[ main:15611 ] org.springframework.context.event.EventListenerMethodProcessor.processBean(EventListenerMethodProcessor.java:148) No @EventListener annotations found on bean class: class org.springframework.context.event.EventListenerMethodProcessor
[ main:15611 ] org.springframework.context.event.EventListenerMethodProcessor.processBean(EventListenerMethodProcessor.java:148) No @EventListener annotations found on bean class: class org.springframework.context.event.DefaultEventListenerFactory
[ main:15611 ] org.springframework.context.event.EventListenerMethodProcessor.processBean(EventListenerMethodProcessor.java:148) No @EventListener annotations found on bean class: class org.springframework.web.accept.ContentNegotiationManager
[ main:15613 ] org.springframework.context.event.EventListenerMethodProcessor.processBean(EventListenerMethodProcessor.java:148) No @EventListener annotations found on bean class: class org.springframework.web.servlet.mvc.method.annotation.RequestMappingHandlerMapping
[ main:15614 ] org.springframework.context.event.EventListenerMethodProcessor.processBean(EventListenerMethodProcessor.java:148) No @EventListener annotations found on bean class: class java.util.LinkedHashMap
[ main:15614 ] org.springframework.context.event.EventListenerMethodProcessor.processBean(EventListenerMethodProcessor.java:148) No @EventListener annotations found on bean class: class org.springframework.format.support.FormattingConversionService
[ main:15615 ] org.springframework.context.event.EventListenerMethodProcessor.processBean(EventListenerMethodProcessor.java:148) No @EventListener annotations found on bean class: class org.springframework.web.servlet.mvc.method.annotation.RequestMappingHandlerAdapter
[ main:15616 ] org.springframework.context.event.EventListenerMethodProcessor.processBean(EventListenerMethodProcessor.java:148) No @EventListener annotations found on bean class: class org.springframework.web.method.support.CompositeUriComponentsContributor
[ main:15616 ] org.springframework.context.event.EventListenerMethodProcessor.processBean(EventListenerMethodProcessor.java:148) No @EventListener annotations found on bean class: class org.springframework.web.servlet.handler.MappedInterceptor
[ main:15616 ] org.springframework.context.event.EventListenerMethodProcessor.processBean(EventListenerMethodProcessor.java:148) No @EventListener annotations found on bean class: class org.springframework.web.servlet.mvc.method.annotation.ExceptionHandlerExceptionResolver
[ main:15616 ] org.springframework.context.event.EventListenerMethodProcessor.processBean(EventListenerMethodProcessor.java:148) No @EventListener annotations found on bean class: class org.springframework.web.servlet.mvc.annotation.ResponseStatusExceptionResolver
[ main:15617 ] org.springframework.context.event.EventListenerMethodProcessor.processBean(EventListenerMethodProcessor.java:148) No @EventListener annotations found on bean class: class org.springframework.web.servlet.mvc.support.DefaultHandlerExceptionResolver
[ main:15618 ] org.springframework.context.event.EventListenerMethodProcessor.processBean(EventListenerMethodProcessor.java:148) No @EventListener annotations found on bean class: class org.springframework.web.servlet.handler.BeanNameUrlHandlerMapping
[ main:15618 ] org.springframework.context.event.EventListenerMethodProcessor.processBean(EventListenerMethodProcessor.java:148) No @EventListener annotations found on bean class: class org.springframework.web.servlet.mvc.HttpRequestHandlerAdapter
[ main:15618 ] org.springframework.context.event.EventListenerMethodProcessor.processBean(EventListenerMethodProcessor.java:148) No @EventListener annotations found on bean class: class org.springframework.web.servlet.mvc.SimpleControllerHandlerAdapter
[ main:15618 ] org.springframework.context.event.EventListenerMethodProcessor.processBean(EventListenerMethodProcessor.java:148) No @EventListener annotations found on bean class: class org.springframework.web.servlet.resource.ResourceUrlProvider
[ main:15619 ] org.springframework.context.event.EventListenerMethodProcessor.processBean(EventListenerMethodProcessor.java:148) No @EventListener annotations found on bean class: class org.springframework.web.servlet.resource.ResourceHttpRequestHandler
[ main:15620 ] org.springframework.context.event.EventListenerMethodProcessor.processBean(EventListenerMethodProcessor.java:148) No @EventListener annotations found on bean class: class org.springframework.util.AntPathMatcher
[ main:15620 ] org.springframework.context.event.EventListenerMethodProcessor.processBean(EventListenerMethodProcessor.java:148) No @EventListener annotations found on bean class: class org.springframework.web.util.UrlPathHelper
[ main:15621 ] org.springframework.context.event.EventListenerMethodProcessor.processBean(EventListenerMethodProcessor.java:148) No @EventListener annotations found on bean class: class org.springframework.web.servlet.handler.SimpleUrlHandlerMapping
[ main:15621 ] org.springframework.context.event.EventListenerMethodProcessor.processBean(EventListenerMethodProcessor.java:148) No @EventListener annotations found on bean class: class org.springframework.web.servlet.resource.DefaultServletHttpRequestHandler
[ main:15622 ] org.springframework.context.event.EventListenerMethodProcessor.processBean(EventListenerMethodProcessor.java:148) No @EventListener annotations found on bean class: class org.springframework.web.servlet.view.InternalResourceViewResolver
[ main:15622 ] org.springframework.context.event.EventListenerMethodProcessor.processBean(EventListenerMethodProcessor.java:148) No @EventListener annotations found on bean class: class org.apache.commons.dbcp.BasicDataSource
[ main:15622 ] org.springframework.context.event.EventListenerMethodProcessor.processBean(EventListenerMethodProcessor.java:148) No @EventListener annotations found on bean class: class org.springframework.jdbc.datasource.DataSourceTransactionManager
[ main:15622 ] org.springframework.context.event.EventListenerMethodProcessor.processBean(EventListenerMethodProcessor.java:148) No @EventListener annotations found on bean class: class org.springframework.transaction.event.TransactionalEventListenerFactory
[ main:15623 ] org.springframework.context.event.EventListenerMethodProcessor.processBean(EventListenerMethodProcessor.java:148) No @EventListener annotations found on bean class: class org.springframework.aop.framework.autoproxy.InfrastructureAdvisorAutoProxyCreator
[ main:15623 ] org.springframework.context.event.EventListenerMethodProcessor.processBean(EventListenerMethodProcessor.java:148) No @EventListener annotations found on bean class: class org.springframework.transaction.annotation.AnnotationTransactionAttributeSource
[ main:15623 ] org.springframework.context.event.EventListenerMethodProcessor.processBean(EventListenerMethodProcessor.java:148) No @EventListener annotations found on bean class: class org.springframework.transaction.interceptor.TransactionInterceptor
[ main:15623 ] org.springframework.context.event.EventListenerMethodProcessor.processBean(EventListenerMethodProcessor.java:148) No @EventListener annotations found on bean class: class org.springframework.transaction.interceptor.BeanFactoryTransactionAttributeSourceAdvisor
[ main:15623 ] org.springframework.context.event.EventListenerMethodProcessor.processBean(EventListenerMethodProcessor.java:148) No @EventListener annotations found on bean class: class org.apache.ibatis.session.defaults.DefaultSqlSessionFactory
[ main:15623 ] org.springframework.context.event.EventListenerMethodProcessor.processBean(EventListenerMethodProcessor.java:148) No @EventListener annotations found on bean class: class org.mybatis.spring.mapper.MapperScannerConfigurer
[ main:15623 ] org.springframework.context.event.EventListenerMethodProcessor.processBean(EventListenerMethodProcessor.java:148) No @EventListener annotations found on bean class: class org.springframework.context.annotation.ConfigurationClassPostProcessor$ImportAwareBeanPostProcessor
[ main:15623 ] org.springframework.context.event.EventListenerMethodProcessor.processBean(EventListenerMethodProcessor.java:148) No @EventListener annotations found on bean class: class org.springframework.context.annotation.ConfigurationClassPostProcessor$EnhancedConfigurationBeanPostProcessor
[ main:15624 ] org.springframework.context.event.EventListenerMethodProcessor.processBean(EventListenerMethodProcessor.java:148) No @EventListener annotations found on bean class: interface com.study.basic.dao.ClsMapper
[ main:15624 ] org.springframework.context.event.EventListenerMethodProcessor.processBean(EventListenerMethodProcessor.java:148) No @EventListener annotations found on bean class: interface com.study.basic.dao.ClsRoomMapper
[ main:15624 ] org.springframework.context.event.EventListenerMethodProcessor.processBean(EventListenerMethodProcessor.java:148) No @EventListener annotations found on bean class: interface com.study.basic.dao.UserInfoMapper
[ main:15624 ] org.springframework.context.event.EventListenerMethodProcessor.processBean(EventListenerMethodProcessor.java:148) No @EventListener annotations found on bean class: interface com.study.charts.dao.VoteHistoryMapper
[ main:15624 ] org.springframework.context.event.EventListenerMethodProcessor.processBean(EventListenerMethodProcessor.java:148) No @EventListener annotations found on bean class: interface com.study.question.dao.AnswerMapper
[ main:15624 ] org.springframework.context.event.EventListenerMethodProcessor.processBean(EventListenerMethodProcessor.java:148) No @EventListener annotations found on bean class: interface com.study.question.dao.QuestionMapper
[ main:15624 ] org.springframework.context.event.EventListenerMethodProcessor.processBean(EventListenerMethodProcessor.java:148) No @EventListener annotations found on bean class: interface com.study.question.dao.QuestionTypeMapper
[ main:15624 ] org.springframework.context.event.EventListenerMethodProcessor.processBean(EventListenerMethodProcessor.java:148) No @EventListener annotations found on bean class: interface com.study.user.dao.RightsMapper
[ main:15624 ] org.springframework.context.event.EventListenerMethodProcessor.processBean(EventListenerMethodProcessor.java:148) No @EventListener annotations found on bean class: interface com.study.user.dao.RoleMapper
[ main:15625 ] org.springframework.context.event.EventListenerMethodProcessor.processBean(EventListenerMethodProcessor.java:148) No @EventListener annotations found on bean class: interface com.study.user.dao.RoleRightsMapper
[ main:15625 ] org.springframework.context.event.EventListenerMethodProcessor.processBean(EventListenerMethodProcessor.java:148) No @EventListener annotations found on bean class: interface com.study.user.dao.TeacherMapper
[ main:15625 ] org.springframework.context.event.EventListenerMethodProcessor.processBean(EventListenerMethodProcessor.java:148) No @EventListener annotations found on bean class: class org.springframework.core.env.StandardEnvironment
[ main:15626 ] org.springframework.context.event.EventListenerMethodProcessor.processBean(EventListenerMethodProcessor.java:148) No @EventListener annotations found on bean class: class java.util.Properties
[ main:15626 ] org.springframework.context.event.EventListenerMethodProcessor.processBean(EventListenerMethodProcessor.java:148) No @EventListener annotations found on bean class: class java.util.Collections$UnmodifiableMap
[ main:15627 ] org.springframework.context.event.EventListenerMethodProcessor.processBean(EventListenerMethodProcessor.java:148) No @EventListener annotations found on bean class: class org.springframework.context.annotation.ConfigurationClassParser$ImportStack
[ main:15627 ] org.springframework.context.event.EventListenerMethodProcessor.processBean(EventListenerMethodProcessor.java:148) No @EventListener annotations found on bean class: class org.springframework.context.support.DelegatingMessageSource
[ main:15627 ] org.springframework.context.event.EventListenerMethodProcessor.processBean(EventListenerMethodProcessor.java:148) No @EventListener annotations found on bean class: class org.springframework.context.event.SimpleApplicationEventMulticaster
[ main:15627 ] org.springframework.context.support.AbstractApplicationContext.initLifecycleProcessor(AbstractApplicationContext.java:779) Unable to locate LifecycleProcessor with name &apos;lifecycleProcessor&apos;: using default [org.springframework.context.support.DefaultLifecycleProcessor@62a4417]
[ main:15627 ] org.springframework.beans.factory.support.AbstractBeanFactory.doGetBean(AbstractBeanFactory.java:251) Returning cached instance of singleton bean &apos;lifecycleProcessor&apos;
[ main:15628 ] org.springframework.context.support.AbstractApplicationContext.publishEvent(AbstractApplicationContext.java:362) Publishing event in org.springframework.context.support.ClassPathXmlApplicationContext@1ffcf674: org.springframework.context.event.ContextRefreshedEvent[source=org.springframework.context.support.ClassPathXmlApplicationContext@1ffcf674: startup date [Wed Sep 09 19:11:02 CST 2020]; root of context hierarchy]
[ main:15628 ] org.springframework.beans.factory.support.AbstractBeanFactory.doGetBean(AbstractBeanFactory.java:251) Returning cached instance of singleton bean &apos;mvcResourceUrlProvider&apos;
[ main:15628 ] org.springframework.beans.factory.support.AbstractBeanFactory.doGetBean(AbstractBeanFactory.java:251) Returning cached instance of singleton bean &apos;sqlSessionFactory&apos;
[ main:15628 ] org.springframework.web.servlet.resource.ResourceUrlProvider.detectResourceHandlers(ResourceUrlProvider.java:149) Looking for resource handler mappings
[ main:15629 ] org.springframework.beans.factory.support.AbstractBeanFactory.doGetBean(AbstractBeanFactory.java:251) Returning cached instance of singleton bean &apos;org.springframework.web.servlet.handler.SimpleUrlHandlerMapping#0&apos;
[ main:15629 ] org.springframework.beans.factory.support.AbstractBeanFactory.doGetBean(AbstractBeanFactory.java:251) Returning cached instance of singleton bean &apos;org.springframework.web.servlet.handler.SimpleUrlHandlerMapping#1&apos;
[ main:15629 ] org.springframework.beans.factory.support.AbstractBeanFactory.doGetBean(AbstractBeanFactory.java:251) Returning cached instance of singleton bean &apos;org.springframework.web.servlet.handler.SimpleUrlHandlerMapping#2&apos;
[ main:15629 ] org.springframework.beans.factory.support.AbstractBeanFactory.doGetBean(AbstractBeanFactory.java:251) Returning cached instance of singleton bean &apos;org.springframework.web.servlet.handler.SimpleUrlHandlerMapping#3&apos;
[ main:15629 ] org.springframework.web.servlet.resource.ResourceUrlProvider.detectResourceHandlers(ResourceUrlProvider.java:161) Found resource handler mapping: URL pattern=&quot;/js/**&quot;, locations=[class path resource [js/]], resolvers=[org.springframework.web.servlet.resource.PathResourceResolver@43f61afb]
[ main:15629 ] org.springframework.web.servlet.resource.ResourceUrlProvider.detectResourceHandlers(ResourceUrlProvider.java:161) Found resource handler mapping: URL pattern=&quot;/css/**&quot;, locations=[class path resource [css/]], resolvers=[org.springframework.web.servlet.resource.PathResourceResolver@713064e8]
[ main:15629 ] org.springframework.web.servlet.resource.ResourceUrlProvider.detectResourceHandlers(ResourceUrlProvider.java:161) Found resource handler mapping: URL pattern=&quot;/images/**&quot;, locations=[class path resource [images/]], resolvers=[org.springframework.web.servlet.resource.PathResourceResolver@4fad6218]
[ main:15630 ] org.springframework.web.servlet.resource.ResourceUrlProvider.detectResourceHandlers(ResourceUrlProvider.java:149) Looking for resource handler mappings
[ main:15630 ] org.springframework.beans.factory.support.AbstractBeanFactory.doGetBean(AbstractBeanFactory.java:251) Returning cached instance of singleton bean &apos;org.springframework.web.servlet.handler.SimpleUrlHandlerMapping#0&apos;
[ main:15630 ] org.springframework.beans.factory.support.AbstractBeanFactory.doGetBean(AbstractBeanFactory.java:251) Returning cached instance of singleton bean &apos;org.springframework.web.servlet.handler.SimpleUrlHandlerMapping#1&apos;
[ main:15630 ] org.springframework.beans.factory.support.AbstractBeanFactory.doGetBean(AbstractBeanFactory.java:251) Returning cached instance of singleton bean &apos;org.springframework.web.servlet.handler.SimpleUrlHandlerMapping#2&apos;
[ main:15630 ] org.springframework.beans.factory.support.AbstractBeanFactory.doGetBean(AbstractBeanFactory.java:251) Returning cached instance of singleton bean &apos;org.springframework.web.servlet.handler.SimpleUrlHandlerMapping#3&apos;
[ main:15630 ] org.springframework.web.servlet.resource.ResourceUrlProvider.detectResourceHandlers(ResourceUrlProvider.java:161) Found resource handler mapping: URL pattern=&quot;/js/**&quot;, locations=[class path resource [js/]], resolvers=[org.springframework.web.servlet.resource.PathResourceResolver@43f61afb]
[ main:15630 ] org.springframework.web.servlet.resource.ResourceUrlProvider.detectResourceHandlers(ResourceUrlProvider.java:161) Found resource handler mapping: URL pattern=&quot;/css/**&quot;, locations=[class path resource [css/]], resolvers=[org.springframework.web.servlet.resource.PathResourceResolver@713064e8]
[ main:15630 ] org.springframework.web.servlet.resource.ResourceUrlProvider.detectResourceHandlers(ResourceUrlProvider.java:161) Found resource handler mapping: URL pattern=&quot;/images/**&quot;, locations=[class path resource [images/]], resolvers=[org.springframework.web.servlet.resource.PathResourceResolver@4fad6218]
[ main:15631 ] org.springframework.core.env.PropertySourcesPropertyResolver.getProperty(PropertySourcesPropertyResolver.java:78) Searching for key &apos;spring.liveBeansView.mbeanDomain&apos; in [systemProperties]
[ main:15631 ] org.springframework.core.env.PropertySourcesPropertyResolver.getProperty(PropertySourcesPropertyResolver.java:78) Searching for key &apos;spring.liveBeansView.mbeanDomain&apos; in [systemEnvironment]
[ main:15631 ] org.springframework.core.env.PropertySourcesPropertyResolver.getProperty(PropertySourcesPropertyResolver.java:91) Could not find key &apos;spring.liveBeansView.mbeanDomain&apos; in any property source
[ main:15631 ] org.springframework.beans.factory.support.AbstractBeanFactory.doGetBean(AbstractBeanFactory.java:251) Returning cached instance of singleton bean &apos;roleRightsMapper&apos;
[ main:15631 ] org.mybatis.spring.SqlSessionUtils.getSqlSession(SqlSessionUtils.java:99) Creating a new SqlSession
[ main:15632 ] org.mybatis.spring.SqlSessionUtils.registerSessionHolder(SqlSessionUtils.java:150) SqlSession [org.apache.ibatis.session.defaults.DefaultSqlSession@1bf39d06] was not registered for synchronization because synchronization is not active
[ main:15632 ] org.springframework.jdbc.datasource.DataSourceUtils.doGetConnection(DataSourceUtils.java:110) Fetching JDBC Connection from DataSource
[ main:15644 ] org.mybatis.spring.transaction.SpringManagedTransaction.openConnection(SpringManagedTransaction.java:89) JDBC Connection [jdbc:mysql://localhost:3306/studyweb, UserName=root@localhost, MySQL-AB JDBC Driver] will not be managed by Spring
[ main:15645 ] com.study.common.page.PageInterceptor.intercept(PageInterceptor.java:33) �����ҳ������
[ main:15645 ] com.study.common.page.PageInterceptor.intercept(PageInterceptor.java:40) �����õ���sql:com.study.user.dao.RoleRightsMapper.deleteByPrimaryKey
[ main:15645 ] org.apache.ibatis.logging.jdbc.BaseJdbcLogger.debug(BaseJdbcLogger.java:159) ==&gt;  Preparing: delete from role_rights where role_id = ? and right_id = ? 
[ main:15646 ] org.apache.ibatis.logging.jdbc.BaseJdbcLogger.debug(BaseJdbcLogger.java:159) ==&gt; Parameters: 2(Integer), 12(Integer)
[ main:15665 ] org.apache.ibatis.logging.jdbc.BaseJdbcLogger.debug(BaseJdbcLogger.java:159) &lt;==    Updates: 0
[ main:15665 ] org.mybatis.spring.SqlSessionUtils.closeSqlSession(SqlSessionUtils.java:193) Closing non transactional SqlSession [org.apache.ibatis.session.defaults.DefaultSqlSession@1bf39d06]
[ main:15665 ] org.springframework.jdbc.datasource.DataSourceUtils.doReleaseConnection(DataSourceUtils.java:327) Returning JDBC Connection to DataSource
</system-out>
  </testcase>
  <testcase classname="com.study.user.dao.RoleRightsMapperTest" name="testAddRoleRights" time="0.623"/>
</testsuite>