<?xml version="1.0" encoding="UTF-8" ?>
<testsuite tests="4" failures="1" name="com.study.basic.service.BasicServiceTest" time="5.739" errors="0" skipped="0">
  <properties>
    <property name="java.runtime.name" value="Java(TM) SE Runtime Environment"/>
    <property name="sun.boot.library.path" value="D:\soft\jdk1.8.0_101\jre\bin"/>
    <property name="java.vm.version" value="25.101-b13"/>
    <property name="java.vm.vendor" value="Oracle Corporation"/>
    <property name="maven.multiModuleProjectDirectory" value="D:\webWorkspace\LYQstudyweb"/>
    <property name="java.vendor.url" value="http://java.oracle.com/"/>
    <property name="path.separator" value=";"/>
    <property name="guice.disable.misplaced.annotation.check" value="true"/>
    <property name="java.vm.name" value="Java HotSpot(TM) 64-Bit Server VM"/>
    <property name="file.encoding.pkg" value="sun.io"/>
    <property name="user.script" value=""/>
    <property name="user.country" value="CN"/>
    <property name="sun.java.launcher" value="SUN_STANDARD"/>
    <property name="sun.os.patch.level" value="Service Pack 1"/>
    <property name="java.vm.specification.name" value="Java Virtual Machine Specification"/>
    <property name="user.dir" value="D:\webWorkspace\LYQstudyweb"/>
    <property name="java.runtime.version" value="1.8.0_101-b13"/>
    <property name="java.awt.graphicsenv" value="sun.awt.Win32GraphicsEnvironment"/>
    <property name="java.endorsed.dirs" value="D:\soft\jdk1.8.0_101\jre\lib\endorsed"/>
    <property name="os.arch" value="amd64"/>
    <property name="java.io.tmpdir" value="C:\Users\Administrator\AppData\Local\Temp\"/>
    <property name="line.separator" value="
"/>
    <property name="java.vm.specification.vendor" value="Oracle Corporation"/>
    <property name="user.variant" value=""/>
    <property name="os.name" value="Windows 7"/>
    <property name="classworlds.conf" value="D:\webWorkspace\.metadata\.plugins\org.eclipse.m2e.launching\launches\m2conf6383683769287404014.tmp"/>
    <property name="sun.jnu.encoding" value="GBK"/>
    <property name="java.library.path" value="D:\soft\jdk1.8.0_101\bin;C:\Windows\Sun\Java\bin;C:\Windows\system32;C:\Windows;D:/soft/jdk1.8.0_101/bin/../jre/bin/server;D:/soft/jdk1.8.0_101/bin/../jre/bin;D:/soft/jdk1.8.0_101/bin/../jre/lib/amd64;D:\soft\jdk1.8.0_101\bin;D:\soft\eclipse-jee-mars-2-win32-x86_64\eclipse;;."/>
    <property name="java.specification.name" value="Java Platform API Specification"/>
    <property name="java.class.version" value="52.0"/>
    <property name="sun.management.compiler" value="HotSpot 64-Bit Tiered Compilers"/>
    <property name="os.version" value="6.1"/>
    <property name="user.home" value="C:\Users\Administrator"/>
    <property name="user.timezone" value="Asia/Shanghai"/>
    <property name="java.awt.printerjob" value="sun.awt.windows.WPrinterJob"/>
    <property name="java.specification.version" value="1.8"/>
    <property name="file.encoding" value="UTF-8"/>
    <property name="user.name" value="Usera"/>
    <property name="java.class.path" value="/D:/soft/eclipse-jee-mars-2-win32-x86_64/eclipse/plugins/org.eclipse.m2e.maven.runtime_1.6.2.20150902-0001/jars/plexus-classworlds-2.5.2.jar"/>
    <property name="java.vm.specification.version" value="1.8"/>
    <property name="sun.arch.data.model" value="64"/>
    <property name="java.home" value="D:\soft\jdk1.8.0_101\jre"/>
    <property name="sun.java.command" value="org.codehaus.plexus.classworlds.launcher.Launcher -B install"/>
    <property name="java.specification.vendor" value="Oracle Corporation"/>
    <property name="user.language" value="zh"/>
    <property name="awt.toolkit" value="sun.awt.windows.WToolkit"/>
    <property name="java.vm.info" value="mixed mode"/>
    <property name="java.version" value="1.8.0_101"/>
    <property name="java.ext.dirs" value="D:\soft\jdk1.8.0_101\jre\lib\ext;C:\Windows\Sun\Java\lib\ext"/>
    <property name="sun.boot.class.path" value="D:\soft\jdk1.8.0_101\jre\lib\resources.jar;D:\soft\jdk1.8.0_101\jre\lib\rt.jar;D:\soft\jdk1.8.0_101\jre\lib\sunrsasign.jar;D:\soft\jdk1.8.0_101\jre\lib\jsse.jar;D:\soft\jdk1.8.0_101\jre\lib\jce.jar;D:\soft\jdk1.8.0_101\jre\lib\charsets.jar;D:\soft\jdk1.8.0_101\jre\lib\jfr.jar;D:\soft\jdk1.8.0_101\jre\classes"/>
    <property name="java.vendor" value="Oracle Corporation"/>
    <property name="maven.home" value="D:\webWorkspace\LYQstudyweb\EMBEDDED"/>
    <property name="file.separator" value="\"/>
    <property name="java.vendor.url.bug" value="http://bugreport.sun.com/bugreport/"/>
    <property name="sun.cpu.endian" value="little"/>
    <property name="sun.io.unicode.encoding" value="UnicodeLittle"/>
    <property name="sun.desktop" value="windows"/>
    <property name="sun.cpu.isalist" value="amd64"/>
  </properties>
  <testcase classname="com.study.basic.service.BasicServiceTest" name="testListAllUserinfo" time="1.955"/>
  <testcase classname="com.study.basic.service.BasicServiceTest" name="testUpdateClsRoomStatus" time="1.835">
    <failure type="java.lang.AssertionError">java.lang.AssertionError
	at org.junit.Assert.fail(Assert.java:86)
	at org.junit.Assert.assertTrue(Assert.java:41)
	at org.junit.Assert.assertTrue(Assert.java:52)
	at com.study.basic.service.BasicServiceTest.testUpdateClsRoomStatus(BasicServiceTest.java:42)
	at sun.reflect.NativeMethodAccessorImpl.invoke0(Native Method)
	at sun.reflect.NativeMethodAccessorImpl.invoke(NativeMethodAccessorImpl.java:62)
	at sun.reflect.DelegatingMethodAccessorImpl.invoke(DelegatingMethodAccessorImpl.java:43)
	at java.lang.reflect.Method.invoke(Method.java:498)
	at org.junit.runners.model.FrameworkMethod$1.runReflectiveCall(FrameworkMethod.java:50)
	at org.junit.internal.runners.model.ReflectiveCallable.run(ReflectiveCallable.java:12)
	at org.junit.runners.model.FrameworkMethod.invokeExplosively(FrameworkMethod.java:47)
	at org.junit.internal.runners.statements.InvokeMethod.evaluate(InvokeMethod.java:17)
	at org.junit.runners.ParentRunner.runLeaf(ParentRunner.java:325)
	at org.junit.runners.BlockJUnit4ClassRunner.runChild(BlockJUnit4ClassRunner.java:78)
	at org.junit.runners.BlockJUnit4ClassRunner.runChild(BlockJUnit4ClassRunner.java:57)
	at org.junit.runners.ParentRunner$3.run(ParentRunner.java:290)
	at org.junit.runners.ParentRunner$1.schedule(ParentRunner.java:71)
	at org.junit.runners.ParentRunner.runChildren(ParentRunner.java:288)
	at org.junit.runners.ParentRunner.access$000(ParentRunner.java:58)
	at org.junit.runners.ParentRunner$2.evaluate(ParentRunner.java:268)
	at org.junit.runners.ParentRunner.run(ParentRunner.java:363)
	at org.apache.maven.surefire.junit4.JUnit4Provider.execute(JUnit4Provider.java:252)
	at org.apache.maven.surefire.junit4.JUnit4Provider.executeTestSet(JUnit4Provider.java:141)
	at org.apache.maven.surefire.junit4.JUnit4Provider.invoke(JUnit4Provider.java:112)
	at sun.reflect.NativeMethodAccessorImpl.invoke0(Native Method)
	at sun.reflect.NativeMethodAccessorImpl.invoke(NativeMethodAccessorImpl.java:62)
	at sun.reflect.DelegatingMethodAccessorImpl.invoke(DelegatingMethodAccessorImpl.java:43)
	at java.lang.reflect.Method.invoke(Method.java:498)
	at org.apache.maven.surefire.util.ReflectionUtils.invokeMethodWithArray(ReflectionUtils.java:189)
	at org.apache.maven.surefire.booter.ProviderFactory$ProviderProxy.invoke(ProviderFactory.java:165)
	at org.apache.maven.surefire.booter.ProviderFactory.invokeProvider(ProviderFactory.java:85)
	at org.apache.maven.surefire.booter.ForkedBooter.runSuitesInProcess(ForkedBooter.java:115)
	at org.apache.maven.surefire.booter.ForkedBooter.main(ForkedBooter.java:75)
</failure>
    <system-out>[ main:8166 ] org.springframework.core.env.MutablePropertySources.addLast(MutablePropertySources.java:109) Adding [systemProperties] PropertySource with lowest search precedence
[ main:8166 ] org.springframework.core.env.MutablePropertySources.addLast(MutablePropertySources.java:109) Adding [systemEnvironment] PropertySource with lowest search precedence
[ main:8167 ] org.springframework.core.env.AbstractEnvironment.&lt;init&gt;(AbstractEnvironment.java:127) Initialized StandardEnvironment with PropertySources [systemProperties,systemEnvironment]
[ main:8167 ] org.springframework.context.support.AbstractApplicationContext.prepareRefresh(AbstractApplicationContext.java:581) Refreshing org.springframework.context.support.ClassPathXmlApplicationContext@17f9344b: startup date [Wed Sep 09 19:10:56 CST 2020]; root of context hierarchy
[ main:8167 ] org.springframework.core.env.MutablePropertySources.addLast(MutablePropertySources.java:109) Adding [systemProperties] PropertySource with lowest search precedence
[ main:8167 ] org.springframework.core.env.MutablePropertySources.addLast(MutablePropertySources.java:109) Adding [systemEnvironment] PropertySource with lowest search precedence
[ main:8168 ] org.springframework.core.env.AbstractEnvironment.&lt;init&gt;(AbstractEnvironment.java:127) Initialized StandardEnvironment with PropertySources [systemProperties,systemEnvironment]
[ main:8168 ] org.springframework.beans.factory.xml.XmlBeanDefinitionReader.loadBeanDefinitions(XmlBeanDefinitionReader.java:317) Loading XML bean definitions from class path resource [springmvc.xml]
[ main:8187 ] org.springframework.beans.factory.xml.DefaultDocumentLoader.loadDocument(DefaultDocumentLoader.java:73) Using JAXP provider [com.sun.org.apache.xerces.internal.jaxp.DocumentBuilderFactoryImpl]
[ main:8189 ] org.springframework.beans.factory.xml.PluggableSchemaResolver.resolveEntity(PluggableSchemaResolver.java:106) Trying to resolve XML entity with public id [null] and system id [http://www.springframework.org/schema/beans/spring-beans-4.0.xsd]
[ main:8189 ] org.springframework.beans.factory.xml.PluggableSchemaResolver.getSchemaMappings(PluggableSchemaResolver.java:141) Loading schema mappings from [META-INF/spring.schemas]
[ main:8194 ] org.springframework.beans.factory.xml.PluggableSchemaResolver.getSchemaMappings(PluggableSchemaResolver.java:147) Loaded schema mappings: {http://www.springframework.org/schema/tx/spring-tx-4.3.xsd=org/springframework/transaction/config/spring-tx-4.3.xsd, http://www.springframework.org/schema/tx/spring-tx-2.5.xsd=org/springframework/transaction/config/spring-tx-2.5.xsd, http://www.springframework.org/schema/cache/spring-cache-4.2.xsd=org/springframework/cache/config/spring-cache-4.2.xsd, http://www.springframework.org/schema/aop/spring-aop-4.1.xsd=org/springframework/aop/config/spring-aop-4.1.xsd, http://www.springframework.org/schema/context/spring-context-3.1.xsd=org/springframework/context/config/spring-context-3.1.xsd, http://www.springframework.org/schema/jdbc/spring-jdbc-4.1.xsd=org/springframework/jdbc/config/spring-jdbc-4.1.xsd, http://www.springframework.org/schema/mvc/spring-mvc-4.1.xsd=org/springframework/web/servlet/config/spring-mvc-4.1.xsd, http://www.springframework.org/schema/util/spring-util-3.0.xsd=org/springframework/beans/factory/xml/spring-util-3.0.xsd, http://mybatis.org/schema/mybatis-spring-1.2.xsd=org/mybatis/spring/config/mybatis-spring-1.2.xsd, http://www.springframework.org/schema/tool/spring-tool.xsd=org/springframework/beans/factory/xml/spring-tool-4.3.xsd, http://www.springframework.org/schema/aop/spring-aop-3.2.xsd=org/springframework/aop/config/spring-aop-3.2.xsd, http://www.springframework.org/schema/lang/spring-lang-4.1.xsd=org/springframework/scripting/config/spring-lang-4.1.xsd, http://www.springframework.org/schema/context/spring-context-4.0.xsd=org/springframework/context/config/spring-context-4.0.xsd, http://www.springframework.org/schema/mvc/spring-mvc-3.2.xsd=org/springframework/web/servlet/config/spring-mvc-3.2.xsd, http://www.springframework.org/schema/beans/spring-beans-4.2.xsd=org/springframework/beans/factory/xml/spring-beans-4.2.xsd, http://www.springframework.org/schema/tool/spring-tool-4.1.xsd=org/springframework/beans/factory/xml/spring-tool-4.1.xsd, http://www.springframework.org/schema/lang/spring-lang-3.2.xsd=org/springframework/scripting/config/spring-lang-3.2.xsd, http://www.springframework.org/schema/cache/spring-cache-3.2.xsd=org/springframework/cache/config/spring-cache-3.2.xsd, http://www.springframework.org/schema/jee/spring-jee-4.1.xsd=org/springframework/ejb/config/spring-jee-4.1.xsd, http://www.springframework.org/schema/jdbc/spring-jdbc-3.1.xsd=org/springframework/jdbc/config/spring-jdbc-3.1.xsd, http://www.springframework.org/schema/task/spring-task-4.2.xsd=org/springframework/scheduling/config/spring-task-4.2.xsd, http://www.springframework.org/schema/util/spring-util-2.0.xsd=org/springframework/beans/factory/xml/spring-util-2.0.xsd, http://www.springframework.org/schema/tool/spring-tool-3.2.xsd=org/springframework/beans/factory/xml/spring-tool-3.2.xsd, http://www.springframework.org/schema/context/spring-context.xsd=org/springframework/context/config/spring-context-4.3.xsd, http://www.springframework.org/schema/tx/spring-tx-4.2.xsd=org/springframework/transaction/config/spring-tx-4.2.xsd, http://www.springframework.org/schema/cache/spring-cache-4.1.xsd=org/springframework/cache/config/spring-cache-4.1.xsd, http://www.springframework.org/schema/aop/spring-aop-4.0.xsd=org/springframework/aop/config/spring-aop-4.0.xsd, http://www.springframework.org/schema/jee/spring-jee-3.2.xsd=org/springframework/ejb/config/spring-jee-3.2.xsd, http://www.springframework.org/schema/context/spring-context-3.0.xsd=org/springframework/context/config/spring-context-3.0.xsd, http://www.springframework.org/schema/jdbc/spring-jdbc-4.0.xsd=org/springframework/jdbc/config/spring-jdbc-4.0.xsd, http://www.springframework.org/schema/mvc/spring-mvc-4.0.xsd=org/springframework/web/servlet/config/spring-mvc-4.0.xsd, http://www.springframework.org/schema/util/spring-util-2.5.xsd=org/springframework/beans/factory/xml/spring-util-2.5.xsd, http://www.springframework.org/schema/util/spring-util-4.3.xsd=org/springframework/beans/factory/xml/spring-util-4.3.xsd, http://www.springframework.org/schema/beans/spring-beans-3.2.xsd=org/springframework/beans/factory/xml/spring-beans-3.2.xsd, http://www.springframework.org/schema/aop/spring-aop-3.1.xsd=org/springframework/aop/config/spring-aop-3.1.xsd, http://www.springframework.org/schema/lang/spring-lang-4.0.xsd=org/springframework/scripting/config/spring-lang-4.0.xsd, http://www.springframework.org/schema/mvc/spring-mvc.xsd=org/springframework/web/servlet/config/spring-mvc-4.3.xsd, http://www.springframework.org/schema/mvc/spring-mvc-3.1.xsd=org/springframework/web/servlet/config/spring-mvc-3.1.xsd, http://www.springframework.org/schema/beans/spring-beans-4.1.xsd=org/springframework/beans/factory/xml/spring-beans-4.1.xsd, http://www.springframework.org/schema/tool/spring-tool-4.0.xsd=org/springframework/beans/factory/xml/spring-tool-4.0.xsd, http://www.springframework.org/schema/tx/spring-tx-3.2.xsd=org/springframework/transaction/config/spring-tx-3.2.xsd, http://www.springframework.org/schema/lang/spring-lang-3.1.xsd=org/springframework/scripting/config/spring-lang-3.1.xsd, http://www.springframework.org/schema/cache/spring-cache-3.1.xsd=org/springframework/cache/config/spring-cache-3.1.xsd, http://www.springframework.org/schema/jee/spring-jee-4.0.xsd=org/springframework/ejb/config/spring-jee-4.0.xsd, http://www.springframework.org/schema/jdbc/spring-jdbc-3.0.xsd=org/springframework/jdbc/config/spring-jdbc-3.0.xsd, http://www.springframework.org/schema/task/spring-task-4.1.xsd=org/springframework/scheduling/config/spring-task-4.1.xsd, http://www.springframework.org/schema/jdbc/spring-jdbc.xsd=org/springframework/jdbc/config/spring-jdbc-4.3.xsd, http://www.springframework.org/schema/tool/spring-tool-3.1.xsd=org/springframework/beans/factory/xml/spring-tool-3.1.xsd, http://www.springframework.org/schema/tx/spring-tx-4.1.xsd=org/springframework/transaction/config/spring-tx-4.1.xsd, http://www.springframework.org/schema/cache/spring-cache-4.0.xsd=org/springframework/cache/config/spring-cache-4.0.xsd, http://www.springframework.org/schema/jee/spring-jee-3.1.xsd=org/springframework/ejb/config/spring-jee-3.1.xsd, http://www.springframework.org/schema/task/spring-task-3.2.xsd=org/springframework/scheduling/config/spring-task-3.2.xsd, http://www.springframework.org/schema/util/spring-util-4.2.xsd=org/springframework/beans/factory/xml/spring-util-4.2.xsd, http://www.springframework.org/schema/beans/spring-beans-3.1.xsd=org/springframework/beans/factory/xml/spring-beans-3.1.xsd, http://www.springframework.org/schema/util/spring-util.xsd=org/springframework/beans/factory/xml/spring-util-4.3.xsd, http://www.springframework.org/schema/aop/spring-aop-3.0.xsd=org/springframework/aop/config/spring-aop-3.0.xsd, http://www.springframework.org/schema/mvc/spring-mvc-3.0.xsd=org/springframework/web/servlet/config/spring-mvc-3.0.xsd, http://www.springframework.org/schema/beans/spring-beans-4.0.xsd=org/springframework/beans/factory/xml/spring-beans-4.0.xsd, http://www.springframework.org/schema/beans/spring-beans.xsd=org/springframework/beans/factory/xml/spring-beans-4.3.xsd, http://mybatis.org/schema/mybatis-spring.xsd=org/mybatis/spring/config/mybatis-spring-1.2.xsd, http://www.springframework.org/schema/tx/spring-tx-3.1.xsd=org/springframework/transaction/config/spring-tx-3.1.xsd, http://www.springframework.org/schema/lang/spring-lang-3.0.xsd=org/springframework/scripting/config/spring-lang-3.0.xsd, http://www.springframework.org/schema/context/spring-context-2.5.xsd=org/springframework/context/config/spring-context-2.5.xsd, http://www.springframework.org/schema/context/spring-context-4.3.xsd=org/springframework/context/config/spring-context-4.3.xsd, http://www.springframework.org/schema/task/spring-task-4.0.xsd=org/springframework/scheduling/config/spring-task-4.0.xsd, http://www.springframework.org/schema/tool/spring-tool-3.0.xsd=org/springframework/beans/factory/xml/spring-tool-3.0.xsd, http://www.springframework.org/schema/tx/spring-tx-4.0.xsd=org/springframework/transaction/config/spring-tx-4.0.xsd, http://www.springframework.org/schema/aop/spring-aop-2.0.xsd=org/springframework/aop/config/spring-aop-2.0.xsd, http://www.springframework.org/schema/jee/spring-jee-3.0.xsd=org/springframework/ejb/config/spring-jee-3.0.xsd, http://www.springframework.org/schema/util/spring-util-4.1.xsd=org/springframework/beans/factory/xml/spring-util-4.1.xsd, http://www.springframework.org/schema/task/spring-task-3.1.xsd=org/springframework/scheduling/config/spring-task-3.1.xsd, http://www.springframework.org/schema/beans/spring-beans-3.0.xsd=org/springframework/beans/factory/xml/spring-beans-3.0.xsd, http://www.springframework.org/schema/jee/spring-jee.xsd=org/springframework/ejb/config/spring-jee-4.3.xsd, http://www.springframework.org/schema/aop/spring-aop-2.5.xsd=org/springframework/aop/config/spring-aop-2.5.xsd, http://www.springframework.org/schema/aop/spring-aop-4.3.xsd=org/springframework/aop/config/spring-aop-4.3.xsd, http://www.springframework.org/schema/lang/spring-lang-2.0.xsd=org/springframework/scripting/config/spring-lang-2.0.xsd, http://www.springframework.org/schema/jdbc/spring-jdbc-4.3.xsd=org/springframework/jdbc/config/spring-jdbc-4.3.xsd, http://www.springframework.org/schema/mvc/spring-mvc-4.3.xsd=org/springframework/web/servlet/config/spring-mvc-4.3.xsd, http://www.springframework.org/schema/util/spring-util-3.2.xsd=org/springframework/beans/factory/xml/spring-util-3.2.xsd, http://www.springframework.org/schema/task/spring-task.xsd=org/springframework/scheduling/config/spring-task-4.3.xsd, http://www.springframework.org/schema/tool/spring-tool-2.0.xsd=org/springframework/beans/factory/xml/spring-tool-2.0.xsd, http://www.springframework.org/schema/tx/spring-tx-3.0.xsd=org/springframework/transaction/config/spring-tx-3.0.xsd, http://www.springframework.org/schema/lang/spring-lang-2.5.xsd=org/springframework/scripting/config/spring-lang-2.5.xsd, http://www.springframework.org/schema/lang/spring-lang-4.3.xsd=org/springframework/scripting/config/spring-lang-4.3.xsd, http://www.springframework.org/schema/context/spring-context-4.2.xsd=org/springframework/context/config/spring-context-4.2.xsd, http://www.springframework.org/schema/jee/spring-jee-2.0.xsd=org/springframework/ejb/config/spring-jee-2.0.xsd, http://www.springframework.org/schema/tool/spring-tool-4.3.xsd=org/springframework/beans/factory/xml/spring-tool-4.3.xsd, http://www.springframework.org/schema/tool/spring-tool-2.5.xsd=org/springframework/beans/factory/xml/spring-tool-2.5.xsd, http://www.springframework.org/schema/jee/spring-jee-4.3.xsd=org/springframework/ejb/config/spring-jee-4.3.xsd, http://www.springframework.org/schema/jee/spring-jee-2.5.xsd=org/springframework/ejb/config/spring-jee-2.5.xsd, http://www.springframework.org/schema/util/spring-util-4.0.xsd=org/springframework/beans/factory/xml/spring-util-4.0.xsd, http://www.springframework.org/schema/task/spring-task-3.0.xsd=org/springframework/scheduling/config/spring-task-3.0.xsd, http://www.springframework.org/schema/cache/spring-cache-4.3.xsd=org/springframework/cache/config/spring-cache-4.3.xsd, http://www.springframework.org/schema/aop/spring-aop-4.2.xsd=org/springframework/aop/config/spring-aop-4.2.xsd, http://www.springframework.org/schema/lang/spring-lang.xsd=org/springframework/scripting/config/spring-lang-4.3.xsd, http://www.springframework.org/schema/context/spring-context-3.2.xsd=org/springframework/context/config/spring-context-3.2.xsd, http://www.springframework.org/schema/jdbc/spring-jdbc-4.2.xsd=org/springframework/jdbc/config/spring-jdbc-4.2.xsd, http://www.springframework.org/schema/mvc/spring-mvc-4.2.xsd=org/springframework/web/servlet/config/spring-mvc-4.2.xsd, http://www.springframework.org/schema/util/spring-util-3.1.xsd=org/springframework/beans/factory/xml/spring-util-3.1.xsd, http://www.springframework.org/schema/beans/spring-beans-2.0.xsd=org/springframework/beans/factory/xml/spring-beans-2.0.xsd, http://www.springframework.org/schema/cache/spring-cache.xsd=org/springframework/cache/config/spring-cache-4.3.xsd, http://www.springframework.org/schema/tx/spring-tx.xsd=org/springframework/transaction/config/spring-tx-4.3.xsd, http://www.springframework.org/schema/lang/spring-lang-4.2.xsd=org/springframework/scripting/config/spring-lang-4.2.xsd, http://www.springframework.org/schema/context/spring-context-4.1.xsd=org/springframework/context/config/spring-context-4.1.xsd, http://www.springframework.org/schema/beans/spring-beans-2.5.xsd=org/springframework/beans/factory/xml/spring-beans-2.5.xsd, http://www.springframework.org/schema/beans/spring-beans-4.3.xsd=org/springframework/beans/factory/xml/spring-beans-4.3.xsd, http://www.springframework.org/schema/tool/spring-tool-4.2.xsd=org/springframework/beans/factory/xml/spring-tool-4.2.xsd, http://www.springframework.org/schema/tx/spring-tx-2.0.xsd=org/springframework/transaction/config/spring-tx-2.0.xsd, http://www.springframework.org/schema/jee/spring-jee-4.2.xsd=org/springframework/ejb/config/spring-jee-4.2.xsd, http://www.springframework.org/schema/jdbc/spring-jdbc-3.2.xsd=org/springframework/jdbc/config/spring-jdbc-3.2.xsd, http://www.springframework.org/schema/task/spring-task-4.3.xsd=org/springframework/scheduling/config/spring-task-4.3.xsd, http://www.springframework.org/schema/aop/spring-aop.xsd=org/springframework/aop/config/spring-aop-4.3.xsd}
[ main:8205 ] org.springframework.beans.factory.xml.PluggableSchemaResolver.resolveEntity(PluggableSchemaResolver.java:119) Found XML schema [http://www.springframework.org/schema/beans/spring-beans-4.0.xsd] in classpath: org/springframework/beans/factory/xml/spring-beans-4.0.xsd
[ main:8234 ] org.springframework.beans.factory.xml.PluggableSchemaResolver.resolveEntity(PluggableSchemaResolver.java:106) Trying to resolve XML entity with public id [null] and system id [http://www.springframework.org/schema/context/spring-context-4.0.xsd]
[ main:8235 ] org.springframework.beans.factory.xml.PluggableSchemaResolver.resolveEntity(PluggableSchemaResolver.java:119) Found XML schema [http://www.springframework.org/schema/context/spring-context-4.0.xsd] in classpath: org/springframework/context/config/spring-context-4.0.xsd
[ main:8243 ] org.springframework.beans.factory.xml.PluggableSchemaResolver.resolveEntity(PluggableSchemaResolver.java:106) Trying to resolve XML entity with public id [null] and system id [http://www.springframework.org/schema/tool/spring-tool-4.0.xsd]
[ main:8244 ] org.springframework.beans.factory.xml.PluggableSchemaResolver.resolveEntity(PluggableSchemaResolver.java:119) Found XML schema [http://www.springframework.org/schema/tool/spring-tool-4.0.xsd] in classpath: org/springframework/beans/factory/xml/spring-tool-4.0.xsd
[ main:8247 ] org.springframework.beans.factory.xml.PluggableSchemaResolver.resolveEntity(PluggableSchemaResolver.java:106) Trying to resolve XML entity with public id [null] and system id [http://www.springframework.org/schema/mvc/spring-mvc-4.0.xsd]
[ main:8248 ] org.springframework.beans.factory.xml.PluggableSchemaResolver.resolveEntity(PluggableSchemaResolver.java:119) Found XML schema [http://www.springframework.org/schema/mvc/spring-mvc-4.0.xsd] in classpath: org/springframework/web/servlet/config/spring-mvc-4.0.xsd
[ main:8253 ] org.springframework.beans.factory.xml.PluggableSchemaResolver.resolveEntity(PluggableSchemaResolver.java:106) Trying to resolve XML entity with public id [null] and system id [http://www.springframework.org/schema/tx/spring-tx-4.0.xsd]
[ main:8253 ] org.springframework.beans.factory.xml.PluggableSchemaResolver.resolveEntity(PluggableSchemaResolver.java:119) Found XML schema [http://www.springframework.org/schema/tx/spring-tx-4.0.xsd] in classpath: org/springframework/transaction/config/spring-tx-4.0.xsd
[ main:8264 ] org.springframework.beans.factory.xml.DefaultBeanDefinitionDocumentReader.registerBeanDefinitions(DefaultBeanDefinitionDocumentReader.java:92) Loading bean definitions
[ main:8269 ] org.springframework.beans.factory.xml.DefaultNamespaceHandlerResolver.getHandlerMappings(DefaultNamespaceHandlerResolver.java:157) Loaded NamespaceHandler mappings: {http://www.springframework.org/schema/p=org.springframework.beans.factory.xml.SimplePropertyNamespaceHandler, http://www.springframework.org/schema/mvc=org.springframework.web.servlet.config.MvcNamespaceHandler, http://www.springframework.org/schema/util=org.springframework.beans.factory.xml.UtilNamespaceHandler, http://www.springframework.org/schema/jee=org.springframework.ejb.config.JeeNamespaceHandler, http://www.springframework.org/schema/aop=org.springframework.aop.config.AopNamespaceHandler, http://www.springframework.org/schema/jdbc=org.springframework.jdbc.config.JdbcNamespaceHandler, http://www.springframework.org/schema/cache=org.springframework.cache.config.CacheNamespaceHandler, http://mybatis.org/schema/mybatis-spring=org.mybatis.spring.config.NamespaceHandler, http://www.springframework.org/schema/c=org.springframework.beans.factory.xml.SimpleConstructorNamespaceHandler, http://www.springframework.org/schema/tx=org.springframework.transaction.config.TxNamespaceHandler, http://www.springframework.org/schema/task=org.springframework.scheduling.config.TaskNamespaceHandler, http://www.springframework.org/schema/lang=org.springframework.scripting.config.LangNamespaceHandler, http://www.springframework.org/schema/context=org.springframework.context.config.ContextNamespaceHandler}
[ main:8269 ] org.springframework.core.env.MutablePropertySources.addLast(MutablePropertySources.java:109) Adding [systemProperties] PropertySource with lowest search precedence
[ main:8270 ] org.springframework.core.env.MutablePropertySources.addLast(MutablePropertySources.java:109) Adding [systemEnvironment] PropertySource with lowest search precedence
[ main:8270 ] org.springframework.core.env.AbstractEnvironment.&lt;init&gt;(AbstractEnvironment.java:127) Initialized StandardEnvironment with PropertySources [systemProperties,systemEnvironment]
[ main:8271 ] org.springframework.core.io.support.PathMatchingResourcePatternResolver.findAllClassPathResources(PathMatchingResourcePatternResolver.java:317) Resolved classpath location [com/study/] to resources [URL [file:/D:/webWorkspace/LYQstudyweb/target/test-classes/com/study/], URL [file:/D:/webWorkspace/LYQstudyweb/target/classes/com/study/]]
[ main:8271 ] org.springframework.core.io.support.PathMatchingResourcePatternResolver.doFindMatchingFileSystemResources(PathMatchingResourcePatternResolver.java:711) Looking for matching resources in directory tree [D:\webWorkspace\LYQstudyweb\target\test-classes\com\study]
[ main:8272 ] org.springframework.core.io.support.PathMatchingResourcePatternResolver.doRetrieveMatchingFiles(PathMatchingResourcePatternResolver.java:773) Searching directory [D:\webWorkspace\LYQstudyweb\target\test-classes\com\study] for files matching pattern [D:/webWorkspace/LYQstudyweb/target/test-classes/com/study/**/*.class]
[ main:8273 ] org.springframework.core.io.support.PathMatchingResourcePatternResolver.doRetrieveMatchingFiles(PathMatchingResourcePatternResolver.java:773) Searching directory [D:\webWorkspace\LYQstudyweb\target\test-classes\com\study\basic] for files matching pattern [D:/webWorkspace/LYQstudyweb/target/test-classes/com/study/**/*.class]
[ main:8273 ] org.springframework.core.io.support.PathMatchingResourcePatternResolver.doRetrieveMatchingFiles(PathMatchingResourcePatternResolver.java:773) Searching directory [D:\webWorkspace\LYQstudyweb\target\test-classes\com\study\basic\dao] for files matching pattern [D:/webWorkspace/LYQstudyweb/target/test-classes/com/study/**/*.class]
[ main:8274 ] org.springframework.core.io.support.PathMatchingResourcePatternResolver.doRetrieveMatchingFiles(PathMatchingResourcePatternResolver.java:773) Searching directory [D:\webWorkspace\LYQstudyweb\target\test-classes\com\study\basic\service] for files matching pattern [D:/webWorkspace/LYQstudyweb/target/test-classes/com/study/**/*.class]
[ main:8274 ] org.springframework.core.io.support.PathMatchingResourcePatternResolver.doRetrieveMatchingFiles(PathMatchingResourcePatternResolver.java:773) Searching directory [D:\webWorkspace\LYQstudyweb\target\test-classes\com\study\charts] for files matching pattern [D:/webWorkspace/LYQstudyweb/target/test-classes/com/study/**/*.class]
[ main:8275 ] org.springframework.core.io.support.PathMatchingResourcePatternResolver.doRetrieveMatchingFiles(PathMatchingResourcePatternResolver.java:773) Searching directory [D:\webWorkspace\LYQstudyweb\target\test-classes\com\study\charts\dao] for files matching pattern [D:/webWorkspace/LYQstudyweb/target/test-classes/com/study/**/*.class]
[ main:8275 ] org.springframework.core.io.support.PathMatchingResourcePatternResolver.doRetrieveMatchingFiles(PathMatchingResourcePatternResolver.java:773) Searching directory [D:\webWorkspace\LYQstudyweb\target\test-classes\com\study\charts\service] for files matching pattern [D:/webWorkspace/LYQstudyweb/target/test-classes/com/study/**/*.class]
[ main:8276 ] org.springframework.core.io.support.PathMatchingResourcePatternResolver.doRetrieveMatchingFiles(PathMatchingResourcePatternResolver.java:773) Searching directory [D:\webWorkspace\LYQstudyweb\target\test-classes\com\study\question] for files matching pattern [D:/webWorkspace/LYQstudyweb/target/test-classes/com/study/**/*.class]
[ main:8276 ] org.springframework.core.io.support.PathMatchingResourcePatternResolver.doRetrieveMatchingFiles(PathMatchingResourcePatternResolver.java:773) Searching directory [D:\webWorkspace\LYQstudyweb\target\test-classes\com\study\question\dao] for files matching pattern [D:/webWorkspace/LYQstudyweb/target/test-classes/com/study/**/*.class]
[ main:8276 ] org.springframework.core.io.support.PathMatchingResourcePatternResolver.doRetrieveMatchingFiles(PathMatchingResourcePatternResolver.java:773) Searching directory [D:\webWorkspace\LYQstudyweb\target\test-classes\com\study\question\service] for files matching pattern [D:/webWorkspace/LYQstudyweb/target/test-classes/com/study/**/*.class]
[ main:8277 ] org.springframework.core.io.support.PathMatchingResourcePatternResolver.doRetrieveMatchingFiles(PathMatchingResourcePatternResolver.java:773) Searching directory [D:\webWorkspace\LYQstudyweb\target\test-classes\com\study\user] for files matching pattern [D:/webWorkspace/LYQstudyweb/target/test-classes/com/study/**/*.class]
[ main:8277 ] org.springframework.core.io.support.PathMatchingResourcePatternResolver.doRetrieveMatchingFiles(PathMatchingResourcePatternResolver.java:773) Searching directory [D:\webWorkspace\LYQstudyweb\target\test-classes\com\study\user\dao] for files matching pattern [D:/webWorkspace/LYQstudyweb/target/test-classes/com/study/**/*.class]
[ main:8277 ] org.springframework.core.io.support.PathMatchingResourcePatternResolver.doRetrieveMatchingFiles(PathMatchingResourcePatternResolver.java:773) Searching directory [D:\webWorkspace\LYQstudyweb\target\test-classes\com\study\user\service] for files matching pattern [D:/webWorkspace/LYQstudyweb/target/test-classes/com/study/**/*.class]
[ main:8278 ] org.springframework.core.io.support.PathMatchingResourcePatternResolver.doFindMatchingFileSystemResources(PathMatchingResourcePatternResolver.java:711) Looking for matching resources in directory tree [D:\webWorkspace\LYQstudyweb\target\classes\com\study]
[ main:8278 ] org.springframework.core.io.support.PathMatchingResourcePatternResolver.doRetrieveMatchingFiles(PathMatchingResourcePatternResolver.java:773) Searching directory [D:\webWorkspace\LYQstudyweb\target\classes\com\study] for files matching pattern [D:/webWorkspace/LYQstudyweb/target/classes/com/study/**/*.class]
[ main:8278 ] org.springframework.core.io.support.PathMatchingResourcePatternResolver.doRetrieveMatchingFiles(PathMatchingResourcePatternResolver.java:773) Searching directory [D:\webWorkspace\LYQstudyweb\target\classes\com\study\basic] for files matching pattern [D:/webWorkspace/LYQstudyweb/target/classes/com/study/**/*.class]
[ main:8279 ] org.springframework.core.io.support.PathMatchingResourcePatternResolver.doRetrieveMatchingFiles(PathMatchingResourcePatternResolver.java:773) Searching directory [D:\webWorkspace\LYQstudyweb\target\classes\com\study\basic\dao] for files matching pattern [D:/webWorkspace/LYQstudyweb/target/classes/com/study/**/*.class]
[ main:8279 ] org.springframework.core.io.support.PathMatchingResourcePatternResolver.doRetrieveMatchingFiles(PathMatchingResourcePatternResolver.java:773) Searching directory [D:\webWorkspace\LYQstudyweb\target\classes\com\study\basic\pojo] for files matching pattern [D:/webWorkspace/LYQstudyweb/target/classes/com/study/**/*.class]
[ main:8280 ] org.springframework.core.io.support.PathMatchingResourcePatternResolver.doRetrieveMatchingFiles(PathMatchingResourcePatternResolver.java:773) Searching directory [D:\webWorkspace\LYQstudyweb\target\classes\com\study\basic\service] for files matching pattern [D:/webWorkspace/LYQstudyweb/target/classes/com/study/**/*.class]
[ main:8280 ] org.springframework.core.io.support.PathMatchingResourcePatternResolver.doRetrieveMatchingFiles(PathMatchingResourcePatternResolver.java:773) Searching directory [D:\webWorkspace\LYQstudyweb\target\classes\com\study\basic\vo] for files matching pattern [D:/webWorkspace/LYQstudyweb/target/classes/com/study/**/*.class]
[ main:8281 ] org.springframework.core.io.support.PathMatchingResourcePatternResolver.doRetrieveMatchingFiles(PathMatchingResourcePatternResolver.java:773) Searching directory [D:\webWorkspace\LYQstudyweb\target\classes\com\study\basic\web] for files matching pattern [D:/webWorkspace/LYQstudyweb/target/classes/com/study/**/*.class]
[ main:8281 ] org.springframework.core.io.support.PathMatchingResourcePatternResolver.doRetrieveMatchingFiles(PathMatchingResourcePatternResolver.java:773) Searching directory [D:\webWorkspace\LYQstudyweb\target\classes\com\study\charts] for files matching pattern [D:/webWorkspace/LYQstudyweb/target/classes/com/study/**/*.class]
[ main:8282 ] org.springframework.core.io.support.PathMatchingResourcePatternResolver.doRetrieveMatchingFiles(PathMatchingResourcePatternResolver.java:773) Searching directory [D:\webWorkspace\LYQstudyweb\target\classes\com\study\charts\dao] for files matching pattern [D:/webWorkspace/LYQstudyweb/target/classes/com/study/**/*.class]
[ main:8282 ] org.springframework.core.io.support.PathMatchingResourcePatternResolver.doRetrieveMatchingFiles(PathMatchingResourcePatternResolver.java:773) Searching directory [D:\webWorkspace\LYQstudyweb\target\classes\com\study\charts\pojo] for files matching pattern [D:/webWorkspace/LYQstudyweb/target/classes/com/study/**/*.class]
[ main:8283 ] org.springframework.core.io.support.PathMatchingResourcePatternResolver.doRetrieveMatchingFiles(PathMatchingResourcePatternResolver.java:773) Searching directory [D:\webWorkspace\LYQstudyweb\target\classes\com\study\charts\service] for files matching pattern [D:/webWorkspace/LYQstudyweb/target/classes/com/study/**/*.class]
[ main:8284 ] org.springframework.core.io.support.PathMatchingResourcePatternResolver.doRetrieveMatchingFiles(PathMatchingResourcePatternResolver.java:773) Searching directory [D:\webWorkspace\LYQstudyweb\target\classes\com\study\charts\web] for files matching pattern [D:/webWorkspace/LYQstudyweb/target/classes/com/study/**/*.class]
[ main:8284 ] org.springframework.core.io.support.PathMatchingResourcePatternResolver.doRetrieveMatchingFiles(PathMatchingResourcePatternResolver.java:773) Searching directory [D:\webWorkspace\LYQstudyweb\target\classes\com\study\common] for files matching pattern [D:/webWorkspace/LYQstudyweb/target/classes/com/study/**/*.class]
[ main:8284 ] org.springframework.core.io.support.PathMatchingResourcePatternResolver.doRetrieveMatchingFiles(PathMatchingResourcePatternResolver.java:773) Searching directory [D:\webWorkspace\LYQstudyweb\target\classes\com\study\common\page] for files matching pattern [D:/webWorkspace/LYQstudyweb/target/classes/com/study/**/*.class]
[ main:8285 ] org.springframework.core.io.support.PathMatchingResourcePatternResolver.doRetrieveMatchingFiles(PathMatchingResourcePatternResolver.java:773) Searching directory [D:\webWorkspace\LYQstudyweb\target\classes\com\study\common\util] for files matching pattern [D:/webWorkspace/LYQstudyweb/target/classes/com/study/**/*.class]
[ main:8285 ] org.springframework.core.io.support.PathMatchingResourcePatternResolver.doRetrieveMatchingFiles(PathMatchingResourcePatternResolver.java:773) Searching directory [D:\webWorkspace\LYQstudyweb\target\classes\com\study\question] for files matching pattern [D:/webWorkspace/LYQstudyweb/target/classes/com/study/**/*.class]
[ main:8285 ] org.springframework.core.io.support.PathMatchingResourcePatternResolver.doRetrieveMatchingFiles(PathMatchingResourcePatternResolver.java:773) Searching directory [D:\webWorkspace\LYQstudyweb\target\classes\com\study\question\dao] for files matching pattern [D:/webWorkspace/LYQstudyweb/target/classes/com/study/**/*.class]
[ main:8286 ] org.springframework.core.io.support.PathMatchingResourcePatternResolver.doRetrieveMatchingFiles(PathMatchingResourcePatternResolver.java:773) Searching directory [D:\webWorkspace\LYQstudyweb\target\classes\com\study\question\pojo] for files matching pattern [D:/webWorkspace/LYQstudyweb/target/classes/com/study/**/*.class]
[ main:8286 ] org.springframework.core.io.support.PathMatchingResourcePatternResolver.doRetrieveMatchingFiles(PathMatchingResourcePatternResolver.java:773) Searching directory [D:\webWorkspace\LYQstudyweb\target\classes\com\study\question\service] for files matching pattern [D:/webWorkspace/LYQstudyweb/target/classes/com/study/**/*.class]
[ main:8287 ] org.springframework.core.io.support.PathMatchingResourcePatternResolver.doRetrieveMatchingFiles(PathMatchingResourcePatternResolver.java:773) Searching directory [D:\webWorkspace\LYQstudyweb\target\classes\com\study\question\web] for files matching pattern [D:/webWorkspace/LYQstudyweb/target/classes/com/study/**/*.class]
[ main:8287 ] org.springframework.core.io.support.PathMatchingResourcePatternResolver.doRetrieveMatchingFiles(PathMatchingResourcePatternResolver.java:773) Searching directory [D:\webWorkspace\LYQstudyweb\target\classes\com\study\user] for files matching pattern [D:/webWorkspace/LYQstudyweb/target/classes/com/study/**/*.class]
[ main:8287 ] org.springframework.core.io.support.PathMatchingResourcePatternResolver.doRetrieveMatchingFiles(PathMatchingResourcePatternResolver.java:773) Searching directory [D:\webWorkspace\LYQstudyweb\target\classes\com\study\user\dao] for files matching pattern [D:/webWorkspace/LYQstudyweb/target/classes/com/study/**/*.class]
[ main:8288 ] org.springframework.core.io.support.PathMatchingResourcePatternResolver.doRetrieveMatchingFiles(PathMatchingResourcePatternResolver.java:773) Searching directory [D:\webWorkspace\LYQstudyweb\target\classes\com\study\user\pojo] for files matching pattern [D:/webWorkspace/LYQstudyweb/target/classes/com/study/**/*.class]
[ main:8288 ] org.springframework.core.io.support.PathMatchingResourcePatternResolver.doRetrieveMatchingFiles(PathMatchingResourcePatternResolver.java:773) Searching directory [D:\webWorkspace\LYQstudyweb\target\classes\com\study\user\service] for files matching pattern [D:/webWorkspace/LYQstudyweb/target/classes/com/study/**/*.class]
[ main:8288 ] org.springframework.core.io.support.PathMatchingResourcePatternResolver.doRetrieveMatchingFiles(PathMatchingResourcePatternResolver.java:773) Searching directory [D:\webWorkspace\LYQstudyweb\target\classes\com\study\user\web] for files matching pattern [D:/webWorkspace/LYQstudyweb/target/classes/com/study/**/*.class]
[ main:8289 ] org.springframework.core.io.support.PathMatchingResourcePatternResolver.findPathMatchingResources(PathMatchingResourcePatternResolver.java:483) Resolved location pattern [classpath*:com/study/**/*.class] to resources [file [D:\webWorkspace\LYQstudyweb\target\test-classes\com\study\basic\dao\ClsRoomMapperTest.class], file [D:\webWorkspace\LYQstudyweb\target\test-classes\com\study\basic\dao\UserInfoMapperTest.class], file [D:\webWorkspace\LYQstudyweb\target\test-classes\com\study\basic\service\BasicServiceTest.class], file [D:\webWorkspace\LYQstudyweb\target\test-classes\com\study\user\dao\RoleMapperTest.class], file [D:\webWorkspace\LYQstudyweb\target\test-classes\com\study\user\dao\RoleRightsMapperTest.class], file [D:\webWorkspace\LYQstudyweb\target\test-classes\com\study\user\dao\TeacherMapperTest.class], file [D:\webWorkspace\LYQstudyweb\target\test-classes\com\study\user\service\UserServiceImplTest.class], file [D:\webWorkspace\LYQstudyweb\target\classes\com\study\basic\dao\ClsMapper.class], file [D:\webWorkspace\LYQstudyweb\target\classes\com\study\basic\dao\ClsRoomMapper.class], file [D:\webWorkspace\LYQstudyweb\target\classes\com\study\basic\dao\UserInfoMapper.class], file [D:\webWorkspace\LYQstudyweb\target\classes\com\study\basic\pojo\Cls.class], file [D:\webWorkspace\LYQstudyweb\target\classes\com\study\basic\pojo\ClsRoom.class], file [D:\webWorkspace\LYQstudyweb\target\classes\com\study\basic\pojo\UserInfo.class], file [D:\webWorkspace\LYQstudyweb\target\classes\com\study\basic\service\BasicServiceImpl.class], file [D:\webWorkspace\LYQstudyweb\target\classes\com\study\basic\service\IBasicService.class], file [D:\webWorkspace\LYQstudyweb\target\classes\com\study\basic\vo\UserVO.class], file [D:\webWorkspace\LYQstudyweb\target\classes\com\study\basic\web\ClsController.class], file [D:\webWorkspace\LYQstudyweb\target\classes\com\study\basic\web\ClsRoomController.class], file [D:\webWorkspace\LYQstudyweb\target\classes\com\study\basic\web\UserInfoController.class], file [D:\webWorkspace\LYQstudyweb\target\classes\com\study\charts\dao\VoteHistoryMapper.class], file [D:\webWorkspace\LYQstudyweb\target\classes\com\study\charts\pojo\VoteHistory.class], file [D:\webWorkspace\LYQstudyweb\target\classes\com\study\common\page\PageInfo.class], file [D:\webWorkspace\LYQstudyweb\target\classes\com\study\common\page\PageInterceptor.class], file [D:\webWorkspace\LYQstudyweb\target\classes\com\study\common\page\PageTools.class], file [D:\webWorkspace\LYQstudyweb\target\classes\com\study\common\util\MD5.class], file [D:\webWorkspace\LYQstudyweb\target\classes\com\study\question\dao\AnswerMapper.class], file [D:\webWorkspace\LYQstudyweb\target\classes\com\study\question\dao\QuestionMapper.class], file [D:\webWorkspace\LYQstudyweb\target\classes\com\study\question\dao\QuestionTypeMapper.class], file [D:\webWorkspace\LYQstudyweb\target\classes\com\study\question\pojo\Answer.class], file [D:\webWorkspace\LYQstudyweb\target\classes\com\study\question\pojo\Question.class], file [D:\webWorkspace\LYQstudyweb\target\classes\com\study\question\pojo\QuestionType.class], file [D:\webWorkspace\LYQstudyweb\target\classes\com\study\user\dao\RightsMapper.class], file [D:\webWorkspace\LYQstudyweb\target\classes\com\study\user\dao\RoleMapper.class], file [D:\webWorkspace\LYQstudyweb\target\classes\com\study\user\dao\RoleRightsMapper.class], file [D:\webWorkspace\LYQstudyweb\target\classes\com\study\user\dao\TeacherMapper.class], file [D:\webWorkspace\LYQstudyweb\target\classes\com\study\user\pojo\Rights.class], file [D:\webWorkspace\LYQstudyweb\target\classes\com\study\user\pojo\Role.class], file [D:\webWorkspace\LYQstudyweb\target\classes\com\study\user\pojo\RoleRightsKey.class], file [D:\webWorkspace\LYQstudyweb\target\classes\com\study\user\pojo\Teacher.class], file [D:\webWorkspace\LYQstudyweb\target\classes\com\study\user\service\IUserService.class], file [D:\webWorkspace\LYQstudyweb\target\classes\com\study\user\service\UserServiceImpl.class], file [D:\webWorkspace\LYQstudyweb\target\classes\com\study\user\web\UserController.class]]
[ main:8290 ] org.springframework.context.annotation.ClassPathScanningCandidateComponentProvider.findCandidateComponents(ClassPathScanningCandidateComponentProvider.java:275) Scanning file [D:\webWorkspace\LYQstudyweb\target\test-classes\com\study\basic\dao\ClsRoomMapperTest.class]
[ main:8330 ] org.springframework.context.annotation.ClassPathScanningCandidateComponentProvider.findCandidateComponents(ClassPathScanningCandidateComponentProvider.java:298) Ignored because not matching any filter: file [D:\webWorkspace\LYQstudyweb\target\test-classes\com\study\basic\dao\ClsRoomMapperTest.class]
[ main:8330 ] org.springframework.context.annotation.ClassPathScanningCandidateComponentProvider.findCandidateComponents(ClassPathScanningCandidateComponentProvider.java:275) Scanning file [D:\webWorkspace\LYQstudyweb\target\test-classes\com\study\basic\dao\UserInfoMapperTest.class]
[ main:8353 ] org.springframework.context.annotation.ClassPathScanningCandidateComponentProvider.findCandidateComponents(ClassPathScanningCandidateComponentProvider.java:298) Ignored because not matching any filter: file [D:\webWorkspace\LYQstudyweb\target\test-classes\com\study\basic\dao\UserInfoMapperTest.class]
[ main:8354 ] org.springframework.context.annotation.ClassPathScanningCandidateComponentProvider.findCandidateComponents(ClassPathScanningCandidateComponentProvider.java:275) Scanning file [D:\webWorkspace\LYQstudyweb\target\test-classes\com\study\basic\service\BasicServiceTest.class]
[ main:8361 ] org.springframework.context.annotation.ClassPathScanningCandidateComponentProvider.findCandidateComponents(ClassPathScanningCandidateComponentProvider.java:298) Ignored because not matching any filter: file [D:\webWorkspace\LYQstudyweb\target\test-classes\com\study\basic\service\BasicServiceTest.class]
[ main:8362 ] org.springframework.context.annotation.ClassPathScanningCandidateComponentProvider.findCandidateComponents(ClassPathScanningCandidateComponentProvider.java:275) Scanning file [D:\webWorkspace\LYQstudyweb\target\test-classes\com\study\user\dao\RoleMapperTest.class]
[ main:8363 ] org.springframework.context.annotation.ClassPathScanningCandidateComponentProvider.findCandidateComponents(ClassPathScanningCandidateComponentProvider.java:298) Ignored because not matching any filter: file [D:\webWorkspace\LYQstudyweb\target\test-classes\com\study\user\dao\RoleMapperTest.class]
[ main:8364 ] org.springframework.context.annotation.ClassPathScanningCandidateComponentProvider.findCandidateComponents(ClassPathScanningCandidateComponentProvider.java:275) Scanning file [D:\webWorkspace\LYQstudyweb\target\test-classes\com\study\user\dao\RoleRightsMapperTest.class]
[ main:8381 ] org.springframework.context.annotation.ClassPathScanningCandidateComponentProvider.findCandidateComponents(ClassPathScanningCandidateComponentProvider.java:298) Ignored because not matching any filter: file [D:\webWorkspace\LYQstudyweb\target\test-classes\com\study\user\dao\RoleRightsMapperTest.class]
[ main:8381 ] org.springframework.context.annotation.ClassPathScanningCandidateComponentProvider.findCandidateComponents(ClassPathScanningCandidateComponentProvider.java:275) Scanning file [D:\webWorkspace\LYQstudyweb\target\test-classes\com\study\user\dao\TeacherMapperTest.class]
[ main:8383 ] org.springframework.context.annotation.ClassPathScanningCandidateComponentProvider.findCandidateComponents(ClassPathScanningCandidateComponentProvider.java:298) Ignored because not matching any filter: file [D:\webWorkspace\LYQstudyweb\target\test-classes\com\study\user\dao\TeacherMapperTest.class]
[ main:8383 ] org.springframework.context.annotation.ClassPathScanningCandidateComponentProvider.findCandidateComponents(ClassPathScanningCandidateComponentProvider.java:275) Scanning file [D:\webWorkspace\LYQstudyweb\target\test-classes\com\study\user\service\UserServiceImplTest.class]
[ main:8384 ] org.springframework.context.annotation.ClassPathScanningCandidateComponentProvider.findCandidateComponents(ClassPathScanningCandidateComponentProvider.java:298) Ignored because not matching any filter: file [D:\webWorkspace\LYQstudyweb\target\test-classes\com\study\user\service\UserServiceImplTest.class]
[ main:8385 ] org.springframework.context.annotation.ClassPathScanningCandidateComponentProvider.findCandidateComponents(ClassPathScanningCandidateComponentProvider.java:275) Scanning file [D:\webWorkspace\LYQstudyweb\target\classes\com\study\basic\dao\ClsMapper.class]
[ main:8385 ] org.springframework.context.annotation.ClassPathScanningCandidateComponentProvider.findCandidateComponents(ClassPathScanningCandidateComponentProvider.java:298) Ignored because not matching any filter: file [D:\webWorkspace\LYQstudyweb\target\classes\com\study\basic\dao\ClsMapper.class]
[ main:8385 ] org.springframework.context.annotation.ClassPathScanningCandidateComponentProvider.findCandidateComponents(ClassPathScanningCandidateComponentProvider.java:275) Scanning file [D:\webWorkspace\LYQstudyweb\target\classes\com\study\basic\dao\ClsRoomMapper.class]
[ main:8386 ] org.springframework.context.annotation.ClassPathScanningCandidateComponentProvider.findCandidateComponents(ClassPathScanningCandidateComponentProvider.java:298) Ignored because not matching any filter: file [D:\webWorkspace\LYQstudyweb\target\classes\com\study\basic\dao\ClsRoomMapper.class]
[ main:8386 ] org.springframework.context.annotation.ClassPathScanningCandidateComponentProvider.findCandidateComponents(ClassPathScanningCandidateComponentProvider.java:275) Scanning file [D:\webWorkspace\LYQstudyweb\target\classes\com\study\basic\dao\UserInfoMapper.class]
[ main:8386 ] org.springframework.context.annotation.ClassPathScanningCandidateComponentProvider.findCandidateComponents(ClassPathScanningCandidateComponentProvider.java:298) Ignored because not matching any filter: file [D:\webWorkspace\LYQstudyweb\target\classes\com\study\basic\dao\UserInfoMapper.class]
[ main:8387 ] org.springframework.context.annotation.ClassPathScanningCandidateComponentProvider.findCandidateComponents(ClassPathScanningCandidateComponentProvider.java:275) Scanning file [D:\webWorkspace\LYQstudyweb\target\classes\com\study\basic\pojo\Cls.class]
[ main:8387 ] org.springframework.context.annotation.ClassPathScanningCandidateComponentProvider.findCandidateComponents(ClassPathScanningCandidateComponentProvider.java:298) Ignored because not matching any filter: file [D:\webWorkspace\LYQstudyweb\target\classes\com\study\basic\pojo\Cls.class]
[ main:8387 ] org.springframework.context.annotation.ClassPathScanningCandidateComponentProvider.findCandidateComponents(ClassPathScanningCandidateComponentProvider.java:275) Scanning file [D:\webWorkspace\LYQstudyweb\target\classes\com\study\basic\pojo\ClsRoom.class]
[ main:8421 ] org.springframework.context.annotation.ClassPathScanningCandidateComponentProvider.findCandidateComponents(ClassPathScanningCandidateComponentProvider.java:298) Ignored because not matching any filter: file [D:\webWorkspace\LYQstudyweb\target\classes\com\study\basic\pojo\ClsRoom.class]
[ main:8421 ] org.springframework.context.annotation.ClassPathScanningCandidateComponentProvider.findCandidateComponents(ClassPathScanningCandidateComponentProvider.java:275) Scanning file [D:\webWorkspace\LYQstudyweb\target\classes\com\study\basic\pojo\UserInfo.class]
[ main:8433 ] org.springframework.context.annotation.ClassPathScanningCandidateComponentProvider.findCandidateComponents(ClassPathScanningCandidateComponentProvider.java:298) Ignored because not matching any filter: file [D:\webWorkspace\LYQstudyweb\target\classes\com\study\basic\pojo\UserInfo.class]
[ main:8433 ] org.springframework.context.annotation.ClassPathScanningCandidateComponentProvider.findCandidateComponents(ClassPathScanningCandidateComponentProvider.java:275) Scanning file [D:\webWorkspace\LYQstudyweb\target\classes\com\study\basic\service\BasicServiceImpl.class]
[ main:8445 ] org.springframework.context.annotation.ClassPathScanningCandidateComponentProvider.findCandidateComponents(ClassPathScanningCandidateComponentProvider.java:286) Identified candidate component class: file [D:\webWorkspace\LYQstudyweb\target\classes\com\study\basic\service\BasicServiceImpl.class]
[ main:8445 ] org.springframework.context.annotation.ClassPathScanningCandidateComponentProvider.findCandidateComponents(ClassPathScanningCandidateComponentProvider.java:275) Scanning file [D:\webWorkspace\LYQstudyweb\target\classes\com\study\basic\service\IBasicService.class]
[ main:8454 ] org.springframework.context.annotation.ClassPathScanningCandidateComponentProvider.findCandidateComponents(ClassPathScanningCandidateComponentProvider.java:298) Ignored because not matching any filter: file [D:\webWorkspace\LYQstudyweb\target\classes\com\study\basic\service\IBasicService.class]
[ main:8455 ] org.springframework.context.annotation.ClassPathScanningCandidateComponentProvider.findCandidateComponents(ClassPathScanningCandidateComponentProvider.java:275) Scanning file [D:\webWorkspace\LYQstudyweb\target\classes\com\study\basic\vo\UserVO.class]
[ main:8463 ] org.springframework.context.annotation.ClassPathScanningCandidateComponentProvider.findCandidateComponents(ClassPathScanningCandidateComponentProvider.java:298) Ignored because not matching any filter: file [D:\webWorkspace\LYQstudyweb\target\classes\com\study\basic\vo\UserVO.class]
[ main:8463 ] org.springframework.context.annotation.ClassPathScanningCandidateComponentProvider.findCandidateComponents(ClassPathScanningCandidateComponentProvider.java:275) Scanning file [D:\webWorkspace\LYQstudyweb\target\classes\com\study\basic\web\ClsController.class]
[ main:8465 ] org.springframework.context.annotation.ClassPathScanningCandidateComponentProvider.findCandidateComponents(ClassPathScanningCandidateComponentProvider.java:286) Identified candidate component class: file [D:\webWorkspace\LYQstudyweb\target\classes\com\study\basic\web\ClsController.class]
[ main:8465 ] org.springframework.context.annotation.ClassPathScanningCandidateComponentProvider.findCandidateComponents(ClassPathScanningCandidateComponentProvider.java:275) Scanning file [D:\webWorkspace\LYQstudyweb\target\classes\com\study\basic\web\ClsRoomController.class]
[ main:8476 ] org.springframework.context.annotation.ClassPathScanningCandidateComponentProvider.findCandidateComponents(ClassPathScanningCandidateComponentProvider.java:286) Identified candidate component class: file [D:\webWorkspace\LYQstudyweb\target\classes\com\study\basic\web\ClsRoomController.class]
[ main:8476 ] org.springframework.context.annotation.ClassPathScanningCandidateComponentProvider.findCandidateComponents(ClassPathScanningCandidateComponentProvider.java:275) Scanning file [D:\webWorkspace\LYQstudyweb\target\classes\com\study\basic\web\UserInfoController.class]
[ main:8477 ] org.springframework.context.annotation.ClassPathScanningCandidateComponentProvider.findCandidateComponents(ClassPathScanningCandidateComponentProvider.java:286) Identified candidate component class: file [D:\webWorkspace\LYQstudyweb\target\classes\com\study\basic\web\UserInfoController.class]
[ main:8478 ] org.springframework.context.annotation.ClassPathScanningCandidateComponentProvider.findCandidateComponents(ClassPathScanningCandidateComponentProvider.java:275) Scanning file [D:\webWorkspace\LYQstudyweb\target\classes\com\study\charts\dao\VoteHistoryMapper.class]
[ main:8478 ] org.springframework.context.annotation.ClassPathScanningCandidateComponentProvider.findCandidateComponents(ClassPathScanningCandidateComponentProvider.java:298) Ignored because not matching any filter: file [D:\webWorkspace\LYQstudyweb\target\classes\com\study\charts\dao\VoteHistoryMapper.class]
[ main:8478 ] org.springframework.context.annotation.ClassPathScanningCandidateComponentProvider.findCandidateComponents(ClassPathScanningCandidateComponentProvider.java:275) Scanning file [D:\webWorkspace\LYQstudyweb\target\classes\com\study\charts\pojo\VoteHistory.class]
[ main:8487 ] org.springframework.context.annotation.ClassPathScanningCandidateComponentProvider.findCandidateComponents(ClassPathScanningCandidateComponentProvider.java:298) Ignored because not matching any filter: file [D:\webWorkspace\LYQstudyweb\target\classes\com\study\charts\pojo\VoteHistory.class]
[ main:8487 ] org.springframework.context.annotation.ClassPathScanningCandidateComponentProvider.findCandidateComponents(ClassPathScanningCandidateComponentProvider.java:275) Scanning file [D:\webWorkspace\LYQstudyweb\target\classes\com\study\common\page\PageInfo.class]
[ main:8498 ] org.springframework.context.annotation.ClassPathScanningCandidateComponentProvider.findCandidateComponents(ClassPathScanningCandidateComponentProvider.java:298) Ignored because not matching any filter: file [D:\webWorkspace\LYQstudyweb\target\classes\com\study\common\page\PageInfo.class]
[ main:8498 ] org.springframework.context.annotation.ClassPathScanningCandidateComponentProvider.findCandidateComponents(ClassPathScanningCandidateComponentProvider.java:275) Scanning file [D:\webWorkspace\LYQstudyweb\target\classes\com\study\common\page\PageInterceptor.class]
[ main:8537 ] org.springframework.context.annotation.ClassPathScanningCandidateComponentProvider.findCandidateComponents(ClassPathScanningCandidateComponentProvider.java:298) Ignored because not matching any filter: file [D:\webWorkspace\LYQstudyweb\target\classes\com\study\common\page\PageInterceptor.class]
[ main:8537 ] org.springframework.context.annotation.ClassPathScanningCandidateComponentProvider.findCandidateComponents(ClassPathScanningCandidateComponentProvider.java:275) Scanning file [D:\webWorkspace\LYQstudyweb\target\classes\com\study\common\page\PageTools.class]
[ main:8543 ] org.springframework.context.annotation.ClassPathScanningCandidateComponentProvider.findCandidateComponents(ClassPathScanningCandidateComponentProvider.java:298) Ignored because not matching any filter: file [D:\webWorkspace\LYQstudyweb\target\classes\com\study\common\page\PageTools.class]
[ main:8544 ] org.springframework.context.annotation.ClassPathScanningCandidateComponentProvider.findCandidateComponents(ClassPathScanningCandidateComponentProvider.java:275) Scanning file [D:\webWorkspace\LYQstudyweb\target\classes\com\study\common\util\MD5.class]
[ main:8552 ] org.springframework.context.annotation.ClassPathScanningCandidateComponentProvider.findCandidateComponents(ClassPathScanningCandidateComponentProvider.java:298) Ignored because not matching any filter: file [D:\webWorkspace\LYQstudyweb\target\classes\com\study\common\util\MD5.class]
[ main:8553 ] org.springframework.context.annotation.ClassPathScanningCandidateComponentProvider.findCandidateComponents(ClassPathScanningCandidateComponentProvider.java:275) Scanning file [D:\webWorkspace\LYQstudyweb\target\classes\com\study\question\dao\AnswerMapper.class]
[ main:8553 ] org.springframework.context.annotation.ClassPathScanningCandidateComponentProvider.findCandidateComponents(ClassPathScanningCandidateComponentProvider.java:298) Ignored because not matching any filter: file [D:\webWorkspace\LYQstudyweb\target\classes\com\study\question\dao\AnswerMapper.class]
[ main:8553 ] org.springframework.context.annotation.ClassPathScanningCandidateComponentProvider.findCandidateComponents(ClassPathScanningCandidateComponentProvider.java:275) Scanning file [D:\webWorkspace\LYQstudyweb\target\classes\com\study\question\dao\QuestionMapper.class]
[ main:8554 ] org.springframework.context.annotation.ClassPathScanningCandidateComponentProvider.findCandidateComponents(ClassPathScanningCandidateComponentProvider.java:298) Ignored because not matching any filter: file [D:\webWorkspace\LYQstudyweb\target\classes\com\study\question\dao\QuestionMapper.class]
[ main:8554 ] org.springframework.context.annotation.ClassPathScanningCandidateComponentProvider.findCandidateComponents(ClassPathScanningCandidateComponentProvider.java:275) Scanning file [D:\webWorkspace\LYQstudyweb\target\classes\com\study\question\dao\QuestionTypeMapper.class]
[ main:8554 ] org.springframework.context.annotation.ClassPathScanningCandidateComponentProvider.findCandidateComponents(ClassPathScanningCandidateComponentProvider.java:298) Ignored because not matching any filter: file [D:\webWorkspace\LYQstudyweb\target\classes\com\study\question\dao\QuestionTypeMapper.class]
[ main:8555 ] org.springframework.context.annotation.ClassPathScanningCandidateComponentProvider.findCandidateComponents(ClassPathScanningCandidateComponentProvider.java:275) Scanning file [D:\webWorkspace\LYQstudyweb\target\classes\com\study\question\pojo\Answer.class]
[ main:8555 ] org.springframework.context.annotation.ClassPathScanningCandidateComponentProvider.findCandidateComponents(ClassPathScanningCandidateComponentProvider.java:298) Ignored because not matching any filter: file [D:\webWorkspace\LYQstudyweb\target\classes\com\study\question\pojo\Answer.class]
[ main:8555 ] org.springframework.context.annotation.ClassPathScanningCandidateComponentProvider.findCandidateComponents(ClassPathScanningCandidateComponentProvider.java:275) Scanning file [D:\webWorkspace\LYQstudyweb\target\classes\com\study\question\pojo\Question.class]
[ main:8557 ] org.springframework.context.annotation.ClassPathScanningCandidateComponentProvider.findCandidateComponents(ClassPathScanningCandidateComponentProvider.java:298) Ignored because not matching any filter: file [D:\webWorkspace\LYQstudyweb\target\classes\com\study\question\pojo\Question.class]
[ main:8557 ] org.springframework.context.annotation.ClassPathScanningCandidateComponentProvider.findCandidateComponents(ClassPathScanningCandidateComponentProvider.java:275) Scanning file [D:\webWorkspace\LYQstudyweb\target\classes\com\study\question\pojo\QuestionType.class]
[ main:8557 ] org.springframework.context.annotation.ClassPathScanningCandidateComponentProvider.findCandidateComponents(ClassPathScanningCandidateComponentProvider.java:298) Ignored because not matching any filter: file [D:\webWorkspace\LYQstudyweb\target\classes\com\study\question\pojo\QuestionType.class]
[ main:8558 ] org.springframework.context.annotation.ClassPathScanningCandidateComponentProvider.findCandidateComponents(ClassPathScanningCandidateComponentProvider.java:275) Scanning file [D:\webWorkspace\LYQstudyweb\target\classes\com\study\user\dao\RightsMapper.class]
[ main:8558 ] org.springframework.context.annotation.ClassPathScanningCandidateComponentProvider.findCandidateComponents(ClassPathScanningCandidateComponentProvider.java:298) Ignored because not matching any filter: file [D:\webWorkspace\LYQstudyweb\target\classes\com\study\user\dao\RightsMapper.class]
[ main:8558 ] org.springframework.context.annotation.ClassPathScanningCandidateComponentProvider.findCandidateComponents(ClassPathScanningCandidateComponentProvider.java:275) Scanning file [D:\webWorkspace\LYQstudyweb\target\classes\com\study\user\dao\RoleMapper.class]
[ main:8558 ] org.springframework.context.annotation.ClassPathScanningCandidateComponentProvider.findCandidateComponents(ClassPathScanningCandidateComponentProvider.java:298) Ignored because not matching any filter: file [D:\webWorkspace\LYQstudyweb\target\classes\com\study\user\dao\RoleMapper.class]
[ main:8559 ] org.springframework.context.annotation.ClassPathScanningCandidateComponentProvider.findCandidateComponents(ClassPathScanningCandidateComponentProvider.java:275) Scanning file [D:\webWorkspace\LYQstudyweb\target\classes\com\study\user\dao\RoleRightsMapper.class]
[ main:8559 ] org.springframework.context.annotation.ClassPathScanningCandidateComponentProvider.findCandidateComponents(ClassPathScanningCandidateComponentProvider.java:298) Ignored because not matching any filter: file [D:\webWorkspace\LYQstudyweb\target\classes\com\study\user\dao\RoleRightsMapper.class]
[ main:8559 ] org.springframework.context.annotation.ClassPathScanningCandidateComponentProvider.findCandidateComponents(ClassPathScanningCandidateComponentProvider.java:275) Scanning file [D:\webWorkspace\LYQstudyweb\target\classes\com\study\user\dao\TeacherMapper.class]
[ main:8568 ] org.springframework.context.annotation.ClassPathScanningCandidateComponentProvider.findCandidateComponents(ClassPathScanningCandidateComponentProvider.java:298) Ignored because not matching any filter: file [D:\webWorkspace\LYQstudyweb\target\classes\com\study\user\dao\TeacherMapper.class]
[ main:8569 ] org.springframework.context.annotation.ClassPathScanningCandidateComponentProvider.findCandidateComponents(ClassPathScanningCandidateComponentProvider.java:275) Scanning file [D:\webWorkspace\LYQstudyweb\target\classes\com\study\user\pojo\Rights.class]
[ main:8579 ] org.springframework.context.annotation.ClassPathScanningCandidateComponentProvider.findCandidateComponents(ClassPathScanningCandidateComponentProvider.java:298) Ignored because not matching any filter: file [D:\webWorkspace\LYQstudyweb\target\classes\com\study\user\pojo\Rights.class]
[ main:8579 ] org.springframework.context.annotation.ClassPathScanningCandidateComponentProvider.findCandidateComponents(ClassPathScanningCandidateComponentProvider.java:275) Scanning file [D:\webWorkspace\LYQstudyweb\target\classes\com\study\user\pojo\Role.class]
[ main:8586 ] org.springframework.context.annotation.ClassPathScanningCandidateComponentProvider.findCandidateComponents(ClassPathScanningCandidateComponentProvider.java:298) Ignored because not matching any filter: file [D:\webWorkspace\LYQstudyweb\target\classes\com\study\user\pojo\Role.class]
[ main:8586 ] org.springframework.context.annotation.ClassPathScanningCandidateComponentProvider.findCandidateComponents(ClassPathScanningCandidateComponentProvider.java:275) Scanning file [D:\webWorkspace\LYQstudyweb\target\classes\com\study\user\pojo\RoleRightsKey.class]
[ main:8587 ] org.springframework.context.annotation.ClassPathScanningCandidateComponentProvider.findCandidateComponents(ClassPathScanningCandidateComponentProvider.java:298) Ignored because not matching any filter: file [D:\webWorkspace\LYQstudyweb\target\classes\com\study\user\pojo\RoleRightsKey.class]
[ main:8588 ] org.springframework.context.annotation.ClassPathScanningCandidateComponentProvider.findCandidateComponents(ClassPathScanningCandidateComponentProvider.java:275) Scanning file [D:\webWorkspace\LYQstudyweb\target\classes\com\study\user\pojo\Teacher.class]
[ main:8589 ] org.springframework.context.annotation.ClassPathScanningCandidateComponentProvider.findCandidateComponents(ClassPathScanningCandidateComponentProvider.java:298) Ignored because not matching any filter: file [D:\webWorkspace\LYQstudyweb\target\classes\com\study\user\pojo\Teacher.class]
[ main:8589 ] org.springframework.context.annotation.ClassPathScanningCandidateComponentProvider.findCandidateComponents(ClassPathScanningCandidateComponentProvider.java:275) Scanning file [D:\webWorkspace\LYQstudyweb\target\classes\com\study\user\service\IUserService.class]
[ main:8592 ] org.springframework.context.annotation.ClassPathScanningCandidateComponentProvider.findCandidateComponents(ClassPathScanningCandidateComponentProvider.java:298) Ignored because not matching any filter: file [D:\webWorkspace\LYQstudyweb\target\classes\com\study\user\service\IUserService.class]
[ main:8592 ] org.springframework.context.annotation.ClassPathScanningCandidateComponentProvider.findCandidateComponents(ClassPathScanningCandidateComponentProvider.java:275) Scanning file [D:\webWorkspace\LYQstudyweb\target\classes\com\study\user\service\UserServiceImpl.class]
[ main:8597 ] org.springframework.context.annotation.ClassPathScanningCandidateComponentProvider.findCandidateComponents(ClassPathScanningCandidateComponentProvider.java:286) Identified candidate component class: file [D:\webWorkspace\LYQstudyweb\target\classes\com\study\user\service\UserServiceImpl.class]
[ main:8598 ] org.springframework.context.annotation.ClassPathScanningCandidateComponentProvider.findCandidateComponents(ClassPathScanningCandidateComponentProvider.java:275) Scanning file [D:\webWorkspace\LYQstudyweb\target\classes\com\study\user\web\UserController.class]
[ main:8599 ] org.springframework.context.annotation.ClassPathScanningCandidateComponentProvider.findCandidateComponents(ClassPathScanningCandidateComponentProvider.java:286) Identified candidate component class: file [D:\webWorkspace\LYQstudyweb\target\classes\com\study\user\web\UserController.class]
[ main:8602 ] org.springframework.beans.factory.xml.BeanDefinitionParserDelegate.parseBeanDefinitionElement(BeanDefinitionParserDelegate.java:481) Neither XML &apos;id&apos; nor &apos;name&apos; specified - using generated bean name [org.springframework.web.servlet.view.InternalResourceViewResolver#0]
[ main:8603 ] org.springframework.beans.factory.xml.BeanDefinitionParserDelegate.parseBeanDefinitionElement(BeanDefinitionParserDelegate.java:481) Neither XML &apos;id&apos; nor &apos;name&apos; specified - using generated bean name [org.mybatis.spring.mapper.MapperScannerConfigurer#0]
[ main:8603 ] org.springframework.beans.factory.support.AbstractBeanDefinitionReader.loadBeanDefinitions(AbstractBeanDefinitionReader.java:224) Loaded 47 bean definitions from location pattern [springmvc.xml]
[ main:8603 ] org.springframework.context.support.AbstractApplicationContext.obtainFreshBeanFactory(AbstractApplicationContext.java:615) Bean factory for org.springframework.context.support.ClassPathXmlApplicationContext@17f9344b: org.springframework.beans.factory.support.DefaultListableBeanFactory@3e681bc: defining beans [basicServiceImpl,clsController,clsRoomController,userInfoController,userServiceImpl,userController,org.springframework.context.annotation.internalConfigurationAnnotationProcessor,org.springframework.context.annotation.internalAutowiredAnnotationProcessor,org.springframework.context.annotation.internalRequiredAnnotationProcessor,org.springframework.context.annotation.internalCommonAnnotationProcessor,org.springframework.context.event.internalEventListenerProcessor,org.springframework.context.event.internalEventListenerFactory,mvcContentNegotiationManager,org.springframework.web.servlet.mvc.method.annotation.RequestMappingHandlerMapping,mvcCorsConfigurations,org.springframework.format.support.FormattingConversionServiceFactoryBean#0,org.springframework.web.servlet.mvc.method.annotation.RequestMappingHandlerAdapter,mvcUriComponentsContributor,org.springframework.web.servlet.handler.MappedInterceptor#0,org.springframework.web.servlet.mvc.method.annotation.ExceptionHandlerExceptionResolver#0,org.springframework.web.servlet.mvc.annotation.ResponseStatusExceptionResolver#0,org.springframework.web.servlet.mvc.support.DefaultHandlerExceptionResolver#0,org.springframework.web.servlet.handler.BeanNameUrlHandlerMapping,org.springframework.web.servlet.mvc.HttpRequestHandlerAdapter,org.springframework.web.servlet.mvc.SimpleControllerHandlerAdapter,mvcResourceUrlProvider,org.springframework.web.servlet.handler.MappedInterceptor#1,org.springframework.web.servlet.resource.ResourceHttpRequestHandler#0,mvcPathMatcher,mvcUrlPathHelper,org.springframework.web.servlet.handler.SimpleUrlHandlerMapping#0,org.springframework.web.servlet.resource.ResourceHttpRequestHandler#1,org.springframework.web.servlet.handler.SimpleUrlHandlerMapping#1,org.springframework.web.servlet.resource.ResourceHttpRequestHandler#2,org.springframework.web.servlet.handler.SimpleUrlHandlerMapping#2,org.springframework.web.servlet.resource.DefaultServletHttpRequestHandler#0,org.springframework.web.servlet.handler.SimpleUrlHandlerMapping#3,org.springframework.web.servlet.view.InternalResourceViewResolver#0,ds,txManager,org.springframework.transaction.config.internalTransactionalEventListenerFactory,org.springframework.aop.config.internalAutoProxyCreator,org.springframework.transaction.annotation.AnnotationTransactionAttributeSource#0,org.springframework.transaction.interceptor.TransactionInterceptor#0,org.springframework.transaction.config.internalTransactionAdvisor,sqlSessionFactory,org.mybatis.spring.mapper.MapperScannerConfigurer#0]; root of factory hierarchy
[ main:8604 ] org.springframework.beans.factory.support.DefaultSingletonBeanRegistry.getSingleton(DefaultSingletonBeanRegistry.java:221) Creating shared instance of singleton bean &apos;org.springframework.context.annotation.internalConfigurationAnnotationProcessor&apos;
[ main:8611 ] org.springframework.beans.factory.support.AbstractAutowireCapableBeanFactory.createBean(AbstractAutowireCapableBeanFactory.java:448) Creating instance of bean &apos;org.springframework.context.annotation.internalConfigurationAnnotationProcessor&apos;
[ main:8612 ] org.springframework.beans.factory.support.AbstractAutowireCapableBeanFactory.doCreateBean(AbstractAutowireCapableBeanFactory.java:529) Eagerly caching bean &apos;org.springframework.context.annotation.internalConfigurationAnnotationProcessor&apos; to allow for resolving potential circular references
[ main:8612 ] org.springframework.beans.factory.support.AbstractAutowireCapableBeanFactory.createBean(AbstractAutowireCapableBeanFactory.java:484) Finished creating instance of bean &apos;org.springframework.context.annotation.internalConfigurationAnnotationProcessor&apos;
[ main:8633 ] org.springframework.beans.factory.support.DefaultSingletonBeanRegistry.getSingleton(DefaultSingletonBeanRegistry.java:221) Creating shared instance of singleton bean &apos;org.mybatis.spring.mapper.MapperScannerConfigurer#0&apos;
[ main:8634 ] org.springframework.beans.factory.support.AbstractAutowireCapableBeanFactory.createBean(AbstractAutowireCapableBeanFactory.java:448) Creating instance of bean &apos;org.mybatis.spring.mapper.MapperScannerConfigurer#0&apos;
[ main:8634 ] org.springframework.beans.factory.support.AbstractAutowireCapableBeanFactory.doCreateBean(AbstractAutowireCapableBeanFactory.java:529) Eagerly caching bean &apos;org.mybatis.spring.mapper.MapperScannerConfigurer#0&apos; to allow for resolving potential circular references
[ main:8634 ] org.springframework.beans.CachedIntrospectionResults.&lt;init&gt;(CachedIntrospectionResults.java:265) Getting BeanInfo for class [org.mybatis.spring.mapper.MapperScannerConfigurer]
[ main:8635 ] org.springframework.beans.CachedIntrospectionResults.&lt;init&gt;(CachedIntrospectionResults.java:284) Caching PropertyDescriptors for class [org.mybatis.spring.mapper.MapperScannerConfigurer]
[ main:8636 ] org.springframework.beans.CachedIntrospectionResults.&lt;init&gt;(CachedIntrospectionResults.java:297) Found bean property &apos;addToConfig&apos; of type [boolean]
[ main:8636 ] org.springframework.beans.CachedIntrospectionResults.&lt;init&gt;(CachedIntrospectionResults.java:297) Found bean property &apos;annotationClass&apos; of type [java.lang.Class]
[ main:8636 ] org.springframework.beans.CachedIntrospectionResults.&lt;init&gt;(CachedIntrospectionResults.java:297) Found bean property &apos;applicationContext&apos; of type [org.springframework.context.ApplicationContext]
[ main:8636 ] org.springframework.beans.CachedIntrospectionResults.&lt;init&gt;(CachedIntrospectionResults.java:297) Found bean property &apos;basePackage&apos; of type [java.lang.String]
[ main:8637 ] org.springframework.beans.CachedIntrospectionResults.&lt;init&gt;(CachedIntrospectionResults.java:297) Found bean property &apos;beanName&apos; of type [java.lang.String]
[ main:8637 ] org.springframework.beans.CachedIntrospectionResults.&lt;init&gt;(CachedIntrospectionResults.java:297) Found bean property &apos;class&apos; of type [java.lang.Class]
[ main:8637 ] org.springframework.beans.CachedIntrospectionResults.&lt;init&gt;(CachedIntrospectionResults.java:297) Found bean property &apos;markerInterface&apos; of type [java.lang.Class]
[ main:8637 ] org.springframework.beans.CachedIntrospectionResults.&lt;init&gt;(CachedIntrospectionResults.java:297) Found bean property &apos;nameGenerator&apos; of type [org.springframework.beans.factory.support.BeanNameGenerator]
[ main:8637 ] org.springframework.beans.CachedIntrospectionResults.&lt;init&gt;(CachedIntrospectionResults.java:297) Found bean property &apos;processPropertyPlaceHolders&apos; of type [boolean]
[ main:8637 ] org.springframework.beans.CachedIntrospectionResults.&lt;init&gt;(CachedIntrospectionResults.java:297) Found bean property &apos;sqlSessionFactory&apos; of type [org.apache.ibatis.session.SqlSessionFactory]
[ main:8637 ] org.springframework.beans.CachedIntrospectionResults.&lt;init&gt;(CachedIntrospectionResults.java:297) Found bean property &apos;sqlSessionFactoryBeanName&apos; of type [java.lang.String]
[ main:8637 ] org.springframework.beans.CachedIntrospectionResults.&lt;init&gt;(CachedIntrospectionResults.java:297) Found bean property &apos;sqlSessionTemplate&apos; of type [org.mybatis.spring.SqlSessionTemplate]
[ main:8638 ] org.springframework.beans.CachedIntrospectionResults.&lt;init&gt;(CachedIntrospectionResults.java:297) Found bean property &apos;sqlSessionTemplateBeanName&apos; of type [java.lang.String]
[ main:8639 ] org.springframework.beans.factory.support.AbstractAutowireCapableBeanFactory.invokeInitMethods(AbstractAutowireCapableBeanFactory.java:1620) Invoking afterPropertiesSet() on bean with name &apos;org.mybatis.spring.mapper.MapperScannerConfigurer#0&apos;
[ main:8639 ] org.springframework.beans.factory.support.AbstractAutowireCapableBeanFactory.createBean(AbstractAutowireCapableBeanFactory.java:484) Finished creating instance of bean &apos;org.mybatis.spring.mapper.MapperScannerConfigurer#0&apos;
[ main:8649 ] org.springframework.core.env.MutablePropertySources.addLast(MutablePropertySources.java:109) Adding [systemProperties] PropertySource with lowest search precedence
[ main:8650 ] org.springframework.core.env.MutablePropertySources.addLast(MutablePropertySources.java:109) Adding [systemEnvironment] PropertySource with lowest search precedence
[ main:8650 ] org.springframework.core.env.AbstractEnvironment.&lt;init&gt;(AbstractEnvironment.java:127) Initialized StandardEnvironment with PropertySources [systemProperties,systemEnvironment]
[ main:8651 ] org.springframework.core.io.support.PathMatchingResourcePatternResolver.findAllClassPathResources(PathMatchingResourcePatternResolver.java:317) Resolved classpath location [com/study/] to resources [URL [file:/D:/webWorkspace/LYQstudyweb/target/test-classes/com/study/], URL [file:/D:/webWorkspace/LYQstudyweb/target/classes/com/study/]]
[ main:8651 ] org.springframework.core.io.support.PathMatchingResourcePatternResolver.doFindMatchingFileSystemResources(PathMatchingResourcePatternResolver.java:711) Looking for matching resources in directory tree [D:\webWorkspace\LYQstudyweb\target\test-classes\com\study]
[ main:8652 ] org.springframework.core.io.support.PathMatchingResourcePatternResolver.doRetrieveMatchingFiles(PathMatchingResourcePatternResolver.java:773) Searching directory [D:\webWorkspace\LYQstudyweb\target\test-classes\com\study] for files matching pattern [D:/webWorkspace/LYQstudyweb/target/test-classes/com/study/**/dao/**/*.class]
[ main:8652 ] org.springframework.core.io.support.PathMatchingResourcePatternResolver.doRetrieveMatchingFiles(PathMatchingResourcePatternResolver.java:773) Searching directory [D:\webWorkspace\LYQstudyweb\target\test-classes\com\study\basic] for files matching pattern [D:/webWorkspace/LYQstudyweb/target/test-classes/com/study/**/dao/**/*.class]
[ main:8652 ] org.springframework.core.io.support.PathMatchingResourcePatternResolver.doRetrieveMatchingFiles(PathMatchingResourcePatternResolver.java:773) Searching directory [D:\webWorkspace\LYQstudyweb\target\test-classes\com\study\basic\dao] for files matching pattern [D:/webWorkspace/LYQstudyweb/target/test-classes/com/study/**/dao/**/*.class]
[ main:8653 ] org.springframework.core.io.support.PathMatchingResourcePatternResolver.doRetrieveMatchingFiles(PathMatchingResourcePatternResolver.java:773) Searching directory [D:\webWorkspace\LYQstudyweb\target\test-classes\com\study\basic\service] for files matching pattern [D:/webWorkspace/LYQstudyweb/target/test-classes/com/study/**/dao/**/*.class]
[ main:8653 ] org.springframework.core.io.support.PathMatchingResourcePatternResolver.doRetrieveMatchingFiles(PathMatchingResourcePatternResolver.java:773) Searching directory [D:\webWorkspace\LYQstudyweb\target\test-classes\com\study\charts] for files matching pattern [D:/webWorkspace/LYQstudyweb/target/test-classes/com/study/**/dao/**/*.class]
[ main:8654 ] org.springframework.core.io.support.PathMatchingResourcePatternResolver.doRetrieveMatchingFiles(PathMatchingResourcePatternResolver.java:773) Searching directory [D:\webWorkspace\LYQstudyweb\target\test-classes\com\study\charts\dao] for files matching pattern [D:/webWorkspace/LYQstudyweb/target/test-classes/com/study/**/dao/**/*.class]
[ main:8654 ] org.springframework.core.io.support.PathMatchingResourcePatternResolver.doRetrieveMatchingFiles(PathMatchingResourcePatternResolver.java:773) Searching directory [D:\webWorkspace\LYQstudyweb\target\test-classes\com\study\charts\service] for files matching pattern [D:/webWorkspace/LYQstudyweb/target/test-classes/com/study/**/dao/**/*.class]
[ main:8654 ] org.springframework.core.io.support.PathMatchingResourcePatternResolver.doRetrieveMatchingFiles(PathMatchingResourcePatternResolver.java:773) Searching directory [D:\webWorkspace\LYQstudyweb\target\test-classes\com\study\question] for files matching pattern [D:/webWorkspace/LYQstudyweb/target/test-classes/com/study/**/dao/**/*.class]
[ main:8655 ] org.springframework.core.io.support.PathMatchingResourcePatternResolver.doRetrieveMatchingFiles(PathMatchingResourcePatternResolver.java:773) Searching directory [D:\webWorkspace\LYQstudyweb\target\test-classes\com\study\question\dao] for files matching pattern [D:/webWorkspace/LYQstudyweb/target/test-classes/com/study/**/dao/**/*.class]
[ main:8655 ] org.springframework.core.io.support.PathMatchingResourcePatternResolver.doRetrieveMatchingFiles(PathMatchingResourcePatternResolver.java:773) Searching directory [D:\webWorkspace\LYQstudyweb\target\test-classes\com\study\question\service] for files matching pattern [D:/webWorkspace/LYQstudyweb/target/test-classes/com/study/**/dao/**/*.class]
[ main:8655 ] org.springframework.core.io.support.PathMatchingResourcePatternResolver.doRetrieveMatchingFiles(PathMatchingResourcePatternResolver.java:773) Searching directory [D:\webWorkspace\LYQstudyweb\target\test-classes\com\study\user] for files matching pattern [D:/webWorkspace/LYQstudyweb/target/test-classes/com/study/**/dao/**/*.class]
[ main:8656 ] org.springframework.core.io.support.PathMatchingResourcePatternResolver.doRetrieveMatchingFiles(PathMatchingResourcePatternResolver.java:773) Searching directory [D:\webWorkspace\LYQstudyweb\target\test-classes\com\study\user\dao] for files matching pattern [D:/webWorkspace/LYQstudyweb/target/test-classes/com/study/**/dao/**/*.class]
[ main:8656 ] org.springframework.core.io.support.PathMatchingResourcePatternResolver.doRetrieveMatchingFiles(PathMatchingResourcePatternResolver.java:773) Searching directory [D:\webWorkspace\LYQstudyweb\target\test-classes\com\study\user\service] for files matching pattern [D:/webWorkspace/LYQstudyweb/target/test-classes/com/study/**/dao/**/*.class]
[ main:8657 ] org.springframework.core.io.support.PathMatchingResourcePatternResolver.doFindMatchingFileSystemResources(PathMatchingResourcePatternResolver.java:711) Looking for matching resources in directory tree [D:\webWorkspace\LYQstudyweb\target\classes\com\study]
[ main:8657 ] org.springframework.core.io.support.PathMatchingResourcePatternResolver.doRetrieveMatchingFiles(PathMatchingResourcePatternResolver.java:773) Searching directory [D:\webWorkspace\LYQstudyweb\target\classes\com\study] for files matching pattern [D:/webWorkspace/LYQstudyweb/target/classes/com/study/**/dao/**/*.class]
[ main:8659 ] org.springframework.core.io.support.PathMatchingResourcePatternResolver.doRetrieveMatchingFiles(PathMatchingResourcePatternResolver.java:773) Searching directory [D:\webWorkspace\LYQstudyweb\target\classes\com\study\basic] for files matching pattern [D:/webWorkspace/LYQstudyweb/target/classes/com/study/**/dao/**/*.class]
[ main:8660 ] org.springframework.core.io.support.PathMatchingResourcePatternResolver.doRetrieveMatchingFiles(PathMatchingResourcePatternResolver.java:773) Searching directory [D:\webWorkspace\LYQstudyweb\target\classes\com\study\basic\dao] for files matching pattern [D:/webWorkspace/LYQstudyweb/target/classes/com/study/**/dao/**/*.class]
[ main:8662 ] org.springframework.core.io.support.PathMatchingResourcePatternResolver.doRetrieveMatchingFiles(PathMatchingResourcePatternResolver.java:773) Searching directory [D:\webWorkspace\LYQstudyweb\target\classes\com\study\basic\pojo] for files matching pattern [D:/webWorkspace/LYQstudyweb/target/classes/com/study/**/dao/**/*.class]
[ main:8669 ] org.springframework.core.io.support.PathMatchingResourcePatternResolver.doRetrieveMatchingFiles(PathMatchingResourcePatternResolver.java:773) Searching directory [D:\webWorkspace\LYQstudyweb\target\classes\com\study\basic\service] for files matching pattern [D:/webWorkspace/LYQstudyweb/target/classes/com/study/**/dao/**/*.class]
[ main:8670 ] org.springframework.core.io.support.PathMatchingResourcePatternResolver.doRetrieveMatchingFiles(PathMatchingResourcePatternResolver.java:773) Searching directory [D:\webWorkspace\LYQstudyweb\target\classes\com\study\basic\vo] for files matching pattern [D:/webWorkspace/LYQstudyweb/target/classes/com/study/**/dao/**/*.class]
[ main:8670 ] org.springframework.core.io.support.PathMatchingResourcePatternResolver.doRetrieveMatchingFiles(PathMatchingResourcePatternResolver.java:773) Searching directory [D:\webWorkspace\LYQstudyweb\target\classes\com\study\basic\web] for files matching pattern [D:/webWorkspace/LYQstudyweb/target/classes/com/study/**/dao/**/*.class]
[ main:8671 ] org.springframework.core.io.support.PathMatchingResourcePatternResolver.doRetrieveMatchingFiles(PathMatchingResourcePatternResolver.java:773) Searching directory [D:\webWorkspace\LYQstudyweb\target\classes\com\study\charts] for files matching pattern [D:/webWorkspace/LYQstudyweb/target/classes/com/study/**/dao/**/*.class]
[ main:8672 ] org.springframework.core.io.support.PathMatchingResourcePatternResolver.doRetrieveMatchingFiles(PathMatchingResourcePatternResolver.java:773) Searching directory [D:\webWorkspace\LYQstudyweb\target\classes\com\study\charts\dao] for files matching pattern [D:/webWorkspace/LYQstudyweb/target/classes/com/study/**/dao/**/*.class]
[ main:8672 ] org.springframework.core.io.support.PathMatchingResourcePatternResolver.doRetrieveMatchingFiles(PathMatchingResourcePatternResolver.java:773) Searching directory [D:\webWorkspace\LYQstudyweb\target\classes\com\study\charts\pojo] for files matching pattern [D:/webWorkspace/LYQstudyweb/target/classes/com/study/**/dao/**/*.class]
[ main:8673 ] org.springframework.core.io.support.PathMatchingResourcePatternResolver.doRetrieveMatchingFiles(PathMatchingResourcePatternResolver.java:773) Searching directory [D:\webWorkspace\LYQstudyweb\target\classes\com\study\charts\service] for files matching pattern [D:/webWorkspace/LYQstudyweb/target/classes/com/study/**/dao/**/*.class]
[ main:8673 ] org.springframework.core.io.support.PathMatchingResourcePatternResolver.doRetrieveMatchingFiles(PathMatchingResourcePatternResolver.java:773) Searching directory [D:\webWorkspace\LYQstudyweb\target\classes\com\study\charts\web] for files matching pattern [D:/webWorkspace/LYQstudyweb/target/classes/com/study/**/dao/**/*.class]
[ main:8674 ] org.springframework.core.io.support.PathMatchingResourcePatternResolver.doRetrieveMatchingFiles(PathMatchingResourcePatternResolver.java:773) Searching directory [D:\webWorkspace\LYQstudyweb\target\classes\com\study\common] for files matching pattern [D:/webWorkspace/LYQstudyweb/target/classes/com/study/**/dao/**/*.class]
[ main:8674 ] org.springframework.core.io.support.PathMatchingResourcePatternResolver.doRetrieveMatchingFiles(PathMatchingResourcePatternResolver.java:773) Searching directory [D:\webWorkspace\LYQstudyweb\target\classes\com\study\common\page] for files matching pattern [D:/webWorkspace/LYQstudyweb/target/classes/com/study/**/dao/**/*.class]
[ main:8675 ] org.springframework.core.io.support.PathMatchingResourcePatternResolver.doRetrieveMatchingFiles(PathMatchingResourcePatternResolver.java:773) Searching directory [D:\webWorkspace\LYQstudyweb\target\classes\com\study\common\util] for files matching pattern [D:/webWorkspace/LYQstudyweb/target/classes/com/study/**/dao/**/*.class]
[ main:8675 ] org.springframework.core.io.support.PathMatchingResourcePatternResolver.doRetrieveMatchingFiles(PathMatchingResourcePatternResolver.java:773) Searching directory [D:\webWorkspace\LYQstudyweb\target\classes\com\study\question] for files matching pattern [D:/webWorkspace/LYQstudyweb/target/classes/com/study/**/dao/**/*.class]
[ main:8676 ] org.springframework.core.io.support.PathMatchingResourcePatternResolver.doRetrieveMatchingFiles(PathMatchingResourcePatternResolver.java:773) Searching directory [D:\webWorkspace\LYQstudyweb\target\classes\com\study\question\dao] for files matching pattern [D:/webWorkspace/LYQstudyweb/target/classes/com/study/**/dao/**/*.class]
[ main:8677 ] org.springframework.core.io.support.PathMatchingResourcePatternResolver.doRetrieveMatchingFiles(PathMatchingResourcePatternResolver.java:773) Searching directory [D:\webWorkspace\LYQstudyweb\target\classes\com\study\question\pojo] for files matching pattern [D:/webWorkspace/LYQstudyweb/target/classes/com/study/**/dao/**/*.class]
[ main:8677 ] org.springframework.core.io.support.PathMatchingResourcePatternResolver.doRetrieveMatchingFiles(PathMatchingResourcePatternResolver.java:773) Searching directory [D:\webWorkspace\LYQstudyweb\target\classes\com\study\question\service] for files matching pattern [D:/webWorkspace/LYQstudyweb/target/classes/com/study/**/dao/**/*.class]
[ main:8678 ] org.springframework.core.io.support.PathMatchingResourcePatternResolver.doRetrieveMatchingFiles(PathMatchingResourcePatternResolver.java:773) Searching directory [D:\webWorkspace\LYQstudyweb\target\classes\com\study\question\web] for files matching pattern [D:/webWorkspace/LYQstudyweb/target/classes/com/study/**/dao/**/*.class]
[ main:8679 ] org.springframework.core.io.support.PathMatchingResourcePatternResolver.doRetrieveMatchingFiles(PathMatchingResourcePatternResolver.java:773) Searching directory [D:\webWorkspace\LYQstudyweb\target\classes\com\study\user] for files matching pattern [D:/webWorkspace/LYQstudyweb/target/classes/com/study/**/dao/**/*.class]
[ main:8679 ] org.springframework.core.io.support.PathMatchingResourcePatternResolver.doRetrieveMatchingFiles(PathMatchingResourcePatternResolver.java:773) Searching directory [D:\webWorkspace\LYQstudyweb\target\classes\com\study\user\dao] for files matching pattern [D:/webWorkspace/LYQstudyweb/target/classes/com/study/**/dao/**/*.class]
[ main:8680 ] org.springframework.core.io.support.PathMatchingResourcePatternResolver.doRetrieveMatchingFiles(PathMatchingResourcePatternResolver.java:773) Searching directory [D:\webWorkspace\LYQstudyweb\target\classes\com\study\user\pojo] for files matching pattern [D:/webWorkspace/LYQstudyweb/target/classes/com/study/**/dao/**/*.class]
[ main:8681 ] org.springframework.core.io.support.PathMatchingResourcePatternResolver.doRetrieveMatchingFiles(PathMatchingResourcePatternResolver.java:773) Searching directory [D:\webWorkspace\LYQstudyweb\target\classes\com\study\user\service] for files matching pattern [D:/webWorkspace/LYQstudyweb/target/classes/com/study/**/dao/**/*.class]
[ main:8681 ] org.springframework.core.io.support.PathMatchingResourcePatternResolver.doRetrieveMatchingFiles(PathMatchingResourcePatternResolver.java:773) Searching directory [D:\webWorkspace\LYQstudyweb\target\classes\com\study\user\web] for files matching pattern [D:/webWorkspace/LYQstudyweb/target/classes/com/study/**/dao/**/*.class]
[ main:8682 ] org.springframework.core.io.support.PathMatchingResourcePatternResolver.findPathMatchingResources(PathMatchingResourcePatternResolver.java:483) Resolved location pattern [classpath*:com/study/**/dao/**/*.class] to resources [file [D:\webWorkspace\LYQstudyweb\target\test-classes\com\study\basic\dao\ClsRoomMapperTest.class], file [D:\webWorkspace\LYQstudyweb\target\test-classes\com\study\basic\dao\UserInfoMapperTest.class], file [D:\webWorkspace\LYQstudyweb\target\test-classes\com\study\user\dao\RoleMapperTest.class], file [D:\webWorkspace\LYQstudyweb\target\test-classes\com\study\user\dao\RoleRightsMapperTest.class], file [D:\webWorkspace\LYQstudyweb\target\test-classes\com\study\user\dao\TeacherMapperTest.class], file [D:\webWorkspace\LYQstudyweb\target\classes\com\study\basic\dao\ClsMapper.class], file [D:\webWorkspace\LYQstudyweb\target\classes\com\study\basic\dao\ClsRoomMapper.class], file [D:\webWorkspace\LYQstudyweb\target\classes\com\study\basic\dao\UserInfoMapper.class], file [D:\webWorkspace\LYQstudyweb\target\classes\com\study\charts\dao\VoteHistoryMapper.class], file [D:\webWorkspace\LYQstudyweb\target\classes\com\study\question\dao\AnswerMapper.class], file [D:\webWorkspace\LYQstudyweb\target\classes\com\study\question\dao\QuestionMapper.class], file [D:\webWorkspace\LYQstudyweb\target\classes\com\study\question\dao\QuestionTypeMapper.class], file [D:\webWorkspace\LYQstudyweb\target\classes\com\study\user\dao\RightsMapper.class], file [D:\webWorkspace\LYQstudyweb\target\classes\com\study\user\dao\RoleMapper.class], file [D:\webWorkspace\LYQstudyweb\target\classes\com\study\user\dao\RoleRightsMapper.class], file [D:\webWorkspace\LYQstudyweb\target\classes\com\study\user\dao\TeacherMapper.class]]
[ main:8682 ] org.springframework.context.annotation.ClassPathScanningCandidateComponentProvider.findCandidateComponents(ClassPathScanningCandidateComponentProvider.java:275) Scanning file [D:\webWorkspace\LYQstudyweb\target\test-classes\com\study\basic\dao\ClsRoomMapperTest.class]
[ main:8683 ] org.springframework.context.annotation.ClassPathScanningCandidateComponentProvider.findCandidateComponents(ClassPathScanningCandidateComponentProvider.java:292) Ignored because not a concrete top-level class: file [D:\webWorkspace\LYQstudyweb\target\test-classes\com\study\basic\dao\ClsRoomMapperTest.class]
[ main:8685 ] org.springframework.context.annotation.ClassPathScanningCandidateComponentProvider.findCandidateComponents(ClassPathScanningCandidateComponentProvider.java:275) Scanning file [D:\webWorkspace\LYQstudyweb\target\test-classes\com\study\basic\dao\UserInfoMapperTest.class]
[ main:8686 ] org.springframework.context.annotation.ClassPathScanningCandidateComponentProvider.findCandidateComponents(ClassPathScanningCandidateComponentProvider.java:292) Ignored because not a concrete top-level class: file [D:\webWorkspace\LYQstudyweb\target\test-classes\com\study\basic\dao\UserInfoMapperTest.class]
[ main:8686 ] org.springframework.context.annotation.ClassPathScanningCandidateComponentProvider.findCandidateComponents(ClassPathScanningCandidateComponentProvider.java:275) Scanning file [D:\webWorkspace\LYQstudyweb\target\test-classes\com\study\user\dao\RoleMapperTest.class]
[ main:8687 ] org.springframework.context.annotation.ClassPathScanningCandidateComponentProvider.findCandidateComponents(ClassPathScanningCandidateComponentProvider.java:292) Ignored because not a concrete top-level class: file [D:\webWorkspace\LYQstudyweb\target\test-classes\com\study\user\dao\RoleMapperTest.class]
[ main:8687 ] org.springframework.context.annotation.ClassPathScanningCandidateComponentProvider.findCandidateComponents(ClassPathScanningCandidateComponentProvider.java:275) Scanning file [D:\webWorkspace\LYQstudyweb\target\test-classes\com\study\user\dao\RoleRightsMapperTest.class]
[ main:8687 ] org.springframework.context.annotation.ClassPathScanningCandidateComponentProvider.findCandidateComponents(ClassPathScanningCandidateComponentProvider.java:292) Ignored because not a concrete top-level class: file [D:\webWorkspace\LYQstudyweb\target\test-classes\com\study\user\dao\RoleRightsMapperTest.class]
[ main:8688 ] org.springframework.context.annotation.ClassPathScanningCandidateComponentProvider.findCandidateComponents(ClassPathScanningCandidateComponentProvider.java:275) Scanning file [D:\webWorkspace\LYQstudyweb\target\test-classes\com\study\user\dao\TeacherMapperTest.class]
[ main:8688 ] org.springframework.context.annotation.ClassPathScanningCandidateComponentProvider.findCandidateComponents(ClassPathScanningCandidateComponentProvider.java:292) Ignored because not a concrete top-level class: file [D:\webWorkspace\LYQstudyweb\target\test-classes\com\study\user\dao\TeacherMapperTest.class]
[ main:8688 ] org.springframework.context.annotation.ClassPathScanningCandidateComponentProvider.findCandidateComponents(ClassPathScanningCandidateComponentProvider.java:275) Scanning file [D:\webWorkspace\LYQstudyweb\target\classes\com\study\basic\dao\ClsMapper.class]
[ main:8688 ] org.springframework.context.annotation.ClassPathScanningCandidateComponentProvider.findCandidateComponents(ClassPathScanningCandidateComponentProvider.java:286) Identified candidate component class: file [D:\webWorkspace\LYQstudyweb\target\classes\com\study\basic\dao\ClsMapper.class]
[ main:8689 ] org.springframework.context.annotation.ClassPathScanningCandidateComponentProvider.findCandidateComponents(ClassPathScanningCandidateComponentProvider.java:275) Scanning file [D:\webWorkspace\LYQstudyweb\target\classes\com\study\basic\dao\ClsRoomMapper.class]
[ main:8689 ] org.springframework.context.annotation.ClassPathScanningCandidateComponentProvider.findCandidateComponents(ClassPathScanningCandidateComponentProvider.java:286) Identified candidate component class: file [D:\webWorkspace\LYQstudyweb\target\classes\com\study\basic\dao\ClsRoomMapper.class]
[ main:8689 ] org.springframework.context.annotation.ClassPathScanningCandidateComponentProvider.findCandidateComponents(ClassPathScanningCandidateComponentProvider.java:275) Scanning file [D:\webWorkspace\LYQstudyweb\target\classes\com\study\basic\dao\UserInfoMapper.class]
[ main:8689 ] org.springframework.context.annotation.ClassPathScanningCandidateComponentProvider.findCandidateComponents(ClassPathScanningCandidateComponentProvider.java:286) Identified candidate component class: file [D:\webWorkspace\LYQstudyweb\target\classes\com\study\basic\dao\UserInfoMapper.class]
[ main:8690 ] org.springframework.context.annotation.ClassPathScanningCandidateComponentProvider.findCandidateComponents(ClassPathScanningCandidateComponentProvider.java:275) Scanning file [D:\webWorkspace\LYQstudyweb\target\classes\com\study\charts\dao\VoteHistoryMapper.class]
[ main:8690 ] org.springframework.context.annotation.ClassPathScanningCandidateComponentProvider.findCandidateComponents(ClassPathScanningCandidateComponentProvider.java:286) Identified candidate component class: file [D:\webWorkspace\LYQstudyweb\target\classes\com\study\charts\dao\VoteHistoryMapper.class]
[ main:8690 ] org.springframework.context.annotation.ClassPathScanningCandidateComponentProvider.findCandidateComponents(ClassPathScanningCandidateComponentProvider.java:275) Scanning file [D:\webWorkspace\LYQstudyweb\target\classes\com\study\question\dao\AnswerMapper.class]
[ main:8690 ] org.springframework.context.annotation.ClassPathScanningCandidateComponentProvider.findCandidateComponents(ClassPathScanningCandidateComponentProvider.java:286) Identified candidate component class: file [D:\webWorkspace\LYQstudyweb\target\classes\com\study\question\dao\AnswerMapper.class]
[ main:8691 ] org.springframework.context.annotation.ClassPathScanningCandidateComponentProvider.findCandidateComponents(ClassPathScanningCandidateComponentProvider.java:275) Scanning file [D:\webWorkspace\LYQstudyweb\target\classes\com\study\question\dao\QuestionMapper.class]
[ main:8691 ] org.springframework.context.annotation.ClassPathScanningCandidateComponentProvider.findCandidateComponents(ClassPathScanningCandidateComponentProvider.java:286) Identified candidate component class: file [D:\webWorkspace\LYQstudyweb\target\classes\com\study\question\dao\QuestionMapper.class]
[ main:8691 ] org.springframework.context.annotation.ClassPathScanningCandidateComponentProvider.findCandidateComponents(ClassPathScanningCandidateComponentProvider.java:275) Scanning file [D:\webWorkspace\LYQstudyweb\target\classes\com\study\question\dao\QuestionTypeMapper.class]
[ main:8691 ] org.springframework.context.annotation.ClassPathScanningCandidateComponentProvider.findCandidateComponents(ClassPathScanningCandidateComponentProvider.java:286) Identified candidate component class: file [D:\webWorkspace\LYQstudyweb\target\classes\com\study\question\dao\QuestionTypeMapper.class]
[ main:8691 ] org.springframework.context.annotation.ClassPathScanningCandidateComponentProvider.findCandidateComponents(ClassPathScanningCandidateComponentProvider.java:275) Scanning file [D:\webWorkspace\LYQstudyweb\target\classes\com\study\user\dao\RightsMapper.class]
[ main:8692 ] org.springframework.context.annotation.ClassPathScanningCandidateComponentProvider.findCandidateComponents(ClassPathScanningCandidateComponentProvider.java:286) Identified candidate component class: file [D:\webWorkspace\LYQstudyweb\target\classes\com\study\user\dao\RightsMapper.class]
[ main:8692 ] org.springframework.context.annotation.ClassPathScanningCandidateComponentProvider.findCandidateComponents(ClassPathScanningCandidateComponentProvider.java:275) Scanning file [D:\webWorkspace\LYQstudyweb\target\classes\com\study\user\dao\RoleMapper.class]
[ main:8692 ] org.springframework.context.annotation.ClassPathScanningCandidateComponentProvider.findCandidateComponents(ClassPathScanningCandidateComponentProvider.java:286) Identified candidate component class: file [D:\webWorkspace\LYQstudyweb\target\classes\com\study\user\dao\RoleMapper.class]
[ main:8692 ] org.springframework.context.annotation.ClassPathScanningCandidateComponentProvider.findCandidateComponents(ClassPathScanningCandidateComponentProvider.java:275) Scanning file [D:\webWorkspace\LYQstudyweb\target\classes\com\study\user\dao\RoleRightsMapper.class]
[ main:8693 ] org.springframework.context.annotation.ClassPathScanningCandidateComponentProvider.findCandidateComponents(ClassPathScanningCandidateComponentProvider.java:286) Identified candidate component class: file [D:\webWorkspace\LYQstudyweb\target\classes\com\study\user\dao\RoleRightsMapper.class]
[ main:8693 ] org.springframework.context.annotation.ClassPathScanningCandidateComponentProvider.findCandidateComponents(ClassPathScanningCandidateComponentProvider.java:275) Scanning file [D:\webWorkspace\LYQstudyweb\target\classes\com\study\user\dao\TeacherMapper.class]
[ main:8693 ] org.springframework.context.annotation.ClassPathScanningCandidateComponentProvider.findCandidateComponents(ClassPathScanningCandidateComponentProvider.java:286) Identified candidate component class: file [D:\webWorkspace\LYQstudyweb\target\classes\com\study\user\dao\TeacherMapper.class]
[ main:8693 ] org.mybatis.spring.mapper.ClassPathMapperScanner.processBeanDefinitions(ClassPathMapperScanner.java:181) Creating MapperFactoryBean with name &apos;clsMapper&apos; and &apos;com.study.basic.dao.ClsMapper&apos; mapperInterface
[ main:8693 ] org.mybatis.spring.mapper.ClassPathMapperScanner.processBeanDefinitions(ClassPathMapperScanner.java:181) Creating MapperFactoryBean with name &apos;clsRoomMapper&apos; and &apos;com.study.basic.dao.ClsRoomMapper&apos; mapperInterface
[ main:8694 ] org.mybatis.spring.mapper.ClassPathMapperScanner.processBeanDefinitions(ClassPathMapperScanner.java:181) Creating MapperFactoryBean with name &apos;userInfoMapper&apos; and &apos;com.study.basic.dao.UserInfoMapper&apos; mapperInterface
[ main:8694 ] org.mybatis.spring.mapper.ClassPathMapperScanner.processBeanDefinitions(ClassPathMapperScanner.java:181) Creating MapperFactoryBean with name &apos;voteHistoryMapper&apos; and &apos;com.study.charts.dao.VoteHistoryMapper&apos; mapperInterface
[ main:8694 ] org.mybatis.spring.mapper.ClassPathMapperScanner.processBeanDefinitions(ClassPathMapperScanner.java:181) Creating MapperFactoryBean with name &apos;answerMapper&apos; and &apos;com.study.question.dao.AnswerMapper&apos; mapperInterface
[ main:8694 ] org.mybatis.spring.mapper.ClassPathMapperScanner.processBeanDefinitions(ClassPathMapperScanner.java:181) Creating MapperFactoryBean with name &apos;questionMapper&apos; and &apos;com.study.question.dao.QuestionMapper&apos; mapperInterface
[ main:8694 ] org.mybatis.spring.mapper.ClassPathMapperScanner.processBeanDefinitions(ClassPathMapperScanner.java:181) Creating MapperFactoryBean with name &apos;questionTypeMapper&apos; and &apos;com.study.question.dao.QuestionTypeMapper&apos; mapperInterface
[ main:8694 ] org.mybatis.spring.mapper.ClassPathMapperScanner.processBeanDefinitions(ClassPathMapperScanner.java:181) Creating MapperFactoryBean with name &apos;rightsMapper&apos; and &apos;com.study.user.dao.RightsMapper&apos; mapperInterface
[ main:8694 ] org.mybatis.spring.mapper.ClassPathMapperScanner.processBeanDefinitions(ClassPathMapperScanner.java:181) Creating MapperFactoryBean with name &apos;roleMapper&apos; and &apos;com.study.user.dao.RoleMapper&apos; mapperInterface
[ main:8694 ] org.mybatis.spring.mapper.ClassPathMapperScanner.processBeanDefinitions(ClassPathMapperScanner.java:181) Creating MapperFactoryBean with name &apos;roleRightsMapper&apos; and &apos;com.study.user.dao.RoleRightsMapper&apos; mapperInterface
[ main:8694 ] org.mybatis.spring.mapper.ClassPathMapperScanner.processBeanDefinitions(ClassPathMapperScanner.java:181) Creating MapperFactoryBean with name &apos;teacherMapper&apos; and &apos;com.study.user.dao.TeacherMapper&apos; mapperInterface
[ main:8695 ] org.springframework.beans.factory.support.DefaultSingletonBeanRegistry.getSingleton(DefaultSingletonBeanRegistry.java:221) Creating shared instance of singleton bean &apos;org.springframework.context.annotation.internalAutowiredAnnotationProcessor&apos;
[ main:8696 ] org.springframework.beans.factory.support.AbstractAutowireCapableBeanFactory.createBean(AbstractAutowireCapableBeanFactory.java:448) Creating instance of bean &apos;org.springframework.context.annotation.internalAutowiredAnnotationProcessor&apos;
[ main:8696 ] org.springframework.beans.factory.support.AbstractAutowireCapableBeanFactory.doCreateBean(AbstractAutowireCapableBeanFactory.java:529) Eagerly caching bean &apos;org.springframework.context.annotation.internalAutowiredAnnotationProcessor&apos; to allow for resolving potential circular references
[ main:8696 ] org.springframework.beans.factory.support.AbstractAutowireCapableBeanFactory.createBean(AbstractAutowireCapableBeanFactory.java:484) Finished creating instance of bean &apos;org.springframework.context.annotation.internalAutowiredAnnotationProcessor&apos;
[ main:8696 ] org.springframework.beans.factory.support.DefaultSingletonBeanRegistry.getSingleton(DefaultSingletonBeanRegistry.java:221) Creating shared instance of singleton bean &apos;org.springframework.context.annotation.internalRequiredAnnotationProcessor&apos;
[ main:8697 ] org.springframework.beans.factory.support.AbstractAutowireCapableBeanFactory.createBean(AbstractAutowireCapableBeanFactory.java:448) Creating instance of bean &apos;org.springframework.context.annotation.internalRequiredAnnotationProcessor&apos;
[ main:8697 ] org.springframework.beans.factory.support.AbstractAutowireCapableBeanFactory.doCreateBean(AbstractAutowireCapableBeanFactory.java:529) Eagerly caching bean &apos;org.springframework.context.annotation.internalRequiredAnnotationProcessor&apos; to allow for resolving potential circular references
[ main:8697 ] org.springframework.beans.factory.support.AbstractAutowireCapableBeanFactory.createBean(AbstractAutowireCapableBeanFactory.java:484) Finished creating instance of bean &apos;org.springframework.context.annotation.internalRequiredAnnotationProcessor&apos;
[ main:8697 ] org.springframework.beans.factory.support.DefaultSingletonBeanRegistry.getSingleton(DefaultSingletonBeanRegistry.java:221) Creating shared instance of singleton bean &apos;org.springframework.context.annotation.internalCommonAnnotationProcessor&apos;
[ main:8697 ] org.springframework.beans.factory.support.AbstractAutowireCapableBeanFactory.createBean(AbstractAutowireCapableBeanFactory.java:448) Creating instance of bean &apos;org.springframework.context.annotation.internalCommonAnnotationProcessor&apos;
[ main:8697 ] org.springframework.beans.factory.support.AbstractAutowireCapableBeanFactory.doCreateBean(AbstractAutowireCapableBeanFactory.java:529) Eagerly caching bean &apos;org.springframework.context.annotation.internalCommonAnnotationProcessor&apos; to allow for resolving potential circular references
[ main:8697 ] org.springframework.beans.factory.support.AbstractAutowireCapableBeanFactory.createBean(AbstractAutowireCapableBeanFactory.java:484) Finished creating instance of bean &apos;org.springframework.context.annotation.internalCommonAnnotationProcessor&apos;
[ main:8697 ] org.springframework.beans.factory.support.DefaultSingletonBeanRegistry.getSingleton(DefaultSingletonBeanRegistry.java:221) Creating shared instance of singleton bean &apos;org.springframework.context.annotation.ConfigurationClassPostProcessor.importAwareProcessor&apos;
[ main:8698 ] org.springframework.beans.factory.support.AbstractAutowireCapableBeanFactory.createBean(AbstractAutowireCapableBeanFactory.java:448) Creating instance of bean &apos;org.springframework.context.annotation.ConfigurationClassPostProcessor.importAwareProcessor&apos;
[ main:8698 ] org.springframework.beans.factory.support.AbstractAutowireCapableBeanFactory.doCreateBean(AbstractAutowireCapableBeanFactory.java:529) Eagerly caching bean &apos;org.springframework.context.annotation.ConfigurationClassPostProcessor.importAwareProcessor&apos; to allow for resolving potential circular references
[ main:8698 ] org.springframework.beans.factory.support.AbstractAutowireCapableBeanFactory.createBean(AbstractAutowireCapableBeanFactory.java:484) Finished creating instance of bean &apos;org.springframework.context.annotation.ConfigurationClassPostProcessor.importAwareProcessor&apos;
[ main:8698 ] org.springframework.beans.factory.support.DefaultSingletonBeanRegistry.getSingleton(DefaultSingletonBeanRegistry.java:221) Creating shared instance of singleton bean &apos;org.springframework.context.annotation.ConfigurationClassPostProcessor.enhancedConfigurationProcessor&apos;
[ main:8698 ] org.springframework.beans.factory.support.AbstractAutowireCapableBeanFactory.createBean(AbstractAutowireCapableBeanFactory.java:448) Creating instance of bean &apos;org.springframework.context.annotation.ConfigurationClassPostProcessor.enhancedConfigurationProcessor&apos;
[ main:8698 ] org.springframework.beans.factory.support.AbstractAutowireCapableBeanFactory.doCreateBean(AbstractAutowireCapableBeanFactory.java:529) Eagerly caching bean &apos;org.springframework.context.annotation.ConfigurationClassPostProcessor.enhancedConfigurationProcessor&apos; to allow for resolving potential circular references
[ main:8698 ] org.springframework.beans.factory.support.AbstractAutowireCapableBeanFactory.createBean(AbstractAutowireCapableBeanFactory.java:484) Finished creating instance of bean &apos;org.springframework.context.annotation.ConfigurationClassPostProcessor.enhancedConfigurationProcessor&apos;
[ main:8699 ] org.springframework.beans.factory.support.DefaultSingletonBeanRegistry.getSingleton(DefaultSingletonBeanRegistry.java:221) Creating shared instance of singleton bean &apos;org.springframework.aop.config.internalAutoProxyCreator&apos;
[ main:8699 ] org.springframework.beans.factory.support.AbstractAutowireCapableBeanFactory.createBean(AbstractAutowireCapableBeanFactory.java:448) Creating instance of bean &apos;org.springframework.aop.config.internalAutoProxyCreator&apos;
[ main:8699 ] org.springframework.beans.factory.support.AbstractAutowireCapableBeanFactory.doCreateBean(AbstractAutowireCapableBeanFactory.java:529) Eagerly caching bean &apos;org.springframework.aop.config.internalAutoProxyCreator&apos; to allow for resolving potential circular references
[ main:8699 ] org.springframework.beans.CachedIntrospectionResults.&lt;init&gt;(CachedIntrospectionResults.java:265) Getting BeanInfo for class [org.springframework.aop.framework.autoproxy.InfrastructureAdvisorAutoProxyCreator]
[ main:8699 ] org.springframework.beans.CachedIntrospectionResults.&lt;init&gt;(CachedIntrospectionResults.java:284) Caching PropertyDescriptors for class [org.springframework.aop.framework.autoproxy.InfrastructureAdvisorAutoProxyCreator]
[ main:8699 ] org.springframework.beans.CachedIntrospectionResults.&lt;init&gt;(CachedIntrospectionResults.java:297) Found bean property &apos;advisorAdapterRegistry&apos; of type [org.springframework.aop.framework.adapter.AdvisorAdapterRegistry]
[ main:8700 ] org.springframework.beans.CachedIntrospectionResults.&lt;init&gt;(CachedIntrospectionResults.java:297) Found bean property &apos;applyCommonInterceptorsFirst&apos; of type [boolean]
[ main:8700 ] org.springframework.beans.CachedIntrospectionResults.&lt;init&gt;(CachedIntrospectionResults.java:297) Found bean property &apos;beanClassLoader&apos; of type [java.lang.ClassLoader]
[ main:8700 ] org.springframework.beans.CachedIntrospectionResults.&lt;init&gt;(CachedIntrospectionResults.java:297) Found bean property &apos;beanFactory&apos; of type [org.springframework.beans.factory.BeanFactory]
[ main:8700 ] org.springframework.beans.CachedIntrospectionResults.&lt;init&gt;(CachedIntrospectionResults.java:297) Found bean property &apos;class&apos; of type [java.lang.Class]
[ main:8701 ] org.springframework.beans.CachedIntrospectionResults.&lt;init&gt;(CachedIntrospectionResults.java:297) Found bean property &apos;customTargetSourceCreators&apos; of type [[Lorg.springframework.aop.framework.autoproxy.TargetSourceCreator;]
[ main:8701 ] org.springframework.beans.CachedIntrospectionResults.&lt;init&gt;(CachedIntrospectionResults.java:297) Found bean property &apos;exposeProxy&apos; of type [boolean]
[ main:8702 ] org.springframework.beans.CachedIntrospectionResults.&lt;init&gt;(CachedIntrospectionResults.java:297) Found bean property &apos;frozen&apos; of type [boolean]
[ main:8702 ] org.springframework.beans.CachedIntrospectionResults.&lt;init&gt;(CachedIntrospectionResults.java:297) Found bean property &apos;interceptorNames&apos; of type [[Ljava.lang.String;]
[ main:8702 ] org.springframework.beans.CachedIntrospectionResults.&lt;init&gt;(CachedIntrospectionResults.java:297) Found bean property &apos;opaque&apos; of type [boolean]
[ main:8702 ] org.springframework.beans.CachedIntrospectionResults.&lt;init&gt;(CachedIntrospectionResults.java:297) Found bean property &apos;optimize&apos; of type [boolean]
[ main:8702 ] org.springframework.beans.CachedIntrospectionResults.&lt;init&gt;(CachedIntrospectionResults.java:297) Found bean property &apos;order&apos; of type [int]
[ main:8702 ] org.springframework.beans.CachedIntrospectionResults.&lt;init&gt;(CachedIntrospectionResults.java:297) Found bean property &apos;proxyClassLoader&apos; of type [java.lang.ClassLoader]
[ main:8702 ] org.springframework.beans.CachedIntrospectionResults.&lt;init&gt;(CachedIntrospectionResults.java:297) Found bean property &apos;proxyTargetClass&apos; of type [boolean]
[ main:8709 ] org.springframework.beans.factory.support.AbstractAutowireCapableBeanFactory.createBean(AbstractAutowireCapableBeanFactory.java:484) Finished creating instance of bean &apos;org.springframework.aop.config.internalAutoProxyCreator&apos;
[ main:8710 ] org.springframework.context.support.AbstractApplicationContext.initMessageSource(AbstractApplicationContext.java:728) Unable to locate MessageSource with name &apos;messageSource&apos;: using default [org.springframework.context.support.DelegatingMessageSource@2e16b08d]
[ main:8710 ] org.springframework.context.support.AbstractApplicationContext.initApplicationEventMulticaster(AbstractApplicationContext.java:752) Unable to locate ApplicationEventMulticaster with name &apos;applicationEventMulticaster&apos;: using default [org.springframework.context.event.SimpleApplicationEventMulticaster@5b989dc7]
[ main:8711 ] org.springframework.beans.factory.support.DefaultListableBeanFactory.preInstantiateSingletons(DefaultListableBeanFactory.java:745) Pre-instantiating singletons in org.springframework.beans.factory.support.DefaultListableBeanFactory@3e681bc: defining beans [basicServiceImpl,clsController,clsRoomController,userInfoController,userServiceImpl,userController,org.springframework.context.annotation.internalConfigurationAnnotationProcessor,org.springframework.context.annotation.internalAutowiredAnnotationProcessor,org.springframework.context.annotation.internalRequiredAnnotationProcessor,org.springframework.context.annotation.internalCommonAnnotationProcessor,org.springframework.context.event.internalEventListenerProcessor,org.springframework.context.event.internalEventListenerFactory,mvcContentNegotiationManager,org.springframework.web.servlet.mvc.method.annotation.RequestMappingHandlerMapping,mvcCorsConfigurations,org.springframework.format.support.FormattingConversionServiceFactoryBean#0,org.springframework.web.servlet.mvc.method.annotation.RequestMappingHandlerAdapter,mvcUriComponentsContributor,org.springframework.web.servlet.handler.MappedInterceptor#0,org.springframework.web.servlet.mvc.method.annotation.ExceptionHandlerExceptionResolver#0,org.springframework.web.servlet.mvc.annotation.ResponseStatusExceptionResolver#0,org.springframework.web.servlet.mvc.support.DefaultHandlerExceptionResolver#0,org.springframework.web.servlet.handler.BeanNameUrlHandlerMapping,org.springframework.web.servlet.mvc.HttpRequestHandlerAdapter,org.springframework.web.servlet.mvc.SimpleControllerHandlerAdapter,mvcResourceUrlProvider,org.springframework.web.servlet.handler.MappedInterceptor#1,org.springframework.web.servlet.resource.ResourceHttpRequestHandler#0,mvcPathMatcher,mvcUrlPathHelper,org.springframework.web.servlet.handler.SimpleUrlHandlerMapping#0,org.springframework.web.servlet.resource.ResourceHttpRequestHandler#1,org.springframework.web.servlet.handler.SimpleUrlHandlerMapping#1,org.springframework.web.servlet.resource.ResourceHttpRequestHandler#2,org.springframework.web.servlet.handler.SimpleUrlHandlerMapping#2,org.springframework.web.servlet.resource.DefaultServletHttpRequestHandler#0,org.springframework.web.servlet.handler.SimpleUrlHandlerMapping#3,org.springframework.web.servlet.view.InternalResourceViewResolver#0,ds,txManager,org.springframework.transaction.config.internalTransactionalEventListenerFactory,org.springframework.aop.config.internalAutoProxyCreator,org.springframework.transaction.annotation.AnnotationTransactionAttributeSource#0,org.springframework.transaction.interceptor.TransactionInterceptor#0,org.springframework.transaction.config.internalTransactionAdvisor,sqlSessionFactory,org.mybatis.spring.mapper.MapperScannerConfigurer#0,org.springframework.context.annotation.ConfigurationClassPostProcessor.importAwareProcessor,org.springframework.context.annotation.ConfigurationClassPostProcessor.enhancedConfigurationProcessor,clsMapper,clsRoomMapper,userInfoMapper,voteHistoryMapper,answerMapper,questionMapper,questionTypeMapper,rightsMapper,roleMapper,roleRightsMapper,teacherMapper]; root of factory hierarchy
[ main:8711 ] org.springframework.beans.factory.support.DefaultSingletonBeanRegistry.getSingleton(DefaultSingletonBeanRegistry.java:221) Creating shared instance of singleton bean &apos;basicServiceImpl&apos;
[ main:8711 ] org.springframework.beans.factory.support.AbstractAutowireCapableBeanFactory.createBean(AbstractAutowireCapableBeanFactory.java:448) Creating instance of bean &apos;basicServiceImpl&apos;
[ main:8712 ] org.springframework.beans.factory.annotation.InjectionMetadata.checkConfigMembers(InjectionMetadata.java:72) Registered injected element on class [com.study.basic.service.BasicServiceImpl]: AutowiredFieldElement for private com.study.basic.dao.ClsRoomMapper com.study.basic.service.BasicServiceImpl.clsroomMapper
[ main:8712 ] org.springframework.beans.factory.annotation.InjectionMetadata.checkConfigMembers(InjectionMetadata.java:72) Registered injected element on class [com.study.basic.service.BasicServiceImpl]: AutowiredFieldElement for private com.study.basic.dao.UserInfoMapper com.study.basic.service.BasicServiceImpl.userInfoMapper
[ main:8712 ] org.springframework.beans.factory.annotation.InjectionMetadata.checkConfigMembers(InjectionMetadata.java:72) Registered injected element on class [com.study.basic.service.BasicServiceImpl]: AutowiredFieldElement for private com.study.basic.dao.ClsMapper com.study.basic.service.BasicServiceImpl.clsMapper
[ main:8712 ] org.springframework.beans.factory.support.AbstractAutowireCapableBeanFactory.doCreateBean(AbstractAutowireCapableBeanFactory.java:529) Eagerly caching bean &apos;basicServiceImpl&apos; to allow for resolving potential circular references
[ main:8712 ] org.springframework.beans.CachedIntrospectionResults.&lt;init&gt;(CachedIntrospectionResults.java:265) Getting BeanInfo for class [com.study.basic.service.BasicServiceImpl]
[ main:8712 ] org.springframework.beans.CachedIntrospectionResults.&lt;init&gt;(CachedIntrospectionResults.java:284) Caching PropertyDescriptors for class [com.study.basic.service.BasicServiceImpl]
[ main:8713 ] org.springframework.beans.CachedIntrospectionResults.&lt;init&gt;(CachedIntrospectionResults.java:297) Found bean property &apos;class&apos; of type [java.lang.Class]
[ main:8713 ] org.springframework.beans.factory.annotation.InjectionMetadata.inject(InjectionMetadata.java:86) Processing injected element of bean &apos;basicServiceImpl&apos;: AutowiredFieldElement for private com.study.basic.dao.ClsRoomMapper com.study.basic.service.BasicServiceImpl.clsroomMapper
[ main:8715 ] org.springframework.beans.TypeConverterDelegate.doConvertValue(TypeConverterDelegate.java:438) Converting String to [class java.lang.Class] using property editor [org.springframework.beans.propertyeditors.ClassEditor@408613cc]
[ main:8715 ] org.springframework.beans.TypeConverterDelegate.doConvertValue(TypeConverterDelegate.java:438) Converting String to [class java.lang.Class] using property editor [org.springframework.beans.propertyeditors.ClassEditor@11ce2e22]
[ main:8716 ] org.springframework.beans.TypeConverterDelegate.doConvertValue(TypeConverterDelegate.java:438) Converting String to [class java.lang.Class] using property editor [org.springframework.beans.propertyeditors.ClassEditor@13cda7c9]
[ main:8716 ] org.springframework.beans.TypeConverterDelegate.doConvertValue(TypeConverterDelegate.java:438) Converting String to [class java.lang.Class] using property editor [org.springframework.beans.propertyeditors.ClassEditor@3af9aa66]
[ main:8716 ] org.springframework.beans.TypeConverterDelegate.doConvertValue(TypeConverterDelegate.java:438) Converting String to [class java.lang.Class] using property editor [org.springframework.beans.propertyeditors.ClassEditor@91c4a3f]
[ main:8717 ] org.springframework.beans.TypeConverterDelegate.doConvertValue(TypeConverterDelegate.java:438) Converting String to [class java.lang.Class] using property editor [org.springframework.beans.propertyeditors.ClassEditor@150d80c4]
[ main:8718 ] org.springframework.beans.TypeConverterDelegate.doConvertValue(TypeConverterDelegate.java:438) Converting String to [class java.lang.Class] using property editor [org.springframework.beans.propertyeditors.ClassEditor@3003697]
[ main:8718 ] org.springframework.beans.TypeConverterDelegate.doConvertValue(TypeConverterDelegate.java:438) Converting String to [class java.lang.Class] using property editor [org.springframework.beans.propertyeditors.ClassEditor@1d269ed7]
[ main:8718 ] org.springframework.beans.TypeConverterDelegate.doConvertValue(TypeConverterDelegate.java:438) Converting String to [class java.lang.Class] using property editor [org.springframework.beans.propertyeditors.ClassEditor@41c89d2f]
[ main:8719 ] org.springframework.beans.TypeConverterDelegate.doConvertValue(TypeConverterDelegate.java:438) Converting String to [class java.lang.Class] using property editor [org.springframework.beans.propertyeditors.ClassEditor@2d691f3d]
[ main:8719 ] org.springframework.beans.TypeConverterDelegate.doConvertValue(TypeConverterDelegate.java:438) Converting String to [class java.lang.Class] using property editor [org.springframework.beans.propertyeditors.ClassEditor@1e7f2e0f]
[ main:8720 ] org.springframework.beans.factory.support.DefaultSingletonBeanRegistry.getSingleton(DefaultSingletonBeanRegistry.java:221) Creating shared instance of singleton bean &apos;clsRoomMapper&apos;
[ main:8720 ] org.springframework.beans.factory.support.AbstractAutowireCapableBeanFactory.createBean(AbstractAutowireCapableBeanFactory.java:448) Creating instance of bean &apos;clsRoomMapper&apos;
[ main:8720 ] org.springframework.beans.factory.support.AbstractAutowireCapableBeanFactory.doCreateBean(AbstractAutowireCapableBeanFactory.java:529) Eagerly caching bean &apos;clsRoomMapper&apos; to allow for resolving potential circular references
[ main:8720 ] org.springframework.beans.CachedIntrospectionResults.&lt;init&gt;(CachedIntrospectionResults.java:265) Getting BeanInfo for class [org.mybatis.spring.mapper.MapperFactoryBean]
[ main:8720 ] org.springframework.beans.CachedIntrospectionResults.&lt;init&gt;(CachedIntrospectionResults.java:284) Caching PropertyDescriptors for class [org.mybatis.spring.mapper.MapperFactoryBean]
[ main:8720 ] org.springframework.beans.CachedIntrospectionResults.&lt;init&gt;(CachedIntrospectionResults.java:297) Found bean property &apos;addToConfig&apos; of type [boolean]
[ main:8721 ] org.springframework.beans.CachedIntrospectionResults.&lt;init&gt;(CachedIntrospectionResults.java:297) Found bean property &apos;class&apos; of type [java.lang.Class]
[ main:8721 ] org.springframework.beans.CachedIntrospectionResults.&lt;init&gt;(CachedIntrospectionResults.java:297) Found bean property &apos;mapperInterface&apos; of type [java.lang.Class]
[ main:8721 ] org.springframework.beans.CachedIntrospectionResults.&lt;init&gt;(CachedIntrospectionResults.java:297) Found bean property &apos;object&apos; of type [java.lang.Object]
[ main:8721 ] org.springframework.beans.CachedIntrospectionResults.&lt;init&gt;(CachedIntrospectionResults.java:297) Found bean property &apos;objectType&apos; of type [java.lang.Class]
[ main:8721 ] org.springframework.beans.CachedIntrospectionResults.&lt;init&gt;(CachedIntrospectionResults.java:297) Found bean property &apos;singleton&apos; of type [boolean]
[ main:8721 ] org.springframework.beans.CachedIntrospectionResults.&lt;init&gt;(CachedIntrospectionResults.java:297) Found bean property &apos;sqlSession&apos; of type [org.apache.ibatis.session.SqlSession]
[ main:8722 ] org.springframework.beans.CachedIntrospectionResults.&lt;init&gt;(CachedIntrospectionResults.java:297) Found bean property &apos;sqlSessionFactory&apos; of type [org.apache.ibatis.session.SqlSessionFactory]
[ main:8722 ] org.springframework.beans.CachedIntrospectionResults.&lt;init&gt;(CachedIntrospectionResults.java:297) Found bean property &apos;sqlSessionTemplate&apos; of type [org.mybatis.spring.SqlSessionTemplate]
[ main:8723 ] org.springframework.beans.factory.support.DefaultSingletonBeanRegistry.getSingleton(DefaultSingletonBeanRegistry.java:221) Creating shared instance of singleton bean &apos;sqlSessionFactory&apos;
[ main:8723 ] org.springframework.beans.factory.support.AbstractAutowireCapableBeanFactory.createBean(AbstractAutowireCapableBeanFactory.java:448) Creating instance of bean &apos;sqlSessionFactory&apos;
[ main:8723 ] org.springframework.beans.factory.support.AbstractAutowireCapableBeanFactory.doCreateBean(AbstractAutowireCapableBeanFactory.java:529) Eagerly caching bean &apos;sqlSessionFactory&apos; to allow for resolving potential circular references
[ main:8723 ] org.springframework.beans.CachedIntrospectionResults.&lt;init&gt;(CachedIntrospectionResults.java:265) Getting BeanInfo for class [org.mybatis.spring.SqlSessionFactoryBean]
[ main:8724 ] org.springframework.beans.CachedIntrospectionResults.&lt;init&gt;(CachedIntrospectionResults.java:284) Caching PropertyDescriptors for class [org.mybatis.spring.SqlSessionFactoryBean]
[ main:8724 ] org.springframework.beans.CachedIntrospectionResults.&lt;init&gt;(CachedIntrospectionResults.java:297) Found bean property &apos;cache&apos; of type [org.apache.ibatis.cache.Cache]
[ main:8724 ] org.springframework.beans.CachedIntrospectionResults.&lt;init&gt;(CachedIntrospectionResults.java:297) Found bean property &apos;class&apos; of type [java.lang.Class]
[ main:8724 ] org.springframework.beans.CachedIntrospectionResults.&lt;init&gt;(CachedIntrospectionResults.java:297) Found bean property &apos;configLocation&apos; of type [org.springframework.core.io.Resource]
[ main:8724 ] org.springframework.beans.CachedIntrospectionResults.&lt;init&gt;(CachedIntrospectionResults.java:297) Found bean property &apos;configuration&apos; of type [org.apache.ibatis.session.Configuration]
[ main:8725 ] org.springframework.beans.CachedIntrospectionResults.&lt;init&gt;(CachedIntrospectionResults.java:297) Found bean property &apos;configurationProperties&apos; of type [java.util.Properties]
[ main:8725 ] org.springframework.beans.CachedIntrospectionResults.&lt;init&gt;(CachedIntrospectionResults.java:297) Found bean property &apos;dataSource&apos; of type [javax.sql.DataSource]
[ main:8725 ] org.springframework.beans.CachedIntrospectionResults.&lt;init&gt;(CachedIntrospectionResults.java:297) Found bean property &apos;databaseIdProvider&apos; of type [org.apache.ibatis.mapping.DatabaseIdProvider]
[ main:8725 ] org.springframework.beans.CachedIntrospectionResults.&lt;init&gt;(CachedIntrospectionResults.java:297) Found bean property &apos;environment&apos; of type [java.lang.String]
[ main:8726 ] org.springframework.beans.CachedIntrospectionResults.&lt;init&gt;(CachedIntrospectionResults.java:297) Found bean property &apos;failFast&apos; of type [boolean]
[ main:8726 ] org.springframework.beans.CachedIntrospectionResults.&lt;init&gt;(CachedIntrospectionResults.java:297) Found bean property &apos;mapperLocations&apos; of type [[Lorg.springframework.core.io.Resource;]
[ main:8726 ] org.springframework.beans.CachedIntrospectionResults.&lt;init&gt;(CachedIntrospectionResults.java:297) Found bean property &apos;object&apos; of type [org.apache.ibatis.session.SqlSessionFactory]
[ main:8726 ] org.springframework.beans.CachedIntrospectionResults.&lt;init&gt;(CachedIntrospectionResults.java:297) Found bean property &apos;objectFactory&apos; of type [org.apache.ibatis.reflection.factory.ObjectFactory]
[ main:8726 ] org.springframework.beans.CachedIntrospectionResults.&lt;init&gt;(CachedIntrospectionResults.java:297) Found bean property &apos;objectType&apos; of type [java.lang.Class]
[ main:8727 ] org.springframework.beans.CachedIntrospectionResults.&lt;init&gt;(CachedIntrospectionResults.java:297) Found bean property &apos;objectWrapperFactory&apos; of type [org.apache.ibatis.reflection.wrapper.ObjectWrapperFactory]
[ main:8727 ] org.springframework.beans.CachedIntrospectionResults.&lt;init&gt;(CachedIntrospectionResults.java:297) Found bean property &apos;plugins&apos; of type [[Lorg.apache.ibatis.plugin.Interceptor;]
[ main:8727 ] org.springframework.beans.CachedIntrospectionResults.&lt;init&gt;(CachedIntrospectionResults.java:297) Found bean property &apos;singleton&apos; of type [boolean]
[ main:8727 ] org.springframework.beans.CachedIntrospectionResults.&lt;init&gt;(CachedIntrospectionResults.java:297) Found bean property &apos;sqlSessionFactoryBuilder&apos; of type [org.apache.ibatis.session.SqlSessionFactoryBuilder]
[ main:8727 ] org.springframework.beans.CachedIntrospectionResults.&lt;init&gt;(CachedIntrospectionResults.java:297) Found bean property &apos;transactionFactory&apos; of type [org.apache.ibatis.transaction.TransactionFactory]
[ main:8727 ] org.springframework.beans.CachedIntrospectionResults.&lt;init&gt;(CachedIntrospectionResults.java:297) Found bean property &apos;typeAliases&apos; of type [[Ljava.lang.Class;]
[ main:8728 ] org.springframework.beans.CachedIntrospectionResults.&lt;init&gt;(CachedIntrospectionResults.java:297) Found bean property &apos;typeAliasesPackage&apos; of type [java.lang.String]
[ main:8728 ] org.springframework.beans.CachedIntrospectionResults.&lt;init&gt;(CachedIntrospectionResults.java:297) Found bean property &apos;typeAliasesSuperType&apos; of type [java.lang.Class]
[ main:8728 ] org.springframework.beans.CachedIntrospectionResults.&lt;init&gt;(CachedIntrospectionResults.java:297) Found bean property &apos;typeHandlers&apos; of type [[Lorg.apache.ibatis.type.TypeHandler;]
[ main:8728 ] org.springframework.beans.CachedIntrospectionResults.&lt;init&gt;(CachedIntrospectionResults.java:297) Found bean property &apos;typeHandlersPackage&apos; of type [java.lang.String]
[ main:8728 ] org.springframework.beans.CachedIntrospectionResults.&lt;init&gt;(CachedIntrospectionResults.java:297) Found bean property &apos;vfs&apos; of type [java.lang.Class]
[ main:8730 ] org.springframework.beans.TypeConverterDelegate.doConvertValue(TypeConverterDelegate.java:438) Converting String to [interface org.springframework.core.io.Resource] using property editor [org.springframework.core.io.ResourceEditor@1da6ee17]
[ main:8730 ] org.springframework.beans.factory.support.DefaultSingletonBeanRegistry.getSingleton(DefaultSingletonBeanRegistry.java:221) Creating shared instance of singleton bean &apos;ds&apos;
[ main:8731 ] org.springframework.beans.factory.support.AbstractAutowireCapableBeanFactory.createBean(AbstractAutowireCapableBeanFactory.java:448) Creating instance of bean &apos;ds&apos;
[ main:8731 ] org.springframework.beans.factory.support.AbstractAutowireCapableBeanFactory.doCreateBean(AbstractAutowireCapableBeanFactory.java:529) Eagerly caching bean &apos;ds&apos; to allow for resolving potential circular references
[ main:8731 ] org.springframework.beans.CachedIntrospectionResults.&lt;init&gt;(CachedIntrospectionResults.java:265) Getting BeanInfo for class [org.apache.commons.dbcp.BasicDataSource]
[ main:8731 ] org.springframework.beans.CachedIntrospectionResults.&lt;init&gt;(CachedIntrospectionResults.java:284) Caching PropertyDescriptors for class [org.apache.commons.dbcp.BasicDataSource]
[ main:8732 ] org.springframework.beans.CachedIntrospectionResults.&lt;init&gt;(CachedIntrospectionResults.java:297) Found bean property &apos;accessToUnderlyingConnectionAllowed&apos; of type [boolean]
[ main:8732 ] org.springframework.beans.CachedIntrospectionResults.&lt;init&gt;(CachedIntrospectionResults.java:297) Found bean property &apos;class&apos; of type [java.lang.Class]
[ main:8732 ] org.springframework.beans.CachedIntrospectionResults.&lt;init&gt;(CachedIntrospectionResults.java:297) Found bean property &apos;closed&apos; of type [boolean]
[ main:8732 ] org.springframework.beans.CachedIntrospectionResults.&lt;init&gt;(CachedIntrospectionResults.java:297) Found bean property &apos;connection&apos; of type [java.sql.Connection]
[ main:8733 ] org.springframework.beans.CachedIntrospectionResults.&lt;init&gt;(CachedIntrospectionResults.java:297) Found bean property &apos;connectionInitSqls&apos; of type [java.util.Collection]
[ main:8733 ] org.springframework.beans.CachedIntrospectionResults.&lt;init&gt;(CachedIntrospectionResults.java:297) Found bean property &apos;connectionProperties&apos; of type [java.lang.String]
[ main:8733 ] org.springframework.beans.CachedIntrospectionResults.&lt;init&gt;(CachedIntrospectionResults.java:297) Found bean property &apos;defaultAutoCommit&apos; of type [boolean]
[ main:8733 ] org.springframework.beans.CachedIntrospectionResults.&lt;init&gt;(CachedIntrospectionResults.java:297) Found bean property &apos;defaultCatalog&apos; of type [java.lang.String]
[ main:8733 ] org.springframework.beans.CachedIntrospectionResults.&lt;init&gt;(CachedIntrospectionResults.java:297) Found bean property &apos;defaultReadOnly&apos; of type [boolean]
[ main:8733 ] org.springframework.beans.CachedIntrospectionResults.&lt;init&gt;(CachedIntrospectionResults.java:297) Found bean property &apos;defaultTransactionIsolation&apos; of type [int]
[ main:8734 ] org.springframework.beans.CachedIntrospectionResults.&lt;init&gt;(CachedIntrospectionResults.java:297) Found bean property &apos;driverClassLoader&apos; of type [java.lang.ClassLoader]
[ main:8735 ] org.springframework.beans.CachedIntrospectionResults.&lt;init&gt;(CachedIntrospectionResults.java:297) Found bean property &apos;driverClassName&apos; of type [java.lang.String]
[ main:8735 ] org.springframework.beans.CachedIntrospectionResults.&lt;init&gt;(CachedIntrospectionResults.java:297) Found bean property &apos;initialSize&apos; of type [int]
[ main:8736 ] org.springframework.beans.CachedIntrospectionResults.&lt;init&gt;(CachedIntrospectionResults.java:297) Found bean property &apos;logAbandoned&apos; of type [boolean]
[ main:8736 ] org.springframework.beans.CachedIntrospectionResults.&lt;init&gt;(CachedIntrospectionResults.java:297) Found bean property &apos;logWriter&apos; of type [java.io.PrintWriter]
[ main:8736 ] org.springframework.beans.CachedIntrospectionResults.&lt;init&gt;(CachedIntrospectionResults.java:297) Found bean property &apos;loginTimeout&apos; of type [int]
[ main:8736 ] org.springframework.beans.CachedIntrospectionResults.&lt;init&gt;(CachedIntrospectionResults.java:297) Found bean property &apos;maxActive&apos; of type [int]
[ main:8736 ] org.springframework.beans.CachedIntrospectionResults.&lt;init&gt;(CachedIntrospectionResults.java:297) Found bean property &apos;maxIdle&apos; of type [int]
[ main:8736 ] org.springframework.beans.CachedIntrospectionResults.&lt;init&gt;(CachedIntrospectionResults.java:297) Found bean property &apos;maxOpenPreparedStatements&apos; of type [int]
[ main:8737 ] org.springframework.beans.CachedIntrospectionResults.&lt;init&gt;(CachedIntrospectionResults.java:297) Found bean property &apos;maxWait&apos; of type [long]
[ main:8737 ] org.springframework.beans.CachedIntrospectionResults.&lt;init&gt;(CachedIntrospectionResults.java:297) Found bean property &apos;minEvictableIdleTimeMillis&apos; of type [long]
[ main:8737 ] org.springframework.beans.CachedIntrospectionResults.&lt;init&gt;(CachedIntrospectionResults.java:297) Found bean property &apos;minIdle&apos; of type [int]
[ main:8737 ] org.springframework.beans.CachedIntrospectionResults.&lt;init&gt;(CachedIntrospectionResults.java:297) Found bean property &apos;numActive&apos; of type [int]
[ main:8737 ] org.springframework.beans.CachedIntrospectionResults.&lt;init&gt;(CachedIntrospectionResults.java:297) Found bean property &apos;numIdle&apos; of type [int]
[ main:8738 ] org.springframework.beans.CachedIntrospectionResults.&lt;init&gt;(CachedIntrospectionResults.java:297) Found bean property &apos;numTestsPerEvictionRun&apos; of type [int]
[ main:8738 ] org.springframework.beans.CachedIntrospectionResults.&lt;init&gt;(CachedIntrospectionResults.java:297) Found bean property &apos;password&apos; of type [java.lang.String]
[ main:8738 ] org.springframework.beans.CachedIntrospectionResults.&lt;init&gt;(CachedIntrospectionResults.java:297) Found bean property &apos;poolPreparedStatements&apos; of type [boolean]
[ main:8739 ] org.springframework.beans.CachedIntrospectionResults.&lt;init&gt;(CachedIntrospectionResults.java:297) Found bean property &apos;removeAbandoned&apos; of type [boolean]
[ main:8740 ] org.springframework.beans.CachedIntrospectionResults.&lt;init&gt;(CachedIntrospectionResults.java:297) Found bean property &apos;removeAbandonedTimeout&apos; of type [int]
[ main:8740 ] org.springframework.beans.CachedIntrospectionResults.&lt;init&gt;(CachedIntrospectionResults.java:297) Found bean property &apos;testOnBorrow&apos; of type [boolean]
[ main:8740 ] org.springframework.beans.CachedIntrospectionResults.&lt;init&gt;(CachedIntrospectionResults.java:297) Found bean property &apos;testOnReturn&apos; of type [boolean]
[ main:8740 ] org.springframework.beans.CachedIntrospectionResults.&lt;init&gt;(CachedIntrospectionResults.java:297) Found bean property &apos;testWhileIdle&apos; of type [boolean]
[ main:8740 ] org.springframework.beans.CachedIntrospectionResults.&lt;init&gt;(CachedIntrospectionResults.java:297) Found bean property &apos;timeBetweenEvictionRunsMillis&apos; of type [long]
[ main:8741 ] org.springframework.beans.CachedIntrospectionResults.&lt;init&gt;(CachedIntrospectionResults.java:297) Found bean property &apos;url&apos; of type [java.lang.String]
[ main:8741 ] org.springframework.beans.CachedIntrospectionResults.&lt;init&gt;(CachedIntrospectionResults.java:297) Found bean property &apos;username&apos; of type [java.lang.String]
[ main:8741 ] org.springframework.beans.CachedIntrospectionResults.&lt;init&gt;(CachedIntrospectionResults.java:297) Found bean property &apos;validationQuery&apos; of type [java.lang.String]
[ main:8741 ] org.springframework.beans.CachedIntrospectionResults.&lt;init&gt;(CachedIntrospectionResults.java:297) Found bean property &apos;validationQueryTimeout&apos; of type [int]
[ main:8742 ] org.springframework.beans.factory.support.DefaultSingletonBeanRegistry.getSingleton(DefaultSingletonBeanRegistry.java:221) Creating shared instance of singleton bean &apos;org.springframework.transaction.config.internalTransactionAdvisor&apos;
[ main:8743 ] org.springframework.beans.factory.support.AbstractAutowireCapableBeanFactory.createBean(AbstractAutowireCapableBeanFactory.java:448) Creating instance of bean &apos;org.springframework.transaction.config.internalTransactionAdvisor&apos;
[ main:8743 ] org.springframework.aop.framework.autoproxy.AbstractAutoProxyCreator.isInfrastructureClass(AbstractAutoProxyCreator.java:378) Did not attempt to auto-proxy infrastructure class [org.springframework.transaction.interceptor.BeanFactoryTransactionAttributeSourceAdvisor]
[ main:8744 ] org.springframework.beans.factory.support.AbstractAutowireCapableBeanFactory.doCreateBean(AbstractAutowireCapableBeanFactory.java:529) Eagerly caching bean &apos;org.springframework.transaction.config.internalTransactionAdvisor&apos; to allow for resolving potential circular references
[ main:8744 ] org.springframework.beans.CachedIntrospectionResults.&lt;init&gt;(CachedIntrospectionResults.java:265) Getting BeanInfo for class [org.springframework.transaction.interceptor.BeanFactoryTransactionAttributeSourceAdvisor]
[ main:8744 ] org.springframework.beans.CachedIntrospectionResults.&lt;init&gt;(CachedIntrospectionResults.java:284) Caching PropertyDescriptors for class [org.springframework.transaction.interceptor.BeanFactoryTransactionAttributeSourceAdvisor]
[ main:8744 ] org.springframework.beans.CachedIntrospectionResults.&lt;init&gt;(CachedIntrospectionResults.java:297) Found bean property &apos;advice&apos; of type [org.aopalliance.aop.Advice]
[ main:8745 ] org.springframework.beans.CachedIntrospectionResults.&lt;init&gt;(CachedIntrospectionResults.java:297) Found bean property &apos;adviceBeanName&apos; of type [java.lang.String]
[ main:8745 ] org.springframework.beans.CachedIntrospectionResults.&lt;init&gt;(CachedIntrospectionResults.java:297) Found bean property &apos;beanFactory&apos; of type [org.springframework.beans.factory.BeanFactory]
[ main:8751 ] org.springframework.beans.CachedIntrospectionResults.&lt;init&gt;(CachedIntrospectionResults.java:297) Found bean property &apos;class&apos; of type [java.lang.Class]
[ main:8751 ] org.springframework.beans.CachedIntrospectionResults.&lt;init&gt;(CachedIntrospectionResults.java:297) Found bean property &apos;classFilter&apos; of type [org.springframework.aop.ClassFilter]
[ main:8751 ] org.springframework.beans.CachedIntrospectionResults.&lt;init&gt;(CachedIntrospectionResults.java:297) Found bean property &apos;order&apos; of type [int]
[ main:8752 ] org.springframework.beans.CachedIntrospectionResults.&lt;init&gt;(CachedIntrospectionResults.java:297) Found bean property &apos;perInstance&apos; of type [boolean]
[ main:8752 ] org.springframework.beans.CachedIntrospectionResults.&lt;init&gt;(CachedIntrospectionResults.java:297) Found bean property &apos;pointcut&apos; of type [org.springframework.aop.Pointcut]
[ main:8752 ] org.springframework.beans.CachedIntrospectionResults.&lt;init&gt;(CachedIntrospectionResults.java:297) Found bean property &apos;transactionAttributeSource&apos; of type [org.springframework.transaction.interceptor.TransactionAttributeSource]
[ main:8754 ] org.springframework.beans.factory.support.DefaultSingletonBeanRegistry.getSingleton(DefaultSingletonBeanRegistry.java:221) Creating shared instance of singleton bean &apos;org.springframework.transaction.annotation.AnnotationTransactionAttributeSource#0&apos;
[ main:8754 ] org.springframework.beans.factory.support.AbstractAutowireCapableBeanFactory.createBean(AbstractAutowireCapableBeanFactory.java:448) Creating instance of bean &apos;org.springframework.transaction.annotation.AnnotationTransactionAttributeSource#0&apos;
[ main:8755 ] org.springframework.beans.factory.support.AbstractAutowireCapableBeanFactory.doCreateBean(AbstractAutowireCapableBeanFactory.java:529) Eagerly caching bean &apos;org.springframework.transaction.annotation.AnnotationTransactionAttributeSource#0&apos; to allow for resolving potential circular references
[ main:8755 ] org.springframework.beans.CachedIntrospectionResults.&lt;init&gt;(CachedIntrospectionResults.java:265) Getting BeanInfo for class [org.springframework.transaction.annotation.AnnotationTransactionAttributeSource]
[ main:8755 ] org.springframework.beans.CachedIntrospectionResults.&lt;init&gt;(CachedIntrospectionResults.java:284) Caching PropertyDescriptors for class [org.springframework.transaction.annotation.AnnotationTransactionAttributeSource]
[ main:8756 ] org.springframework.beans.CachedIntrospectionResults.&lt;init&gt;(CachedIntrospectionResults.java:297) Found bean property &apos;class&apos; of type [java.lang.Class]
[ main:8757 ] org.springframework.aop.framework.autoproxy.BeanFactoryAdvisorRetrievalHelper.findAdvisorBeans(BeanFactoryAdvisorRetrievalHelper.java:87) Skipping currently created advisor &apos;org.springframework.transaction.config.internalTransactionAdvisor&apos;
[ main:8757 ] org.springframework.beans.factory.support.AbstractAutowireCapableBeanFactory.createBean(AbstractAutowireCapableBeanFactory.java:484) Finished creating instance of bean &apos;org.springframework.transaction.annotation.AnnotationTransactionAttributeSource#0&apos;
[ main:8758 ] org.springframework.beans.factory.support.AbstractAutowireCapableBeanFactory.createBean(AbstractAutowireCapableBeanFactory.java:484) Finished creating instance of bean &apos;org.springframework.transaction.config.internalTransactionAdvisor&apos;
[ main:8758 ] org.springframework.beans.factory.support.AbstractAutowireCapableBeanFactory.createBean(AbstractAutowireCapableBeanFactory.java:484) Finished creating instance of bean &apos;ds&apos;
[ main:8758 ] org.springframework.beans.factory.support.AbstractAutowireCapableBeanFactory.invokeInitMethods(AbstractAutowireCapableBeanFactory.java:1620) Invoking afterPropertiesSet() on bean with name &apos;sqlSessionFactory&apos;
[ main:8767 ] org.apache.ibatis.io.DefaultVFS.findJarForResource(DefaultVFS.java:222) Find JAR URL: file:/D:/webWorkspace/LYQstudyweb/target/test-classes/com/study
[ main:8767 ] org.apache.ibatis.io.DefaultVFS.findJarForResource(DefaultVFS.java:248) Not a JAR: file:/D:/webWorkspace/LYQstudyweb/target/test-classes/com/study
[ main:8767 ] org.apache.ibatis.io.DefaultVFS.list(DefaultVFS.java:102) Reader entry: basic
[ main:8768 ] org.apache.ibatis.io.DefaultVFS.list(DefaultVFS.java:102) Reader entry: charts
[ main:8768 ] org.apache.ibatis.io.DefaultVFS.list(DefaultVFS.java:102) Reader entry: question
[ main:8768 ] org.apache.ibatis.io.DefaultVFS.list(DefaultVFS.java:102) Reader entry: user
[ main:8769 ] org.apache.ibatis.io.DefaultVFS.list(DefaultVFS.java:113) Listing file:/D:/webWorkspace/LYQstudyweb/target/test-classes/com/study
[ main:8769 ] org.apache.ibatis.io.DefaultVFS.findJarForResource(DefaultVFS.java:222) Find JAR URL: file:/D:/webWorkspace/LYQstudyweb/target/test-classes/com/study/basic
[ main:8769 ] org.apache.ibatis.io.DefaultVFS.findJarForResource(DefaultVFS.java:248) Not a JAR: file:/D:/webWorkspace/LYQstudyweb/target/test-classes/com/study/basic
[ main:8769 ] org.apache.ibatis.io.DefaultVFS.list(DefaultVFS.java:102) Reader entry: dao
[ main:8770 ] org.apache.ibatis.io.DefaultVFS.list(DefaultVFS.java:102) Reader entry: service
[ main:8770 ] org.apache.ibatis.io.DefaultVFS.list(DefaultVFS.java:113) Listing file:/D:/webWorkspace/LYQstudyweb/target/test-classes/com/study/basic
[ main:8770 ] org.apache.ibatis.io.DefaultVFS.findJarForResource(DefaultVFS.java:222) Find JAR URL: file:/D:/webWorkspace/LYQstudyweb/target/test-classes/com/study/basic/dao
[ main:8770 ] org.apache.ibatis.io.DefaultVFS.findJarForResource(DefaultVFS.java:248) Not a JAR: file:/D:/webWorkspace/LYQstudyweb/target/test-classes/com/study/basic/dao
[ main:8771 ] org.apache.ibatis.io.DefaultVFS.list(DefaultVFS.java:102) Reader entry: ClsRoomMapperTest.class
[ main:8772 ] org.apache.ibatis.io.DefaultVFS.list(DefaultVFS.java:102) Reader entry: UserInfoMapperTest.class
[ main:8772 ] org.apache.ibatis.io.DefaultVFS.list(DefaultVFS.java:113) Listing file:/D:/webWorkspace/LYQstudyweb/target/test-classes/com/study/basic/dao
[ main:8772 ] org.apache.ibatis.io.DefaultVFS.findJarForResource(DefaultVFS.java:222) Find JAR URL: file:/D:/webWorkspace/LYQstudyweb/target/test-classes/com/study/basic/dao/ClsRoomMapperTest.class
[ main:8773 ] org.apache.ibatis.io.DefaultVFS.findJarForResource(DefaultVFS.java:248) Not a JAR: file:/D:/webWorkspace/LYQstudyweb/target/test-classes/com/study/basic/dao/ClsRoomMapperTest.class
[ main:8773 ] org.apache.ibatis.io.DefaultVFS.list(DefaultVFS.java:102) Reader entry: ����&amp;#0;&amp;#0;&amp;#0;3&amp;#0;d
[ main:8773 ] org.apache.ibatis.io.DefaultVFS.findJarForResource(DefaultVFS.java:222) Find JAR URL: file:/D:/webWorkspace/LYQstudyweb/target/test-classes/com/study/basic/dao/UserInfoMapperTest.class
[ main:8774 ] org.apache.ibatis.io.DefaultVFS.findJarForResource(DefaultVFS.java:248) Not a JAR: file:/D:/webWorkspace/LYQstudyweb/target/test-classes/com/study/basic/dao/UserInfoMapperTest.class
[ main:8774 ] org.apache.ibatis.io.DefaultVFS.list(DefaultVFS.java:102) Reader entry: ����&amp;#0;&amp;#0;&amp;#0;3&amp;#0;t
[ main:8775 ] org.apache.ibatis.io.DefaultVFS.findJarForResource(DefaultVFS.java:222) Find JAR URL: file:/D:/webWorkspace/LYQstudyweb/target/test-classes/com/study/basic/service
[ main:8775 ] org.apache.ibatis.io.DefaultVFS.findJarForResource(DefaultVFS.java:248) Not a JAR: file:/D:/webWorkspace/LYQstudyweb/target/test-classes/com/study/basic/service
[ main:8776 ] org.apache.ibatis.io.DefaultVFS.list(DefaultVFS.java:102) Reader entry: BasicServiceTest.class
[ main:8776 ] org.apache.ibatis.io.DefaultVFS.list(DefaultVFS.java:113) Listing file:/D:/webWorkspace/LYQstudyweb/target/test-classes/com/study/basic/service
[ main:8777 ] org.apache.ibatis.io.DefaultVFS.findJarForResource(DefaultVFS.java:222) Find JAR URL: file:/D:/webWorkspace/LYQstudyweb/target/test-classes/com/study/basic/service/BasicServiceTest.class
[ main:8777 ] org.apache.ibatis.io.DefaultVFS.findJarForResource(DefaultVFS.java:248) Not a JAR: file:/D:/webWorkspace/LYQstudyweb/target/test-classes/com/study/basic/service/BasicServiceTest.class
[ main:8778 ] org.apache.ibatis.io.DefaultVFS.list(DefaultVFS.java:102) Reader entry: ����&amp;#0;&amp;#0;&amp;#0;3&amp;#0;?
[ main:8778 ] org.apache.ibatis.io.DefaultVFS.findJarForResource(DefaultVFS.java:222) Find JAR URL: file:/D:/webWorkspace/LYQstudyweb/target/test-classes/com/study/charts
[ main:8778 ] org.apache.ibatis.io.DefaultVFS.findJarForResource(DefaultVFS.java:248) Not a JAR: file:/D:/webWorkspace/LYQstudyweb/target/test-classes/com/study/charts
[ main:8779 ] org.apache.ibatis.io.DefaultVFS.list(DefaultVFS.java:102) Reader entry: dao
[ main:8779 ] org.apache.ibatis.io.DefaultVFS.list(DefaultVFS.java:102) Reader entry: service
[ main:8779 ] org.apache.ibatis.io.DefaultVFS.list(DefaultVFS.java:113) Listing file:/D:/webWorkspace/LYQstudyweb/target/test-classes/com/study/charts
[ main:8780 ] org.apache.ibatis.io.DefaultVFS.findJarForResource(DefaultVFS.java:222) Find JAR URL: file:/D:/webWorkspace/LYQstudyweb/target/test-classes/com/study/charts/dao
[ main:8780 ] org.apache.ibatis.io.DefaultVFS.findJarForResource(DefaultVFS.java:248) Not a JAR: file:/D:/webWorkspace/LYQstudyweb/target/test-classes/com/study/charts/dao
[ main:8780 ] org.apache.ibatis.io.DefaultVFS.findJarForResource(DefaultVFS.java:222) Find JAR URL: file:/D:/webWorkspace/LYQstudyweb/target/test-classes/com/study/charts/service
[ main:8781 ] org.apache.ibatis.io.DefaultVFS.findJarForResource(DefaultVFS.java:248) Not a JAR: file:/D:/webWorkspace/LYQstudyweb/target/test-classes/com/study/charts/service
[ main:8781 ] org.apache.ibatis.io.DefaultVFS.findJarForResource(DefaultVFS.java:222) Find JAR URL: file:/D:/webWorkspace/LYQstudyweb/target/test-classes/com/study/question
[ main:8781 ] org.apache.ibatis.io.DefaultVFS.findJarForResource(DefaultVFS.java:248) Not a JAR: file:/D:/webWorkspace/LYQstudyweb/target/test-classes/com/study/question
[ main:8782 ] org.apache.ibatis.io.DefaultVFS.list(DefaultVFS.java:102) Reader entry: dao
[ main:8782 ] org.apache.ibatis.io.DefaultVFS.list(DefaultVFS.java:102) Reader entry: service
[ main:8783 ] org.apache.ibatis.io.DefaultVFS.list(DefaultVFS.java:113) Listing file:/D:/webWorkspace/LYQstudyweb/target/test-classes/com/study/question
[ main:8783 ] org.apache.ibatis.io.DefaultVFS.findJarForResource(DefaultVFS.java:222) Find JAR URL: file:/D:/webWorkspace/LYQstudyweb/target/test-classes/com/study/question/dao
[ main:8783 ] org.apache.ibatis.io.DefaultVFS.findJarForResource(DefaultVFS.java:248) Not a JAR: file:/D:/webWorkspace/LYQstudyweb/target/test-classes/com/study/question/dao
[ main:8784 ] org.apache.ibatis.io.DefaultVFS.findJarForResource(DefaultVFS.java:222) Find JAR URL: file:/D:/webWorkspace/LYQstudyweb/target/test-classes/com/study/question/service
[ main:8784 ] org.apache.ibatis.io.DefaultVFS.findJarForResource(DefaultVFS.java:248) Not a JAR: file:/D:/webWorkspace/LYQstudyweb/target/test-classes/com/study/question/service
[ main:8788 ] org.apache.ibatis.io.DefaultVFS.findJarForResource(DefaultVFS.java:222) Find JAR URL: file:/D:/webWorkspace/LYQstudyweb/target/test-classes/com/study/user
[ main:8788 ] org.apache.ibatis.io.DefaultVFS.findJarForResource(DefaultVFS.java:248) Not a JAR: file:/D:/webWorkspace/LYQstudyweb/target/test-classes/com/study/user
[ main:8789 ] org.apache.ibatis.io.DefaultVFS.list(DefaultVFS.java:102) Reader entry: dao
[ main:8789 ] org.apache.ibatis.io.DefaultVFS.list(DefaultVFS.java:102) Reader entry: service
[ main:8790 ] org.apache.ibatis.io.DefaultVFS.list(DefaultVFS.java:113) Listing file:/D:/webWorkspace/LYQstudyweb/target/test-classes/com/study/user
[ main:8790 ] org.apache.ibatis.io.DefaultVFS.findJarForResource(DefaultVFS.java:222) Find JAR URL: file:/D:/webWorkspace/LYQstudyweb/target/test-classes/com/study/user/dao
[ main:8790 ] org.apache.ibatis.io.DefaultVFS.findJarForResource(DefaultVFS.java:248) Not a JAR: file:/D:/webWorkspace/LYQstudyweb/target/test-classes/com/study/user/dao
[ main:8791 ] org.apache.ibatis.io.DefaultVFS.list(DefaultVFS.java:102) Reader entry: RoleMapperTest.class
[ main:8791 ] org.apache.ibatis.io.DefaultVFS.list(DefaultVFS.java:102) Reader entry: RoleRightsMapperTest.class
[ main:8792 ] org.apache.ibatis.io.DefaultVFS.list(DefaultVFS.java:102) Reader entry: TeacherMapperTest.class
[ main:8792 ] org.apache.ibatis.io.DefaultVFS.list(DefaultVFS.java:113) Listing file:/D:/webWorkspace/LYQstudyweb/target/test-classes/com/study/user/dao
[ main:8792 ] org.apache.ibatis.io.DefaultVFS.findJarForResource(DefaultVFS.java:222) Find JAR URL: file:/D:/webWorkspace/LYQstudyweb/target/test-classes/com/study/user/dao/RoleMapperTest.class
[ main:8792 ] org.apache.ibatis.io.DefaultVFS.findJarForResource(DefaultVFS.java:248) Not a JAR: file:/D:/webWorkspace/LYQstudyweb/target/test-classes/com/study/user/dao/RoleMapperTest.class
[ main:8793 ] org.apache.ibatis.io.DefaultVFS.list(DefaultVFS.java:102) Reader entry: ����&amp;#0;&amp;#0;&amp;#0;3&amp;#0;?
[ main:8793 ] org.apache.ibatis.io.DefaultVFS.findJarForResource(DefaultVFS.java:222) Find JAR URL: file:/D:/webWorkspace/LYQstudyweb/target/test-classes/com/study/user/dao/RoleRightsMapperTest.class
[ main:8794 ] org.apache.ibatis.io.DefaultVFS.findJarForResource(DefaultVFS.java:248) Not a JAR: file:/D:/webWorkspace/LYQstudyweb/target/test-classes/com/study/user/dao/RoleRightsMapperTest.class
[ main:8794 ] org.apache.ibatis.io.DefaultVFS.list(DefaultVFS.java:102) Reader entry: ����&amp;#0;&amp;#0;&amp;#0;3&amp;#0;T
[ main:8795 ] org.apache.ibatis.io.DefaultVFS.findJarForResource(DefaultVFS.java:222) Find JAR URL: file:/D:/webWorkspace/LYQstudyweb/target/test-classes/com/study/user/dao/TeacherMapperTest.class
[ main:8795 ] org.apache.ibatis.io.DefaultVFS.findJarForResource(DefaultVFS.java:248) Not a JAR: file:/D:/webWorkspace/LYQstudyweb/target/test-classes/com/study/user/dao/TeacherMapperTest.class
[ main:8796 ] org.apache.ibatis.io.DefaultVFS.list(DefaultVFS.java:102) Reader entry: ����&amp;#0;&amp;#0;&amp;#0;3&amp;#0;R
[ main:8796 ] org.apache.ibatis.io.DefaultVFS.findJarForResource(DefaultVFS.java:222) Find JAR URL: file:/D:/webWorkspace/LYQstudyweb/target/test-classes/com/study/user/service
[ main:8796 ] org.apache.ibatis.io.DefaultVFS.findJarForResource(DefaultVFS.java:248) Not a JAR: file:/D:/webWorkspace/LYQstudyweb/target/test-classes/com/study/user/service
[ main:8797 ] org.apache.ibatis.io.DefaultVFS.list(DefaultVFS.java:102) Reader entry: UserServiceImplTest.class
[ main:8798 ] org.apache.ibatis.io.DefaultVFS.list(DefaultVFS.java:113) Listing file:/D:/webWorkspace/LYQstudyweb/target/test-classes/com/study/user/service
[ main:8798 ] org.apache.ibatis.io.DefaultVFS.findJarForResource(DefaultVFS.java:222) Find JAR URL: file:/D:/webWorkspace/LYQstudyweb/target/test-classes/com/study/user/service/UserServiceImplTest.class
[ main:8798 ] org.apache.ibatis.io.DefaultVFS.findJarForResource(DefaultVFS.java:248) Not a JAR: file:/D:/webWorkspace/LYQstudyweb/target/test-classes/com/study/user/service/UserServiceImplTest.class
[ main:8800 ] org.apache.ibatis.io.DefaultVFS.list(DefaultVFS.java:102) Reader entry: ����&amp;#0;&amp;#0;&amp;#0;3&amp;#0;?
[ main:8801 ] org.apache.ibatis.io.DefaultVFS.findJarForResource(DefaultVFS.java:222) Find JAR URL: file:/D:/webWorkspace/LYQstudyweb/target/classes/com/study
[ main:8801 ] org.apache.ibatis.io.DefaultVFS.findJarForResource(DefaultVFS.java:248) Not a JAR: file:/D:/webWorkspace/LYQstudyweb/target/classes/com/study
[ main:8802 ] org.apache.ibatis.io.DefaultVFS.list(DefaultVFS.java:102) Reader entry: basic
[ main:8802 ] org.apache.ibatis.io.DefaultVFS.list(DefaultVFS.java:102) Reader entry: charts
[ main:8803 ] org.apache.ibatis.io.DefaultVFS.list(DefaultVFS.java:102) Reader entry: common
[ main:8803 ] org.apache.ibatis.io.DefaultVFS.list(DefaultVFS.java:102) Reader entry: question
[ main:8803 ] org.apache.ibatis.io.DefaultVFS.list(DefaultVFS.java:102) Reader entry: user
[ main:8804 ] org.apache.ibatis.io.DefaultVFS.list(DefaultVFS.java:113) Listing file:/D:/webWorkspace/LYQstudyweb/target/classes/com/study
[ main:8804 ] org.apache.ibatis.io.DefaultVFS.findJarForResource(DefaultVFS.java:222) Find JAR URL: file:/D:/webWorkspace/LYQstudyweb/target/classes/com/study/basic
[ main:8805 ] org.apache.ibatis.io.DefaultVFS.findJarForResource(DefaultVFS.java:248) Not a JAR: file:/D:/webWorkspace/LYQstudyweb/target/classes/com/study/basic
[ main:8806 ] org.apache.ibatis.io.DefaultVFS.list(DefaultVFS.java:102) Reader entry: dao
[ main:8807 ] org.apache.ibatis.io.DefaultVFS.list(DefaultVFS.java:102) Reader entry: pojo
[ main:8807 ] org.apache.ibatis.io.DefaultVFS.list(DefaultVFS.java:102) Reader entry: service
[ main:8807 ] org.apache.ibatis.io.DefaultVFS.list(DefaultVFS.java:102) Reader entry: vo
[ main:8808 ] org.apache.ibatis.io.DefaultVFS.list(DefaultVFS.java:102) Reader entry: web
[ main:8808 ] org.apache.ibatis.io.DefaultVFS.list(DefaultVFS.java:113) Listing file:/D:/webWorkspace/LYQstudyweb/target/classes/com/study/basic
[ main:8808 ] org.apache.ibatis.io.DefaultVFS.findJarForResource(DefaultVFS.java:222) Find JAR URL: file:/D:/webWorkspace/LYQstudyweb/target/classes/com/study/basic/dao
[ main:8809 ] org.apache.ibatis.io.DefaultVFS.findJarForResource(DefaultVFS.java:248) Not a JAR: file:/D:/webWorkspace/LYQstudyweb/target/classes/com/study/basic/dao
[ main:8809 ] org.apache.ibatis.io.DefaultVFS.list(DefaultVFS.java:102) Reader entry: ClsMapper.class
[ main:8810 ] org.apache.ibatis.io.DefaultVFS.list(DefaultVFS.java:102) Reader entry: ClsMapper.xml
[ main:8810 ] org.apache.ibatis.io.DefaultVFS.list(DefaultVFS.java:102) Reader entry: ClsRoomMapper.class
[ main:8810 ] org.apache.ibatis.io.DefaultVFS.list(DefaultVFS.java:102) Reader entry: ClsRoomMapper.xml
[ main:8810 ] org.apache.ibatis.io.DefaultVFS.list(DefaultVFS.java:102) Reader entry: UserInfoMapper.class
[ main:8811 ] org.apache.ibatis.io.DefaultVFS.list(DefaultVFS.java:102) Reader entry: UserInfoMapper.xml
[ main:8811 ] org.apache.ibatis.io.DefaultVFS.list(DefaultVFS.java:113) Listing file:/D:/webWorkspace/LYQstudyweb/target/classes/com/study/basic/dao
[ main:8811 ] org.apache.ibatis.io.DefaultVFS.findJarForResource(DefaultVFS.java:222) Find JAR URL: file:/D:/webWorkspace/LYQstudyweb/target/classes/com/study/basic/dao/ClsMapper.class
[ main:8811 ] org.apache.ibatis.io.DefaultVFS.findJarForResource(DefaultVFS.java:248) Not a JAR: file:/D:/webWorkspace/LYQstudyweb/target/classes/com/study/basic/dao/ClsMapper.class
[ main:8812 ] org.apache.ibatis.io.DefaultVFS.list(DefaultVFS.java:102) Reader entry: ����&amp;#0;&amp;#0;&amp;#0;3&amp;#0;&amp;#20;&amp;#7;&amp;#0;&amp;#18;&amp;#7;&amp;#0;&amp;#19;&amp;#1;&amp;#0;&amp;#18;deleteByPrimaryKey&amp;#1;&amp;#0;&amp;#22;(Ljava/lang/Integer;)I&amp;#1;&amp;#0;&amp;#6;insert&amp;#1;&amp;#0;&amp;#29;(Lcom/study/basic/pojo/Cls;)I&amp;#1;&amp;#0;&amp;#15;insertSelective&amp;#1;&amp;#0;&amp;#18;selectByPrimaryKey&amp;#1;&amp;#0;/(Ljava/lang/Integer;)Lcom/study/basic/pojo/Cls;&amp;#1;&amp;#0;
[ main:8812 ] org.apache.ibatis.io.DefaultVFS.findJarForResource(DefaultVFS.java:222) Find JAR URL: file:/D:/webWorkspace/LYQstudyweb/target/classes/com/study/basic/dao/ClsMapper.xml
[ main:8813 ] org.apache.ibatis.io.DefaultVFS.findJarForResource(DefaultVFS.java:248) Not a JAR: file:/D:/webWorkspace/LYQstudyweb/target/classes/com/study/basic/dao/ClsMapper.xml
[ main:8814 ] org.apache.ibatis.io.DefaultVFS.list(DefaultVFS.java:102) Reader entry: &lt;?xml version=&quot;1.0&quot; encoding=&quot;UTF-8&quot; ?&gt;
[ main:8814 ] org.apache.ibatis.io.DefaultVFS.findJarForResource(DefaultVFS.java:222) Find JAR URL: file:/D:/webWorkspace/LYQstudyweb/target/classes/com/study/basic/dao/ClsRoomMapper.class
[ main:8815 ] org.apache.ibatis.io.DefaultVFS.findJarForResource(DefaultVFS.java:248) Not a JAR: file:/D:/webWorkspace/LYQstudyweb/target/classes/com/study/basic/dao/ClsRoomMapper.class
[ main:8815 ] org.apache.ibatis.io.DefaultVFS.list(DefaultVFS.java:102) Reader entry: ����&amp;#0;&amp;#0;&amp;#0;3&amp;#0;&amp;#20;&amp;#7;&amp;#0;&amp;#18;&amp;#7;&amp;#0;&amp;#19;&amp;#1;&amp;#0;&amp;#18;deleteByPrimaryKey&amp;#1;&amp;#0;&amp;#22;(Ljava/lang/Integer;)I&amp;#1;&amp;#0;&amp;#6;insert&amp;#1;&amp;#0;!(Lcom/study/basic/pojo/ClsRoom;)I&amp;#1;&amp;#0;&amp;#15;insertSelective&amp;#1;&amp;#0;&amp;#18;selectByPrimaryKey&amp;#1;&amp;#0;3(Ljava/lang/Integer;)Lcom/study/basic/pojo/ClsRoom;&amp;#1;&amp;#0;&amp;#14;listAllClsRoom&amp;#1;&amp;#0;&amp;#18;()Ljava/util/List;&amp;#1;&amp;#0;	Signature&amp;#1;&amp;#0;2()Ljava/util/List&lt;Lcom/study/basic/pojo/ClsRoom;&gt;;&amp;#1;&amp;#0;&amp;#27;updateByPrimaryKeySelective&amp;#1;&amp;#0;&amp;#18;updateByPrimaryKey&amp;#1;&amp;#0;
[ main:8816 ] org.apache.ibatis.io.DefaultVFS.findJarForResource(DefaultVFS.java:222) Find JAR URL: file:/D:/webWorkspace/LYQstudyweb/target/classes/com/study/basic/dao/ClsRoomMapper.xml
[ main:8816 ] org.apache.ibatis.io.DefaultVFS.findJarForResource(DefaultVFS.java:248) Not a JAR: file:/D:/webWorkspace/LYQstudyweb/target/classes/com/study/basic/dao/ClsRoomMapper.xml
[ main:8821 ] org.apache.ibatis.io.DefaultVFS.list(DefaultVFS.java:102) Reader entry: &lt;?xml version=&quot;1.0&quot; encoding=&quot;UTF-8&quot; ?&gt;
[ main:8822 ] org.apache.ibatis.io.DefaultVFS.findJarForResource(DefaultVFS.java:222) Find JAR URL: file:/D:/webWorkspace/LYQstudyweb/target/classes/com/study/basic/dao/UserInfoMapper.class
[ main:8822 ] org.apache.ibatis.io.DefaultVFS.findJarForResource(DefaultVFS.java:248) Not a JAR: file:/D:/webWorkspace/LYQstudyweb/target/classes/com/study/basic/dao/UserInfoMapper.class
[ main:8835 ] org.apache.ibatis.io.DefaultVFS.list(DefaultVFS.java:102) Reader entry: ����&amp;#0;&amp;#0;&amp;#0;3&amp;#0;&amp;#20;&amp;#7;&amp;#0;&amp;#18;&amp;#7;&amp;#0;&amp;#19;&amp;#1;&amp;#0;&amp;#18;deleteByPrimaryKey&amp;#1;&amp;#0;&amp;#22;(Ljava/lang/Integer;)I&amp;#1;&amp;#0;&amp;#6;insert&amp;#1;&amp;#0;&quot;(Lcom/study/basic/pojo/UserInfo;)I&amp;#1;&amp;#0;&amp;#15;insertSelective&amp;#1;&amp;#0;&amp;#18;selectByPrimaryKey&amp;#1;&amp;#0;4(Ljava/lang/Integer;)Lcom/study/basic/pojo/UserInfo;&amp;#1;&amp;#0;&amp;#15;listAllUserInfo&amp;#1;&amp;#0;&amp;#18;()Ljava/util/List;&amp;#1;&amp;#0;	Signature&amp;#1;&amp;#0;3()Ljava/util/List&lt;Lcom/study/basic/pojo/UserInfo;&gt;;&amp;#1;&amp;#0;&amp;#27;updateByPrimaryKeySelective&amp;#1;&amp;#0;&amp;#18;updateByPrimaryKey&amp;#1;&amp;#0;
[ main:8837 ] org.apache.ibatis.io.DefaultVFS.findJarForResource(DefaultVFS.java:222) Find JAR URL: file:/D:/webWorkspace/LYQstudyweb/target/classes/com/study/basic/dao/UserInfoMapper.xml
[ main:8838 ] org.apache.ibatis.io.DefaultVFS.findJarForResource(DefaultVFS.java:248) Not a JAR: file:/D:/webWorkspace/LYQstudyweb/target/classes/com/study/basic/dao/UserInfoMapper.xml
[ main:8872 ] org.apache.ibatis.io.DefaultVFS.list(DefaultVFS.java:102) Reader entry: &lt;?xml version=&quot;1.0&quot; encoding=&quot;UTF-8&quot; ?&gt;
[ main:8872 ] org.apache.ibatis.io.DefaultVFS.findJarForResource(DefaultVFS.java:222) Find JAR URL: file:/D:/webWorkspace/LYQstudyweb/target/classes/com/study/basic/pojo
[ main:8872 ] org.apache.ibatis.io.DefaultVFS.findJarForResource(DefaultVFS.java:248) Not a JAR: file:/D:/webWorkspace/LYQstudyweb/target/classes/com/study/basic/pojo
[ main:8873 ] org.apache.ibatis.io.DefaultVFS.list(DefaultVFS.java:102) Reader entry: Cls.class
[ main:8873 ] org.apache.ibatis.io.DefaultVFS.list(DefaultVFS.java:102) Reader entry: ClsRoom.class
[ main:8874 ] org.apache.ibatis.io.DefaultVFS.list(DefaultVFS.java:102) Reader entry: UserInfo.class
[ main:8874 ] org.apache.ibatis.io.DefaultVFS.list(DefaultVFS.java:113) Listing file:/D:/webWorkspace/LYQstudyweb/target/classes/com/study/basic/pojo
[ main:8874 ] org.apache.ibatis.io.DefaultVFS.findJarForResource(DefaultVFS.java:222) Find JAR URL: file:/D:/webWorkspace/LYQstudyweb/target/classes/com/study/basic/pojo/Cls.class
[ main:8874 ] org.apache.ibatis.io.DefaultVFS.findJarForResource(DefaultVFS.java:248) Not a JAR: file:/D:/webWorkspace/LYQstudyweb/target/classes/com/study/basic/pojo/Cls.class
[ main:8875 ] org.apache.ibatis.io.DefaultVFS.list(DefaultVFS.java:102) Reader entry: ����&amp;#0;&amp;#0;&amp;#0;3&amp;#0;W
[ main:8875 ] org.apache.ibatis.io.DefaultVFS.findJarForResource(DefaultVFS.java:222) Find JAR URL: file:/D:/webWorkspace/LYQstudyweb/target/classes/com/study/basic/pojo/ClsRoom.class
[ main:8875 ] org.apache.ibatis.io.DefaultVFS.findJarForResource(DefaultVFS.java:248) Not a JAR: file:/D:/webWorkspace/LYQstudyweb/target/classes/com/study/basic/pojo/ClsRoom.class
[ main:8875 ] org.apache.ibatis.io.DefaultVFS.list(DefaultVFS.java:102) Reader entry: ����&amp;#0;&amp;#0;&amp;#0;3&amp;#0;D
[ main:8876 ] org.apache.ibatis.io.DefaultVFS.findJarForResource(DefaultVFS.java:222) Find JAR URL: file:/D:/webWorkspace/LYQstudyweb/target/classes/com/study/basic/pojo/UserInfo.class
[ main:8876 ] org.apache.ibatis.io.DefaultVFS.findJarForResource(DefaultVFS.java:248) Not a JAR: file:/D:/webWorkspace/LYQstudyweb/target/classes/com/study/basic/pojo/UserInfo.class
[ main:8876 ] org.apache.ibatis.io.DefaultVFS.list(DefaultVFS.java:102) Reader entry: ����&amp;#0;&amp;#0;&amp;#0;3&amp;#0;?
[ main:8877 ] org.apache.ibatis.io.DefaultVFS.findJarForResource(DefaultVFS.java:222) Find JAR URL: file:/D:/webWorkspace/LYQstudyweb/target/classes/com/study/basic/service
[ main:8877 ] org.apache.ibatis.io.DefaultVFS.findJarForResource(DefaultVFS.java:248) Not a JAR: file:/D:/webWorkspace/LYQstudyweb/target/classes/com/study/basic/service
[ main:8877 ] org.apache.ibatis.io.DefaultVFS.list(DefaultVFS.java:102) Reader entry: BasicServiceImpl.class
[ main:8878 ] org.apache.ibatis.io.DefaultVFS.list(DefaultVFS.java:102) Reader entry: IBasicService.class
[ main:8878 ] org.apache.ibatis.io.DefaultVFS.list(DefaultVFS.java:113) Listing file:/D:/webWorkspace/LYQstudyweb/target/classes/com/study/basic/service
[ main:8878 ] org.apache.ibatis.io.DefaultVFS.findJarForResource(DefaultVFS.java:222) Find JAR URL: file:/D:/webWorkspace/LYQstudyweb/target/classes/com/study/basic/service/BasicServiceImpl.class
[ main:8878 ] org.apache.ibatis.io.DefaultVFS.findJarForResource(DefaultVFS.java:248) Not a JAR: file:/D:/webWorkspace/LYQstudyweb/target/classes/com/study/basic/service/BasicServiceImpl.class
[ main:8879 ] org.apache.ibatis.io.DefaultVFS.list(DefaultVFS.java:102) Reader entry: ����&amp;#0;&amp;#0;&amp;#0;3&amp;#0;?
[ main:8879 ] org.apache.ibatis.io.DefaultVFS.findJarForResource(DefaultVFS.java:222) Find JAR URL: file:/D:/webWorkspace/LYQstudyweb/target/classes/com/study/basic/service/IBasicService.class
[ main:8882 ] org.apache.ibatis.io.DefaultVFS.findJarForResource(DefaultVFS.java:248) Not a JAR: file:/D:/webWorkspace/LYQstudyweb/target/classes/com/study/basic/service/IBasicService.class
[ main:8883 ] org.apache.ibatis.io.DefaultVFS.list(DefaultVFS.java:102) Reader entry: ����&amp;#0;&amp;#0;&amp;#0;3&amp;#0; &amp;#7;&amp;#0;&amp;#30;&amp;#7;&amp;#0;&amp;#31;&amp;#1;&amp;#0;&amp;#14;listAllClsRoom&amp;#1;&amp;#0;&amp;#18;()Ljava/util/List;&amp;#1;&amp;#0;	Signature&amp;#1;&amp;#0;2()Ljava/util/List&lt;Lcom/study/basic/pojo/ClsRoom;&gt;;&amp;#1;&amp;#0;&amp;#15;listAllUserInfo&amp;#1;&amp;#0;3()Ljava/util/List&lt;Lcom/study/basic/pojo/UserInfo;&gt;;&amp;#1;&amp;#0;
[ main:8883 ] org.apache.ibatis.io.DefaultVFS.findJarForResource(DefaultVFS.java:222) Find JAR URL: file:/D:/webWorkspace/LYQstudyweb/target/classes/com/study/basic/vo
[ main:8884 ] org.apache.ibatis.io.DefaultVFS.findJarForResource(DefaultVFS.java:248) Not a JAR: file:/D:/webWorkspace/LYQstudyweb/target/classes/com/study/basic/vo
[ main:8884 ] org.apache.ibatis.io.DefaultVFS.list(DefaultVFS.java:102) Reader entry: UserVO.class
[ main:8885 ] org.apache.ibatis.io.DefaultVFS.list(DefaultVFS.java:113) Listing file:/D:/webWorkspace/LYQstudyweb/target/classes/com/study/basic/vo
[ main:8885 ] org.apache.ibatis.io.DefaultVFS.findJarForResource(DefaultVFS.java:222) Find JAR URL: file:/D:/webWorkspace/LYQstudyweb/target/classes/com/study/basic/vo/UserVO.class
[ main:8885 ] org.apache.ibatis.io.DefaultVFS.findJarForResource(DefaultVFS.java:248) Not a JAR: file:/D:/webWorkspace/LYQstudyweb/target/classes/com/study/basic/vo/UserVO.class
[ main:8885 ] org.apache.ibatis.io.DefaultVFS.list(DefaultVFS.java:102) Reader entry: ����&amp;#0;&amp;#0;&amp;#0;3&amp;#0;%
[ main:8886 ] org.apache.ibatis.io.DefaultVFS.findJarForResource(DefaultVFS.java:222) Find JAR URL: file:/D:/webWorkspace/LYQstudyweb/target/classes/com/study/basic/web
[ main:8886 ] org.apache.ibatis.io.DefaultVFS.findJarForResource(DefaultVFS.java:248) Not a JAR: file:/D:/webWorkspace/LYQstudyweb/target/classes/com/study/basic/web
[ main:8886 ] org.apache.ibatis.io.DefaultVFS.list(DefaultVFS.java:102) Reader entry: ClsController.class
[ main:8887 ] org.apache.ibatis.io.DefaultVFS.list(DefaultVFS.java:102) Reader entry: ClsRoomController.class
[ main:8887 ] org.apache.ibatis.io.DefaultVFS.list(DefaultVFS.java:102) Reader entry: UserInfoController.class
[ main:8887 ] org.apache.ibatis.io.DefaultVFS.list(DefaultVFS.java:113) Listing file:/D:/webWorkspace/LYQstudyweb/target/classes/com/study/basic/web
[ main:8887 ] org.apache.ibatis.io.DefaultVFS.findJarForResource(DefaultVFS.java:222) Find JAR URL: file:/D:/webWorkspace/LYQstudyweb/target/classes/com/study/basic/web/ClsController.class
[ main:8888 ] org.apache.ibatis.io.DefaultVFS.findJarForResource(DefaultVFS.java:248) Not a JAR: file:/D:/webWorkspace/LYQstudyweb/target/classes/com/study/basic/web/ClsController.class
[ main:8888 ] org.apache.ibatis.io.DefaultVFS.list(DefaultVFS.java:102) Reader entry: ����&amp;#0;&amp;#0;&amp;#0;3&amp;#0;?
[ main:8888 ] org.apache.ibatis.io.DefaultVFS.findJarForResource(DefaultVFS.java:222) Find JAR URL: file:/D:/webWorkspace/LYQstudyweb/target/classes/com/study/basic/web/ClsRoomController.class
[ main:8888 ] org.apache.ibatis.io.DefaultVFS.findJarForResource(DefaultVFS.java:248) Not a JAR: file:/D:/webWorkspace/LYQstudyweb/target/classes/com/study/basic/web/ClsRoomController.class
[ main:8889 ] org.apache.ibatis.io.DefaultVFS.list(DefaultVFS.java:102) Reader entry: ����&amp;#0;&amp;#0;&amp;#0;3&amp;#0;t
[ main:8889 ] org.apache.ibatis.io.DefaultVFS.findJarForResource(DefaultVFS.java:222) Find JAR URL: file:/D:/webWorkspace/LYQstudyweb/target/classes/com/study/basic/web/UserInfoController.class
[ main:8890 ] org.apache.ibatis.io.DefaultVFS.findJarForResource(DefaultVFS.java:248) Not a JAR: file:/D:/webWorkspace/LYQstudyweb/target/classes/com/study/basic/web/UserInfoController.class
[ main:8890 ] org.apache.ibatis.io.DefaultVFS.list(DefaultVFS.java:102) Reader entry: ����&amp;#0;&amp;#0;&amp;#0;3&amp;#0;?
[ main:8891 ] org.apache.ibatis.io.DefaultVFS.findJarForResource(DefaultVFS.java:222) Find JAR URL: file:/D:/webWorkspace/LYQstudyweb/target/classes/com/study/charts
[ main:8891 ] org.apache.ibatis.io.DefaultVFS.findJarForResource(DefaultVFS.java:248) Not a JAR: file:/D:/webWorkspace/LYQstudyweb/target/classes/com/study/charts
[ main:8891 ] org.apache.ibatis.io.DefaultVFS.list(DefaultVFS.java:102) Reader entry: dao
[ main:8892 ] org.apache.ibatis.io.DefaultVFS.list(DefaultVFS.java:102) Reader entry: pojo
[ main:8892 ] org.apache.ibatis.io.DefaultVFS.list(DefaultVFS.java:102) Reader entry: service
[ main:8892 ] org.apache.ibatis.io.DefaultVFS.list(DefaultVFS.java:102) Reader entry: web
[ main:8892 ] org.apache.ibatis.io.DefaultVFS.list(DefaultVFS.java:113) Listing file:/D:/webWorkspace/LYQstudyweb/target/classes/com/study/charts
[ main:8893 ] org.apache.ibatis.io.DefaultVFS.findJarForResource(DefaultVFS.java:222) Find JAR URL: file:/D:/webWorkspace/LYQstudyweb/target/classes/com/study/charts/dao
[ main:8893 ] org.apache.ibatis.io.DefaultVFS.findJarForResource(DefaultVFS.java:248) Not a JAR: file:/D:/webWorkspace/LYQstudyweb/target/classes/com/study/charts/dao
[ main:8893 ] org.apache.ibatis.io.DefaultVFS.list(DefaultVFS.java:102) Reader entry: VoteHistoryMapper.class
[ main:8894 ] org.apache.ibatis.io.DefaultVFS.list(DefaultVFS.java:102) Reader entry: VoteHistoryMapper.xml
[ main:8894 ] org.apache.ibatis.io.DefaultVFS.list(DefaultVFS.java:113) Listing file:/D:/webWorkspace/LYQstudyweb/target/classes/com/study/charts/dao
[ main:8894 ] org.apache.ibatis.io.DefaultVFS.findJarForResource(DefaultVFS.java:222) Find JAR URL: file:/D:/webWorkspace/LYQstudyweb/target/classes/com/study/charts/dao/VoteHistoryMapper.class
[ main:8894 ] org.apache.ibatis.io.DefaultVFS.findJarForResource(DefaultVFS.java:248) Not a JAR: file:/D:/webWorkspace/LYQstudyweb/target/classes/com/study/charts/dao/VoteHistoryMapper.class
[ main:8895 ] org.apache.ibatis.io.DefaultVFS.list(DefaultVFS.java:102) Reader entry: ����&amp;#0;&amp;#0;&amp;#0;3&amp;#0;&amp;#16;&amp;#7;&amp;#0;&amp;#14;&amp;#7;&amp;#0;&amp;#15;&amp;#1;&amp;#0;&amp;#18;deleteByPrimaryKey&amp;#1;&amp;#0;&amp;#22;(Ljava/lang/Integer;)I&amp;#1;&amp;#0;&amp;#6;insert&amp;#1;&amp;#0;&amp;(Lcom/study/charts/pojo/VoteHistory;)I&amp;#1;&amp;#0;&amp;#15;insertSelective&amp;#1;&amp;#0;&amp;#18;selectByPrimaryKey&amp;#1;&amp;#0;8(Ljava/lang/Integer;)Lcom/study/charts/pojo/VoteHistory;&amp;#1;&amp;#0;&amp;#27;updateByPrimaryKeySelective&amp;#1;&amp;#0;&amp;#18;updateByPrimaryKey&amp;#1;&amp;#0;
[ main:8895 ] org.apache.ibatis.io.DefaultVFS.findJarForResource(DefaultVFS.java:222) Find JAR URL: file:/D:/webWorkspace/LYQstudyweb/target/classes/com/study/charts/dao/VoteHistoryMapper.xml
[ main:8895 ] org.apache.ibatis.io.DefaultVFS.findJarForResource(DefaultVFS.java:248) Not a JAR: file:/D:/webWorkspace/LYQstudyweb/target/classes/com/study/charts/dao/VoteHistoryMapper.xml
[ main:8896 ] org.apache.ibatis.io.DefaultVFS.list(DefaultVFS.java:102) Reader entry: &lt;?xml version=&quot;1.0&quot; encoding=&quot;UTF-8&quot; ?&gt;
[ main:8896 ] org.apache.ibatis.io.DefaultVFS.findJarForResource(DefaultVFS.java:222) Find JAR URL: file:/D:/webWorkspace/LYQstudyweb/target/classes/com/study/charts/pojo
[ main:8896 ] org.apache.ibatis.io.DefaultVFS.findJarForResource(DefaultVFS.java:248) Not a JAR: file:/D:/webWorkspace/LYQstudyweb/target/classes/com/study/charts/pojo
[ main:8897 ] org.apache.ibatis.io.DefaultVFS.list(DefaultVFS.java:102) Reader entry: VoteHistory.class
[ main:8898 ] org.apache.ibatis.io.DefaultVFS.list(DefaultVFS.java:113) Listing file:/D:/webWorkspace/LYQstudyweb/target/classes/com/study/charts/pojo
[ main:8898 ] org.apache.ibatis.io.DefaultVFS.findJarForResource(DefaultVFS.java:222) Find JAR URL: file:/D:/webWorkspace/LYQstudyweb/target/classes/com/study/charts/pojo/VoteHistory.class
[ main:8898 ] org.apache.ibatis.io.DefaultVFS.findJarForResource(DefaultVFS.java:248) Not a JAR: file:/D:/webWorkspace/LYQstudyweb/target/classes/com/study/charts/pojo/VoteHistory.class
[ main:8899 ] org.apache.ibatis.io.DefaultVFS.list(DefaultVFS.java:102) Reader entry: ����&amp;#0;&amp;#0;&amp;#0;3&amp;#0;&apos;
[ main:8899 ] org.apache.ibatis.io.DefaultVFS.findJarForResource(DefaultVFS.java:222) Find JAR URL: file:/D:/webWorkspace/LYQstudyweb/target/classes/com/study/charts/service
[ main:8899 ] org.apache.ibatis.io.DefaultVFS.findJarForResource(DefaultVFS.java:248) Not a JAR: file:/D:/webWorkspace/LYQstudyweb/target/classes/com/study/charts/service
[ main:8900 ] org.apache.ibatis.io.DefaultVFS.findJarForResource(DefaultVFS.java:222) Find JAR URL: file:/D:/webWorkspace/LYQstudyweb/target/classes/com/study/charts/web
[ main:8900 ] org.apache.ibatis.io.DefaultVFS.findJarForResource(DefaultVFS.java:248) Not a JAR: file:/D:/webWorkspace/LYQstudyweb/target/classes/com/study/charts/web
[ main:8901 ] org.apache.ibatis.io.DefaultVFS.findJarForResource(DefaultVFS.java:222) Find JAR URL: file:/D:/webWorkspace/LYQstudyweb/target/classes/com/study/common
[ main:8901 ] org.apache.ibatis.io.DefaultVFS.findJarForResource(DefaultVFS.java:248) Not a JAR: file:/D:/webWorkspace/LYQstudyweb/target/classes/com/study/common
[ main:8901 ] org.apache.ibatis.io.DefaultVFS.list(DefaultVFS.java:102) Reader entry: page
[ main:8902 ] org.apache.ibatis.io.DefaultVFS.list(DefaultVFS.java:102) Reader entry: util
[ main:8902 ] org.apache.ibatis.io.DefaultVFS.list(DefaultVFS.java:113) Listing file:/D:/webWorkspace/LYQstudyweb/target/classes/com/study/common
[ main:8902 ] org.apache.ibatis.io.DefaultVFS.findJarForResource(DefaultVFS.java:222) Find JAR URL: file:/D:/webWorkspace/LYQstudyweb/target/classes/com/study/common/page
[ main:8902 ] org.apache.ibatis.io.DefaultVFS.findJarForResource(DefaultVFS.java:248) Not a JAR: file:/D:/webWorkspace/LYQstudyweb/target/classes/com/study/common/page
[ main:8903 ] org.apache.ibatis.io.DefaultVFS.list(DefaultVFS.java:102) Reader entry: PageInfo.class
[ main:8903 ] org.apache.ibatis.io.DefaultVFS.list(DefaultVFS.java:102) Reader entry: PageInterceptor.class
[ main:8903 ] org.apache.ibatis.io.DefaultVFS.list(DefaultVFS.java:102) Reader entry: PageTools.class
[ main:8904 ] org.apache.ibatis.io.DefaultVFS.list(DefaultVFS.java:113) Listing file:/D:/webWorkspace/LYQstudyweb/target/classes/com/study/common/page
[ main:8904 ] org.apache.ibatis.io.DefaultVFS.findJarForResource(DefaultVFS.java:222) Find JAR URL: file:/D:/webWorkspace/LYQstudyweb/target/classes/com/study/common/page/PageInfo.class
[ main:8904 ] org.apache.ibatis.io.DefaultVFS.findJarForResource(DefaultVFS.java:248) Not a JAR: file:/D:/webWorkspace/LYQstudyweb/target/classes/com/study/common/page/PageInfo.class
[ main:8904 ] org.apache.ibatis.io.DefaultVFS.list(DefaultVFS.java:102) Reader entry: ����&amp;#0;&amp;#0;&amp;#0;3&amp;#0;J
[ main:8905 ] org.apache.ibatis.io.DefaultVFS.findJarForResource(DefaultVFS.java:222) Find JAR URL: file:/D:/webWorkspace/LYQstudyweb/target/classes/com/study/common/page/PageInterceptor.class
[ main:8905 ] org.apache.ibatis.io.DefaultVFS.findJarForResource(DefaultVFS.java:248) Not a JAR: file:/D:/webWorkspace/LYQstudyweb/target/classes/com/study/common/page/PageInterceptor.class
[ main:8905 ] org.apache.ibatis.io.DefaultVFS.list(DefaultVFS.java:102) Reader entry: ����&amp;#0;&amp;#0;&amp;#0;3&amp;#1;J
[ main:8906 ] org.apache.ibatis.io.DefaultVFS.findJarForResource(DefaultVFS.java:222) Find JAR URL: file:/D:/webWorkspace/LYQstudyweb/target/classes/com/study/common/page/PageTools.class
[ main:8906 ] org.apache.ibatis.io.DefaultVFS.findJarForResource(DefaultVFS.java:248) Not a JAR: file:/D:/webWorkspace/LYQstudyweb/target/classes/com/study/common/page/PageTools.class
[ main:8906 ] org.apache.ibatis.io.DefaultVFS.list(DefaultVFS.java:102) Reader entry: ����&amp;#0;&amp;#0;&amp;#0;3&amp;#0;7
[ main:8907 ] org.apache.ibatis.io.DefaultVFS.findJarForResource(DefaultVFS.java:222) Find JAR URL: file:/D:/webWorkspace/LYQstudyweb/target/classes/com/study/common/util
[ main:8907 ] org.apache.ibatis.io.DefaultVFS.findJarForResource(DefaultVFS.java:248) Not a JAR: file:/D:/webWorkspace/LYQstudyweb/target/classes/com/study/common/util
[ main:8907 ] org.apache.ibatis.io.DefaultVFS.list(DefaultVFS.java:102) Reader entry: MD5.class
[ main:8908 ] org.apache.ibatis.io.DefaultVFS.list(DefaultVFS.java:113) Listing file:/D:/webWorkspace/LYQstudyweb/target/classes/com/study/common/util
[ main:8908 ] org.apache.ibatis.io.DefaultVFS.findJarForResource(DefaultVFS.java:222) Find JAR URL: file:/D:/webWorkspace/LYQstudyweb/target/classes/com/study/common/util/MD5.class
[ main:8908 ] org.apache.ibatis.io.DefaultVFS.findJarForResource(DefaultVFS.java:248) Not a JAR: file:/D:/webWorkspace/LYQstudyweb/target/classes/com/study/common/util/MD5.class
[ main:8909 ] org.apache.ibatis.io.DefaultVFS.list(DefaultVFS.java:102) Reader entry: ����&amp;#0;&amp;#0;&amp;#0;3&amp;#0;g
[ main:8909 ] org.apache.ibatis.io.DefaultVFS.findJarForResource(DefaultVFS.java:222) Find JAR URL: file:/D:/webWorkspace/LYQstudyweb/target/classes/com/study/question
[ main:8909 ] org.apache.ibatis.io.DefaultVFS.findJarForResource(DefaultVFS.java:248) Not a JAR: file:/D:/webWorkspace/LYQstudyweb/target/classes/com/study/question
[ main:8910 ] org.apache.ibatis.io.DefaultVFS.list(DefaultVFS.java:102) Reader entry: dao
[ main:8910 ] org.apache.ibatis.io.DefaultVFS.list(DefaultVFS.java:102) Reader entry: pojo
[ main:8910 ] org.apache.ibatis.io.DefaultVFS.list(DefaultVFS.java:102) Reader entry: service
[ main:8911 ] org.apache.ibatis.io.DefaultVFS.list(DefaultVFS.java:102) Reader entry: web
[ main:8911 ] org.apache.ibatis.io.DefaultVFS.list(DefaultVFS.java:113) Listing file:/D:/webWorkspace/LYQstudyweb/target/classes/com/study/question
[ main:8911 ] org.apache.ibatis.io.DefaultVFS.findJarForResource(DefaultVFS.java:222) Find JAR URL: file:/D:/webWorkspace/LYQstudyweb/target/classes/com/study/question/dao
[ main:8911 ] org.apache.ibatis.io.DefaultVFS.findJarForResource(DefaultVFS.java:248) Not a JAR: file:/D:/webWorkspace/LYQstudyweb/target/classes/com/study/question/dao
[ main:8912 ] org.apache.ibatis.io.DefaultVFS.list(DefaultVFS.java:102) Reader entry: AnswerMapper.class
[ main:8912 ] org.apache.ibatis.io.DefaultVFS.list(DefaultVFS.java:102) Reader entry: AnswerMapper.xml
[ main:8912 ] org.apache.ibatis.io.DefaultVFS.list(DefaultVFS.java:102) Reader entry: QuestionMapper.class
[ main:8913 ] org.apache.ibatis.io.DefaultVFS.list(DefaultVFS.java:102) Reader entry: QuestionMapper.xml
[ main:8913 ] org.apache.ibatis.io.DefaultVFS.list(DefaultVFS.java:102) Reader entry: QuestionTypeMapper.class
[ main:8913 ] org.apache.ibatis.io.DefaultVFS.list(DefaultVFS.java:102) Reader entry: QuestionTypeMapper.xml
[ main:8913 ] org.apache.ibatis.io.DefaultVFS.list(DefaultVFS.java:113) Listing file:/D:/webWorkspace/LYQstudyweb/target/classes/com/study/question/dao
[ main:8913 ] org.apache.ibatis.io.DefaultVFS.findJarForResource(DefaultVFS.java:222) Find JAR URL: file:/D:/webWorkspace/LYQstudyweb/target/classes/com/study/question/dao/AnswerMapper.class
[ main:8914 ] org.apache.ibatis.io.DefaultVFS.findJarForResource(DefaultVFS.java:248) Not a JAR: file:/D:/webWorkspace/LYQstudyweb/target/classes/com/study/question/dao/AnswerMapper.class
[ main:8914 ] org.apache.ibatis.io.DefaultVFS.list(DefaultVFS.java:102) Reader entry: ����&amp;#0;&amp;#0;&amp;#0;3&amp;#0;&amp;#17;&amp;#7;&amp;#0;&amp;#15;&amp;#7;&amp;#0;&amp;#16;&amp;#1;&amp;#0;&amp;#18;deleteByPrimaryKey&amp;#1;&amp;#0;&amp;#22;(Ljava/lang/Integer;)I&amp;#1;&amp;#0;&amp;#6;insert&amp;#1;&amp;#0;#(Lcom/study/question/pojo/Answer;)I&amp;#1;&amp;#0;&amp;#15;insertSelective&amp;#1;&amp;#0;&amp;#18;selectByPrimaryKey&amp;#1;&amp;#0;5(Ljava/lang/Integer;)Lcom/study/question/pojo/Answer;&amp;#1;&amp;#0;&amp;#27;updateByPrimaryKeySelective&amp;#1;&amp;#0;&amp;#27;updateByPrimaryKeyWithBLOBs&amp;#1;&amp;#0;&amp;#18;updateByPrimaryKey&amp;#1;&amp;#0;
[ main:8915 ] org.apache.ibatis.io.DefaultVFS.findJarForResource(DefaultVFS.java:222) Find JAR URL: file:/D:/webWorkspace/LYQstudyweb/target/classes/com/study/question/dao/AnswerMapper.xml
[ main:8915 ] org.apache.ibatis.io.DefaultVFS.findJarForResource(DefaultVFS.java:248) Not a JAR: file:/D:/webWorkspace/LYQstudyweb/target/classes/com/study/question/dao/AnswerMapper.xml
[ main:8916 ] org.apache.ibatis.io.DefaultVFS.list(DefaultVFS.java:102) Reader entry: &lt;?xml version=&quot;1.0&quot; encoding=&quot;UTF-8&quot; ?&gt;
[ main:8916 ] org.apache.ibatis.io.DefaultVFS.findJarForResource(DefaultVFS.java:222) Find JAR URL: file:/D:/webWorkspace/LYQstudyweb/target/classes/com/study/question/dao/QuestionMapper.class
[ main:8916 ] org.apache.ibatis.io.DefaultVFS.findJarForResource(DefaultVFS.java:248) Not a JAR: file:/D:/webWorkspace/LYQstudyweb/target/classes/com/study/question/dao/QuestionMapper.class
[ main:8917 ] org.apache.ibatis.io.DefaultVFS.list(DefaultVFS.java:102) Reader entry: ����&amp;#0;&amp;#0;&amp;#0;3&amp;#0;&amp;#17;&amp;#7;&amp;#0;&amp;#15;&amp;#7;&amp;#0;&amp;#16;&amp;#1;&amp;#0;&amp;#18;deleteByPrimaryKey&amp;#1;&amp;#0;&amp;#22;(Ljava/lang/Integer;)I&amp;#1;&amp;#0;&amp;#6;insert&amp;#1;&amp;#0;%(Lcom/study/question/pojo/Question;)I&amp;#1;&amp;#0;&amp;#15;insertSelective&amp;#1;&amp;#0;&amp;#18;selectByPrimaryKey&amp;#1;&amp;#0;7(Ljava/lang/Integer;)Lcom/study/question/pojo/Question;&amp;#1;&amp;#0;&amp;#27;updateByPrimaryKeySelective&amp;#1;&amp;#0;&amp;#27;updateByPrimaryKeyWithBLOBs&amp;#1;&amp;#0;&amp;#18;updateByPrimaryKey&amp;#1;&amp;#0;
[ main:8917 ] org.apache.ibatis.io.DefaultVFS.findJarForResource(DefaultVFS.java:222) Find JAR URL: file:/D:/webWorkspace/LYQstudyweb/target/classes/com/study/question/dao/QuestionMapper.xml
[ main:8918 ] org.apache.ibatis.io.DefaultVFS.findJarForResource(DefaultVFS.java:248) Not a JAR: file:/D:/webWorkspace/LYQstudyweb/target/classes/com/study/question/dao/QuestionMapper.xml
[ main:8918 ] org.apache.ibatis.io.DefaultVFS.list(DefaultVFS.java:102) Reader entry: &lt;?xml version=&quot;1.0&quot; encoding=&quot;UTF-8&quot; ?&gt;
[ main:8918 ] org.apache.ibatis.io.DefaultVFS.findJarForResource(DefaultVFS.java:222) Find JAR URL: file:/D:/webWorkspace/LYQstudyweb/target/classes/com/study/question/dao/QuestionTypeMapper.class
[ main:8919 ] org.apache.ibatis.io.DefaultVFS.findJarForResource(DefaultVFS.java:248) Not a JAR: file:/D:/webWorkspace/LYQstudyweb/target/classes/com/study/question/dao/QuestionTypeMapper.class
[ main:8919 ] org.apache.ibatis.io.DefaultVFS.list(DefaultVFS.java:102) Reader entry: ����&amp;#0;&amp;#0;&amp;#0;3&amp;#0;&amp;#16;&amp;#7;&amp;#0;&amp;#14;&amp;#7;&amp;#0;&amp;#15;&amp;#1;&amp;#0;&amp;#18;deleteByPrimaryKey&amp;#1;&amp;#0;&amp;#22;(Ljava/lang/Integer;)I&amp;#1;&amp;#0;&amp;#6;insert&amp;#1;&amp;#0;)(Lcom/study/question/pojo/QuestionType;)I&amp;#1;&amp;#0;&amp;#15;insertSelective&amp;#1;&amp;#0;&amp;#18;selectByPrimaryKey&amp;#1;&amp;#0;;(Ljava/lang/Integer;)Lcom/study/question/pojo/QuestionType;&amp;#1;&amp;#0;&amp;#27;updateByPrimaryKeySelective&amp;#1;&amp;#0;&amp;#18;updateByPrimaryKey&amp;#1;&amp;#0;
[ main:8919 ] org.apache.ibatis.io.DefaultVFS.findJarForResource(DefaultVFS.java:222) Find JAR URL: file:/D:/webWorkspace/LYQstudyweb/target/classes/com/study/question/dao/QuestionTypeMapper.xml
[ main:8920 ] org.apache.ibatis.io.DefaultVFS.findJarForResource(DefaultVFS.java:248) Not a JAR: file:/D:/webWorkspace/LYQstudyweb/target/classes/com/study/question/dao/QuestionTypeMapper.xml
[ main:8920 ] org.apache.ibatis.io.DefaultVFS.list(DefaultVFS.java:102) Reader entry: &lt;?xml version=&quot;1.0&quot; encoding=&quot;UTF-8&quot; ?&gt;
[ main:8921 ] org.apache.ibatis.io.DefaultVFS.findJarForResource(DefaultVFS.java:222) Find JAR URL: file:/D:/webWorkspace/LYQstudyweb/target/classes/com/study/question/pojo
[ main:8921 ] org.apache.ibatis.io.DefaultVFS.findJarForResource(DefaultVFS.java:248) Not a JAR: file:/D:/webWorkspace/LYQstudyweb/target/classes/com/study/question/pojo
[ main:8922 ] org.apache.ibatis.io.DefaultVFS.list(DefaultVFS.java:102) Reader entry: Answer.class
[ main:8922 ] org.apache.ibatis.io.DefaultVFS.list(DefaultVFS.java:102) Reader entry: Question.class
[ main:8922 ] org.apache.ibatis.io.DefaultVFS.list(DefaultVFS.java:102) Reader entry: QuestionType.class
[ main:8922 ] org.apache.ibatis.io.DefaultVFS.list(DefaultVFS.java:113) Listing file:/D:/webWorkspace/LYQstudyweb/target/classes/com/study/question/pojo
[ main:8923 ] org.apache.ibatis.io.DefaultVFS.findJarForResource(DefaultVFS.java:222) Find JAR URL: file:/D:/webWorkspace/LYQstudyweb/target/classes/com/study/question/pojo/Answer.class
[ main:8923 ] org.apache.ibatis.io.DefaultVFS.findJarForResource(DefaultVFS.java:248) Not a JAR: file:/D:/webWorkspace/LYQstudyweb/target/classes/com/study/question/pojo/Answer.class
[ main:8923 ] org.apache.ibatis.io.DefaultVFS.list(DefaultVFS.java:102) Reader entry: ����&amp;#0;&amp;#0;&amp;#0;3&amp;#0;I
[ main:8924 ] org.apache.ibatis.io.DefaultVFS.findJarForResource(DefaultVFS.java:222) Find JAR URL: file:/D:/webWorkspace/LYQstudyweb/target/classes/com/study/question/pojo/Question.class
[ main:8924 ] org.apache.ibatis.io.DefaultVFS.findJarForResource(DefaultVFS.java:248) Not a JAR: file:/D:/webWorkspace/LYQstudyweb/target/classes/com/study/question/pojo/Question.class
[ main:8924 ] org.apache.ibatis.io.DefaultVFS.list(DefaultVFS.java:102) Reader entry: ����&amp;#0;&amp;#0;&amp;#0;3&amp;#0;g
[ main:8925 ] org.apache.ibatis.io.DefaultVFS.findJarForResource(DefaultVFS.java:222) Find JAR URL: file:/D:/webWorkspace/LYQstudyweb/target/classes/com/study/question/pojo/QuestionType.class
[ main:8925 ] org.apache.ibatis.io.DefaultVFS.findJarForResource(DefaultVFS.java:248) Not a JAR: file:/D:/webWorkspace/LYQstudyweb/target/classes/com/study/question/pojo/QuestionType.class
[ main:8925 ] org.apache.ibatis.io.DefaultVFS.list(DefaultVFS.java:102) Reader entry: ����&amp;#0;&amp;#0;&amp;#0;3&amp;#0;(
[ main:8926 ] org.apache.ibatis.io.DefaultVFS.findJarForResource(DefaultVFS.java:222) Find JAR URL: file:/D:/webWorkspace/LYQstudyweb/target/classes/com/study/question/service
[ main:8926 ] org.apache.ibatis.io.DefaultVFS.findJarForResource(DefaultVFS.java:248) Not a JAR: file:/D:/webWorkspace/LYQstudyweb/target/classes/com/study/question/service
[ main:8926 ] org.apache.ibatis.io.DefaultVFS.findJarForResource(DefaultVFS.java:222) Find JAR URL: file:/D:/webWorkspace/LYQstudyweb/target/classes/com/study/question/web
[ main:8927 ] org.apache.ibatis.io.DefaultVFS.findJarForResource(DefaultVFS.java:248) Not a JAR: file:/D:/webWorkspace/LYQstudyweb/target/classes/com/study/question/web
[ main:8927 ] org.apache.ibatis.io.DefaultVFS.findJarForResource(DefaultVFS.java:222) Find JAR URL: file:/D:/webWorkspace/LYQstudyweb/target/classes/com/study/user
[ main:8927 ] org.apache.ibatis.io.DefaultVFS.findJarForResource(DefaultVFS.java:248) Not a JAR: file:/D:/webWorkspace/LYQstudyweb/target/classes/com/study/user
[ main:8928 ] org.apache.ibatis.io.DefaultVFS.list(DefaultVFS.java:102) Reader entry: dao
[ main:8928 ] org.apache.ibatis.io.DefaultVFS.list(DefaultVFS.java:102) Reader entry: pojo
[ main:8929 ] org.apache.ibatis.io.DefaultVFS.list(DefaultVFS.java:102) Reader entry: service
[ main:8929 ] org.apache.ibatis.io.DefaultVFS.list(DefaultVFS.java:102) Reader entry: web
[ main:8929 ] org.apache.ibatis.io.DefaultVFS.list(DefaultVFS.java:113) Listing file:/D:/webWorkspace/LYQstudyweb/target/classes/com/study/user
[ main:8930 ] org.apache.ibatis.io.DefaultVFS.findJarForResource(DefaultVFS.java:222) Find JAR URL: file:/D:/webWorkspace/LYQstudyweb/target/classes/com/study/user/dao
[ main:8930 ] org.apache.ibatis.io.DefaultVFS.findJarForResource(DefaultVFS.java:248) Not a JAR: file:/D:/webWorkspace/LYQstudyweb/target/classes/com/study/user/dao
[ main:8930 ] org.apache.ibatis.io.DefaultVFS.list(DefaultVFS.java:102) Reader entry: RightsMapper.class
[ main:8931 ] org.apache.ibatis.io.DefaultVFS.list(DefaultVFS.java:102) Reader entry: RightsMapper.xml
[ main:8931 ] org.apache.ibatis.io.DefaultVFS.list(DefaultVFS.java:102) Reader entry: RoleMapper.class
[ main:8931 ] org.apache.ibatis.io.DefaultVFS.list(DefaultVFS.java:102) Reader entry: RoleMapper.xml
[ main:8931 ] org.apache.ibatis.io.DefaultVFS.list(DefaultVFS.java:102) Reader entry: RoleRightsMapper.class
[ main:8932 ] org.apache.ibatis.io.DefaultVFS.list(DefaultVFS.java:102) Reader entry: RoleRightsMapper.xml
[ main:8932 ] org.apache.ibatis.io.DefaultVFS.list(DefaultVFS.java:102) Reader entry: TeacherMapper.class
[ main:8932 ] org.apache.ibatis.io.DefaultVFS.list(DefaultVFS.java:102) Reader entry: TeacherMapper.xml
[ main:8932 ] org.apache.ibatis.io.DefaultVFS.list(DefaultVFS.java:113) Listing file:/D:/webWorkspace/LYQstudyweb/target/classes/com/study/user/dao
[ main:8933 ] org.apache.ibatis.io.DefaultVFS.findJarForResource(DefaultVFS.java:222) Find JAR URL: file:/D:/webWorkspace/LYQstudyweb/target/classes/com/study/user/dao/RightsMapper.class
[ main:8933 ] org.apache.ibatis.io.DefaultVFS.findJarForResource(DefaultVFS.java:248) Not a JAR: file:/D:/webWorkspace/LYQstudyweb/target/classes/com/study/user/dao/RightsMapper.class
[ main:8933 ] org.apache.ibatis.io.DefaultVFS.list(DefaultVFS.java:102) Reader entry: ����&amp;#0;&amp;#0;&amp;#0;3&amp;#0;&amp;#16;&amp;#7;&amp;#0;&amp;#14;&amp;#7;&amp;#0;&amp;#15;&amp;#1;&amp;#0;&amp;#18;deleteByPrimaryKey&amp;#1;&amp;#0;&amp;#22;(Ljava/lang/Integer;)I&amp;#1;&amp;#0;&amp;#6;insert&amp;#1;&amp;#0;&amp;#31;(Lcom/study/user/pojo/Rights;)I&amp;#1;&amp;#0;&amp;#15;insertSelective&amp;#1;&amp;#0;&amp;#18;selectByPrimaryKey&amp;#1;&amp;#0;1(Ljava/lang/Integer;)Lcom/study/user/pojo/Rights;&amp;#1;&amp;#0;&amp;#27;updateByPrimaryKeySelective&amp;#1;&amp;#0;&amp;#18;updateByPrimaryKey&amp;#1;&amp;#0;
[ main:8934 ] org.apache.ibatis.io.DefaultVFS.findJarForResource(DefaultVFS.java:222) Find JAR URL: file:/D:/webWorkspace/LYQstudyweb/target/classes/com/study/user/dao/RightsMapper.xml
[ main:8934 ] org.apache.ibatis.io.DefaultVFS.findJarForResource(DefaultVFS.java:248) Not a JAR: file:/D:/webWorkspace/LYQstudyweb/target/classes/com/study/user/dao/RightsMapper.xml
[ main:8934 ] org.apache.ibatis.io.DefaultVFS.list(DefaultVFS.java:102) Reader entry: &lt;?xml version=&quot;1.0&quot; encoding=&quot;UTF-8&quot; ?&gt;
[ main:8935 ] org.apache.ibatis.io.DefaultVFS.findJarForResource(DefaultVFS.java:222) Find JAR URL: file:/D:/webWorkspace/LYQstudyweb/target/classes/com/study/user/dao/RoleMapper.class
[ main:8935 ] org.apache.ibatis.io.DefaultVFS.findJarForResource(DefaultVFS.java:248) Not a JAR: file:/D:/webWorkspace/LYQstudyweb/target/classes/com/study/user/dao/RoleMapper.class
[ main:8935 ] org.apache.ibatis.io.DefaultVFS.list(DefaultVFS.java:102) Reader entry: ����&amp;#0;&amp;#0;&amp;#0;3&amp;#0;&amp;#21;&amp;#7;&amp;#0;&amp;#19;&amp;#7;&amp;#0;&amp;#20;&amp;#1;&amp;#0;&amp;#18;deleteByPrimaryKey&amp;#1;&amp;#0;&amp;#22;(Ljava/lang/Integer;)I&amp;#1;&amp;#0;&amp;#6;insert&amp;#1;&amp;#0;&amp;#29;(Lcom/study/user/pojo/Role;)I&amp;#1;&amp;#0;&amp;#15;insertSelective&amp;#1;&amp;#0;&amp;#18;selectByPrimaryKey&amp;#1;&amp;#0;/(Ljava/lang/Integer;)Lcom/study/user/pojo/Role;&amp;#1;&amp;#0;&amp;#11;listAllRole&amp;#1;&amp;#0;&amp;#18;()Ljava/util/List;&amp;#1;&amp;#0;	Signature&amp;#1;&amp;#0;.()Ljava/util/List&lt;Lcom/study/user/pojo/Role;&gt;;&amp;#1;&amp;#0;&amp;#27;updateByPrimaryKeySelective&amp;#1;&amp;#0;&amp;#18;updateByPrimaryKey&amp;#1;&amp;#0;&amp;#25;queryRoleAndRightByRoleId&amp;#1;&amp;#0;
[ main:8936 ] org.apache.ibatis.io.DefaultVFS.findJarForResource(DefaultVFS.java:222) Find JAR URL: file:/D:/webWorkspace/LYQstudyweb/target/classes/com/study/user/dao/RoleMapper.xml
[ main:8936 ] org.apache.ibatis.io.DefaultVFS.findJarForResource(DefaultVFS.java:248) Not a JAR: file:/D:/webWorkspace/LYQstudyweb/target/classes/com/study/user/dao/RoleMapper.xml
[ main:8937 ] org.apache.ibatis.io.DefaultVFS.list(DefaultVFS.java:102) Reader entry: &lt;?xml version=&quot;1.0&quot; encoding=&quot;UTF-8&quot; ?&gt;
[ main:8938 ] org.apache.ibatis.io.DefaultVFS.findJarForResource(DefaultVFS.java:222) Find JAR URL: file:/D:/webWorkspace/LYQstudyweb/target/classes/com/study/user/dao/RoleRightsMapper.class
[ main:8938 ] org.apache.ibatis.io.DefaultVFS.findJarForResource(DefaultVFS.java:248) Not a JAR: file:/D:/webWorkspace/LYQstudyweb/target/classes/com/study/user/dao/RoleRightsMapper.class
[ main:8938 ] org.apache.ibatis.io.DefaultVFS.list(DefaultVFS.java:102) Reader entry: ����&amp;#0;&amp;#0;&amp;#0;3&amp;#0;&amp;#11;&amp;#7;&amp;#0;	&amp;#7;&amp;#0;
[ main:8939 ] org.apache.ibatis.io.DefaultVFS.findJarForResource(DefaultVFS.java:222) Find JAR URL: file:/D:/webWorkspace/LYQstudyweb/target/classes/com/study/user/dao/RoleRightsMapper.xml
[ main:8939 ] org.apache.ibatis.io.DefaultVFS.findJarForResource(DefaultVFS.java:248) Not a JAR: file:/D:/webWorkspace/LYQstudyweb/target/classes/com/study/user/dao/RoleRightsMapper.xml
[ main:8940 ] org.apache.ibatis.io.DefaultVFS.list(DefaultVFS.java:102) Reader entry: &lt;?xml version=&quot;1.0&quot; encoding=&quot;UTF-8&quot; ?&gt;
[ main:8940 ] org.apache.ibatis.io.DefaultVFS.findJarForResource(DefaultVFS.java:222) Find JAR URL: file:/D:/webWorkspace/LYQstudyweb/target/classes/com/study/user/dao/TeacherMapper.class
[ main:8940 ] org.apache.ibatis.io.DefaultVFS.findJarForResource(DefaultVFS.java:248) Not a JAR: file:/D:/webWorkspace/LYQstudyweb/target/classes/com/study/user/dao/TeacherMapper.class
[ main:8941 ] org.apache.ibatis.io.DefaultVFS.list(DefaultVFS.java:102) Reader entry: ����&amp;#0;&amp;#0;&amp;#0;3&amp;#0;&amp;#22;&amp;#7;&amp;#0;&amp;#20;&amp;#7;&amp;#0;&amp;#21;&amp;#1;&amp;#0;&amp;#18;deleteByPrimaryKey&amp;#1;&amp;#0;&amp;#22;(Ljava/lang/Integer;)I&amp;#1;&amp;#0;&amp;#6;insert&amp;#1;&amp;#0; (Lcom/study/user/pojo/Teacher;)I&amp;#1;&amp;#0;&amp;#15;insertSelective&amp;#1;&amp;#0;&amp;#18;selectByPrimaryKey&amp;#1;&amp;#0;2(Ljava/lang/Integer;)Lcom/study/user/pojo/Teacher;&amp;#1;&amp;#0;&amp;#14;listAllTeacher&amp;#1;&amp;#0;&amp;#18;()Ljava/util/List;&amp;#1;&amp;#0;	Signature&amp;#1;&amp;#0;1()Ljava/util/List&lt;Lcom/study/user/pojo/Teacher;&gt;;&amp;#1;&amp;#0;&amp;#21;selectByTchNameAndPwd&amp;#1;&amp;#0;&lt;(Lcom/study/user/pojo/Teacher;)Lcom/study/user/pojo/Teacher;&amp;#1;&amp;#0;&amp;#27;updateByPrimaryKeySelective&amp;#1;&amp;#0;&amp;#18;updateByPrimaryKey&amp;#1;&amp;#0;
[ main:8941 ] org.apache.ibatis.io.DefaultVFS.findJarForResource(DefaultVFS.java:222) Find JAR URL: file:/D:/webWorkspace/LYQstudyweb/target/classes/com/study/user/dao/TeacherMapper.xml
[ main:8942 ] org.apache.ibatis.io.DefaultVFS.findJarForResource(DefaultVFS.java:248) Not a JAR: file:/D:/webWorkspace/LYQstudyweb/target/classes/com/study/user/dao/TeacherMapper.xml
[ main:8954 ] org.apache.ibatis.io.DefaultVFS.list(DefaultVFS.java:102) Reader entry: &lt;?xml version=&quot;1.0&quot; encoding=&quot;UTF-8&quot; ?&gt;
[ main:8954 ] org.apache.ibatis.io.DefaultVFS.findJarForResource(DefaultVFS.java:222) Find JAR URL: file:/D:/webWorkspace/LYQstudyweb/target/classes/com/study/user/pojo
[ main:8955 ] org.apache.ibatis.io.DefaultVFS.findJarForResource(DefaultVFS.java:248) Not a JAR: file:/D:/webWorkspace/LYQstudyweb/target/classes/com/study/user/pojo
[ main:8955 ] org.apache.ibatis.io.DefaultVFS.list(DefaultVFS.java:102) Reader entry: Rights.class
[ main:8956 ] org.apache.ibatis.io.DefaultVFS.list(DefaultVFS.java:102) Reader entry: Role.class
[ main:8956 ] org.apache.ibatis.io.DefaultVFS.list(DefaultVFS.java:102) Reader entry: RoleRightsKey.class
[ main:8956 ] org.apache.ibatis.io.DefaultVFS.list(DefaultVFS.java:102) Reader entry: Teacher.class
[ main:8956 ] org.apache.ibatis.io.DefaultVFS.list(DefaultVFS.java:113) Listing file:/D:/webWorkspace/LYQstudyweb/target/classes/com/study/user/pojo
[ main:8956 ] org.apache.ibatis.io.DefaultVFS.findJarForResource(DefaultVFS.java:222) Find JAR URL: file:/D:/webWorkspace/LYQstudyweb/target/classes/com/study/user/pojo/Rights.class
[ main:8957 ] org.apache.ibatis.io.DefaultVFS.findJarForResource(DefaultVFS.java:248) Not a JAR: file:/D:/webWorkspace/LYQstudyweb/target/classes/com/study/user/pojo/Rights.class
[ main:8957 ] org.apache.ibatis.io.DefaultVFS.list(DefaultVFS.java:102) Reader entry: ����&amp;#0;&amp;#0;&amp;#0;3&amp;#0;V
[ main:8957 ] org.apache.ibatis.io.DefaultVFS.findJarForResource(DefaultVFS.java:222) Find JAR URL: file:/D:/webWorkspace/LYQstudyweb/target/classes/com/study/user/pojo/Role.class
[ main:8958 ] org.apache.ibatis.io.DefaultVFS.findJarForResource(DefaultVFS.java:248) Not a JAR: file:/D:/webWorkspace/LYQstudyweb/target/classes/com/study/user/pojo/Role.class
[ main:8958 ] org.apache.ibatis.io.DefaultVFS.list(DefaultVFS.java:102) Reader entry: ����&amp;#0;&amp;#0;&amp;#0;3&amp;#0;N
[ main:8958 ] org.apache.ibatis.io.DefaultVFS.findJarForResource(DefaultVFS.java:222) Find JAR URL: file:/D:/webWorkspace/LYQstudyweb/target/classes/com/study/user/pojo/RoleRightsKey.class
[ main:8959 ] org.apache.ibatis.io.DefaultVFS.findJarForResource(DefaultVFS.java:248) Not a JAR: file:/D:/webWorkspace/LYQstudyweb/target/classes/com/study/user/pojo/RoleRightsKey.class
[ main:8959 ] org.apache.ibatis.io.DefaultVFS.list(DefaultVFS.java:102) Reader entry: ����&amp;#0;&amp;#0;&amp;#0;3&amp;#0;&amp;#29;
[ main:8959 ] org.apache.ibatis.io.DefaultVFS.findJarForResource(DefaultVFS.java:222) Find JAR URL: file:/D:/webWorkspace/LYQstudyweb/target/classes/com/study/user/pojo/Teacher.class
[ main:8960 ] org.apache.ibatis.io.DefaultVFS.findJarForResource(DefaultVFS.java:248) Not a JAR: file:/D:/webWorkspace/LYQstudyweb/target/classes/com/study/user/pojo/Teacher.class
[ main:8960 ] org.apache.ibatis.io.DefaultVFS.list(DefaultVFS.java:102) Reader entry: ����&amp;#0;&amp;#0;&amp;#0;3&amp;#0;W
[ main:8960 ] org.apache.ibatis.io.DefaultVFS.findJarForResource(DefaultVFS.java:222) Find JAR URL: file:/D:/webWorkspace/LYQstudyweb/target/classes/com/study/user/service
[ main:8961 ] org.apache.ibatis.io.DefaultVFS.findJarForResource(DefaultVFS.java:248) Not a JAR: file:/D:/webWorkspace/LYQstudyweb/target/classes/com/study/user/service
[ main:8961 ] org.apache.ibatis.io.DefaultVFS.list(DefaultVFS.java:102) Reader entry: IUserService.class
[ main:8962 ] org.apache.ibatis.io.DefaultVFS.list(DefaultVFS.java:102) Reader entry: UserServiceImpl.class
[ main:8962 ] org.apache.ibatis.io.DefaultVFS.list(DefaultVFS.java:113) Listing file:/D:/webWorkspace/LYQstudyweb/target/classes/com/study/user/service
[ main:8962 ] org.apache.ibatis.io.DefaultVFS.findJarForResource(DefaultVFS.java:222) Find JAR URL: file:/D:/webWorkspace/LYQstudyweb/target/classes/com/study/user/service/IUserService.class
[ main:8962 ] org.apache.ibatis.io.DefaultVFS.findJarForResource(DefaultVFS.java:248) Not a JAR: file:/D:/webWorkspace/LYQstudyweb/target/classes/com/study/user/service/IUserService.class
[ main:8963 ] org.apache.ibatis.io.DefaultVFS.list(DefaultVFS.java:102) Reader entry: ����&amp;#0;&amp;#0;&amp;#0;3&amp;#0;&amp;#27;&amp;#7;&amp;#0;&amp;#25;&amp;#7;&amp;#0;&amp;#26;&amp;#1;&amp;#0;&amp;#20;loginByTchNameAndPwd&amp;#1;&amp;#0;&lt;(Lcom/study/user/pojo/Teacher;)Lcom/study/user/pojo/Teacher;&amp;#1;&amp;#0;&amp;#11;listAllRole&amp;#1;&amp;#0;&amp;#18;()Ljava/util/List;&amp;#1;&amp;#0;	Signature&amp;#1;&amp;#0;.()Ljava/util/List&lt;Lcom/study/user/pojo/Role;&gt;;&amp;#1;&amp;#0;&amp;#14;listAllTeacher&amp;#1;&amp;#0;1()Ljava/util/List&lt;Lcom/study/user/pojo/Teacher;&gt;;&amp;#1;&amp;#0;&amp;#25;queryRoleAndRightByRoleId&amp;#1;&amp;#0;/(Ljava/lang/Integer;)Lcom/study/user/pojo/Role;&amp;#1;&amp;#0;&amp;#14;selectRoleById&amp;#1;&amp;#0;&amp;#16;modifyRoleRights&amp;#1;&amp;#0;&amp;(Ljava/lang/Integer;Ljava/util/List;)V&amp;#1;&amp;#0;;(Ljava/lang/Integer;Ljava/util/List&lt;Ljava/lang/Integer;&gt;;)V&amp;#1;&amp;#0;
[ main:8963 ] org.apache.ibatis.io.DefaultVFS.findJarForResource(DefaultVFS.java:222) Find JAR URL: file:/D:/webWorkspace/LYQstudyweb/target/classes/com/study/user/service/UserServiceImpl.class
[ main:8963 ] org.apache.ibatis.io.DefaultVFS.findJarForResource(DefaultVFS.java:248) Not a JAR: file:/D:/webWorkspace/LYQstudyweb/target/classes/com/study/user/service/UserServiceImpl.class
[ main:8964 ] org.apache.ibatis.io.DefaultVFS.list(DefaultVFS.java:102) Reader entry: ����&amp;#0;&amp;#0;&amp;#0;3&amp;#0;?
[ main:8964 ] org.apache.ibatis.io.DefaultVFS.findJarForResource(DefaultVFS.java:222) Find JAR URL: file:/D:/webWorkspace/LYQstudyweb/target/classes/com/study/user/web
[ main:8964 ] org.apache.ibatis.io.DefaultVFS.findJarForResource(DefaultVFS.java:248) Not a JAR: file:/D:/webWorkspace/LYQstudyweb/target/classes/com/study/user/web
[ main:8965 ] org.apache.ibatis.io.DefaultVFS.list(DefaultVFS.java:102) Reader entry: UserController.class
[ main:8965 ] org.apache.ibatis.io.DefaultVFS.list(DefaultVFS.java:113) Listing file:/D:/webWorkspace/LYQstudyweb/target/classes/com/study/user/web
[ main:8966 ] org.apache.ibatis.io.DefaultVFS.findJarForResource(DefaultVFS.java:222) Find JAR URL: file:/D:/webWorkspace/LYQstudyweb/target/classes/com/study/user/web/UserController.class
[ main:8966 ] org.apache.ibatis.io.DefaultVFS.findJarForResource(DefaultVFS.java:248) Not a JAR: file:/D:/webWorkspace/LYQstudyweb/target/classes/com/study/user/web/UserController.class
[ main:8967 ] org.apache.ibatis.io.DefaultVFS.list(DefaultVFS.java:102) Reader entry: ����&amp;#0;&amp;#0;&amp;#0;3&amp;#0;?
[ main:8968 ] org.apache.ibatis.io.ResolverUtil.addIfMatching(ResolverUtil.java:256) Checking to see if class com.study.basic.dao.ClsRoomMapperTest matches criteria [is assignable to Object]
[ main:8968 ] org.apache.ibatis.io.ResolverUtil.addIfMatching(ResolverUtil.java:256) Checking to see if class com.study.basic.dao.UserInfoMapperTest matches criteria [is assignable to Object]
[ main:8969 ] org.apache.ibatis.io.ResolverUtil.addIfMatching(ResolverUtil.java:256) Checking to see if class com.study.basic.service.BasicServiceTest matches criteria [is assignable to Object]
[ main:8969 ] org.apache.ibatis.io.ResolverUtil.addIfMatching(ResolverUtil.java:256) Checking to see if class com.study.user.dao.RoleMapperTest matches criteria [is assignable to Object]
[ main:8969 ] org.apache.ibatis.io.ResolverUtil.addIfMatching(ResolverUtil.java:256) Checking to see if class com.study.user.dao.RoleRightsMapperTest matches criteria [is assignable to Object]
[ main:8969 ] org.apache.ibatis.io.ResolverUtil.addIfMatching(ResolverUtil.java:256) Checking to see if class com.study.user.dao.TeacherMapperTest matches criteria [is assignable to Object]
[ main:8970 ] org.apache.ibatis.io.ResolverUtil.addIfMatching(ResolverUtil.java:256) Checking to see if class com.study.user.service.UserServiceImplTest matches criteria [is assignable to Object]
[ main:8970 ] org.apache.ibatis.io.ResolverUtil.addIfMatching(ResolverUtil.java:256) Checking to see if class com.study.basic.dao.ClsMapper matches criteria [is assignable to Object]
[ main:8970 ] org.apache.ibatis.io.ResolverUtil.addIfMatching(ResolverUtil.java:256) Checking to see if class com.study.basic.dao.ClsRoomMapper matches criteria [is assignable to Object]
[ main:8971 ] org.apache.ibatis.io.ResolverUtil.addIfMatching(ResolverUtil.java:256) Checking to see if class com.study.basic.dao.UserInfoMapper matches criteria [is assignable to Object]
[ main:8971 ] org.apache.ibatis.io.ResolverUtil.addIfMatching(ResolverUtil.java:256) Checking to see if class com.study.basic.pojo.Cls matches criteria [is assignable to Object]
[ main:8971 ] org.apache.ibatis.io.ResolverUtil.addIfMatching(ResolverUtil.java:256) Checking to see if class com.study.basic.pojo.ClsRoom matches criteria [is assignable to Object]
[ main:8971 ] org.apache.ibatis.io.ResolverUtil.addIfMatching(ResolverUtil.java:256) Checking to see if class com.study.basic.pojo.UserInfo matches criteria [is assignable to Object]
[ main:8972 ] org.apache.ibatis.io.ResolverUtil.addIfMatching(ResolverUtil.java:256) Checking to see if class com.study.basic.service.BasicServiceImpl matches criteria [is assignable to Object]
[ main:8972 ] org.apache.ibatis.io.ResolverUtil.addIfMatching(ResolverUtil.java:256) Checking to see if class com.study.basic.service.IBasicService matches criteria [is assignable to Object]
[ main:8972 ] org.apache.ibatis.io.ResolverUtil.addIfMatching(ResolverUtil.java:256) Checking to see if class com.study.basic.vo.UserVO matches criteria [is assignable to Object]
[ main:8972 ] org.apache.ibatis.io.ResolverUtil.addIfMatching(ResolverUtil.java:256) Checking to see if class com.study.basic.web.ClsController matches criteria [is assignable to Object]
[ main:8972 ] org.apache.ibatis.io.ResolverUtil.addIfMatching(ResolverUtil.java:256) Checking to see if class com.study.basic.web.ClsRoomController matches criteria [is assignable to Object]
[ main:8972 ] org.apache.ibatis.io.ResolverUtil.addIfMatching(ResolverUtil.java:256) Checking to see if class com.study.basic.web.UserInfoController matches criteria [is assignable to Object]
[ main:8972 ] org.apache.ibatis.io.ResolverUtil.addIfMatching(ResolverUtil.java:256) Checking to see if class com.study.charts.dao.VoteHistoryMapper matches criteria [is assignable to Object]
[ main:8973 ] org.apache.ibatis.io.ResolverUtil.addIfMatching(ResolverUtil.java:256) Checking to see if class com.study.charts.pojo.VoteHistory matches criteria [is assignable to Object]
[ main:8973 ] org.apache.ibatis.io.ResolverUtil.addIfMatching(ResolverUtil.java:256) Checking to see if class com.study.common.page.PageInfo matches criteria [is assignable to Object]
[ main:8973 ] org.apache.ibatis.io.ResolverUtil.addIfMatching(ResolverUtil.java:256) Checking to see if class com.study.common.page.PageInterceptor matches criteria [is assignable to Object]
[ main:8973 ] org.apache.ibatis.io.ResolverUtil.addIfMatching(ResolverUtil.java:256) Checking to see if class com.study.common.page.PageTools matches criteria [is assignable to Object]
[ main:8973 ] org.apache.ibatis.io.ResolverUtil.addIfMatching(ResolverUtil.java:256) Checking to see if class com.study.common.util.MD5 matches criteria [is assignable to Object]
[ main:8973 ] org.apache.ibatis.io.ResolverUtil.addIfMatching(ResolverUtil.java:256) Checking to see if class com.study.question.dao.AnswerMapper matches criteria [is assignable to Object]
[ main:8973 ] org.apache.ibatis.io.ResolverUtil.addIfMatching(ResolverUtil.java:256) Checking to see if class com.study.question.dao.QuestionMapper matches criteria [is assignable to Object]
[ main:8974 ] org.apache.ibatis.io.ResolverUtil.addIfMatching(ResolverUtil.java:256) Checking to see if class com.study.question.dao.QuestionTypeMapper matches criteria [is assignable to Object]
[ main:8974 ] org.apache.ibatis.io.ResolverUtil.addIfMatching(ResolverUtil.java:256) Checking to see if class com.study.question.pojo.Answer matches criteria [is assignable to Object]
[ main:8974 ] org.apache.ibatis.io.ResolverUtil.addIfMatching(ResolverUtil.java:256) Checking to see if class com.study.question.pojo.Question matches criteria [is assignable to Object]
[ main:8974 ] org.apache.ibatis.io.ResolverUtil.addIfMatching(ResolverUtil.java:256) Checking to see if class com.study.question.pojo.QuestionType matches criteria [is assignable to Object]
[ main:8974 ] org.apache.ibatis.io.ResolverUtil.addIfMatching(ResolverUtil.java:256) Checking to see if class com.study.user.dao.RightsMapper matches criteria [is assignable to Object]
[ main:8974 ] org.apache.ibatis.io.ResolverUtil.addIfMatching(ResolverUtil.java:256) Checking to see if class com.study.user.dao.RoleMapper matches criteria [is assignable to Object]
[ main:8974 ] org.apache.ibatis.io.ResolverUtil.addIfMatching(ResolverUtil.java:256) Checking to see if class com.study.user.dao.RoleRightsMapper matches criteria [is assignable to Object]
[ main:8974 ] org.apache.ibatis.io.ResolverUtil.addIfMatching(ResolverUtil.java:256) Checking to see if class com.study.user.dao.TeacherMapper matches criteria [is assignable to Object]
[ main:8975 ] org.apache.ibatis.io.ResolverUtil.addIfMatching(ResolverUtil.java:256) Checking to see if class com.study.user.pojo.Rights matches criteria [is assignable to Object]
[ main:8975 ] org.apache.ibatis.io.ResolverUtil.addIfMatching(ResolverUtil.java:256) Checking to see if class com.study.user.pojo.Role matches criteria [is assignable to Object]
[ main:8975 ] org.apache.ibatis.io.ResolverUtil.addIfMatching(ResolverUtil.java:256) Checking to see if class com.study.user.pojo.RoleRightsKey matches criteria [is assignable to Object]
[ main:8975 ] org.apache.ibatis.io.ResolverUtil.addIfMatching(ResolverUtil.java:256) Checking to see if class com.study.user.pojo.Teacher matches criteria [is assignable to Object]
[ main:8976 ] org.apache.ibatis.io.ResolverUtil.addIfMatching(ResolverUtil.java:256) Checking to see if class com.study.user.service.IUserService matches criteria [is assignable to Object]
[ main:8976 ] org.apache.ibatis.io.ResolverUtil.addIfMatching(ResolverUtil.java:256) Checking to see if class com.study.user.service.UserServiceImpl matches criteria [is assignable to Object]
[ main:8976 ] org.apache.ibatis.io.ResolverUtil.addIfMatching(ResolverUtil.java:256) Checking to see if class com.study.user.web.UserController matches criteria [is assignable to Object]
[ main:8977 ] org.mybatis.spring.SqlSessionFactoryBean.buildSqlSessionFactory(SqlSessionFactoryBean.java:496) Parsed configuration file: &apos;class path resource [SqlMapConfig.xml]&apos;
[ main:8977 ] org.mybatis.spring.SqlSessionFactoryBean.buildSqlSessionFactory(SqlSessionFactoryBean.java:533) Property &apos;mapperLocations&apos; was not specified or no matching resources found
[ main:8978 ] org.springframework.beans.factory.support.AbstractBeanFactory.doGetBean(AbstractBeanFactory.java:251) Returning cached instance of singleton bean &apos;org.springframework.transaction.config.internalTransactionAdvisor&apos;
[ main:8978 ] org.springframework.beans.factory.support.AbstractAutowireCapableBeanFactory.createBean(AbstractAutowireCapableBeanFactory.java:484) Finished creating instance of bean &apos;sqlSessionFactory&apos;
[ main:8979 ] org.springframework.beans.factory.support.AbstractBeanFactory.doGetBean(AbstractBeanFactory.java:251) Returning cached instance of singleton bean &apos;org.springframework.transaction.config.internalTransactionAdvisor&apos;
[ main:8979 ] org.springframework.beans.factory.support.AbstractAutowireCapableBeanFactory.invokeInitMethods(AbstractAutowireCapableBeanFactory.java:1620) Invoking afterPropertiesSet() on bean with name &apos;clsRoomMapper&apos;
[ main:8985 ] org.springframework.beans.factory.support.AbstractBeanFactory.doGetBean(AbstractBeanFactory.java:251) Returning cached instance of singleton bean &apos;org.springframework.transaction.config.internalTransactionAdvisor&apos;
[ main:8985 ] org.springframework.beans.factory.support.AbstractAutowireCapableBeanFactory.createBean(AbstractAutowireCapableBeanFactory.java:484) Finished creating instance of bean &apos;clsRoomMapper&apos;
[ main:8986 ] org.springframework.beans.factory.support.AbstractBeanFactory.doGetBean(AbstractBeanFactory.java:251) Returning cached instance of singleton bean &apos;org.springframework.transaction.config.internalTransactionAdvisor&apos;
[ main:8986 ] org.springframework.beans.factory.annotation.AutowiredAnnotationBeanPostProcessor.registerDependentBeans(AutowiredAnnotationBeanPostProcessor.java:516) Autowiring by type from bean name &apos;basicServiceImpl&apos; to bean named &apos;clsRoomMapper&apos;
[ main:8986 ] org.springframework.beans.factory.annotation.InjectionMetadata.inject(InjectionMetadata.java:86) Processing injected element of bean &apos;basicServiceImpl&apos;: AutowiredFieldElement for private com.study.basic.dao.UserInfoMapper com.study.basic.service.BasicServiceImpl.userInfoMapper
[ main:8987 ] org.springframework.beans.factory.support.DefaultSingletonBeanRegistry.getSingleton(DefaultSingletonBeanRegistry.java:221) Creating shared instance of singleton bean &apos;userInfoMapper&apos;
[ main:8987 ] org.springframework.beans.factory.support.AbstractAutowireCapableBeanFactory.createBean(AbstractAutowireCapableBeanFactory.java:448) Creating instance of bean &apos;userInfoMapper&apos;
[ main:8987 ] org.springframework.beans.factory.support.AbstractAutowireCapableBeanFactory.doCreateBean(AbstractAutowireCapableBeanFactory.java:529) Eagerly caching bean &apos;userInfoMapper&apos; to allow for resolving potential circular references
[ main:8987 ] org.springframework.beans.factory.support.AbstractBeanFactory.doGetBean(AbstractBeanFactory.java:251) Returning cached instance of singleton bean &apos;sqlSessionFactory&apos;
[ main:8988 ] org.springframework.beans.factory.support.AbstractAutowireCapableBeanFactory.invokeInitMethods(AbstractAutowireCapableBeanFactory.java:1620) Invoking afterPropertiesSet() on bean with name &apos;userInfoMapper&apos;
[ main:8996 ] org.springframework.beans.factory.support.AbstractBeanFactory.doGetBean(AbstractBeanFactory.java:251) Returning cached instance of singleton bean &apos;org.springframework.transaction.config.internalTransactionAdvisor&apos;
[ main:8996 ] org.springframework.beans.factory.support.AbstractAutowireCapableBeanFactory.createBean(AbstractAutowireCapableBeanFactory.java:484) Finished creating instance of bean &apos;userInfoMapper&apos;
[ main:8997 ] org.springframework.beans.factory.support.AbstractBeanFactory.doGetBean(AbstractBeanFactory.java:251) Returning cached instance of singleton bean &apos;org.springframework.transaction.config.internalTransactionAdvisor&apos;
[ main:8997 ] org.springframework.beans.factory.annotation.AutowiredAnnotationBeanPostProcessor.registerDependentBeans(AutowiredAnnotationBeanPostProcessor.java:516) Autowiring by type from bean name &apos;basicServiceImpl&apos; to bean named &apos;userInfoMapper&apos;
[ main:8997 ] org.springframework.beans.factory.annotation.InjectionMetadata.inject(InjectionMetadata.java:86) Processing injected element of bean &apos;basicServiceImpl&apos;: AutowiredFieldElement for private com.study.basic.dao.ClsMapper com.study.basic.service.BasicServiceImpl.clsMapper
[ main:8998 ] org.springframework.beans.factory.support.DefaultSingletonBeanRegistry.getSingleton(DefaultSingletonBeanRegistry.java:221) Creating shared instance of singleton bean &apos;clsMapper&apos;
[ main:8998 ] org.springframework.beans.factory.support.AbstractAutowireCapableBeanFactory.createBean(AbstractAutowireCapableBeanFactory.java:448) Creating instance of bean &apos;clsMapper&apos;
[ main:8998 ] org.springframework.beans.factory.support.AbstractAutowireCapableBeanFactory.doCreateBean(AbstractAutowireCapableBeanFactory.java:529) Eagerly caching bean &apos;clsMapper&apos; to allow for resolving potential circular references
[ main:8998 ] org.springframework.beans.factory.support.AbstractBeanFactory.doGetBean(AbstractBeanFactory.java:251) Returning cached instance of singleton bean &apos;sqlSessionFactory&apos;
[ main:8999 ] org.springframework.beans.factory.support.AbstractAutowireCapableBeanFactory.invokeInitMethods(AbstractAutowireCapableBeanFactory.java:1620) Invoking afterPropertiesSet() on bean with name &apos;clsMapper&apos;
[ main:9005 ] org.springframework.beans.factory.support.AbstractBeanFactory.doGetBean(AbstractBeanFactory.java:251) Returning cached instance of singleton bean &apos;org.springframework.transaction.config.internalTransactionAdvisor&apos;
[ main:9006 ] org.springframework.beans.factory.support.AbstractAutowireCapableBeanFactory.createBean(AbstractAutowireCapableBeanFactory.java:484) Finished creating instance of bean &apos;clsMapper&apos;
[ main:9006 ] org.springframework.beans.factory.support.AbstractBeanFactory.doGetBean(AbstractBeanFactory.java:251) Returning cached instance of singleton bean &apos;org.springframework.transaction.config.internalTransactionAdvisor&apos;
[ main:9006 ] org.springframework.beans.factory.annotation.AutowiredAnnotationBeanPostProcessor.registerDependentBeans(AutowiredAnnotationBeanPostProcessor.java:516) Autowiring by type from bean name &apos;basicServiceImpl&apos; to bean named &apos;clsMapper&apos;
[ main:9007 ] org.springframework.beans.factory.support.AbstractBeanFactory.doGetBean(AbstractBeanFactory.java:251) Returning cached instance of singleton bean &apos;org.springframework.transaction.config.internalTransactionAdvisor&apos;
[ main:9007 ] org.springframework.transaction.interceptor.AbstractFallbackTransactionAttributeSource.getTransactionAttribute(AbstractFallbackTransactionAttributeSource.java:108) Adding transactional method &apos;BasicServiceImpl.listAllClsRoom&apos; with attribute: PROPAGATION_SUPPORTS,ISOLATION_DEFAULT,readOnly; &apos;&apos;
[ main:9007 ] org.springframework.aop.framework.autoproxy.AbstractAutoProxyCreator.buildAdvisors(AbstractAutoProxyCreator.java:528) Creating implicit proxy for bean &apos;basicServiceImpl&apos; with 0 common interceptors and 1 specific interceptors
[ main:9007 ] org.springframework.aop.framework.JdkDynamicAopProxy.getProxy(JdkDynamicAopProxy.java:118) Creating JDK dynamic proxy: target source is SingletonTargetSource for target object [com.study.basic.service.BasicServiceImpl@77e80a5e]
[ main:9008 ] org.springframework.beans.factory.support.AbstractAutowireCapableBeanFactory.createBean(AbstractAutowireCapableBeanFactory.java:484) Finished creating instance of bean &apos;basicServiceImpl&apos;
[ main:9008 ] org.springframework.beans.factory.support.DefaultSingletonBeanRegistry.getSingleton(DefaultSingletonBeanRegistry.java:221) Creating shared instance of singleton bean &apos;clsController&apos;
[ main:9008 ] org.springframework.beans.factory.support.AbstractAutowireCapableBeanFactory.createBean(AbstractAutowireCapableBeanFactory.java:448) Creating instance of bean &apos;clsController&apos;
[ main:9008 ] org.springframework.beans.factory.annotation.InjectionMetadata.checkConfigMembers(InjectionMetadata.java:72) Registered injected element on class [com.study.basic.web.ClsController]: AutowiredFieldElement for private com.study.basic.service.IBasicService com.study.basic.web.ClsController.basicService
[ main:9009 ] org.springframework.beans.factory.annotation.InjectionMetadata.checkConfigMembers(InjectionMetadata.java:72) Registered injected element on class [com.study.basic.web.ClsController]: AutowiredFieldElement for private com.study.user.service.IUserService com.study.basic.web.ClsController.userService
[ main:9009 ] org.springframework.beans.factory.support.AbstractAutowireCapableBeanFactory.doCreateBean(AbstractAutowireCapableBeanFactory.java:529) Eagerly caching bean &apos;clsController&apos; to allow for resolving potential circular references
[ main:9009 ] org.springframework.beans.CachedIntrospectionResults.&lt;init&gt;(CachedIntrospectionResults.java:265) Getting BeanInfo for class [com.study.basic.web.ClsController]
[ main:9009 ] org.springframework.beans.CachedIntrospectionResults.&lt;init&gt;(CachedIntrospectionResults.java:284) Caching PropertyDescriptors for class [com.study.basic.web.ClsController]
[ main:9009 ] org.springframework.beans.CachedIntrospectionResults.&lt;init&gt;(CachedIntrospectionResults.java:297) Found bean property &apos;class&apos; of type [java.lang.Class]
[ main:9010 ] org.springframework.beans.factory.annotation.InjectionMetadata.inject(InjectionMetadata.java:86) Processing injected element of bean &apos;clsController&apos;: AutowiredFieldElement for private com.study.basic.service.IBasicService com.study.basic.web.ClsController.basicService
[ main:9010 ] org.springframework.beans.factory.support.AbstractBeanFactory.doGetBean(AbstractBeanFactory.java:251) Returning cached instance of singleton bean &apos;basicServiceImpl&apos;
[ main:9010 ] org.springframework.beans.factory.annotation.AutowiredAnnotationBeanPostProcessor.registerDependentBeans(AutowiredAnnotationBeanPostProcessor.java:516) Autowiring by type from bean name &apos;clsController&apos; to bean named &apos;basicServiceImpl&apos;
[ main:9011 ] org.springframework.beans.factory.annotation.InjectionMetadata.inject(InjectionMetadata.java:86) Processing injected element of bean &apos;clsController&apos;: AutowiredFieldElement for private com.study.user.service.IUserService com.study.basic.web.ClsController.userService
[ main:9011 ] org.springframework.beans.factory.support.DefaultSingletonBeanRegistry.getSingleton(DefaultSingletonBeanRegistry.java:221) Creating shared instance of singleton bean &apos;userServiceImpl&apos;
[ main:9011 ] org.springframework.beans.factory.support.AbstractAutowireCapableBeanFactory.createBean(AbstractAutowireCapableBeanFactory.java:448) Creating instance of bean &apos;userServiceImpl&apos;
[ main:9012 ] org.springframework.beans.factory.annotation.InjectionMetadata.checkConfigMembers(InjectionMetadata.java:72) Registered injected element on class [com.study.user.service.UserServiceImpl]: AutowiredFieldElement for private com.study.user.dao.TeacherMapper com.study.user.service.UserServiceImpl.teacherMapper
[ main:9012 ] org.springframework.beans.factory.annotation.InjectionMetadata.checkConfigMembers(InjectionMetadata.java:72) Registered injected element on class [com.study.user.service.UserServiceImpl]: AutowiredFieldElement for private com.study.user.dao.RoleMapper com.study.user.service.UserServiceImpl.roleMapper
[ main:9012 ] org.springframework.beans.factory.annotation.InjectionMetadata.checkConfigMembers(InjectionMetadata.java:72) Registered injected element on class [com.study.user.service.UserServiceImpl]: AutowiredFieldElement for private com.study.user.dao.RoleRightsMapper com.study.user.service.UserServiceImpl.roleRightsMapper
[ main:9012 ] org.springframework.beans.factory.support.AbstractAutowireCapableBeanFactory.doCreateBean(AbstractAutowireCapableBeanFactory.java:529) Eagerly caching bean &apos;userServiceImpl&apos; to allow for resolving potential circular references
[ main:9012 ] org.springframework.beans.CachedIntrospectionResults.&lt;init&gt;(CachedIntrospectionResults.java:265) Getting BeanInfo for class [com.study.user.service.UserServiceImpl]
[ main:9013 ] org.springframework.beans.CachedIntrospectionResults.&lt;init&gt;(CachedIntrospectionResults.java:284) Caching PropertyDescriptors for class [com.study.user.service.UserServiceImpl]
[ main:9013 ] org.springframework.beans.CachedIntrospectionResults.&lt;init&gt;(CachedIntrospectionResults.java:297) Found bean property &apos;class&apos; of type [java.lang.Class]
[ main:9014 ] org.springframework.beans.factory.annotation.InjectionMetadata.inject(InjectionMetadata.java:86) Processing injected element of bean &apos;userServiceImpl&apos;: AutowiredFieldElement for private com.study.user.dao.TeacherMapper com.study.user.service.UserServiceImpl.teacherMapper
[ main:9015 ] org.springframework.beans.factory.support.DefaultSingletonBeanRegistry.getSingleton(DefaultSingletonBeanRegistry.java:221) Creating shared instance of singleton bean &apos;teacherMapper&apos;
[ main:9015 ] org.springframework.beans.factory.support.AbstractAutowireCapableBeanFactory.createBean(AbstractAutowireCapableBeanFactory.java:448) Creating instance of bean &apos;teacherMapper&apos;
[ main:9015 ] org.springframework.beans.factory.support.AbstractAutowireCapableBeanFactory.doCreateBean(AbstractAutowireCapableBeanFactory.java:529) Eagerly caching bean &apos;teacherMapper&apos; to allow for resolving potential circular references
[ main:9015 ] org.springframework.beans.factory.support.AbstractBeanFactory.doGetBean(AbstractBeanFactory.java:251) Returning cached instance of singleton bean &apos;sqlSessionFactory&apos;
[ main:9016 ] org.springframework.beans.factory.support.AbstractAutowireCapableBeanFactory.invokeInitMethods(AbstractAutowireCapableBeanFactory.java:1620) Invoking afterPropertiesSet() on bean with name &apos;teacherMapper&apos;
[ main:9024 ] org.springframework.beans.factory.support.AbstractBeanFactory.doGetBean(AbstractBeanFactory.java:251) Returning cached instance of singleton bean &apos;org.springframework.transaction.config.internalTransactionAdvisor&apos;
[ main:9024 ] org.springframework.beans.factory.support.AbstractAutowireCapableBeanFactory.createBean(AbstractAutowireCapableBeanFactory.java:484) Finished creating instance of bean &apos;teacherMapper&apos;
[ main:9025 ] org.springframework.beans.factory.support.AbstractBeanFactory.doGetBean(AbstractBeanFactory.java:251) Returning cached instance of singleton bean &apos;org.springframework.transaction.config.internalTransactionAdvisor&apos;
[ main:9025 ] org.springframework.beans.factory.annotation.AutowiredAnnotationBeanPostProcessor.registerDependentBeans(AutowiredAnnotationBeanPostProcessor.java:516) Autowiring by type from bean name &apos;userServiceImpl&apos; to bean named &apos;teacherMapper&apos;
[ main:9025 ] org.springframework.beans.factory.annotation.InjectionMetadata.inject(InjectionMetadata.java:86) Processing injected element of bean &apos;userServiceImpl&apos;: AutowiredFieldElement for private com.study.user.dao.RoleMapper com.study.user.service.UserServiceImpl.roleMapper
[ main:9026 ] org.springframework.beans.factory.support.DefaultSingletonBeanRegistry.getSingleton(DefaultSingletonBeanRegistry.java:221) Creating shared instance of singleton bean &apos;roleMapper&apos;
[ main:9026 ] org.springframework.beans.factory.support.AbstractAutowireCapableBeanFactory.createBean(AbstractAutowireCapableBeanFactory.java:448) Creating instance of bean &apos;roleMapper&apos;
[ main:9026 ] org.springframework.beans.factory.support.AbstractAutowireCapableBeanFactory.doCreateBean(AbstractAutowireCapableBeanFactory.java:529) Eagerly caching bean &apos;roleMapper&apos; to allow for resolving potential circular references
[ main:9026 ] org.springframework.beans.factory.support.AbstractBeanFactory.doGetBean(AbstractBeanFactory.java:251) Returning cached instance of singleton bean &apos;sqlSessionFactory&apos;
[ main:9027 ] org.springframework.beans.factory.support.AbstractAutowireCapableBeanFactory.invokeInitMethods(AbstractAutowireCapableBeanFactory.java:1620) Invoking afterPropertiesSet() on bean with name &apos;roleMapper&apos;
[ main:9034 ] org.springframework.beans.factory.support.AbstractBeanFactory.doGetBean(AbstractBeanFactory.java:251) Returning cached instance of singleton bean &apos;org.springframework.transaction.config.internalTransactionAdvisor&apos;
[ main:9034 ] org.springframework.beans.factory.support.AbstractAutowireCapableBeanFactory.createBean(AbstractAutowireCapableBeanFactory.java:484) Finished creating instance of bean &apos;roleMapper&apos;
[ main:9035 ] org.springframework.beans.factory.support.AbstractBeanFactory.doGetBean(AbstractBeanFactory.java:251) Returning cached instance of singleton bean &apos;org.springframework.transaction.config.internalTransactionAdvisor&apos;
[ main:9035 ] org.springframework.beans.factory.annotation.AutowiredAnnotationBeanPostProcessor.registerDependentBeans(AutowiredAnnotationBeanPostProcessor.java:516) Autowiring by type from bean name &apos;userServiceImpl&apos; to bean named &apos;roleMapper&apos;
[ main:9035 ] org.springframework.beans.factory.annotation.InjectionMetadata.inject(InjectionMetadata.java:86) Processing injected element of bean &apos;userServiceImpl&apos;: AutowiredFieldElement for private com.study.user.dao.RoleRightsMapper com.study.user.service.UserServiceImpl.roleRightsMapper
[ main:9036 ] org.springframework.beans.factory.support.DefaultSingletonBeanRegistry.getSingleton(DefaultSingletonBeanRegistry.java:221) Creating shared instance of singleton bean &apos;roleRightsMapper&apos;
[ main:9036 ] org.springframework.beans.factory.support.AbstractAutowireCapableBeanFactory.createBean(AbstractAutowireCapableBeanFactory.java:448) Creating instance of bean &apos;roleRightsMapper&apos;
[ main:9036 ] org.springframework.beans.factory.support.AbstractAutowireCapableBeanFactory.doCreateBean(AbstractAutowireCapableBeanFactory.java:529) Eagerly caching bean &apos;roleRightsMapper&apos; to allow for resolving potential circular references
[ main:9036 ] org.springframework.beans.factory.support.AbstractBeanFactory.doGetBean(AbstractBeanFactory.java:251) Returning cached instance of singleton bean &apos;sqlSessionFactory&apos;
[ main:9037 ] org.springframework.beans.factory.support.AbstractAutowireCapableBeanFactory.invokeInitMethods(AbstractAutowireCapableBeanFactory.java:1620) Invoking afterPropertiesSet() on bean with name &apos;roleRightsMapper&apos;
[ main:9042 ] org.springframework.beans.factory.support.AbstractBeanFactory.doGetBean(AbstractBeanFactory.java:251) Returning cached instance of singleton bean &apos;org.springframework.transaction.config.internalTransactionAdvisor&apos;
[ main:9043 ] org.springframework.beans.factory.support.AbstractAutowireCapableBeanFactory.createBean(AbstractAutowireCapableBeanFactory.java:484) Finished creating instance of bean &apos;roleRightsMapper&apos;
[ main:9043 ] org.springframework.beans.factory.support.AbstractBeanFactory.doGetBean(AbstractBeanFactory.java:251) Returning cached instance of singleton bean &apos;org.springframework.transaction.config.internalTransactionAdvisor&apos;
[ main:9044 ] org.springframework.beans.factory.annotation.AutowiredAnnotationBeanPostProcessor.registerDependentBeans(AutowiredAnnotationBeanPostProcessor.java:516) Autowiring by type from bean name &apos;userServiceImpl&apos; to bean named &apos;roleRightsMapper&apos;
[ main:9044 ] org.springframework.beans.factory.support.AbstractBeanFactory.doGetBean(AbstractBeanFactory.java:251) Returning cached instance of singleton bean &apos;org.springframework.transaction.config.internalTransactionAdvisor&apos;
[ main:9044 ] org.springframework.transaction.interceptor.AbstractFallbackTransactionAttributeSource.getTransactionAttribute(AbstractFallbackTransactionAttributeSource.java:108) Adding transactional method &apos;UserServiceImpl.listAllRole&apos; with attribute: PROPAGATION_SUPPORTS,ISOLATION_DEFAULT,readOnly; &apos;&apos;
[ main:9045 ] org.springframework.aop.framework.autoproxy.AbstractAutoProxyCreator.buildAdvisors(AbstractAutoProxyCreator.java:528) Creating implicit proxy for bean &apos;userServiceImpl&apos; with 0 common interceptors and 1 specific interceptors
[ main:9045 ] org.springframework.aop.framework.JdkDynamicAopProxy.getProxy(JdkDynamicAopProxy.java:118) Creating JDK dynamic proxy: target source is SingletonTargetSource for target object [com.study.user.service.UserServiceImpl@194152cf]
[ main:9069 ] org.springframework.beans.factory.support.AbstractAutowireCapableBeanFactory.createBean(AbstractAutowireCapableBeanFactory.java:484) Finished creating instance of bean &apos;userServiceImpl&apos;
[ main:9070 ] org.springframework.beans.factory.annotation.AutowiredAnnotationBeanPostProcessor.registerDependentBeans(AutowiredAnnotationBeanPostProcessor.java:516) Autowiring by type from bean name &apos;clsController&apos; to bean named &apos;userServiceImpl&apos;
[ main:9071 ] org.springframework.beans.factory.support.AbstractBeanFactory.doGetBean(AbstractBeanFactory.java:251) Returning cached instance of singleton bean &apos;org.springframework.transaction.config.internalTransactionAdvisor&apos;
[ main:9072 ] org.springframework.beans.factory.support.AbstractAutowireCapableBeanFactory.createBean(AbstractAutowireCapableBeanFactory.java:484) Finished creating instance of bean &apos;clsController&apos;
[ main:9072 ] org.springframework.beans.factory.support.DefaultSingletonBeanRegistry.getSingleton(DefaultSingletonBeanRegistry.java:221) Creating shared instance of singleton bean &apos;clsRoomController&apos;
[ main:9072 ] org.springframework.beans.factory.support.AbstractAutowireCapableBeanFactory.createBean(AbstractAutowireCapableBeanFactory.java:448) Creating instance of bean &apos;clsRoomController&apos;
[ main:9073 ] org.springframework.beans.factory.annotation.InjectionMetadata.checkConfigMembers(InjectionMetadata.java:72) Registered injected element on class [com.study.basic.web.ClsRoomController]: AutowiredFieldElement for private com.study.basic.service.IBasicService com.study.basic.web.ClsRoomController.basicService
[ main:9074 ] org.springframework.beans.factory.support.AbstractAutowireCapableBeanFactory.doCreateBean(AbstractAutowireCapableBeanFactory.java:529) Eagerly caching bean &apos;clsRoomController&apos; to allow for resolving potential circular references
[ main:9075 ] org.springframework.beans.CachedIntrospectionResults.&lt;init&gt;(CachedIntrospectionResults.java:265) Getting BeanInfo for class [com.study.basic.web.ClsRoomController]
[ main:9075 ] org.springframework.beans.CachedIntrospectionResults.&lt;init&gt;(CachedIntrospectionResults.java:284) Caching PropertyDescriptors for class [com.study.basic.web.ClsRoomController]
[ main:9075 ] org.springframework.beans.CachedIntrospectionResults.&lt;init&gt;(CachedIntrospectionResults.java:297) Found bean property &apos;class&apos; of type [java.lang.Class]
[ main:9076 ] org.springframework.beans.factory.annotation.InjectionMetadata.inject(InjectionMetadata.java:86) Processing injected element of bean &apos;clsRoomController&apos;: AutowiredFieldElement for private com.study.basic.service.IBasicService com.study.basic.web.ClsRoomController.basicService
[ main:9077 ] org.springframework.beans.factory.support.AbstractBeanFactory.doGetBean(AbstractBeanFactory.java:251) Returning cached instance of singleton bean &apos;basicServiceImpl&apos;
[ main:9077 ] org.springframework.beans.factory.annotation.AutowiredAnnotationBeanPostProcessor.registerDependentBeans(AutowiredAnnotationBeanPostProcessor.java:516) Autowiring by type from bean name &apos;clsRoomController&apos; to bean named &apos;basicServiceImpl&apos;
[ main:9078 ] org.springframework.beans.factory.support.AbstractBeanFactory.doGetBean(AbstractBeanFactory.java:251) Returning cached instance of singleton bean &apos;org.springframework.transaction.config.internalTransactionAdvisor&apos;
[ main:9078 ] org.springframework.beans.factory.support.AbstractAutowireCapableBeanFactory.createBean(AbstractAutowireCapableBeanFactory.java:484) Finished creating instance of bean &apos;clsRoomController&apos;
[ main:9079 ] org.springframework.beans.factory.support.DefaultSingletonBeanRegistry.getSingleton(DefaultSingletonBeanRegistry.java:221) Creating shared instance of singleton bean &apos;userInfoController&apos;
[ main:9079 ] org.springframework.beans.factory.support.AbstractAutowireCapableBeanFactory.createBean(AbstractAutowireCapableBeanFactory.java:448) Creating instance of bean &apos;userInfoController&apos;
[ main:9109 ] org.springframework.beans.factory.annotation.InjectionMetadata.checkConfigMembers(InjectionMetadata.java:72) Registered injected element on class [com.study.basic.web.UserInfoController]: AutowiredFieldElement for private com.study.basic.service.IBasicService com.study.basic.web.UserInfoController.basicService
[ main:9109 ] org.springframework.beans.factory.support.AbstractAutowireCapableBeanFactory.doCreateBean(AbstractAutowireCapableBeanFactory.java:529) Eagerly caching bean &apos;userInfoController&apos; to allow for resolving potential circular references
[ main:9109 ] org.springframework.beans.CachedIntrospectionResults.&lt;init&gt;(CachedIntrospectionResults.java:265) Getting BeanInfo for class [com.study.basic.web.UserInfoController]
[ main:9110 ] org.springframework.beans.CachedIntrospectionResults.&lt;init&gt;(CachedIntrospectionResults.java:284) Caching PropertyDescriptors for class [com.study.basic.web.UserInfoController]
[ main:9110 ] org.springframework.beans.CachedIntrospectionResults.&lt;init&gt;(CachedIntrospectionResults.java:297) Found bean property &apos;class&apos; of type [java.lang.Class]
[ main:9110 ] org.springframework.beans.factory.annotation.InjectionMetadata.inject(InjectionMetadata.java:86) Processing injected element of bean &apos;userInfoController&apos;: AutowiredFieldElement for private com.study.basic.service.IBasicService com.study.basic.web.UserInfoController.basicService
[ main:9110 ] org.springframework.beans.factory.support.AbstractBeanFactory.doGetBean(AbstractBeanFactory.java:251) Returning cached instance of singleton bean &apos;basicServiceImpl&apos;
[ main:9110 ] org.springframework.beans.factory.annotation.AutowiredAnnotationBeanPostProcessor.registerDependentBeans(AutowiredAnnotationBeanPostProcessor.java:516) Autowiring by type from bean name &apos;userInfoController&apos; to bean named &apos;basicServiceImpl&apos;
[ main:9111 ] org.springframework.beans.factory.support.AbstractBeanFactory.doGetBean(AbstractBeanFactory.java:251) Returning cached instance of singleton bean &apos;org.springframework.transaction.config.internalTransactionAdvisor&apos;
[ main:9111 ] org.springframework.beans.factory.support.AbstractAutowireCapableBeanFactory.createBean(AbstractAutowireCapableBeanFactory.java:484) Finished creating instance of bean &apos;userInfoController&apos;
[ main:9111 ] org.springframework.beans.factory.support.AbstractBeanFactory.doGetBean(AbstractBeanFactory.java:251) Returning cached instance of singleton bean &apos;userServiceImpl&apos;
[ main:9111 ] org.springframework.beans.factory.support.DefaultSingletonBeanRegistry.getSingleton(DefaultSingletonBeanRegistry.java:221) Creating shared instance of singleton bean &apos;userController&apos;
[ main:9112 ] org.springframework.beans.factory.support.AbstractAutowireCapableBeanFactory.createBean(AbstractAutowireCapableBeanFactory.java:448) Creating instance of bean &apos;userController&apos;
[ main:9112 ] org.springframework.beans.factory.annotation.InjectionMetadata.checkConfigMembers(InjectionMetadata.java:72) Registered injected element on class [com.study.user.web.UserController]: AutowiredFieldElement for private com.study.user.service.IUserService com.study.user.web.UserController.userService
[ main:9112 ] org.springframework.beans.factory.support.AbstractAutowireCapableBeanFactory.doCreateBean(AbstractAutowireCapableBeanFactory.java:529) Eagerly caching bean &apos;userController&apos; to allow for resolving potential circular references
[ main:9113 ] org.springframework.beans.CachedIntrospectionResults.&lt;init&gt;(CachedIntrospectionResults.java:265) Getting BeanInfo for class [com.study.user.web.UserController]
[ main:9113 ] org.springframework.beans.CachedIntrospectionResults.&lt;init&gt;(CachedIntrospectionResults.java:284) Caching PropertyDescriptors for class [com.study.user.web.UserController]
[ main:9113 ] org.springframework.beans.CachedIntrospectionResults.&lt;init&gt;(CachedIntrospectionResults.java:297) Found bean property &apos;class&apos; of type [java.lang.Class]
[ main:9113 ] org.springframework.beans.factory.annotation.InjectionMetadata.inject(InjectionMetadata.java:86) Processing injected element of bean &apos;userController&apos;: AutowiredFieldElement for private com.study.user.service.IUserService com.study.user.web.UserController.userService
[ main:9157 ] org.springframework.beans.factory.support.AbstractBeanFactory.doGetBean(AbstractBeanFactory.java:251) Returning cached instance of singleton bean &apos;userServiceImpl&apos;
[ main:9157 ] org.springframework.beans.factory.annotation.AutowiredAnnotationBeanPostProcessor.registerDependentBeans(AutowiredAnnotationBeanPostProcessor.java:516) Autowiring by type from bean name &apos;userController&apos; to bean named &apos;userServiceImpl&apos;
[ main:9157 ] org.springframework.beans.factory.support.AbstractBeanFactory.doGetBean(AbstractBeanFactory.java:251) Returning cached instance of singleton bean &apos;org.springframework.transaction.config.internalTransactionAdvisor&apos;
[ main:9158 ] org.springframework.beans.factory.support.AbstractAutowireCapableBeanFactory.createBean(AbstractAutowireCapableBeanFactory.java:484) Finished creating instance of bean &apos;userController&apos;
[ main:9158 ] org.springframework.beans.factory.support.AbstractBeanFactory.doGetBean(AbstractBeanFactory.java:251) Returning cached instance of singleton bean &apos;org.springframework.context.annotation.internalConfigurationAnnotationProcessor&apos;
[ main:9158 ] org.springframework.beans.factory.support.AbstractBeanFactory.doGetBean(AbstractBeanFactory.java:251) Returning cached instance of singleton bean &apos;org.springframework.context.annotation.internalAutowiredAnnotationProcessor&apos;
[ main:9158 ] org.springframework.beans.factory.support.AbstractBeanFactory.doGetBean(AbstractBeanFactory.java:251) Returning cached instance of singleton bean &apos;org.springframework.context.annotation.internalRequiredAnnotationProcessor&apos;
[ main:9158 ] org.springframework.beans.factory.support.AbstractBeanFactory.doGetBean(AbstractBeanFactory.java:251) Returning cached instance of singleton bean &apos;org.springframework.context.annotation.internalCommonAnnotationProcessor&apos;
[ main:9159 ] org.springframework.beans.factory.support.DefaultSingletonBeanRegistry.getSingleton(DefaultSingletonBeanRegistry.java:221) Creating shared instance of singleton bean &apos;org.springframework.context.event.internalEventListenerProcessor&apos;
[ main:9159 ] org.springframework.beans.factory.support.AbstractAutowireCapableBeanFactory.createBean(AbstractAutowireCapableBeanFactory.java:448) Creating instance of bean &apos;org.springframework.context.event.internalEventListenerProcessor&apos;
[ main:9160 ] org.springframework.beans.factory.support.AbstractAutowireCapableBeanFactory.doCreateBean(AbstractAutowireCapableBeanFactory.java:529) Eagerly caching bean &apos;org.springframework.context.event.internalEventListenerProcessor&apos; to allow for resolving potential circular references
[ main:9161 ] org.springframework.beans.CachedIntrospectionResults.&lt;init&gt;(CachedIntrospectionResults.java:265) Getting BeanInfo for class [org.springframework.context.event.EventListenerMethodProcessor]
[ main:9161 ] org.springframework.beans.CachedIntrospectionResults.&lt;init&gt;(CachedIntrospectionResults.java:284) Caching PropertyDescriptors for class [org.springframework.context.event.EventListenerMethodProcessor]
[ main:9161 ] org.springframework.beans.CachedIntrospectionResults.&lt;init&gt;(CachedIntrospectionResults.java:297) Found bean property &apos;applicationContext&apos; of type [org.springframework.context.ApplicationContext]
[ main:9161 ] org.springframework.beans.CachedIntrospectionResults.&lt;init&gt;(CachedIntrospectionResults.java:297) Found bean property &apos;class&apos; of type [java.lang.Class]
[ main:9163 ] org.springframework.beans.factory.support.AbstractBeanFactory.doGetBean(AbstractBeanFactory.java:251) Returning cached instance of singleton bean &apos;org.springframework.transaction.config.internalTransactionAdvisor&apos;
[ main:9163 ] org.springframework.beans.factory.support.AbstractAutowireCapableBeanFactory.createBean(AbstractAutowireCapableBeanFactory.java:484) Finished creating instance of bean &apos;org.springframework.context.event.internalEventListenerProcessor&apos;
[ main:9163 ] org.springframework.beans.factory.support.DefaultSingletonBeanRegistry.getSingleton(DefaultSingletonBeanRegistry.java:221) Creating shared instance of singleton bean &apos;org.springframework.context.event.internalEventListenerFactory&apos;
[ main:9171 ] org.springframework.beans.factory.support.AbstractAutowireCapableBeanFactory.createBean(AbstractAutowireCapableBeanFactory.java:448) Creating instance of bean &apos;org.springframework.context.event.internalEventListenerFactory&apos;
[ main:9171 ] org.springframework.beans.factory.support.AbstractAutowireCapableBeanFactory.doCreateBean(AbstractAutowireCapableBeanFactory.java:529) Eagerly caching bean &apos;org.springframework.context.event.internalEventListenerFactory&apos; to allow for resolving potential circular references
[ main:9171 ] org.springframework.beans.CachedIntrospectionResults.&lt;init&gt;(CachedIntrospectionResults.java:265) Getting BeanInfo for class [org.springframework.context.event.DefaultEventListenerFactory]
[ main:9172 ] org.springframework.beans.CachedIntrospectionResults.&lt;init&gt;(CachedIntrospectionResults.java:284) Caching PropertyDescriptors for class [org.springframework.context.event.DefaultEventListenerFactory]
[ main:9172 ] org.springframework.beans.CachedIntrospectionResults.&lt;init&gt;(CachedIntrospectionResults.java:297) Found bean property &apos;class&apos; of type [java.lang.Class]
[ main:9172 ] org.springframework.beans.CachedIntrospectionResults.&lt;init&gt;(CachedIntrospectionResults.java:297) Found bean property &apos;order&apos; of type [int]
[ main:9173 ] org.springframework.beans.factory.support.AbstractBeanFactory.doGetBean(AbstractBeanFactory.java:251) Returning cached instance of singleton bean &apos;org.springframework.transaction.config.internalTransactionAdvisor&apos;
[ main:9173 ] org.springframework.beans.factory.support.AbstractAutowireCapableBeanFactory.createBean(AbstractAutowireCapableBeanFactory.java:484) Finished creating instance of bean &apos;org.springframework.context.event.internalEventListenerFactory&apos;
[ main:9174 ] org.springframework.beans.factory.support.DefaultSingletonBeanRegistry.getSingleton(DefaultSingletonBeanRegistry.java:221) Creating shared instance of singleton bean &apos;mvcContentNegotiationManager&apos;
[ main:9174 ] org.springframework.beans.factory.support.AbstractAutowireCapableBeanFactory.createBean(AbstractAutowireCapableBeanFactory.java:448) Creating instance of bean &apos;mvcContentNegotiationManager&apos;
[ main:9174 ] org.springframework.beans.factory.support.AbstractAutowireCapableBeanFactory.doCreateBean(AbstractAutowireCapableBeanFactory.java:529) Eagerly caching bean &apos;mvcContentNegotiationManager&apos; to allow for resolving potential circular references
[ main:9174 ] org.springframework.beans.CachedIntrospectionResults.&lt;init&gt;(CachedIntrospectionResults.java:265) Getting BeanInfo for class [org.springframework.web.accept.ContentNegotiationManagerFactoryBean]
[ main:9175 ] org.springframework.beans.CachedIntrospectionResults.&lt;init&gt;(CachedIntrospectionResults.java:284) Caching PropertyDescriptors for class [org.springframework.web.accept.ContentNegotiationManagerFactoryBean]
[ main:9175 ] org.springframework.beans.CachedIntrospectionResults.&lt;init&gt;(CachedIntrospectionResults.java:297) Found bean property &apos;class&apos; of type [java.lang.Class]
[ main:9175 ] org.springframework.beans.CachedIntrospectionResults.&lt;init&gt;(CachedIntrospectionResults.java:297) Found bean property &apos;defaultContentType&apos; of type [org.springframework.http.MediaType]
[ main:9175 ] org.springframework.beans.CachedIntrospectionResults.&lt;init&gt;(CachedIntrospectionResults.java:297) Found bean property &apos;defaultContentTypeStrategy&apos; of type [org.springframework.web.accept.ContentNegotiationStrategy]
[ main:9175 ] org.springframework.beans.CachedIntrospectionResults.&lt;init&gt;(CachedIntrospectionResults.java:297) Found bean property &apos;favorParameter&apos; of type [boolean]
[ main:9175 ] org.springframework.beans.CachedIntrospectionResults.&lt;init&gt;(CachedIntrospectionResults.java:297) Found bean property &apos;favorPathExtension&apos; of type [boolean]
[ main:9176 ] org.springframework.beans.CachedIntrospectionResults.&lt;init&gt;(CachedIntrospectionResults.java:297) Found bean property &apos;ignoreAcceptHeader&apos; of type [boolean]
[ main:9177 ] org.springframework.beans.CachedIntrospectionResults.&lt;init&gt;(CachedIntrospectionResults.java:297) Found bean property &apos;ignoreUnknownPathExtensions&apos; of type [boolean]
[ main:9177 ] org.springframework.beans.CachedIntrospectionResults.&lt;init&gt;(CachedIntrospectionResults.java:297) Found bean property &apos;mediaTypes&apos; of type [java.util.Properties]
[ main:9177 ] org.springframework.beans.CachedIntrospectionResults.&lt;init&gt;(CachedIntrospectionResults.java:297) Found bean property &apos;object&apos; of type [org.springframework.web.accept.ContentNegotiationManager]
[ main:9177 ] org.springframework.beans.CachedIntrospectionResults.&lt;init&gt;(CachedIntrospectionResults.java:297) Found bean property &apos;objectType&apos; of type [java.lang.Class]
[ main:9178 ] org.springframework.beans.CachedIntrospectionResults.&lt;init&gt;(CachedIntrospectionResults.java:297) Found bean property &apos;parameterName&apos; of type [java.lang.String]
[ main:9178 ] org.springframework.beans.CachedIntrospectionResults.&lt;init&gt;(CachedIntrospectionResults.java:297) Found bean property &apos;servletContext&apos; of type [javax.servlet.ServletContext]
[ main:9178 ] org.springframework.beans.CachedIntrospectionResults.&lt;init&gt;(CachedIntrospectionResults.java:297) Found bean property &apos;singleton&apos; of type [boolean]
[ main:9178 ] org.springframework.beans.CachedIntrospectionResults.&lt;init&gt;(CachedIntrospectionResults.java:297) Found bean property &apos;useJaf&apos; of type [boolean]
[ main:9181 ] org.springframework.beans.factory.support.AbstractAutowireCapableBeanFactory.invokeInitMethods(AbstractAutowireCapableBeanFactory.java:1620) Invoking afterPropertiesSet() on bean with name &apos;mvcContentNegotiationManager&apos;
[ main:9181 ] org.springframework.beans.factory.support.AbstractBeanFactory.doGetBean(AbstractBeanFactory.java:251) Returning cached instance of singleton bean &apos;org.springframework.transaction.config.internalTransactionAdvisor&apos;
[ main:9181 ] org.springframework.beans.factory.support.AbstractAutowireCapableBeanFactory.createBean(AbstractAutowireCapableBeanFactory.java:484) Finished creating instance of bean &apos;mvcContentNegotiationManager&apos;
[ main:9182 ] org.springframework.beans.factory.support.DefaultSingletonBeanRegistry.getSingleton(DefaultSingletonBeanRegistry.java:221) Creating shared instance of singleton bean &apos;org.springframework.web.servlet.mvc.method.annotation.RequestMappingHandlerMapping&apos;
[ main:9182 ] org.springframework.beans.factory.support.AbstractAutowireCapableBeanFactory.createBean(AbstractAutowireCapableBeanFactory.java:448) Creating instance of bean &apos;org.springframework.web.servlet.mvc.method.annotation.RequestMappingHandlerMapping&apos;
[ main:9183 ] org.springframework.beans.factory.support.AbstractAutowireCapableBeanFactory.doCreateBean(AbstractAutowireCapableBeanFactory.java:529) Eagerly caching bean &apos;org.springframework.web.servlet.mvc.method.annotation.RequestMappingHandlerMapping&apos; to allow for resolving potential circular references
[ main:9184 ] org.springframework.beans.CachedIntrospectionResults.&lt;init&gt;(CachedIntrospectionResults.java:265) Getting BeanInfo for class [org.springframework.web.servlet.mvc.method.annotation.RequestMappingHandlerMapping]
[ main:9184 ] org.springframework.beans.CachedIntrospectionResults.&lt;init&gt;(CachedIntrospectionResults.java:284) Caching PropertyDescriptors for class [org.springframework.web.servlet.mvc.method.annotation.RequestMappingHandlerMapping]
[ main:9184 ] org.springframework.beans.CachedIntrospectionResults.&lt;init&gt;(CachedIntrospectionResults.java:297) Found bean property &apos;alwaysUseFullPath&apos; of type [boolean]
[ main:9185 ] org.springframework.beans.CachedIntrospectionResults.&lt;init&gt;(CachedIntrospectionResults.java:297) Found bean property &apos;applicationContext&apos; of type [org.springframework.context.ApplicationContext]
[ main:9185 ] org.springframework.beans.CachedIntrospectionResults.&lt;init&gt;(CachedIntrospectionResults.java:297) Found bean property &apos;class&apos; of type [java.lang.Class]
[ main:9204 ] org.springframework.beans.CachedIntrospectionResults.&lt;init&gt;(CachedIntrospectionResults.java:297) Found bean property &apos;contentNegotiationManager&apos; of type [org.springframework.web.accept.ContentNegotiationManager]
[ main:9204 ] org.springframework.beans.CachedIntrospectionResults.&lt;init&gt;(CachedIntrospectionResults.java:297) Found bean property &apos;corsConfigurations&apos; of type [java.util.Map]
[ main:9204 ] org.springframework.beans.CachedIntrospectionResults.&lt;init&gt;(CachedIntrospectionResults.java:297) Found bean property &apos;corsProcessor&apos; of type [org.springframework.web.cors.CorsProcessor]
[ main:9205 ] org.springframework.beans.CachedIntrospectionResults.&lt;init&gt;(CachedIntrospectionResults.java:297) Found bean property &apos;defaultHandler&apos; of type [java.lang.Object]
[ main:9205 ] org.springframework.beans.CachedIntrospectionResults.&lt;init&gt;(CachedIntrospectionResults.java:297) Found bean property &apos;detectHandlerMethodsInAncestorContexts&apos; of type [boolean]
[ main:9205 ] org.springframework.beans.CachedIntrospectionResults.&lt;init&gt;(CachedIntrospectionResults.java:297) Found bean property &apos;embeddedValueResolver&apos; of type [org.springframework.util.StringValueResolver]
[ main:9205 ] org.springframework.beans.CachedIntrospectionResults.&lt;init&gt;(CachedIntrospectionResults.java:297) Found bean property &apos;fileExtensions&apos; of type [java.util.List]
[ main:9205 ] org.springframework.beans.CachedIntrospectionResults.&lt;init&gt;(CachedIntrospectionResults.java:297) Found bean property &apos;handlerMethodMappingNamingStrategy&apos; of type [org.springframework.web.servlet.handler.HandlerMethodMappingNamingStrategy]
[ main:9205 ] org.springframework.beans.CachedIntrospectionResults.&lt;init&gt;(CachedIntrospectionResults.java:297) Found bean property &apos;handlerMethods&apos; of type [java.util.Map]
[ main:9205 ] org.springframework.beans.CachedIntrospectionResults.&lt;init&gt;(CachedIntrospectionResults.java:297) Found bean property &apos;interceptors&apos; of type [[Ljava.lang.Object;]
[ main:9206 ] org.springframework.beans.CachedIntrospectionResults.&lt;init&gt;(CachedIntrospectionResults.java:297) Found bean property &apos;namingStrategy&apos; of type [org.springframework.web.servlet.handler.HandlerMethodMappingNamingStrategy]
[ main:9206 ] org.springframework.beans.CachedIntrospectionResults.&lt;init&gt;(CachedIntrospectionResults.java:297) Found bean property &apos;order&apos; of type [int]
[ main:9206 ] org.springframework.beans.CachedIntrospectionResults.&lt;init&gt;(CachedIntrospectionResults.java:297) Found bean property &apos;pathMatcher&apos; of type [org.springframework.util.PathMatcher]
[ main:9206 ] org.springframework.beans.CachedIntrospectionResults.&lt;init&gt;(CachedIntrospectionResults.java:297) Found bean property &apos;removeSemicolonContent&apos; of type [boolean]
[ main:9206 ] org.springframework.beans.CachedIntrospectionResults.&lt;init&gt;(CachedIntrospectionResults.java:297) Found bean property &apos;servletContext&apos; of type [javax.servlet.ServletContext]
[ main:9206 ] org.springframework.beans.CachedIntrospectionResults.&lt;init&gt;(CachedIntrospectionResults.java:297) Found bean property &apos;urlDecode&apos; of type [boolean]
[ main:9207 ] org.springframework.beans.CachedIntrospectionResults.&lt;init&gt;(CachedIntrospectionResults.java:297) Found bean property &apos;urlPathHelper&apos; of type [org.springframework.web.util.UrlPathHelper]
[ main:9207 ] org.springframework.beans.CachedIntrospectionResults.&lt;init&gt;(CachedIntrospectionResults.java:297) Found bean property &apos;useRegisteredSuffixPatternMatch&apos; of type [boolean]
[ main:9207 ] org.springframework.beans.CachedIntrospectionResults.&lt;init&gt;(CachedIntrospectionResults.java:297) Found bean property &apos;useSuffixPatternMatch&apos; of type [boolean]
[ main:9207 ] org.springframework.beans.CachedIntrospectionResults.&lt;init&gt;(CachedIntrospectionResults.java:297) Found bean property &apos;useTrailingSlashMatch&apos; of type [boolean]
[ main:9210 ] org.springframework.beans.factory.support.AbstractBeanFactory.doGetBean(AbstractBeanFactory.java:251) Returning cached instance of singleton bean &apos;mvcContentNegotiationManager&apos;
[ main:9247 ] org.springframework.beans.factory.support.AbstractBeanFactory.doGetBean(AbstractBeanFactory.java:251) Returning cached instance of singleton bean &apos;org.springframework.transaction.config.internalTransactionAdvisor&apos;
[ main:9248 ] org.springframework.beans.factory.support.DefaultSingletonBeanRegistry.getSingleton(DefaultSingletonBeanRegistry.java:221) Creating shared instance of singleton bean &apos;mvcCorsConfigurations&apos;
[ main:9248 ] org.springframework.beans.factory.support.AbstractAutowireCapableBeanFactory.createBean(AbstractAutowireCapableBeanFactory.java:448) Creating instance of bean &apos;mvcCorsConfigurations&apos;
[ main:9249 ] org.springframework.beans.factory.support.AbstractAutowireCapableBeanFactory.doCreateBean(AbstractAutowireCapableBeanFactory.java:529) Eagerly caching bean &apos;mvcCorsConfigurations&apos; to allow for resolving potential circular references
[ main:9249 ] org.springframework.beans.factory.support.AbstractBeanFactory.doGetBean(AbstractBeanFactory.java:251) Returning cached instance of singleton bean &apos;org.springframework.transaction.config.internalTransactionAdvisor&apos;
[ main:9249 ] org.springframework.beans.factory.support.AbstractAutowireCapableBeanFactory.createBean(AbstractAutowireCapableBeanFactory.java:484) Finished creating instance of bean &apos;mvcCorsConfigurations&apos;
[ main:9250 ] org.springframework.beans.factory.support.DefaultSingletonBeanRegistry.getSingleton(DefaultSingletonBeanRegistry.java:221) Creating shared instance of singleton bean &apos;org.springframework.web.servlet.handler.MappedInterceptor#0&apos;
[ main:9251 ] org.springframework.beans.factory.support.AbstractAutowireCapableBeanFactory.createBean(AbstractAutowireCapableBeanFactory.java:448) Creating instance of bean &apos;org.springframework.web.servlet.handler.MappedInterceptor#0&apos;
[ main:9251 ] org.springframework.beans.factory.support.AbstractAutowireCapableBeanFactory.createBean(AbstractAutowireCapableBeanFactory.java:448) Creating instance of bean &apos;(inner bean)#bf71cec&apos;
[ main:9252 ] org.springframework.beans.factory.support.DefaultSingletonBeanRegistry.getSingleton(DefaultSingletonBeanRegistry.java:221) Creating shared instance of singleton bean &apos;org.springframework.format.support.FormattingConversionServiceFactoryBean#0&apos;
[ main:9252 ] org.springframework.beans.factory.support.AbstractAutowireCapableBeanFactory.createBean(AbstractAutowireCapableBeanFactory.java:448) Creating instance of bean &apos;org.springframework.format.support.FormattingConversionServiceFactoryBean#0&apos;
[ main:9252 ] org.springframework.beans.factory.support.AbstractAutowireCapableBeanFactory.doCreateBean(AbstractAutowireCapableBeanFactory.java:529) Eagerly caching bean &apos;org.springframework.format.support.FormattingConversionServiceFactoryBean#0&apos; to allow for resolving potential circular references
[ main:9253 ] org.springframework.beans.CachedIntrospectionResults.&lt;init&gt;(CachedIntrospectionResults.java:265) Getting BeanInfo for class [org.springframework.format.support.FormattingConversionServiceFactoryBean]
[ main:9254 ] org.springframework.beans.CachedIntrospectionResults.&lt;init&gt;(CachedIntrospectionResults.java:284) Caching PropertyDescriptors for class [org.springframework.format.support.FormattingConversionServiceFactoryBean]
[ main:9254 ] org.springframework.beans.CachedIntrospectionResults.&lt;init&gt;(CachedIntrospectionResults.java:297) Found bean property &apos;class&apos; of type [java.lang.Class]
[ main:9254 ] org.springframework.beans.CachedIntrospectionResults.&lt;init&gt;(CachedIntrospectionResults.java:297) Found bean property &apos;converters&apos; of type [java.util.Set]
[ main:9255 ] org.springframework.beans.CachedIntrospectionResults.&lt;init&gt;(CachedIntrospectionResults.java:297) Found bean property &apos;embeddedValueResolver&apos; of type [org.springframework.util.StringValueResolver]
[ main:9255 ] org.springframework.beans.CachedIntrospectionResults.&lt;init&gt;(CachedIntrospectionResults.java:297) Found bean property &apos;formatterRegistrars&apos; of type [java.util.Set]
[ main:9271 ] org.springframework.beans.CachedIntrospectionResults.&lt;init&gt;(CachedIntrospectionResults.java:297) Found bean property &apos;formatters&apos; of type [java.util.Set]
[ main:9271 ] org.springframework.beans.CachedIntrospectionResults.&lt;init&gt;(CachedIntrospectionResults.java:297) Found bean property &apos;object&apos; of type [org.springframework.format.support.FormattingConversionService]
[ main:9272 ] org.springframework.beans.CachedIntrospectionResults.&lt;init&gt;(CachedIntrospectionResults.java:297) Found bean property &apos;objectType&apos; of type [java.lang.Class]
[ main:9272 ] org.springframework.beans.CachedIntrospectionResults.&lt;init&gt;(CachedIntrospectionResults.java:297) Found bean property &apos;registerDefaultFormatters&apos; of type [boolean]
[ main:9272 ] org.springframework.beans.CachedIntrospectionResults.&lt;init&gt;(CachedIntrospectionResults.java:297) Found bean property &apos;singleton&apos; of type [boolean]
[ main:9274 ] org.springframework.beans.factory.support.AbstractAutowireCapableBeanFactory.invokeInitMethods(AbstractAutowireCapableBeanFactory.java:1620) Invoking afterPropertiesSet() on bean with name &apos;org.springframework.format.support.FormattingConversionServiceFactoryBean#0&apos;
[ main:9274 ] org.springframework.beans.factory.support.AbstractBeanFactory.doGetBean(AbstractBeanFactory.java:251) Returning cached instance of singleton bean &apos;org.springframework.transaction.config.internalTransactionAdvisor&apos;
[ main:9275 ] org.springframework.beans.factory.support.AbstractAutowireCapableBeanFactory.createBean(AbstractAutowireCapableBeanFactory.java:484) Finished creating instance of bean &apos;org.springframework.format.support.FormattingConversionServiceFactoryBean#0&apos;
[ main:9275 ] org.springframework.beans.factory.support.AbstractBeanFactory.doGetBean(AbstractBeanFactory.java:251) Returning cached instance of singleton bean &apos;org.springframework.transaction.config.internalTransactionAdvisor&apos;
[ main:9276 ] org.springframework.beans.CachedIntrospectionResults.&lt;init&gt;(CachedIntrospectionResults.java:265) Getting BeanInfo for class [org.springframework.web.servlet.handler.ConversionServiceExposingInterceptor]
[ main:9276 ] org.springframework.beans.CachedIntrospectionResults.&lt;init&gt;(CachedIntrospectionResults.java:284) Caching PropertyDescriptors for class [org.springframework.web.servlet.handler.ConversionServiceExposingInterceptor]
[ main:9277 ] org.springframework.beans.CachedIntrospectionResults.&lt;init&gt;(CachedIntrospectionResults.java:297) Found bean property &apos;class&apos; of type [java.lang.Class]
[ main:9278 ] org.springframework.beans.factory.support.AbstractBeanFactory.doGetBean(AbstractBeanFactory.java:251) Returning cached instance of singleton bean &apos;org.springframework.transaction.config.internalTransactionAdvisor&apos;
[ main:9278 ] org.springframework.beans.factory.support.AbstractAutowireCapableBeanFactory.createBean(AbstractAutowireCapableBeanFactory.java:484) Finished creating instance of bean &apos;(inner bean)#bf71cec&apos;
[ main:9281 ] org.springframework.beans.factory.support.ConstructorResolver.autowireConstructor(ConstructorResolver.java:194) Ignoring constructor [public org.springframework.web.servlet.handler.MappedInterceptor(java.lang.String[],java.lang.String[],org.springframework.web.context.request.WebRequestInterceptor)] of bean &apos;org.springframework.web.servlet.handler.MappedInterceptor#0&apos;: org.springframework.beans.factory.UnsatisfiedDependencyException: Error creating bean with name &apos;org.springframework.web.servlet.handler.MappedInterceptor#0&apos;: Unsatisfied dependency expressed through constructor parameter 1: Could not convert argument value of type [org.springframework.web.servlet.handler.ConversionServiceExposingInterceptor] to required type [[Ljava.lang.String;]: Failed to convert value of type [org.springframework.web.servlet.handler.ConversionServiceExposingInterceptor] to required type [java.lang.String[]]; nested exception is java.lang.IllegalStateException: Cannot convert value of type [org.springframework.web.servlet.handler.ConversionServiceExposingInterceptor] to required type [java.lang.String]: no matching editors or conversion strategy found
[ main:9305 ] org.springframework.beans.factory.support.ConstructorResolver.autowireConstructor(ConstructorResolver.java:194) Ignoring constructor [public org.springframework.web.servlet.handler.MappedInterceptor(java.lang.String[],java.lang.String[],org.springframework.web.servlet.HandlerInterceptor)] of bean &apos;org.springframework.web.servlet.handler.MappedInterceptor#0&apos;: org.springframework.beans.factory.UnsatisfiedDependencyException: Error creating bean with name &apos;org.springframework.web.servlet.handler.MappedInterceptor#0&apos;: Unsatisfied dependency expressed through constructor parameter 1: Could not convert argument value of type [org.springframework.web.servlet.handler.ConversionServiceExposingInterceptor] to required type [[Ljava.lang.String;]: Failed to convert value of type [org.springframework.web.servlet.handler.ConversionServiceExposingInterceptor] to required type [java.lang.String[]]; nested exception is java.lang.IllegalStateException: Cannot convert value of type [org.springframework.web.servlet.handler.ConversionServiceExposingInterceptor] to required type [java.lang.String]: no matching editors or conversion strategy found
[ main:9307 ] org.springframework.beans.factory.support.ConstructorResolver.autowireConstructor(ConstructorResolver.java:194) Ignoring constructor [public org.springframework.web.servlet.handler.MappedInterceptor(java.lang.String[],org.springframework.web.context.request.WebRequestInterceptor)] of bean &apos;org.springframework.web.servlet.handler.MappedInterceptor#0&apos;: org.springframework.beans.factory.UnsatisfiedDependencyException: Error creating bean with name &apos;org.springframework.web.servlet.handler.MappedInterceptor#0&apos;: Unsatisfied dependency expressed through constructor parameter 1: Could not convert argument value of type [org.springframework.web.servlet.handler.ConversionServiceExposingInterceptor] to required type [org.springframework.web.context.request.WebRequestInterceptor]: Failed to convert value of type [org.springframework.web.servlet.handler.ConversionServiceExposingInterceptor] to required type [org.springframework.web.context.request.WebRequestInterceptor]; nested exception is java.lang.IllegalStateException: Cannot convert value of type [org.springframework.web.servlet.handler.ConversionServiceExposingInterceptor] to required type [org.springframework.web.context.request.WebRequestInterceptor]: no matching editors or conversion strategy found
[ main:9308 ] org.springframework.beans.factory.support.AbstractAutowireCapableBeanFactory.doCreateBean(AbstractAutowireCapableBeanFactory.java:529) Eagerly caching bean &apos;org.springframework.web.servlet.handler.MappedInterceptor#0&apos; to allow for resolving potential circular references
[ main:9308 ] org.springframework.beans.CachedIntrospectionResults.&lt;init&gt;(CachedIntrospectionResults.java:265) Getting BeanInfo for class [org.springframework.web.servlet.handler.MappedInterceptor]
[ main:9309 ] org.springframework.beans.CachedIntrospectionResults.&lt;init&gt;(CachedIntrospectionResults.java:284) Caching PropertyDescriptors for class [org.springframework.web.servlet.handler.MappedInterceptor]
[ main:9309 ] org.springframework.beans.CachedIntrospectionResults.&lt;init&gt;(CachedIntrospectionResults.java:297) Found bean property &apos;class&apos; of type [java.lang.Class]
[ main:9309 ] org.springframework.beans.CachedIntrospectionResults.&lt;init&gt;(CachedIntrospectionResults.java:297) Found bean property &apos;interceptor&apos; of type [org.springframework.web.servlet.HandlerInterceptor]
[ main:9309 ] org.springframework.beans.CachedIntrospectionResults.&lt;init&gt;(CachedIntrospectionResults.java:297) Found bean property &apos;pathMatcher&apos; of type [org.springframework.util.PathMatcher]
[ main:9309 ] org.springframework.beans.CachedIntrospectionResults.&lt;init&gt;(CachedIntrospectionResults.java:297) Found bean property &apos;pathPatterns&apos; of type [[Ljava.lang.String;]
[ main:9310 ] org.springframework.beans.factory.support.AbstractBeanFactory.doGetBean(AbstractBeanFactory.java:251) Returning cached instance of singleton bean &apos;org.springframework.transaction.config.internalTransactionAdvisor&apos;
[ main:9337 ] org.springframework.beans.factory.support.AbstractAutowireCapableBeanFactory.createBean(AbstractAutowireCapableBeanFactory.java:484) Finished creating instance of bean &apos;org.springframework.web.servlet.handler.MappedInterceptor#0&apos;
[ main:9337 ] org.springframework.beans.factory.support.DefaultSingletonBeanRegistry.getSingleton(DefaultSingletonBeanRegistry.java:221) Creating shared instance of singleton bean &apos;org.springframework.web.servlet.handler.MappedInterceptor#1&apos;
[ main:9337 ] org.springframework.beans.factory.support.AbstractAutowireCapableBeanFactory.createBean(AbstractAutowireCapableBeanFactory.java:448) Creating instance of bean &apos;org.springframework.web.servlet.handler.MappedInterceptor#1&apos;
[ main:9338 ] org.springframework.beans.factory.support.AbstractAutowireCapableBeanFactory.createBean(AbstractAutowireCapableBeanFactory.java:448) Creating instance of bean &apos;(inner bean)#44f9779c&apos;
[ main:9338 ] org.springframework.beans.factory.support.AbstractAutowireCapableBeanFactory.createBean(AbstractAutowireCapableBeanFactory.java:448) Creating instance of bean &apos;(inner bean)#6974a715&apos;
[ main:9338 ] org.springframework.beans.CachedIntrospectionResults.&lt;init&gt;(CachedIntrospectionResults.java:265) Getting BeanInfo for class [org.springframework.web.servlet.resource.ResourceUrlProvider]
[ main:9338 ] org.springframework.beans.CachedIntrospectionResults.&lt;init&gt;(CachedIntrospectionResults.java:284) Caching PropertyDescriptors for class [org.springframework.web.servlet.resource.ResourceUrlProvider]
[ main:9339 ] org.springframework.beans.CachedIntrospectionResults.&lt;init&gt;(CachedIntrospectionResults.java:297) Found bean property &apos;autodetect&apos; of type [boolean]
[ main:9339 ] org.springframework.beans.CachedIntrospectionResults.&lt;init&gt;(CachedIntrospectionResults.java:297) Found bean property &apos;class&apos; of type [java.lang.Class]
[ main:9339 ] org.springframework.beans.CachedIntrospectionResults.&lt;init&gt;(CachedIntrospectionResults.java:297) Found bean property &apos;handlerMap&apos; of type [java.util.Map]
[ main:9339 ] org.springframework.beans.CachedIntrospectionResults.&lt;init&gt;(CachedIntrospectionResults.java:297) Found bean property &apos;pathHelper&apos; of type [org.springframework.web.util.UrlPathHelper]
[ main:9340 ] org.springframework.beans.CachedIntrospectionResults.&lt;init&gt;(CachedIntrospectionResults.java:297) Found bean property &apos;pathMatcher&apos; of type [org.springframework.util.PathMatcher]
[ main:9340 ] org.springframework.beans.CachedIntrospectionResults.&lt;init&gt;(CachedIntrospectionResults.java:297) Found bean property &apos;urlPathHelper&apos; of type [org.springframework.web.util.UrlPathHelper]
[ main:9341 ] org.springframework.beans.factory.support.AbstractBeanFactory.doGetBean(AbstractBeanFactory.java:251) Returning cached instance of singleton bean &apos;org.springframework.transaction.config.internalTransactionAdvisor&apos;
[ main:9341 ] org.springframework.beans.factory.support.AbstractAutowireCapableBeanFactory.createBean(AbstractAutowireCapableBeanFactory.java:484) Finished creating instance of bean &apos;(inner bean)#6974a715&apos;
[ main:9342 ] org.springframework.beans.CachedIntrospectionResults.&lt;init&gt;(CachedIntrospectionResults.java:265) Getting BeanInfo for class [org.springframework.web.servlet.resource.ResourceUrlProviderExposingInterceptor]
[ main:9342 ] org.springframework.beans.CachedIntrospectionResults.&lt;init&gt;(CachedIntrospectionResults.java:284) Caching PropertyDescriptors for class [org.springframework.web.servlet.resource.ResourceUrlProviderExposingInterceptor]
[ main:9343 ] org.springframework.beans.CachedIntrospectionResults.&lt;init&gt;(CachedIntrospectionResults.java:297) Found bean property &apos;class&apos; of type [java.lang.Class]
[ main:9343 ] org.springframework.beans.factory.support.AbstractBeanFactory.doGetBean(AbstractBeanFactory.java:251) Returning cached instance of singleton bean &apos;org.springframework.transaction.config.internalTransactionAdvisor&apos;
[ main:9369 ] org.springframework.beans.factory.support.AbstractAutowireCapableBeanFactory.createBean(AbstractAutowireCapableBeanFactory.java:484) Finished creating instance of bean &apos;(inner bean)#44f9779c&apos;
[ main:9369 ] org.springframework.beans.factory.support.ConstructorResolver.autowireConstructor(ConstructorResolver.java:194) Ignoring constructor [public org.springframework.web.servlet.handler.MappedInterceptor(java.lang.String[],java.lang.String[],org.springframework.web.context.request.WebRequestInterceptor)] of bean &apos;org.springframework.web.servlet.handler.MappedInterceptor#1&apos;: org.springframework.beans.factory.UnsatisfiedDependencyException: Error creating bean with name &apos;org.springframework.web.servlet.handler.MappedInterceptor#1&apos;: Unsatisfied dependency expressed through constructor parameter 1: Could not convert argument value of type [org.springframework.web.servlet.resource.ResourceUrlProviderExposingInterceptor] to required type [[Ljava.lang.String;]: Failed to convert value of type [org.springframework.web.servlet.resource.ResourceUrlProviderExposingInterceptor] to required type [java.lang.String[]]; nested exception is java.lang.IllegalStateException: Cannot convert value of type [org.springframework.web.servlet.resource.ResourceUrlProviderExposingInterceptor] to required type [java.lang.String]: no matching editors or conversion strategy found
[ main:9370 ] org.springframework.beans.factory.support.ConstructorResolver.autowireConstructor(ConstructorResolver.java:194) Ignoring constructor [public org.springframework.web.servlet.handler.MappedInterceptor(java.lang.String[],java.lang.String[],org.springframework.web.servlet.HandlerInterceptor)] of bean &apos;org.springframework.web.servlet.handler.MappedInterceptor#1&apos;: org.springframework.beans.factory.UnsatisfiedDependencyException: Error creating bean with name &apos;org.springframework.web.servlet.handler.MappedInterceptor#1&apos;: Unsatisfied dependency expressed through constructor parameter 1: Could not convert argument value of type [org.springframework.web.servlet.resource.ResourceUrlProviderExposingInterceptor] to required type [[Ljava.lang.String;]: Failed to convert value of type [org.springframework.web.servlet.resource.ResourceUrlProviderExposingInterceptor] to required type [java.lang.String[]]; nested exception is java.lang.IllegalStateException: Cannot convert value of type [org.springframework.web.servlet.resource.ResourceUrlProviderExposingInterceptor] to required type [java.lang.String]: no matching editors or conversion strategy found
[ main:9370 ] org.springframework.beans.factory.support.ConstructorResolver.autowireConstructor(ConstructorResolver.java:194) Ignoring constructor [public org.springframework.web.servlet.handler.MappedInterceptor(java.lang.String[],org.springframework.web.context.request.WebRequestInterceptor)] of bean &apos;org.springframework.web.servlet.handler.MappedInterceptor#1&apos;: org.springframework.beans.factory.UnsatisfiedDependencyException: Error creating bean with name &apos;org.springframework.web.servlet.handler.MappedInterceptor#1&apos;: Unsatisfied dependency expressed through constructor parameter 1: Could not convert argument value of type [org.springframework.web.servlet.resource.ResourceUrlProviderExposingInterceptor] to required type [org.springframework.web.context.request.WebRequestInterceptor]: Failed to convert value of type [org.springframework.web.servlet.resource.ResourceUrlProviderExposingInterceptor] to required type [org.springframework.web.context.request.WebRequestInterceptor]; nested exception is java.lang.IllegalStateException: Cannot convert value of type [org.springframework.web.servlet.resource.ResourceUrlProviderExposingInterceptor] to required type [org.springframework.web.context.request.WebRequestInterceptor]: no matching editors or conversion strategy found
[ main:9371 ] org.springframework.beans.factory.support.AbstractAutowireCapableBeanFactory.doCreateBean(AbstractAutowireCapableBeanFactory.java:529) Eagerly caching bean &apos;org.springframework.web.servlet.handler.MappedInterceptor#1&apos; to allow for resolving potential circular references
[ main:9401 ] org.springframework.beans.factory.support.AbstractBeanFactory.doGetBean(AbstractBeanFactory.java:251) Returning cached instance of singleton bean &apos;org.springframework.transaction.config.internalTransactionAdvisor&apos;
[ main:9401 ] org.springframework.beans.factory.support.AbstractAutowireCapableBeanFactory.createBean(AbstractAutowireCapableBeanFactory.java:484) Finished creating instance of bean &apos;org.springframework.web.servlet.handler.MappedInterceptor#1&apos;
[ main:9402 ] org.springframework.beans.factory.support.AbstractAutowireCapableBeanFactory.invokeInitMethods(AbstractAutowireCapableBeanFactory.java:1620) Invoking afterPropertiesSet() on bean with name &apos;org.springframework.web.servlet.mvc.method.annotation.RequestMappingHandlerMapping&apos;
[ main:9402 ] org.springframework.web.servlet.handler.AbstractHandlerMethodMapping.initHandlerMethods(AbstractHandlerMethodMapping.java:195) Looking for request mappings in application context: org.springframework.context.support.ClassPathXmlApplicationContext@17f9344b: startup date [Wed Sep 09 19:10:56 CST 2020]; root of context hierarchy
[ main:9410 ] org.springframework.web.servlet.handler.AbstractHandlerMethodMapping.detectHandlerMethods(AbstractHandlerMethodMapping.java:245) 4 request handler methods found on class com.study.basic.web.ClsController: {public org.springframework.web.servlet.ModelAndView com.study.basic.web.ClsController.showAllCls()={[/basic/clsmain],methods=[GET || POST]}, public boolean com.study.basic.web.ClsController.deleteUserinfo(com.study.basic.pojo.Cls)={[/basic/clsdel],methods=[GET || POST]}, public boolean com.study.basic.web.ClsController.saveCls(com.study.basic.pojo.Cls)={[/basic/clssave],methods=[GET || POST]}, public com.study.basic.pojo.Cls com.study.basic.web.ClsController.selectUserForEdit(java.lang.Integer)={[/basic/selectClsForEdit],methods=[GET || POST]}}
[ main:9410 ] org.springframework.web.servlet.handler.AbstractHandlerMethodMapping$MappingRegistry.register(AbstractHandlerMethodMapping.java:543) Mapped &quot;{[/basic/clsmain],methods=[GET || POST]}&quot; onto public org.springframework.web.servlet.ModelAndView com.study.basic.web.ClsController.showAllCls()
[ main:9411 ] org.springframework.web.servlet.handler.AbstractHandlerMethodMapping$MappingRegistry.addMappingName(AbstractHandlerMethodMapping.java:603) Mapping name &apos;CC#showAllCls&apos;
[ main:9411 ] org.springframework.web.servlet.handler.AbstractHandlerMethodMapping$MappingRegistry.register(AbstractHandlerMethodMapping.java:543) Mapped &quot;{[/basic/clsdel],methods=[GET || POST]}&quot; onto public boolean com.study.basic.web.ClsController.deleteUserinfo(com.study.basic.pojo.Cls)
[ main:9411 ] org.springframework.web.servlet.handler.AbstractHandlerMethodMapping$MappingRegistry.addMappingName(AbstractHandlerMethodMapping.java:603) Mapping name &apos;CC#deleteUserinfo&apos;
[ main:9411 ] org.springframework.web.servlet.handler.AbstractHandlerMethodMapping$MappingRegistry.register(AbstractHandlerMethodMapping.java:543) Mapped &quot;{[/basic/clssave],methods=[GET || POST]}&quot; onto public boolean com.study.basic.web.ClsController.saveCls(com.study.basic.pojo.Cls)
[ main:9411 ] org.springframework.web.servlet.handler.AbstractHandlerMethodMapping$MappingRegistry.addMappingName(AbstractHandlerMethodMapping.java:603) Mapping name &apos;CC#saveCls&apos;
[ main:9412 ] org.springframework.web.servlet.handler.AbstractHandlerMethodMapping$MappingRegistry.register(AbstractHandlerMethodMapping.java:543) Mapped &quot;{[/basic/selectClsForEdit],methods=[GET || POST]}&quot; onto public com.study.basic.pojo.Cls com.study.basic.web.ClsController.selectUserForEdit(java.lang.Integer)
[ main:9412 ] org.springframework.web.servlet.handler.AbstractHandlerMethodMapping$MappingRegistry.addMappingName(AbstractHandlerMethodMapping.java:603) Mapping name &apos;CC#selectUserForEdit&apos;
[ main:9422 ] org.springframework.web.servlet.handler.AbstractHandlerMethodMapping.detectHandlerMethods(AbstractHandlerMethodMapping.java:245) 4 request handler methods found on class com.study.basic.web.ClsRoomController: {public boolean com.study.basic.web.ClsRoomController.updateClsRoomStatus(com.study.basic.pojo.ClsRoom)={[/basic/clsRoomdel],methods=[GET || POST]}, public com.study.basic.pojo.ClsRoom com.study.basic.web.ClsRoomController.updateClsRoom(java.lang.Integer)={[/basic/clsroomedit],methods=[GET || POST]}, public org.springframework.web.servlet.ModelAndView com.study.basic.web.ClsRoomController.showAllClsRoom()={[/basic/clsRoommain],methods=[GET || POST]}, public com.study.basic.pojo.ClsRoom com.study.basic.web.ClsRoomController.saveClsRoom(com.study.basic.pojo.ClsRoom)={[/basic/clsroomsave],methods=[GET || POST]}}
[ main:9425 ] org.springframework.web.servlet.handler.AbstractHandlerMethodMapping$MappingRegistry.register(AbstractHandlerMethodMapping.java:543) Mapped &quot;{[/basic/clsRoomdel],methods=[GET || POST]}&quot; onto public boolean com.study.basic.web.ClsRoomController.updateClsRoomStatus(com.study.basic.pojo.ClsRoom)
[ main:9425 ] org.springframework.web.servlet.handler.AbstractHandlerMethodMapping$MappingRegistry.addMappingName(AbstractHandlerMethodMapping.java:603) Mapping name &apos;CRC#updateClsRoomStatus&apos;
[ main:9425 ] org.springframework.web.servlet.handler.AbstractHandlerMethodMapping$MappingRegistry.register(AbstractHandlerMethodMapping.java:543) Mapped &quot;{[/basic/clsroomedit],methods=[GET || POST]}&quot; onto public com.study.basic.pojo.ClsRoom com.study.basic.web.ClsRoomController.updateClsRoom(java.lang.Integer)
[ main:9425 ] org.springframework.web.servlet.handler.AbstractHandlerMethodMapping$MappingRegistry.addMappingName(AbstractHandlerMethodMapping.java:603) Mapping name &apos;CRC#updateClsRoom&apos;
[ main:9426 ] org.springframework.web.servlet.handler.AbstractHandlerMethodMapping$MappingRegistry.register(AbstractHandlerMethodMapping.java:543) Mapped &quot;{[/basic/clsRoommain],methods=[GET || POST]}&quot; onto public org.springframework.web.servlet.ModelAndView com.study.basic.web.ClsRoomController.showAllClsRoom()
[ main:9426 ] org.springframework.web.servlet.handler.AbstractHandlerMethodMapping$MappingRegistry.addMappingName(AbstractHandlerMethodMapping.java:603) Mapping name &apos;CRC#showAllClsRoom&apos;
[ main:9426 ] org.springframework.web.servlet.handler.AbstractHandlerMethodMapping$MappingRegistry.register(AbstractHandlerMethodMapping.java:543) Mapped &quot;{[/basic/clsroomsave],methods=[GET || POST]}&quot; onto public com.study.basic.pojo.ClsRoom com.study.basic.web.ClsRoomController.saveClsRoom(com.study.basic.pojo.ClsRoom)
[ main:9426 ] org.springframework.web.servlet.handler.AbstractHandlerMethodMapping$MappingRegistry.addMappingName(AbstractHandlerMethodMapping.java:603) Mapping name &apos;CRC#saveClsRoom&apos;
[ main:9427 ] org.springframework.web.servlet.handler.AbstractHandlerMethodMapping.detectHandlerMethods(AbstractHandlerMethodMapping.java:245) 4 request handler methods found on class com.study.basic.web.UserInfoController: {public boolean com.study.basic.web.UserInfoController.deleteUserinfo(com.study.basic.pojo.UserInfo)={[/basic/userdel],methods=[GET || POST]}, public org.springframework.web.servlet.ModelAndView com.study.basic.web.UserInfoController.showAllUserinfo()={[/basic/usermain],methods=[GET || POST]}, public boolean com.study.basic.web.UserInfoController.saveUser(java.lang.Integer,java.lang.String,java.lang.String,java.lang.String,java.lang.String,java.lang.String,java.lang.Integer,java.util.Date)={[/basic/usersave],methods=[GET || POST]}, public com.study.basic.pojo.UserInfo com.study.basic.web.UserInfoController.selectUserForEdit(java.lang.Integer)={[/basic/selectUserForEdit],methods=[GET || POST]}}
[ main:9428 ] org.springframework.web.servlet.handler.AbstractHandlerMethodMapping$MappingRegistry.register(AbstractHandlerMethodMapping.java:543) Mapped &quot;{[/basic/userdel],methods=[GET || POST]}&quot; onto public boolean com.study.basic.web.UserInfoController.deleteUserinfo(com.study.basic.pojo.UserInfo)
[ main:9428 ] org.springframework.web.servlet.handler.AbstractHandlerMethodMapping$MappingRegistry.addMappingName(AbstractHandlerMethodMapping.java:603) Mapping name &apos;UIC#deleteUserinfo&apos;
[ main:9428 ] org.springframework.web.servlet.handler.AbstractHandlerMethodMapping$MappingRegistry.register(AbstractHandlerMethodMapping.java:543) Mapped &quot;{[/basic/usermain],methods=[GET || POST]}&quot; onto public org.springframework.web.servlet.ModelAndView com.study.basic.web.UserInfoController.showAllUserinfo()
[ main:9429 ] org.springframework.web.servlet.handler.AbstractHandlerMethodMapping$MappingRegistry.addMappingName(AbstractHandlerMethodMapping.java:603) Mapping name &apos;UIC#showAllUserinfo&apos;
[ main:9429 ] org.springframework.web.servlet.handler.AbstractHandlerMethodMapping$MappingRegistry.register(AbstractHandlerMethodMapping.java:543) Mapped &quot;{[/basic/usersave],methods=[GET || POST]}&quot; onto public boolean com.study.basic.web.UserInfoController.saveUser(java.lang.Integer,java.lang.String,java.lang.String,java.lang.String,java.lang.String,java.lang.String,java.lang.Integer,java.util.Date)
[ main:9429 ] org.springframework.web.servlet.handler.AbstractHandlerMethodMapping$MappingRegistry.addMappingName(AbstractHandlerMethodMapping.java:603) Mapping name &apos;UIC#saveUser&apos;
[ main:9429 ] org.springframework.web.servlet.handler.AbstractHandlerMethodMapping$MappingRegistry.register(AbstractHandlerMethodMapping.java:543) Mapped &quot;{[/basic/selectUserForEdit],methods=[GET || POST]}&quot; onto public com.study.basic.pojo.UserInfo com.study.basic.web.UserInfoController.selectUserForEdit(java.lang.Integer)
[ main:9430 ] org.springframework.web.servlet.handler.AbstractHandlerMethodMapping$MappingRegistry.addMappingName(AbstractHandlerMethodMapping.java:603) Mapping name &apos;UIC#selectUserForEdit&apos;
[ main:9431 ] org.springframework.web.servlet.handler.AbstractHandlerMethodMapping.detectHandlerMethods(AbstractHandlerMethodMapping.java:245) 8 request handler methods found on class com.study.user.web.UserController: {public org.springframework.web.servlet.ModelAndView com.study.user.web.UserController.listAllRole() throws java.lang.Exception={[/user/rolemain],methods=[GET || POST]}, public com.study.user.pojo.Role com.study.user.web.UserController.updateRole(java.lang.Integer)={[/user/roleedit],methods=[GET || POST]}, public boolean com.study.user.web.UserController.deleteRole(java.lang.Integer)={[/user/roledelete],methods=[GET || POST]}, public org.springframework.web.servlet.ModelAndView com.study.user.web.UserController.rolerightModify(java.lang.Integer) throws java.lang.Exception={[/user/rolerightmodify/{roleId}],methods=[GET || POST]}, public com.study.user.pojo.Role com.study.user.web.UserController.saveRole(com.study.user.pojo.Role) throws java.lang.Exception={[/user/saverole],methods=[GET || POST]}, public org.springframework.web.servlet.ModelAndView com.study.user.web.UserController.saveRoleright(java.lang.Integer,java.util.List) throws java.lang.Exception={[/user/saveright],methods=[GET || POST]}, public org.springframework.web.servlet.ModelAndView com.study.user.web.UserController.listAllteacher() throws java.lang.Exception={[/user/teachermain],methods=[GET || POST]}, public org.springframework.web.servlet.ModelAndView com.study.user.web.UserController.loginRequest(com.study.user.pojo.Teacher,javax.servlet.http.HttpSession) throws java.lang.Exception={[/user/login],methods=[GET || POST]}}
[ main:9432 ] org.springframework.web.servlet.handler.AbstractHandlerMethodMapping$MappingRegistry.register(AbstractHandlerMethodMapping.java:543) Mapped &quot;{[/user/rolemain],methods=[GET || POST]}&quot; onto public org.springframework.web.servlet.ModelAndView com.study.user.web.UserController.listAllRole() throws java.lang.Exception
[ main:9432 ] org.springframework.web.servlet.handler.AbstractHandlerMethodMapping$MappingRegistry.addMappingName(AbstractHandlerMethodMapping.java:603) Mapping name &apos;UC#listAllRole&apos;
[ main:9432 ] org.springframework.web.servlet.handler.AbstractHandlerMethodMapping$MappingRegistry.register(AbstractHandlerMethodMapping.java:543) Mapped &quot;{[/user/roleedit],methods=[GET || POST]}&quot; onto public com.study.user.pojo.Role com.study.user.web.UserController.updateRole(java.lang.Integer)
[ main:9432 ] org.springframework.web.servlet.handler.AbstractHandlerMethodMapping$MappingRegistry.addMappingName(AbstractHandlerMethodMapping.java:603) Mapping name &apos;UC#updateRole&apos;
[ main:9433 ] org.springframework.web.servlet.handler.AbstractHandlerMethodMapping$MappingRegistry.register(AbstractHandlerMethodMapping.java:543) Mapped &quot;{[/user/roledelete],methods=[GET || POST]}&quot; onto public boolean com.study.user.web.UserController.deleteRole(java.lang.Integer)
[ main:9433 ] org.springframework.web.servlet.handler.AbstractHandlerMethodMapping$MappingRegistry.addMappingName(AbstractHandlerMethodMapping.java:603) Mapping name &apos;UC#deleteRole&apos;
[ main:9433 ] org.springframework.web.servlet.handler.AbstractHandlerMethodMapping$MappingRegistry.register(AbstractHandlerMethodMapping.java:543) Mapped &quot;{[/user/rolerightmodify/{roleId}],methods=[GET || POST]}&quot; onto public org.springframework.web.servlet.ModelAndView com.study.user.web.UserController.rolerightModify(java.lang.Integer) throws java.lang.Exception
[ main:9433 ] org.springframework.web.servlet.handler.AbstractHandlerMethodMapping$MappingRegistry.addMappingName(AbstractHandlerMethodMapping.java:603) Mapping name &apos;UC#rolerightModify&apos;
[ main:9434 ] org.springframework.web.servlet.handler.AbstractHandlerMethodMapping$MappingRegistry.register(AbstractHandlerMethodMapping.java:543) Mapped &quot;{[/user/saverole],methods=[GET || POST]}&quot; onto public com.study.user.pojo.Role com.study.user.web.UserController.saveRole(com.study.user.pojo.Role) throws java.lang.Exception
[ main:9434 ] org.springframework.web.servlet.handler.AbstractHandlerMethodMapping$MappingRegistry.addMappingName(AbstractHandlerMethodMapping.java:603) Mapping name &apos;UC#saveRole&apos;
[ main:9434 ] org.springframework.web.servlet.handler.AbstractHandlerMethodMapping$MappingRegistry.register(AbstractHandlerMethodMapping.java:543) Mapped &quot;{[/user/saveright],methods=[GET || POST]}&quot; onto public org.springframework.web.servlet.ModelAndView com.study.user.web.UserController.saveRoleright(java.lang.Integer,java.util.List&lt;java.lang.Integer&gt;) throws java.lang.Exception
[ main:9434 ] org.springframework.web.servlet.handler.AbstractHandlerMethodMapping$MappingRegistry.addMappingName(AbstractHandlerMethodMapping.java:603) Mapping name &apos;UC#saveRoleright&apos;
[ main:9434 ] org.springframework.web.servlet.handler.AbstractHandlerMethodMapping$MappingRegistry.register(AbstractHandlerMethodMapping.java:543) Mapped &quot;{[/user/teachermain],methods=[GET || POST]}&quot; onto public org.springframework.web.servlet.ModelAndView com.study.user.web.UserController.listAllteacher() throws java.lang.Exception
[ main:9435 ] org.springframework.web.servlet.handler.AbstractHandlerMethodMapping$MappingRegistry.addMappingName(AbstractHandlerMethodMapping.java:603) Mapping name &apos;UC#listAllteacher&apos;
[ main:9435 ] org.springframework.web.servlet.handler.AbstractHandlerMethodMapping$MappingRegistry.register(AbstractHandlerMethodMapping.java:543) Mapped &quot;{[/user/login],methods=[GET || POST]}&quot; onto public org.springframework.web.servlet.ModelAndView com.study.user.web.UserController.loginRequest(com.study.user.pojo.Teacher,javax.servlet.http.HttpSession) throws java.lang.Exception
[ main:9435 ] org.springframework.web.servlet.handler.AbstractHandlerMethodMapping$MappingRegistry.addMappingName(AbstractHandlerMethodMapping.java:603) Mapping name &apos;UC#loginRequest&apos;
[ main:9436 ] org.springframework.beans.factory.support.AbstractBeanFactory.doGetBean(AbstractBeanFactory.java:251) Returning cached instance of singleton bean &apos;org.springframework.transaction.config.internalTransactionAdvisor&apos;
[ main:9436 ] org.springframework.beans.factory.support.AbstractAutowireCapableBeanFactory.createBean(AbstractAutowireCapableBeanFactory.java:484) Finished creating instance of bean &apos;org.springframework.web.servlet.mvc.method.annotation.RequestMappingHandlerMapping&apos;
[ main:9436 ] org.springframework.beans.factory.support.AbstractBeanFactory.doGetBean(AbstractBeanFactory.java:251) Returning cached instance of singleton bean &apos;mvcCorsConfigurations&apos;
[ main:9436 ] org.springframework.beans.factory.support.AbstractBeanFactory.doGetBean(AbstractBeanFactory.java:251) Returning cached instance of singleton bean &apos;org.springframework.format.support.FormattingConversionServiceFactoryBean#0&apos;
[ main:9437 ] org.springframework.beans.factory.support.DefaultSingletonBeanRegistry.getSingleton(DefaultSingletonBeanRegistry.java:221) Creating shared instance of singleton bean &apos;org.springframework.web.servlet.mvc.method.annotation.RequestMappingHandlerAdapter&apos;
[ main:9437 ] org.springframework.beans.factory.support.AbstractAutowireCapableBeanFactory.createBean(AbstractAutowireCapableBeanFactory.java:448) Creating instance of bean &apos;org.springframework.web.servlet.mvc.method.annotation.RequestMappingHandlerAdapter&apos;
[ main:9445 ] org.springframework.beans.factory.support.AbstractAutowireCapableBeanFactory.doCreateBean(AbstractAutowireCapableBeanFactory.java:529) Eagerly caching bean &apos;org.springframework.web.servlet.mvc.method.annotation.RequestMappingHandlerAdapter&apos; to allow for resolving potential circular references
[ main:9445 ] org.springframework.beans.CachedIntrospectionResults.&lt;init&gt;(CachedIntrospectionResults.java:265) Getting BeanInfo for class [org.springframework.web.servlet.mvc.method.annotation.RequestMappingHandlerAdapter]
[ main:9445 ] org.springframework.beans.CachedIntrospectionResults.&lt;init&gt;(CachedIntrospectionResults.java:284) Caching PropertyDescriptors for class [org.springframework.web.servlet.mvc.method.annotation.RequestMappingHandlerAdapter]
[ main:9445 ] org.springframework.beans.CachedIntrospectionResults.&lt;init&gt;(CachedIntrospectionResults.java:297) Found bean property &apos;alwaysMustRevalidate&apos; of type [boolean]
[ main:9446 ] org.springframework.beans.CachedIntrospectionResults.&lt;init&gt;(CachedIntrospectionResults.java:297) Found bean property &apos;applicationContext&apos; of type [org.springframework.context.ApplicationContext]
[ main:9446 ] org.springframework.beans.CachedIntrospectionResults.&lt;init&gt;(CachedIntrospectionResults.java:297) Found bean property &apos;argumentResolvers&apos; of type [java.util.List]
[ main:9446 ] org.springframework.beans.CachedIntrospectionResults.&lt;init&gt;(CachedIntrospectionResults.java:297) Found bean property &apos;asyncRequestTimeout&apos; of type [long]
[ main:9447 ] org.springframework.beans.CachedIntrospectionResults.&lt;init&gt;(CachedIntrospectionResults.java:297) Found bean property &apos;beanFactory&apos; of type [org.springframework.beans.factory.BeanFactory]
[ main:9447 ] org.springframework.beans.CachedIntrospectionResults.&lt;init&gt;(CachedIntrospectionResults.java:297) Found bean property &apos;cacheControl&apos; of type [org.springframework.http.CacheControl]
[ main:9447 ] org.springframework.beans.CachedIntrospectionResults.&lt;init&gt;(CachedIntrospectionResults.java:297) Found bean property &apos;cacheSeconds&apos; of type [int]
[ main:9447 ] org.springframework.beans.CachedIntrospectionResults.&lt;init&gt;(CachedIntrospectionResults.java:297) Found bean property &apos;cacheSecondsForSessionAttributeHandlers&apos; of type [int]
[ main:9448 ] org.springframework.beans.CachedIntrospectionResults.&lt;init&gt;(CachedIntrospectionResults.java:297) Found bean property &apos;callableInterceptors&apos; of type [java.util.List]
[ main:9448 ] org.springframework.beans.CachedIntrospectionResults.&lt;init&gt;(CachedIntrospectionResults.java:297) Found bean property &apos;class&apos; of type [java.lang.Class]
[ main:9448 ] org.springframework.beans.CachedIntrospectionResults.&lt;init&gt;(CachedIntrospectionResults.java:297) Found bean property &apos;contentNegotiationManager&apos; of type [org.springframework.web.accept.ContentNegotiationManager]
[ main:9448 ] org.springframework.beans.CachedIntrospectionResults.&lt;init&gt;(CachedIntrospectionResults.java:297) Found bean property &apos;customArgumentResolvers&apos; of type [java.util.List]
[ main:9448 ] org.springframework.beans.CachedIntrospectionResults.&lt;init&gt;(CachedIntrospectionResults.java:297) Found bean property &apos;customReturnValueHandlers&apos; of type [java.util.List]
[ main:9449 ] org.springframework.beans.CachedIntrospectionResults.&lt;init&gt;(CachedIntrospectionResults.java:297) Found bean property &apos;deferredResultInterceptors&apos; of type [java.util.List]
[ main:9449 ] org.springframework.beans.CachedIntrospectionResults.&lt;init&gt;(CachedIntrospectionResults.java:297) Found bean property &apos;ignoreDefaultModelOnRedirect&apos; of type [boolean]
[ main:9450 ] org.springframework.beans.CachedIntrospectionResults.&lt;init&gt;(CachedIntrospectionResults.java:297) Found bean property &apos;initBinderArgumentResolvers&apos; of type [java.util.List]
[ main:9450 ] org.springframework.beans.CachedIntrospectionResults.&lt;init&gt;(CachedIntrospectionResults.java:297) Found bean property &apos;messageConverters&apos; of type [java.util.List]
[ main:9451 ] org.springframework.beans.CachedIntrospectionResults.&lt;init&gt;(CachedIntrospectionResults.java:297) Found bean property &apos;modelAndViewResolvers&apos; of type [java.util.List]
[ main:9452 ] org.springframework.beans.CachedIntrospectionResults.&lt;init&gt;(CachedIntrospectionResults.java:297) Found bean property &apos;order&apos; of type [int]
[ main:9452 ] org.springframework.beans.CachedIntrospectionResults.&lt;init&gt;(CachedIntrospectionResults.java:297) Found bean property &apos;parameterNameDiscoverer&apos; of type [org.springframework.core.ParameterNameDiscoverer]
[ main:9452 ] org.springframework.beans.CachedIntrospectionResults.&lt;init&gt;(CachedIntrospectionResults.java:297) Found bean property &apos;requestBodyAdvice&apos; of type [java.util.List]
[ main:9452 ] org.springframework.beans.CachedIntrospectionResults.&lt;init&gt;(CachedIntrospectionResults.java:297) Found bean property &apos;requireSession&apos; of type [boolean]
[ main:9452 ] org.springframework.beans.CachedIntrospectionResults.&lt;init&gt;(CachedIntrospectionResults.java:297) Found bean property &apos;responseBodyAdvice&apos; of type [java.util.List]
[ main:9453 ] org.springframework.beans.CachedIntrospectionResults.&lt;init&gt;(CachedIntrospectionResults.java:297) Found bean property &apos;returnValueHandlers&apos; of type [java.util.List]
[ main:9453 ] org.springframework.beans.CachedIntrospectionResults.&lt;init&gt;(CachedIntrospectionResults.java:297) Found bean property &apos;servletContext&apos; of type [javax.servlet.ServletContext]
[ main:9453 ] org.springframework.beans.CachedIntrospectionResults.&lt;init&gt;(CachedIntrospectionResults.java:297) Found bean property &apos;sessionAttributeStore&apos; of type [org.springframework.web.bind.support.SessionAttributeStore]
[ main:9454 ] org.springframework.beans.CachedIntrospectionResults.&lt;init&gt;(CachedIntrospectionResults.java:297) Found bean property &apos;supportedMethods&apos; of type [[Ljava.lang.String;]
[ main:9454 ] org.springframework.beans.CachedIntrospectionResults.&lt;init&gt;(CachedIntrospectionResults.java:297) Found bean property &apos;synchronizeOnSession&apos; of type [boolean]
[ main:9454 ] org.springframework.beans.CachedIntrospectionResults.&lt;init&gt;(CachedIntrospectionResults.java:297) Found bean property &apos;taskExecutor&apos; of type [org.springframework.core.task.AsyncTaskExecutor]
[ main:9454 ] org.springframework.beans.CachedIntrospectionResults.&lt;init&gt;(CachedIntrospectionResults.java:297) Found bean property &apos;useCacheControlHeader&apos; of type [boolean]
[ main:9454 ] org.springframework.beans.CachedIntrospectionResults.&lt;init&gt;(CachedIntrospectionResults.java:297) Found bean property &apos;useCacheControlNoStore&apos; of type [boolean]
[ main:9455 ] org.springframework.beans.CachedIntrospectionResults.&lt;init&gt;(CachedIntrospectionResults.java:297) Found bean property &apos;useExpiresHeader&apos; of type [boolean]
[ main:9455 ] org.springframework.beans.CachedIntrospectionResults.&lt;init&gt;(CachedIntrospectionResults.java:297) Found bean property &apos;varyByRequestHeaders&apos; of type [[Ljava.lang.String;]
[ main:9455 ] org.springframework.beans.CachedIntrospectionResults.&lt;init&gt;(CachedIntrospectionResults.java:297) Found bean property &apos;webBindingInitializer&apos; of type [org.springframework.web.bind.support.WebBindingInitializer]
[ main:9458 ] org.springframework.beans.factory.support.AbstractBeanFactory.doGetBean(AbstractBeanFactory.java:251) Returning cached instance of singleton bean &apos;mvcContentNegotiationManager&apos;
[ main:9458 ] org.springframework.beans.factory.support.AbstractAutowireCapableBeanFactory.createBean(AbstractAutowireCapableBeanFactory.java:448) Creating instance of bean &apos;(inner bean)#19542407&apos;
[ main:9458 ] org.springframework.beans.CachedIntrospectionResults.&lt;init&gt;(CachedIntrospectionResults.java:265) Getting BeanInfo for class [org.springframework.web.bind.support.ConfigurableWebBindingInitializer]
[ main:9458 ] org.springframework.beans.CachedIntrospectionResults.&lt;init&gt;(CachedIntrospectionResults.java:284) Caching PropertyDescriptors for class [org.springframework.web.bind.support.ConfigurableWebBindingInitializer]
[ main:9467 ] org.springframework.beans.CachedIntrospectionResults.&lt;init&gt;(CachedIntrospectionResults.java:297) Found bean property &apos;autoGrowNestedPaths&apos; of type [boolean]
[ main:9467 ] org.springframework.beans.CachedIntrospectionResults.&lt;init&gt;(CachedIntrospectionResults.java:297) Found bean property &apos;bindingErrorProcessor&apos; of type [org.springframework.validation.BindingErrorProcessor]
[ main:9467 ] org.springframework.beans.CachedIntrospectionResults.&lt;init&gt;(CachedIntrospectionResults.java:297) Found bean property &apos;class&apos; of type [java.lang.Class]
[ main:9468 ] org.springframework.beans.CachedIntrospectionResults.&lt;init&gt;(CachedIntrospectionResults.java:297) Found bean property &apos;conversionService&apos; of type [org.springframework.core.convert.ConversionService]
[ main:9468 ] org.springframework.beans.CachedIntrospectionResults.&lt;init&gt;(CachedIntrospectionResults.java:297) Found bean property &apos;directFieldAccess&apos; of type [boolean]
[ main:9468 ] org.springframework.beans.CachedIntrospectionResults.&lt;init&gt;(CachedIntrospectionResults.java:297) Found bean property &apos;messageCodesResolver&apos; of type [org.springframework.validation.MessageCodesResolver]
[ main:9468 ] org.springframework.beans.CachedIntrospectionResults.&lt;init&gt;(CachedIntrospectionResults.java:297) Found bean property &apos;propertyEditorRegistrar&apos; of type [org.springframework.beans.PropertyEditorRegistrar]
[ main:9468 ] org.springframework.beans.CachedIntrospectionResults.&lt;init&gt;(CachedIntrospectionResults.java:297) Found bean property &apos;propertyEditorRegistrars&apos; of type [[Lorg.springframework.beans.PropertyEditorRegistrar;]
[ main:9469 ] org.springframework.beans.CachedIntrospectionResults.&lt;init&gt;(CachedIntrospectionResults.java:297) Found bean property &apos;validator&apos; of type [org.springframework.validation.Validator]
[ main:9469 ] org.springframework.beans.factory.support.AbstractBeanFactory.doGetBean(AbstractBeanFactory.java:251) Returning cached instance of singleton bean &apos;org.springframework.format.support.FormattingConversionServiceFactoryBean#0&apos;
[ main:9471 ] org.springframework.beans.factory.support.AbstractBeanFactory.doGetBean(AbstractBeanFactory.java:251) Returning cached instance of singleton bean &apos;org.springframework.transaction.config.internalTransactionAdvisor&apos;
[ main:9471 ] org.springframework.beans.factory.support.AbstractAutowireCapableBeanFactory.createBean(AbstractAutowireCapableBeanFactory.java:484) Finished creating instance of bean &apos;(inner bean)#19542407&apos;
[ main:9472 ] org.springframework.beans.factory.support.AbstractAutowireCapableBeanFactory.createBean(AbstractAutowireCapableBeanFactory.java:448) Creating instance of bean &apos;(inner bean)#6f95cd51&apos;
[ main:9473 ] org.springframework.beans.CachedIntrospectionResults.&lt;init&gt;(CachedIntrospectionResults.java:265) Getting BeanInfo for class [org.springframework.http.converter.ByteArrayHttpMessageConverter]
[ main:9473 ] org.springframework.beans.CachedIntrospectionResults.&lt;init&gt;(CachedIntrospectionResults.java:284) Caching PropertyDescriptors for class [org.springframework.http.converter.ByteArrayHttpMessageConverter]
[ main:9473 ] org.springframework.beans.CachedIntrospectionResults.&lt;init&gt;(CachedIntrospectionResults.java:297) Found bean property &apos;class&apos; of type [java.lang.Class]
[ main:9474 ] org.springframework.beans.CachedIntrospectionResults.&lt;init&gt;(CachedIntrospectionResults.java:297) Found bean property &apos;defaultCharset&apos; of type [java.nio.charset.Charset]
[ main:9474 ] org.springframework.beans.CachedIntrospectionResults.&lt;init&gt;(CachedIntrospectionResults.java:297) Found bean property &apos;supportedMediaTypes&apos; of type [java.util.List]
[ main:9475 ] org.springframework.beans.factory.support.AbstractBeanFactory.doGetBean(AbstractBeanFactory.java:251) Returning cached instance of singleton bean &apos;org.springframework.transaction.config.internalTransactionAdvisor&apos;
[ main:9475 ] org.springframework.beans.factory.support.AbstractAutowireCapableBeanFactory.createBean(AbstractAutowireCapableBeanFactory.java:484) Finished creating instance of bean &apos;(inner bean)#6f95cd51&apos;
[ main:9479 ] org.springframework.beans.factory.support.AbstractAutowireCapableBeanFactory.createBean(AbstractAutowireCapableBeanFactory.java:448) Creating instance of bean &apos;(inner bean)#c7a977f&apos;
[ main:9481 ] org.springframework.beans.CachedIntrospectionResults.&lt;init&gt;(CachedIntrospectionResults.java:265) Getting BeanInfo for class [org.springframework.http.converter.StringHttpMessageConverter]
[ main:9482 ] org.springframework.beans.CachedIntrospectionResults.&lt;init&gt;(CachedIntrospectionResults.java:284) Caching PropertyDescriptors for class [org.springframework.http.converter.StringHttpMessageConverter]
[ main:9482 ] org.springframework.beans.CachedIntrospectionResults.&lt;init&gt;(CachedIntrospectionResults.java:297) Found bean property &apos;class&apos; of type [java.lang.Class]
[ main:9482 ] org.springframework.beans.CachedIntrospectionResults.&lt;init&gt;(CachedIntrospectionResults.java:297) Found bean property &apos;defaultCharset&apos; of type [java.nio.charset.Charset]
[ main:9482 ] org.springframework.beans.CachedIntrospectionResults.&lt;init&gt;(CachedIntrospectionResults.java:297) Found bean property &apos;supportedMediaTypes&apos; of type [java.util.List]
[ main:9483 ] org.springframework.beans.CachedIntrospectionResults.&lt;init&gt;(CachedIntrospectionResults.java:297) Found bean property &apos;writeAcceptCharset&apos; of type [boolean]
[ main:9483 ] org.springframework.beans.factory.support.AbstractBeanFactory.doGetBean(AbstractBeanFactory.java:251) Returning cached instance of singleton bean &apos;org.springframework.transaction.config.internalTransactionAdvisor&apos;
[ main:9484 ] org.springframework.beans.factory.support.AbstractAutowireCapableBeanFactory.createBean(AbstractAutowireCapableBeanFactory.java:484) Finished creating instance of bean &apos;(inner bean)#c7a977f&apos;
[ main:9484 ] org.springframework.beans.factory.support.AbstractAutowireCapableBeanFactory.createBean(AbstractAutowireCapableBeanFactory.java:448) Creating instance of bean &apos;(inner bean)#55caeb35&apos;
[ main:9485 ] org.springframework.beans.CachedIntrospectionResults.&lt;init&gt;(CachedIntrospectionResults.java:265) Getting BeanInfo for class [org.springframework.http.converter.ResourceHttpMessageConverter]
[ main:9485 ] org.springframework.beans.CachedIntrospectionResults.&lt;init&gt;(CachedIntrospectionResults.java:284) Caching PropertyDescriptors for class [org.springframework.http.converter.ResourceHttpMessageConverter]
[ main:9485 ] org.springframework.beans.CachedIntrospectionResults.&lt;init&gt;(CachedIntrospectionResults.java:297) Found bean property &apos;class&apos; of type [java.lang.Class]
[ main:9485 ] org.springframework.beans.CachedIntrospectionResults.&lt;init&gt;(CachedIntrospectionResults.java:297) Found bean property &apos;defaultCharset&apos; of type [java.nio.charset.Charset]
[ main:9486 ] org.springframework.beans.CachedIntrospectionResults.&lt;init&gt;(CachedIntrospectionResults.java:297) Found bean property &apos;supportedMediaTypes&apos; of type [java.util.List]
[ main:9487 ] org.springframework.beans.factory.support.AbstractBeanFactory.doGetBean(AbstractBeanFactory.java:251) Returning cached instance of singleton bean &apos;org.springframework.transaction.config.internalTransactionAdvisor&apos;
[ main:9488 ] org.springframework.beans.factory.support.AbstractAutowireCapableBeanFactory.createBean(AbstractAutowireCapableBeanFactory.java:484) Finished creating instance of bean &apos;(inner bean)#55caeb35&apos;
[ main:9488 ] org.springframework.beans.factory.support.AbstractAutowireCapableBeanFactory.createBean(AbstractAutowireCapableBeanFactory.java:448) Creating instance of bean &apos;(inner bean)#6d868997&apos;
[ main:9489 ] org.springframework.beans.CachedIntrospectionResults.&lt;init&gt;(CachedIntrospectionResults.java:265) Getting BeanInfo for class [org.springframework.http.converter.xml.SourceHttpMessageConverter]
[ main:9489 ] org.springframework.beans.CachedIntrospectionResults.&lt;init&gt;(CachedIntrospectionResults.java:284) Caching PropertyDescriptors for class [org.springframework.http.converter.xml.SourceHttpMessageConverter]
[ main:9491 ] org.springframework.beans.CachedIntrospectionResults.&lt;init&gt;(CachedIntrospectionResults.java:297) Found bean property &apos;class&apos; of type [java.lang.Class]
[ main:9491 ] org.springframework.beans.CachedIntrospectionResults.&lt;init&gt;(CachedIntrospectionResults.java:297) Found bean property &apos;defaultCharset&apos; of type [java.nio.charset.Charset]
[ main:9491 ] org.springframework.beans.CachedIntrospectionResults.&lt;init&gt;(CachedIntrospectionResults.java:297) Found bean property &apos;processExternalEntities&apos; of type [boolean]
[ main:9491 ] org.springframework.beans.CachedIntrospectionResults.&lt;init&gt;(CachedIntrospectionResults.java:297) Found bean property &apos;supportDtd&apos; of type [boolean]
[ main:9491 ] org.springframework.beans.CachedIntrospectionResults.&lt;init&gt;(CachedIntrospectionResults.java:297) Found bean property &apos;supportedMediaTypes&apos; of type [java.util.List]
[ main:9492 ] org.springframework.beans.factory.support.AbstractBeanFactory.doGetBean(AbstractBeanFactory.java:251) Returning cached instance of singleton bean &apos;org.springframework.transaction.config.internalTransactionAdvisor&apos;
[ main:9493 ] org.springframework.beans.factory.support.AbstractAutowireCapableBeanFactory.createBean(AbstractAutowireCapableBeanFactory.java:484) Finished creating instance of bean &apos;(inner bean)#6d868997&apos;
[ main:9493 ] org.springframework.beans.factory.support.AbstractAutowireCapableBeanFactory.createBean(AbstractAutowireCapableBeanFactory.java:448) Creating instance of bean &apos;(inner bean)#2c383e33&apos;
[ main:9495 ] org.springframework.beans.CachedIntrospectionResults.&lt;init&gt;(CachedIntrospectionResults.java:265) Getting BeanInfo for class [org.springframework.http.converter.support.AllEncompassingFormHttpMessageConverter]
[ main:9495 ] org.springframework.beans.CachedIntrospectionResults.&lt;init&gt;(CachedIntrospectionResults.java:284) Caching PropertyDescriptors for class [org.springframework.http.converter.support.AllEncompassingFormHttpMessageConverter]
[ main:9496 ] org.springframework.beans.CachedIntrospectionResults.&lt;init&gt;(CachedIntrospectionResults.java:297) Found bean property &apos;charset&apos; of type [java.nio.charset.Charset]
[ main:9496 ] org.springframework.beans.CachedIntrospectionResults.&lt;init&gt;(CachedIntrospectionResults.java:297) Found bean property &apos;class&apos; of type [java.lang.Class]
[ main:9496 ] org.springframework.beans.CachedIntrospectionResults.&lt;init&gt;(CachedIntrospectionResults.java:297) Found bean property &apos;multipartCharset&apos; of type [java.nio.charset.Charset]
[ main:9496 ] org.springframework.beans.CachedIntrospectionResults.&lt;init&gt;(CachedIntrospectionResults.java:297) Found bean property &apos;partConverters&apos; of type [java.util.List]
[ main:9496 ] org.springframework.beans.CachedIntrospectionResults.&lt;init&gt;(CachedIntrospectionResults.java:297) Found bean property &apos;supportedMediaTypes&apos; of type [java.util.List]
[ main:9497 ] org.springframework.beans.factory.support.AbstractBeanFactory.doGetBean(AbstractBeanFactory.java:251) Returning cached instance of singleton bean &apos;org.springframework.transaction.config.internalTransactionAdvisor&apos;
[ main:9498 ] org.springframework.beans.factory.support.AbstractAutowireCapableBeanFactory.createBean(AbstractAutowireCapableBeanFactory.java:484) Finished creating instance of bean &apos;(inner bean)#2c383e33&apos;
[ main:9498 ] org.springframework.beans.factory.support.AbstractAutowireCapableBeanFactory.createBean(AbstractAutowireCapableBeanFactory.java:448) Creating instance of bean &apos;(inner bean)#74a195a4&apos;
[ main:9499 ] org.springframework.beans.CachedIntrospectionResults.&lt;init&gt;(CachedIntrospectionResults.java:265) Getting BeanInfo for class [org.springframework.http.converter.xml.Jaxb2RootElementHttpMessageConverter]
[ main:9499 ] org.springframework.beans.CachedIntrospectionResults.&lt;init&gt;(CachedIntrospectionResults.java:284) Caching PropertyDescriptors for class [org.springframework.http.converter.xml.Jaxb2RootElementHttpMessageConverter]
[ main:9500 ] org.springframework.beans.CachedIntrospectionResults.&lt;init&gt;(CachedIntrospectionResults.java:297) Found bean property &apos;class&apos; of type [java.lang.Class]
[ main:9500 ] org.springframework.beans.CachedIntrospectionResults.&lt;init&gt;(CachedIntrospectionResults.java:297) Found bean property &apos;defaultCharset&apos; of type [java.nio.charset.Charset]
[ main:9500 ] org.springframework.beans.CachedIntrospectionResults.&lt;init&gt;(CachedIntrospectionResults.java:297) Found bean property &apos;processExternalEntities&apos; of type [boolean]
[ main:9500 ] org.springframework.beans.CachedIntrospectionResults.&lt;init&gt;(CachedIntrospectionResults.java:297) Found bean property &apos;supportDtd&apos; of type [boolean]
[ main:9500 ] org.springframework.beans.CachedIntrospectionResults.&lt;init&gt;(CachedIntrospectionResults.java:297) Found bean property &apos;supportedMediaTypes&apos; of type [java.util.List]
[ main:9501 ] org.springframework.beans.factory.support.AbstractBeanFactory.doGetBean(AbstractBeanFactory.java:251) Returning cached instance of singleton bean &apos;org.springframework.transaction.config.internalTransactionAdvisor&apos;
[ main:9502 ] org.springframework.beans.factory.support.AbstractAutowireCapableBeanFactory.createBean(AbstractAutowireCapableBeanFactory.java:484) Finished creating instance of bean &apos;(inner bean)#74a195a4&apos;
[ main:9503 ] org.springframework.beans.factory.support.AbstractAutowireCapableBeanFactory.createBean(AbstractAutowireCapableBeanFactory.java:448) Creating instance of bean &apos;(inner bean)#76304b46&apos;
[ main:9504 ] org.springframework.beans.factory.support.AbstractAutowireCapableBeanFactory.createBean(AbstractAutowireCapableBeanFactory.java:448) Creating instance of bean &apos;(inner bean)#2fa3be26&apos;
[ main:9505 ] org.springframework.beans.CachedIntrospectionResults.&lt;init&gt;(CachedIntrospectionResults.java:265) Getting BeanInfo for class [org.springframework.http.converter.json.Jackson2ObjectMapperFactoryBean]
[ main:9506 ] org.springframework.beans.CachedIntrospectionResults.&lt;init&gt;(CachedIntrospectionResults.java:284) Caching PropertyDescriptors for class [org.springframework.http.converter.json.Jackson2ObjectMapperFactoryBean]
[ main:9506 ] org.springframework.beans.CachedIntrospectionResults.&lt;init&gt;(CachedIntrospectionResults.java:297) Found bean property &apos;annotationIntrospector&apos; of type [com.fasterxml.jackson.databind.AnnotationIntrospector]
[ main:9506 ] org.springframework.beans.CachedIntrospectionResults.&lt;init&gt;(CachedIntrospectionResults.java:297) Found bean property &apos;applicationContext&apos; of type [org.springframework.context.ApplicationContext]
[ main:9507 ] org.springframework.beans.CachedIntrospectionResults.&lt;init&gt;(CachedIntrospectionResults.java:297) Found bean property &apos;autoDetectFields&apos; of type [boolean]
[ main:9507 ] org.springframework.beans.CachedIntrospectionResults.&lt;init&gt;(CachedIntrospectionResults.java:297) Found bean property &apos;autoDetectGettersSetters&apos; of type [boolean]
[ main:9507 ] org.springframework.beans.CachedIntrospectionResults.&lt;init&gt;(CachedIntrospectionResults.java:297) Found bean property &apos;beanClassLoader&apos; of type [java.lang.ClassLoader]
[ main:9507 ] org.springframework.beans.CachedIntrospectionResults.&lt;init&gt;(CachedIntrospectionResults.java:297) Found bean property &apos;class&apos; of type [java.lang.Class]
[ main:9508 ] org.springframework.beans.CachedIntrospectionResults.&lt;init&gt;(CachedIntrospectionResults.java:297) Found bean property &apos;createXmlMapper&apos; of type [boolean]
[ main:9508 ] org.springframework.beans.CachedIntrospectionResults.&lt;init&gt;(CachedIntrospectionResults.java:297) Found bean property &apos;dateFormat&apos; of type [java.text.DateFormat]
[ main:9508 ] org.springframework.beans.CachedIntrospectionResults.&lt;init&gt;(CachedIntrospectionResults.java:297) Found bean property &apos;defaultTyping&apos; of type [com.fasterxml.jackson.databind.jsontype.TypeResolverBuilder]
[ main:9508 ] org.springframework.beans.CachedIntrospectionResults.&lt;init&gt;(CachedIntrospectionResults.java:297) Found bean property &apos;defaultUseWrapper&apos; of type [boolean]
[ main:9509 ] org.springframework.beans.CachedIntrospectionResults.&lt;init&gt;(CachedIntrospectionResults.java:297) Found bean property &apos;defaultViewInclusion&apos; of type [boolean]
[ main:9509 ] org.springframework.beans.CachedIntrospectionResults.&lt;init&gt;(CachedIntrospectionResults.java:297) Found bean property &apos;deserializers&apos; of type [[Lcom.fasterxml.jackson.databind.JsonDeserializer;]
[ main:9509 ] org.springframework.beans.CachedIntrospectionResults.&lt;init&gt;(CachedIntrospectionResults.java:297) Found bean property &apos;deserializersByType&apos; of type [java.util.Map]
[ main:9509 ] org.springframework.beans.CachedIntrospectionResults.&lt;init&gt;(CachedIntrospectionResults.java:297) Found bean property &apos;failOnEmptyBeans&apos; of type [boolean]
[ main:9509 ] org.springframework.beans.CachedIntrospectionResults.&lt;init&gt;(CachedIntrospectionResults.java:297) Found bean property &apos;failOnUnknownProperties&apos; of type [boolean]
[ main:9509 ] org.springframework.beans.CachedIntrospectionResults.&lt;init&gt;(CachedIntrospectionResults.java:297) Found bean property &apos;featuresToDisable&apos; of type [[Ljava.lang.Object;]
[ main:9510 ] org.springframework.beans.CachedIntrospectionResults.&lt;init&gt;(CachedIntrospectionResults.java:297) Found bean property &apos;featuresToEnable&apos; of type [[Ljava.lang.Object;]
[ main:9510 ] org.springframework.beans.CachedIntrospectionResults.&lt;init&gt;(CachedIntrospectionResults.java:297) Found bean property &apos;filters&apos; of type [com.fasterxml.jackson.databind.ser.FilterProvider]
[ main:9510 ] org.springframework.beans.CachedIntrospectionResults.&lt;init&gt;(CachedIntrospectionResults.java:297) Found bean property &apos;findModulesViaServiceLoader&apos; of type [boolean]
[ main:9510 ] org.springframework.beans.CachedIntrospectionResults.&lt;init&gt;(CachedIntrospectionResults.java:297) Found bean property &apos;handlerInstantiator&apos; of type [com.fasterxml.jackson.databind.cfg.HandlerInstantiator]
[ main:9510 ] org.springframework.beans.CachedIntrospectionResults.&lt;init&gt;(CachedIntrospectionResults.java:297) Found bean property &apos;indentOutput&apos; of type [boolean]
[ main:9510 ] org.springframework.beans.CachedIntrospectionResults.&lt;init&gt;(CachedIntrospectionResults.java:297) Found bean property &apos;locale&apos; of type [java.util.Locale]
[ main:9511 ] org.springframework.beans.CachedIntrospectionResults.&lt;init&gt;(CachedIntrospectionResults.java:297) Found bean property &apos;mixIns&apos; of type [java.util.Map]
[ main:9515 ] org.springframework.beans.CachedIntrospectionResults.&lt;init&gt;(CachedIntrospectionResults.java:297) Found bean property &apos;modules&apos; of type [java.util.List]
[ main:9515 ] org.springframework.beans.CachedIntrospectionResults.&lt;init&gt;(CachedIntrospectionResults.java:297) Found bean property &apos;modulesToInstall&apos; of type [[Ljava.lang.Class;]
[ main:9516 ] org.springframework.beans.CachedIntrospectionResults.&lt;init&gt;(CachedIntrospectionResults.java:297) Found bean property &apos;object&apos; of type [com.fasterxml.jackson.databind.ObjectMapper]
[ main:9516 ] org.springframework.beans.CachedIntrospectionResults.&lt;init&gt;(CachedIntrospectionResults.java:297) Found bean property &apos;objectMapper&apos; of type [com.fasterxml.jackson.databind.ObjectMapper]
[ main:9516 ] org.springframework.beans.CachedIntrospectionResults.&lt;init&gt;(CachedIntrospectionResults.java:297) Found bean property &apos;objectType&apos; of type [java.lang.Class]
[ main:9517 ] org.springframework.beans.CachedIntrospectionResults.&lt;init&gt;(CachedIntrospectionResults.java:297) Found bean property &apos;propertyNamingStrategy&apos; of type [com.fasterxml.jackson.databind.PropertyNamingStrategy]
[ main:9517 ] org.springframework.beans.CachedIntrospectionResults.&lt;init&gt;(CachedIntrospectionResults.java:297) Found bean property &apos;serializationInclusion&apos; of type [com.fasterxml.jackson.annotation.JsonInclude$Include]
[ main:9517 ] org.springframework.beans.CachedIntrospectionResults.&lt;init&gt;(CachedIntrospectionResults.java:297) Found bean property &apos;serializers&apos; of type [[Lcom.fasterxml.jackson.databind.JsonSerializer;]
[ main:9517 ] org.springframework.beans.CachedIntrospectionResults.&lt;init&gt;(CachedIntrospectionResults.java:297) Found bean property &apos;serializersByType&apos; of type [java.util.Map]
[ main:9517 ] org.springframework.beans.CachedIntrospectionResults.&lt;init&gt;(CachedIntrospectionResults.java:297) Found bean property &apos;simpleDateFormat&apos; of type [java.lang.String]
[ main:9517 ] org.springframework.beans.CachedIntrospectionResults.&lt;init&gt;(CachedIntrospectionResults.java:297) Found bean property &apos;singleton&apos; of type [boolean]
[ main:9517 ] org.springframework.beans.CachedIntrospectionResults.&lt;init&gt;(CachedIntrospectionResults.java:297) Found bean property &apos;timeZone&apos; of type [java.util.TimeZone]
[ main:9520 ] org.springframework.beans.factory.support.AbstractAutowireCapableBeanFactory.invokeInitMethods(AbstractAutowireCapableBeanFactory.java:1620) Invoking afterPropertiesSet() on bean with name &apos;(inner bean)#2fa3be26&apos;
[ main:9522 ] org.springframework.beans.factory.support.AbstractBeanFactory.doGetBean(AbstractBeanFactory.java:251) Returning cached instance of singleton bean &apos;org.springframework.transaction.config.internalTransactionAdvisor&apos;
[ main:9523 ] org.springframework.beans.factory.support.AbstractAutowireCapableBeanFactory.createBean(AbstractAutowireCapableBeanFactory.java:484) Finished creating instance of bean &apos;(inner bean)#2fa3be26&apos;
[ main:9523 ] org.springframework.beans.factory.support.AbstractBeanFactory.doGetBean(AbstractBeanFactory.java:251) Returning cached instance of singleton bean &apos;org.springframework.transaction.config.internalTransactionAdvisor&apos;
[ main:9526 ] org.springframework.beans.CachedIntrospectionResults.&lt;init&gt;(CachedIntrospectionResults.java:265) Getting BeanInfo for class [org.springframework.http.converter.json.MappingJackson2HttpMessageConverter]
[ main:9526 ] org.springframework.beans.CachedIntrospectionResults.&lt;init&gt;(CachedIntrospectionResults.java:284) Caching PropertyDescriptors for class [org.springframework.http.converter.json.MappingJackson2HttpMessageConverter]
[ main:9526 ] org.springframework.beans.CachedIntrospectionResults.&lt;init&gt;(CachedIntrospectionResults.java:297) Found bean property &apos;class&apos; of type [java.lang.Class]
[ main:9526 ] org.springframework.beans.CachedIntrospectionResults.&lt;init&gt;(CachedIntrospectionResults.java:297) Found bean property &apos;defaultCharset&apos; of type [java.nio.charset.Charset]
[ main:9527 ] org.springframework.beans.CachedIntrospectionResults.&lt;init&gt;(CachedIntrospectionResults.java:297) Found bean property &apos;jsonPrefix&apos; of type [java.lang.String]
[ main:9527 ] org.springframework.beans.CachedIntrospectionResults.&lt;init&gt;(CachedIntrospectionResults.java:297) Found bean property &apos;objectMapper&apos; of type [com.fasterxml.jackson.databind.ObjectMapper]
[ main:9527 ] org.springframework.beans.CachedIntrospectionResults.&lt;init&gt;(CachedIntrospectionResults.java:297) Found bean property &apos;prefixJson&apos; of type [boolean]
[ main:9527 ] org.springframework.beans.CachedIntrospectionResults.&lt;init&gt;(CachedIntrospectionResults.java:297) Found bean property &apos;prettyPrint&apos; of type [boolean]
[ main:9528 ] org.springframework.beans.CachedIntrospectionResults.&lt;init&gt;(CachedIntrospectionResults.java:297) Found bean property &apos;supportedMediaTypes&apos; of type [java.util.List]
[ main:9529 ] org.springframework.beans.factory.support.AbstractBeanFactory.doGetBean(AbstractBeanFactory.java:251) Returning cached instance of singleton bean &apos;org.springframework.transaction.config.internalTransactionAdvisor&apos;
[ main:9529 ] org.springframework.beans.factory.support.AbstractAutowireCapableBeanFactory.createBean(AbstractAutowireCapableBeanFactory.java:484) Finished creating instance of bean &apos;(inner bean)#76304b46&apos;
[ main:9530 ] org.springframework.beans.factory.support.AbstractAutowireCapableBeanFactory.createBean(AbstractAutowireCapableBeanFactory.java:448) Creating instance of bean &apos;(inner bean)#7c0da600&apos;
[ main:9530 ] org.springframework.beans.CachedIntrospectionResults.&lt;init&gt;(CachedIntrospectionResults.java:265) Getting BeanInfo for class [org.springframework.web.servlet.mvc.method.annotation.JsonViewRequestBodyAdvice]
[ main:9530 ] org.springframework.beans.CachedIntrospectionResults.&lt;init&gt;(CachedIntrospectionResults.java:284) Caching PropertyDescriptors for class [org.springframework.web.servlet.mvc.method.annotation.JsonViewRequestBodyAdvice]
[ main:9530 ] org.springframework.beans.CachedIntrospectionResults.&lt;init&gt;(CachedIntrospectionResults.java:297) Found bean property &apos;class&apos; of type [java.lang.Class]
[ main:9531 ] org.springframework.beans.factory.support.AbstractBeanFactory.doGetBean(AbstractBeanFactory.java:251) Returning cached instance of singleton bean &apos;org.springframework.transaction.config.internalTransactionAdvisor&apos;
[ main:9531 ] org.springframework.beans.factory.support.AbstractAutowireCapableBeanFactory.createBean(AbstractAutowireCapableBeanFactory.java:484) Finished creating instance of bean &apos;(inner bean)#7c0da600&apos;
[ main:9532 ] org.springframework.beans.factory.support.AbstractAutowireCapableBeanFactory.createBean(AbstractAutowireCapableBeanFactory.java:448) Creating instance of bean &apos;(inner bean)#d4602a&apos;
[ main:9532 ] org.springframework.beans.CachedIntrospectionResults.&lt;init&gt;(CachedIntrospectionResults.java:265) Getting BeanInfo for class [org.springframework.web.servlet.mvc.method.annotation.JsonViewResponseBodyAdvice]
[ main:9532 ] org.springframework.beans.CachedIntrospectionResults.&lt;init&gt;(CachedIntrospectionResults.java:284) Caching PropertyDescriptors for class [org.springframework.web.servlet.mvc.method.annotation.JsonViewResponseBodyAdvice]
[ main:9532 ] org.springframework.beans.CachedIntrospectionResults.&lt;init&gt;(CachedIntrospectionResults.java:297) Found bean property &apos;class&apos; of type [java.lang.Class]
[ main:9533 ] org.springframework.beans.factory.support.AbstractBeanFactory.doGetBean(AbstractBeanFactory.java:251) Returning cached instance of singleton bean &apos;org.springframework.transaction.config.internalTransactionAdvisor&apos;
[ main:9533 ] org.springframework.beans.factory.support.AbstractAutowireCapableBeanFactory.createBean(AbstractAutowireCapableBeanFactory.java:484) Finished creating instance of bean &apos;(inner bean)#d4602a&apos;
[ main:9534 ] org.springframework.beans.factory.support.AbstractAutowireCapableBeanFactory.invokeInitMethods(AbstractAutowireCapableBeanFactory.java:1620) Invoking afterPropertiesSet() on bean with name &apos;org.springframework.web.servlet.mvc.method.annotation.RequestMappingHandlerAdapter&apos;
[ main:9535 ] org.springframework.web.servlet.mvc.method.annotation.RequestMappingHandlerAdapter.initControllerAdviceCache(RequestMappingHandlerAdapter.java:534) Looking for @ControllerAdvice: org.springframework.context.support.ClassPathXmlApplicationContext@17f9344b: startup date [Wed Sep 09 19:10:56 CST 2020]; root of context hierarchy
[ main:9536 ] org.springframework.beans.factory.support.AbstractBeanFactory.doGetBean(AbstractBeanFactory.java:251) Returning cached instance of singleton bean &apos;org.springframework.transaction.config.internalTransactionAdvisor&apos;
[ main:9536 ] org.springframework.beans.factory.support.AbstractAutowireCapableBeanFactory.createBean(AbstractAutowireCapableBeanFactory.java:484) Finished creating instance of bean &apos;org.springframework.web.servlet.mvc.method.annotation.RequestMappingHandlerAdapter&apos;
[ main:9536 ] org.springframework.beans.factory.support.DefaultSingletonBeanRegistry.getSingleton(DefaultSingletonBeanRegistry.java:221) Creating shared instance of singleton bean &apos;mvcUriComponentsContributor&apos;
[ main:9537 ] org.springframework.beans.factory.support.AbstractAutowireCapableBeanFactory.createBean(AbstractAutowireCapableBeanFactory.java:448) Creating instance of bean &apos;mvcUriComponentsContributor&apos;
[ main:9537 ] org.springframework.beans.factory.support.AbstractAutowireCapableBeanFactory.doCreateBean(AbstractAutowireCapableBeanFactory.java:529) Eagerly caching bean &apos;mvcUriComponentsContributor&apos; to allow for resolving potential circular references
[ main:9537 ] org.springframework.beans.CachedIntrospectionResults.&lt;init&gt;(CachedIntrospectionResults.java:265) Getting BeanInfo for class [org.springframework.web.servlet.config.AnnotationDrivenBeanDefinitionParser$CompositeUriComponentsContributorFactoryBean]
[ main:9537 ] org.springframework.beans.CachedIntrospectionResults.&lt;init&gt;(CachedIntrospectionResults.java:284) Caching PropertyDescriptors for class [org.springframework.web.servlet.config.AnnotationDrivenBeanDefinitionParser$CompositeUriComponentsContributorFactoryBean]
[ main:9538 ] org.springframework.beans.CachedIntrospectionResults.&lt;init&gt;(CachedIntrospectionResults.java:297) Found bean property &apos;class&apos; of type [java.lang.Class]
[ main:9538 ] org.springframework.beans.CachedIntrospectionResults.&lt;init&gt;(CachedIntrospectionResults.java:297) Found bean property &apos;conversionService&apos; of type [org.springframework.core.convert.ConversionService]
[ main:9538 ] org.springframework.beans.CachedIntrospectionResults.&lt;init&gt;(CachedIntrospectionResults.java:297) Found bean property &apos;handlerAdapter&apos; of type [org.springframework.web.servlet.mvc.method.annotation.RequestMappingHandlerAdapter]
[ main:9538 ] org.springframework.beans.CachedIntrospectionResults.&lt;init&gt;(CachedIntrospectionResults.java:297) Found bean property &apos;object&apos; of type [org.springframework.web.method.support.CompositeUriComponentsContributor]
[ main:9538 ] org.springframework.beans.CachedIntrospectionResults.&lt;init&gt;(CachedIntrospectionResults.java:297) Found bean property &apos;objectType&apos; of type [java.lang.Class]
[ main:9538 ] org.springframework.beans.CachedIntrospectionResults.&lt;init&gt;(CachedIntrospectionResults.java:297) Found bean property &apos;singleton&apos; of type [boolean]
[ main:9540 ] org.springframework.beans.factory.support.AbstractAutowireCapableBeanFactory.createBean(AbstractAutowireCapableBeanFactory.java:448) Creating instance of bean &apos;(inner bean)#21ae6e73&apos;
[ main:9543 ] org.springframework.beans.factory.support.AbstractBeanFactory.doGetBean(AbstractBeanFactory.java:251) Returning cached instance of singleton bean &apos;mvcContentNegotiationManager&apos;
[ main:9543 ] org.springframework.beans.factory.support.AbstractAutowireCapableBeanFactory.createBean(AbstractAutowireCapableBeanFactory.java:448) Creating instance of bean &apos;(inner bean)#19542407#1&apos;
[ main:9544 ] org.springframework.beans.factory.support.AbstractBeanFactory.doGetBean(AbstractBeanFactory.java:251) Returning cached instance of singleton bean &apos;org.springframework.format.support.FormattingConversionServiceFactoryBean#0&apos;
[ main:9546 ] org.springframework.beans.factory.support.AbstractBeanFactory.doGetBean(AbstractBeanFactory.java:251) Returning cached instance of singleton bean &apos;org.springframework.transaction.config.internalTransactionAdvisor&apos;
[ main:9546 ] org.springframework.beans.factory.support.AbstractAutowireCapableBeanFactory.createBean(AbstractAutowireCapableBeanFactory.java:484) Finished creating instance of bean &apos;(inner bean)#19542407#1&apos;
[ main:9546 ] org.springframework.beans.factory.support.AbstractAutowireCapableBeanFactory.createBean(AbstractAutowireCapableBeanFactory.java:448) Creating instance of bean &apos;(inner bean)#6f95cd51#1&apos;
[ main:9547 ] org.springframework.beans.factory.support.AbstractBeanFactory.doGetBean(AbstractBeanFactory.java:251) Returning cached instance of singleton bean &apos;org.springframework.transaction.config.internalTransactionAdvisor&apos;
[ main:9547 ] org.springframework.beans.factory.support.AbstractAutowireCapableBeanFactory.createBean(AbstractAutowireCapableBeanFactory.java:484) Finished creating instance of bean &apos;(inner bean)#6f95cd51#1&apos;
[ main:9548 ] org.springframework.beans.factory.support.AbstractAutowireCapableBeanFactory.createBean(AbstractAutowireCapableBeanFactory.java:448) Creating instance of bean &apos;(inner bean)#c7a977f#1&apos;
[ main:9549 ] org.springframework.beans.factory.support.AbstractBeanFactory.doGetBean(AbstractBeanFactory.java:251) Returning cached instance of singleton bean &apos;org.springframework.transaction.config.internalTransactionAdvisor&apos;
[ main:9550 ] org.springframework.beans.factory.support.AbstractAutowireCapableBeanFactory.createBean(AbstractAutowireCapableBeanFactory.java:484) Finished creating instance of bean &apos;(inner bean)#c7a977f#1&apos;
[ main:9550 ] org.springframework.beans.factory.support.AbstractAutowireCapableBeanFactory.createBean(AbstractAutowireCapableBeanFactory.java:448) Creating instance of bean &apos;(inner bean)#55caeb35#1&apos;
[ main:9550 ] org.springframework.beans.factory.support.AbstractBeanFactory.doGetBean(AbstractBeanFactory.java:251) Returning cached instance of singleton bean &apos;org.springframework.transaction.config.internalTransactionAdvisor&apos;
[ main:9551 ] org.springframework.beans.factory.support.AbstractAutowireCapableBeanFactory.createBean(AbstractAutowireCapableBeanFactory.java:484) Finished creating instance of bean &apos;(inner bean)#55caeb35#1&apos;
[ main:9551 ] org.springframework.beans.factory.support.AbstractAutowireCapableBeanFactory.createBean(AbstractAutowireCapableBeanFactory.java:448) Creating instance of bean &apos;(inner bean)#6d868997#1&apos;
[ main:9552 ] org.springframework.beans.factory.support.AbstractBeanFactory.doGetBean(AbstractBeanFactory.java:251) Returning cached instance of singleton bean &apos;org.springframework.transaction.config.internalTransactionAdvisor&apos;
[ main:9552 ] org.springframework.beans.factory.support.AbstractAutowireCapableBeanFactory.createBean(AbstractAutowireCapableBeanFactory.java:484) Finished creating instance of bean &apos;(inner bean)#6d868997#1&apos;
[ main:9553 ] org.springframework.beans.factory.support.AbstractAutowireCapableBeanFactory.createBean(AbstractAutowireCapableBeanFactory.java:448) Creating instance of bean &apos;(inner bean)#2c383e33#1&apos;
[ main:9557 ] org.springframework.beans.factory.support.AbstractBeanFactory.doGetBean(AbstractBeanFactory.java:251) Returning cached instance of singleton bean &apos;org.springframework.transaction.config.internalTransactionAdvisor&apos;
[ main:9558 ] org.springframework.beans.factory.support.AbstractAutowireCapableBeanFactory.createBean(AbstractAutowireCapableBeanFactory.java:484) Finished creating instance of bean &apos;(inner bean)#2c383e33#1&apos;
[ main:9558 ] org.springframework.beans.factory.support.AbstractAutowireCapableBeanFactory.createBean(AbstractAutowireCapableBeanFactory.java:448) Creating instance of bean &apos;(inner bean)#74a195a4#1&apos;
[ main:9559 ] org.springframework.beans.factory.support.AbstractBeanFactory.doGetBean(AbstractBeanFactory.java:251) Returning cached instance of singleton bean &apos;org.springframework.transaction.config.internalTransactionAdvisor&apos;
[ main:9560 ] org.springframework.beans.factory.support.AbstractAutowireCapableBeanFactory.createBean(AbstractAutowireCapableBeanFactory.java:484) Finished creating instance of bean &apos;(inner bean)#74a195a4#1&apos;
[ main:9560 ] org.springframework.beans.factory.support.AbstractAutowireCapableBeanFactory.createBean(AbstractAutowireCapableBeanFactory.java:448) Creating instance of bean &apos;(inner bean)#76304b46#1&apos;
[ main:9561 ] org.springframework.beans.factory.support.AbstractAutowireCapableBeanFactory.createBean(AbstractAutowireCapableBeanFactory.java:448) Creating instance of bean &apos;(inner bean)#2fa3be26#1&apos;
[ main:9561 ] org.springframework.beans.factory.support.AbstractAutowireCapableBeanFactory.invokeInitMethods(AbstractAutowireCapableBeanFactory.java:1620) Invoking afterPropertiesSet() on bean with name &apos;(inner bean)#2fa3be26#1&apos;
[ main:9563 ] org.springframework.beans.factory.support.AbstractBeanFactory.doGetBean(AbstractBeanFactory.java:251) Returning cached instance of singleton bean &apos;org.springframework.transaction.config.internalTransactionAdvisor&apos;
[ main:9564 ] org.springframework.beans.factory.support.AbstractAutowireCapableBeanFactory.createBean(AbstractAutowireCapableBeanFactory.java:484) Finished creating instance of bean &apos;(inner bean)#2fa3be26#1&apos;
[ main:9564 ] org.springframework.beans.factory.support.AbstractBeanFactory.doGetBean(AbstractBeanFactory.java:251) Returning cached instance of singleton bean &apos;org.springframework.transaction.config.internalTransactionAdvisor&apos;
[ main:9565 ] org.springframework.beans.factory.support.AbstractBeanFactory.doGetBean(AbstractBeanFactory.java:251) Returning cached instance of singleton bean &apos;org.springframework.transaction.config.internalTransactionAdvisor&apos;
[ main:9566 ] org.springframework.beans.factory.support.AbstractAutowireCapableBeanFactory.createBean(AbstractAutowireCapableBeanFactory.java:484) Finished creating instance of bean &apos;(inner bean)#76304b46#1&apos;
[ main:9566 ] org.springframework.beans.factory.support.AbstractAutowireCapableBeanFactory.createBean(AbstractAutowireCapableBeanFactory.java:448) Creating instance of bean &apos;(inner bean)#7c0da600#1&apos;
[ main:9567 ] org.springframework.beans.factory.support.AbstractBeanFactory.doGetBean(AbstractBeanFactory.java:251) Returning cached instance of singleton bean &apos;org.springframework.transaction.config.internalTransactionAdvisor&apos;
[ main:9567 ] org.springframework.beans.factory.support.AbstractAutowireCapableBeanFactory.createBean(AbstractAutowireCapableBeanFactory.java:484) Finished creating instance of bean &apos;(inner bean)#7c0da600#1&apos;
[ main:9567 ] org.springframework.beans.factory.support.AbstractAutowireCapableBeanFactory.createBean(AbstractAutowireCapableBeanFactory.java:448) Creating instance of bean &apos;(inner bean)#d4602a#1&apos;
[ main:9568 ] org.springframework.beans.factory.support.AbstractBeanFactory.doGetBean(AbstractBeanFactory.java:251) Returning cached instance of singleton bean &apos;org.springframework.transaction.config.internalTransactionAdvisor&apos;
[ main:9568 ] org.springframework.beans.factory.support.AbstractAutowireCapableBeanFactory.createBean(AbstractAutowireCapableBeanFactory.java:484) Finished creating instance of bean &apos;(inner bean)#d4602a#1&apos;
[ main:9569 ] org.springframework.beans.factory.support.AbstractAutowireCapableBeanFactory.invokeInitMethods(AbstractAutowireCapableBeanFactory.java:1620) Invoking afterPropertiesSet() on bean with name &apos;(inner bean)#21ae6e73&apos;
[ main:9569 ] org.springframework.web.servlet.mvc.method.annotation.RequestMappingHandlerAdapter.initControllerAdviceCache(RequestMappingHandlerAdapter.java:534) Looking for @ControllerAdvice: org.springframework.context.support.ClassPathXmlApplicationContext@17f9344b: startup date [Wed Sep 09 19:10:56 CST 2020]; root of context hierarchy
[ main:9570 ] org.springframework.beans.factory.support.AbstractBeanFactory.doGetBean(AbstractBeanFactory.java:251) Returning cached instance of singleton bean &apos;org.springframework.transaction.config.internalTransactionAdvisor&apos;
[ main:9570 ] org.springframework.beans.factory.support.AbstractBeanFactory.doGetBean(AbstractBeanFactory.java:247) Returning eagerly cached instance of singleton bean &apos;mvcUriComponentsContributor&apos; that is not fully initialized yet - a consequence of a circular reference
[ main:9571 ] org.springframework.beans.factory.support.AbstractBeanFactory.doGetBean(AbstractBeanFactory.java:251) Returning cached instance of singleton bean &apos;org.springframework.transaction.config.internalTransactionAdvisor&apos;
[ main:9572 ] org.springframework.beans.factory.support.AbstractAutowireCapableBeanFactory.createBean(AbstractAutowireCapableBeanFactory.java:484) Finished creating instance of bean &apos;(inner bean)#21ae6e73&apos;
[ main:9572 ] org.springframework.beans.factory.support.AbstractBeanFactory.doGetBean(AbstractBeanFactory.java:251) Returning cached instance of singleton bean &apos;org.springframework.format.support.FormattingConversionServiceFactoryBean#0&apos;
[ main:9572 ] org.springframework.beans.factory.support.AbstractAutowireCapableBeanFactory.invokeInitMethods(AbstractAutowireCapableBeanFactory.java:1620) Invoking afterPropertiesSet() on bean with name &apos;mvcUriComponentsContributor&apos;
[ main:9572 ] org.springframework.beans.factory.support.AbstractAutowireCapableBeanFactory.createBean(AbstractAutowireCapableBeanFactory.java:484) Finished creating instance of bean &apos;mvcUriComponentsContributor&apos;
[ main:9572 ] org.springframework.beans.factory.support.AbstractBeanFactory.doGetBean(AbstractBeanFactory.java:251) Returning cached instance of singleton bean &apos;org.springframework.web.servlet.handler.MappedInterceptor#0&apos;
[ main:9573 ] org.springframework.beans.factory.support.DefaultSingletonBeanRegistry.getSingleton(DefaultSingletonBeanRegistry.java:221) Creating shared instance of singleton bean &apos;org.springframework.web.servlet.mvc.method.annotation.ExceptionHandlerExceptionResolver#0&apos;
[ main:9573 ] org.springframework.beans.factory.support.AbstractAutowireCapableBeanFactory.createBean(AbstractAutowireCapableBeanFactory.java:448) Creating instance of bean &apos;org.springframework.web.servlet.mvc.method.annotation.ExceptionHandlerExceptionResolver#0&apos;
[ main:9576 ] org.springframework.beans.factory.support.AbstractAutowireCapableBeanFactory.doCreateBean(AbstractAutowireCapableBeanFactory.java:529) Eagerly caching bean &apos;org.springframework.web.servlet.mvc.method.annotation.ExceptionHandlerExceptionResolver#0&apos; to allow for resolving potential circular references
[ main:9577 ] org.springframework.beans.CachedIntrospectionResults.&lt;init&gt;(CachedIntrospectionResults.java:265) Getting BeanInfo for class [org.springframework.web.servlet.mvc.method.annotation.ExceptionHandlerExceptionResolver]
[ main:9577 ] org.springframework.beans.CachedIntrospectionResults.&lt;init&gt;(CachedIntrospectionResults.java:284) Caching PropertyDescriptors for class [org.springframework.web.servlet.mvc.method.annotation.ExceptionHandlerExceptionResolver]
[ main:9577 ] org.springframework.beans.CachedIntrospectionResults.&lt;init&gt;(CachedIntrospectionResults.java:297) Found bean property &apos;applicationContext&apos; of type [org.springframework.context.ApplicationContext]
[ main:9577 ] org.springframework.beans.CachedIntrospectionResults.&lt;init&gt;(CachedIntrospectionResults.java:297) Found bean property &apos;argumentResolvers&apos; of type [org.springframework.web.method.support.HandlerMethodArgumentResolverComposite]
[ main:9577 ] org.springframework.beans.CachedIntrospectionResults.&lt;init&gt;(CachedIntrospectionResults.java:297) Found bean property &apos;class&apos; of type [java.lang.Class]
[ main:9578 ] org.springframework.beans.CachedIntrospectionResults.&lt;init&gt;(CachedIntrospectionResults.java:297) Found bean property &apos;contentNegotiationManager&apos; of type [org.springframework.web.accept.ContentNegotiationManager]
[ main:9578 ] org.springframework.beans.CachedIntrospectionResults.&lt;init&gt;(CachedIntrospectionResults.java:297) Found bean property &apos;customArgumentResolvers&apos; of type [java.util.List]
[ main:9578 ] org.springframework.beans.CachedIntrospectionResults.&lt;init&gt;(CachedIntrospectionResults.java:297) Found bean property &apos;customReturnValueHandlers&apos; of type [java.util.List]
[ main:9578 ] org.springframework.beans.CachedIntrospectionResults.&lt;init&gt;(CachedIntrospectionResults.java:297) Found bean property &apos;exceptionHandlerAdviceCache&apos; of type [java.util.Map]
[ main:9578 ] org.springframework.beans.CachedIntrospectionResults.&lt;init&gt;(CachedIntrospectionResults.java:297) Found bean property &apos;mappedHandlerClasses&apos; of type [[Ljava.lang.Class;]
[ main:9578 ] org.springframework.beans.CachedIntrospectionResults.&lt;init&gt;(CachedIntrospectionResults.java:297) Found bean property &apos;mappedHandlers&apos; of type [java.util.Set]
[ main:9579 ] org.springframework.beans.CachedIntrospectionResults.&lt;init&gt;(CachedIntrospectionResults.java:297) Found bean property &apos;messageConverters&apos; of type [java.util.List]
[ main:9579 ] org.springframework.beans.CachedIntrospectionResults.&lt;init&gt;(CachedIntrospectionResults.java:297) Found bean property &apos;order&apos; of type [int]
[ main:9579 ] org.springframework.beans.CachedIntrospectionResults.&lt;init&gt;(CachedIntrospectionResults.java:297) Found bean property &apos;preventResponseCaching&apos; of type [boolean]
[ main:9579 ] org.springframework.beans.CachedIntrospectionResults.&lt;init&gt;(CachedIntrospectionResults.java:297) Found bean property &apos;responseBodyAdvice&apos; of type [java.util.List]
[ main:9579 ] org.springframework.beans.CachedIntrospectionResults.&lt;init&gt;(CachedIntrospectionResults.java:297) Found bean property &apos;returnValueHandlers&apos; of type [org.springframework.web.method.support.HandlerMethodReturnValueHandlerComposite]
[ main:9580 ] org.springframework.beans.CachedIntrospectionResults.&lt;init&gt;(CachedIntrospectionResults.java:297) Found bean property &apos;warnLogCategory&apos; of type [java.lang.String]
[ main:9581 ] org.springframework.beans.factory.support.AbstractBeanFactory.doGetBean(AbstractBeanFactory.java:251) Returning cached instance of singleton bean &apos;mvcContentNegotiationManager&apos;
[ main:9582 ] org.springframework.beans.factory.support.AbstractAutowireCapableBeanFactory.createBean(AbstractAutowireCapableBeanFactory.java:448) Creating instance of bean &apos;(inner bean)#6f95cd51#2&apos;
[ main:9582 ] org.springframework.beans.factory.support.AbstractBeanFactory.doGetBean(AbstractBeanFactory.java:251) Returning cached instance of singleton bean &apos;org.springframework.transaction.config.internalTransactionAdvisor&apos;
[ main:9582 ] org.springframework.beans.factory.support.AbstractAutowireCapableBeanFactory.createBean(AbstractAutowireCapableBeanFactory.java:484) Finished creating instance of bean &apos;(inner bean)#6f95cd51#2&apos;
[ main:9583 ] org.springframework.beans.factory.support.AbstractAutowireCapableBeanFactory.createBean(AbstractAutowireCapableBeanFactory.java:448) Creating instance of bean &apos;(inner bean)#c7a977f#2&apos;
[ main:9584 ] org.springframework.beans.factory.support.AbstractBeanFactory.doGetBean(AbstractBeanFactory.java:251) Returning cached instance of singleton bean &apos;org.springframework.transaction.config.internalTransactionAdvisor&apos;
[ main:9584 ] org.springframework.beans.factory.support.AbstractAutowireCapableBeanFactory.createBean(AbstractAutowireCapableBeanFactory.java:484) Finished creating instance of bean &apos;(inner bean)#c7a977f#2&apos;
[ main:9584 ] org.springframework.beans.factory.support.AbstractAutowireCapableBeanFactory.createBean(AbstractAutowireCapableBeanFactory.java:448) Creating instance of bean &apos;(inner bean)#55caeb35#2&apos;
[ main:9585 ] org.springframework.beans.factory.support.AbstractBeanFactory.doGetBean(AbstractBeanFactory.java:251) Returning cached instance of singleton bean &apos;org.springframework.transaction.config.internalTransactionAdvisor&apos;
[ main:9585 ] org.springframework.beans.factory.support.AbstractAutowireCapableBeanFactory.createBean(AbstractAutowireCapableBeanFactory.java:484) Finished creating instance of bean &apos;(inner bean)#55caeb35#2&apos;
[ main:9585 ] org.springframework.beans.factory.support.AbstractAutowireCapableBeanFactory.createBean(AbstractAutowireCapableBeanFactory.java:448) Creating instance of bean &apos;(inner bean)#6d868997#2&apos;
[ main:9586 ] org.springframework.beans.factory.support.AbstractBeanFactory.doGetBean(AbstractBeanFactory.java:251) Returning cached instance of singleton bean &apos;org.springframework.transaction.config.internalTransactionAdvisor&apos;
[ main:9587 ] org.springframework.beans.factory.support.AbstractAutowireCapableBeanFactory.createBean(AbstractAutowireCapableBeanFactory.java:484) Finished creating instance of bean &apos;(inner bean)#6d868997#2&apos;
[ main:9587 ] org.springframework.beans.factory.support.AbstractAutowireCapableBeanFactory.createBean(AbstractAutowireCapableBeanFactory.java:448) Creating instance of bean &apos;(inner bean)#2c383e33#2&apos;
[ main:9590 ] org.springframework.beans.factory.support.AbstractBeanFactory.doGetBean(AbstractBeanFactory.java:251) Returning cached instance of singleton bean &apos;org.springframework.transaction.config.internalTransactionAdvisor&apos;
[ main:9590 ] org.springframework.beans.factory.support.AbstractAutowireCapableBeanFactory.createBean(AbstractAutowireCapableBeanFactory.java:484) Finished creating instance of bean &apos;(inner bean)#2c383e33#2&apos;
[ main:9590 ] org.springframework.beans.factory.support.AbstractAutowireCapableBeanFactory.createBean(AbstractAutowireCapableBeanFactory.java:448) Creating instance of bean &apos;(inner bean)#74a195a4#2&apos;
[ main:9591 ] org.springframework.beans.factory.support.AbstractBeanFactory.doGetBean(AbstractBeanFactory.java:251) Returning cached instance of singleton bean &apos;org.springframework.transaction.config.internalTransactionAdvisor&apos;
[ main:9592 ] org.springframework.beans.factory.support.AbstractAutowireCapableBeanFactory.createBean(AbstractAutowireCapableBeanFactory.java:484) Finished creating instance of bean &apos;(inner bean)#74a195a4#2&apos;
[ main:9592 ] org.springframework.beans.factory.support.AbstractAutowireCapableBeanFactory.createBean(AbstractAutowireCapableBeanFactory.java:448) Creating instance of bean &apos;(inner bean)#76304b46#2&apos;
[ main:9592 ] org.springframework.beans.factory.support.AbstractAutowireCapableBeanFactory.createBean(AbstractAutowireCapableBeanFactory.java:448) Creating instance of bean &apos;(inner bean)#2fa3be26#2&apos;
[ main:9592 ] org.springframework.beans.factory.support.AbstractAutowireCapableBeanFactory.invokeInitMethods(AbstractAutowireCapableBeanFactory.java:1620) Invoking afterPropertiesSet() on bean with name &apos;(inner bean)#2fa3be26#2&apos;
[ main:9594 ] org.springframework.beans.factory.support.AbstractBeanFactory.doGetBean(AbstractBeanFactory.java:251) Returning cached instance of singleton bean &apos;org.springframework.transaction.config.internalTransactionAdvisor&apos;
[ main:9594 ] org.springframework.beans.factory.support.AbstractAutowireCapableBeanFactory.createBean(AbstractAutowireCapableBeanFactory.java:484) Finished creating instance of bean &apos;(inner bean)#2fa3be26#2&apos;
[ main:9594 ] org.springframework.beans.factory.support.AbstractBeanFactory.doGetBean(AbstractBeanFactory.java:251) Returning cached instance of singleton bean &apos;org.springframework.transaction.config.internalTransactionAdvisor&apos;
[ main:9596 ] org.springframework.beans.factory.support.AbstractBeanFactory.doGetBean(AbstractBeanFactory.java:251) Returning cached instance of singleton bean &apos;org.springframework.transaction.config.internalTransactionAdvisor&apos;
[ main:9596 ] org.springframework.beans.factory.support.AbstractAutowireCapableBeanFactory.createBean(AbstractAutowireCapableBeanFactory.java:484) Finished creating instance of bean &apos;(inner bean)#76304b46#2&apos;
[ main:9596 ] org.springframework.beans.factory.support.AbstractAutowireCapableBeanFactory.createBean(AbstractAutowireCapableBeanFactory.java:448) Creating instance of bean &apos;(inner bean)#36a7abe1&apos;
[ main:9597 ] org.springframework.beans.factory.support.AbstractBeanFactory.doGetBean(AbstractBeanFactory.java:251) Returning cached instance of singleton bean &apos;org.springframework.transaction.config.internalTransactionAdvisor&apos;
[ main:9597 ] org.springframework.beans.factory.support.AbstractAutowireCapableBeanFactory.createBean(AbstractAutowireCapableBeanFactory.java:484) Finished creating instance of bean &apos;(inner bean)#36a7abe1&apos;
[ main:9597 ] org.springframework.beans.factory.support.AbstractAutowireCapableBeanFactory.invokeInitMethods(AbstractAutowireCapableBeanFactory.java:1620) Invoking afterPropertiesSet() on bean with name &apos;org.springframework.web.servlet.mvc.method.annotation.ExceptionHandlerExceptionResolver#0&apos;
[ main:9598 ] org.springframework.web.servlet.mvc.method.annotation.ExceptionHandlerExceptionResolver.initExceptionHandlerAdviceCache(ExceptionHandlerExceptionResolver.java:258) Looking for exception mappings: org.springframework.context.support.ClassPathXmlApplicationContext@17f9344b: startup date [Wed Sep 09 19:10:56 CST 2020]; root of context hierarchy
[ main:9599 ] org.springframework.beans.factory.support.AbstractBeanFactory.doGetBean(AbstractBeanFactory.java:251) Returning cached instance of singleton bean &apos;org.springframework.transaction.config.internalTransactionAdvisor&apos;
[ main:9600 ] org.springframework.beans.factory.support.AbstractAutowireCapableBeanFactory.createBean(AbstractAutowireCapableBeanFactory.java:484) Finished creating instance of bean &apos;org.springframework.web.servlet.mvc.method.annotation.ExceptionHandlerExceptionResolver#0&apos;
[ main:9600 ] org.springframework.beans.factory.support.DefaultSingletonBeanRegistry.getSingleton(DefaultSingletonBeanRegistry.java:221) Creating shared instance of singleton bean &apos;org.springframework.web.servlet.mvc.annotation.ResponseStatusExceptionResolver#0&apos;
[ main:9601 ] org.springframework.beans.factory.support.AbstractAutowireCapableBeanFactory.createBean(AbstractAutowireCapableBeanFactory.java:448) Creating instance of bean &apos;org.springframework.web.servlet.mvc.annotation.ResponseStatusExceptionResolver#0&apos;
[ main:9601 ] org.springframework.beans.factory.support.AbstractAutowireCapableBeanFactory.doCreateBean(AbstractAutowireCapableBeanFactory.java:529) Eagerly caching bean &apos;org.springframework.web.servlet.mvc.annotation.ResponseStatusExceptionResolver#0&apos; to allow for resolving potential circular references
[ main:9616 ] org.springframework.beans.CachedIntrospectionResults.&lt;init&gt;(CachedIntrospectionResults.java:265) Getting BeanInfo for class [org.springframework.web.servlet.mvc.annotation.ResponseStatusExceptionResolver]
[ main:9623 ] org.springframework.beans.CachedIntrospectionResults.&lt;init&gt;(CachedIntrospectionResults.java:284) Caching PropertyDescriptors for class [org.springframework.web.servlet.mvc.annotation.ResponseStatusExceptionResolver]
[ main:9624 ] org.springframework.beans.CachedIntrospectionResults.&lt;init&gt;(CachedIntrospectionResults.java:297) Found bean property &apos;class&apos; of type [java.lang.Class]
[ main:9624 ] org.springframework.beans.CachedIntrospectionResults.&lt;init&gt;(CachedIntrospectionResults.java:297) Found bean property &apos;mappedHandlerClasses&apos; of type [[Ljava.lang.Class;]
[ main:9624 ] org.springframework.beans.CachedIntrospectionResults.&lt;init&gt;(CachedIntrospectionResults.java:297) Found bean property &apos;mappedHandlers&apos; of type [java.util.Set]
[ main:9624 ] org.springframework.beans.CachedIntrospectionResults.&lt;init&gt;(CachedIntrospectionResults.java:297) Found bean property &apos;messageSource&apos; of type [org.springframework.context.MessageSource]
[ main:9624 ] org.springframework.beans.CachedIntrospectionResults.&lt;init&gt;(CachedIntrospectionResults.java:297) Found bean property &apos;order&apos; of type [int]
[ main:9625 ] org.springframework.beans.CachedIntrospectionResults.&lt;init&gt;(CachedIntrospectionResults.java:297) Found bean property &apos;preventResponseCaching&apos; of type [boolean]
[ main:9625 ] org.springframework.beans.CachedIntrospectionResults.&lt;init&gt;(CachedIntrospectionResults.java:297) Found bean property &apos;warnLogCategory&apos; of type [java.lang.String]
[ main:9629 ] org.springframework.beans.factory.support.AbstractBeanFactory.doGetBean(AbstractBeanFactory.java:251) Returning cached instance of singleton bean &apos;org.springframework.transaction.config.internalTransactionAdvisor&apos;
[ main:9630 ] org.springframework.beans.factory.support.AbstractAutowireCapableBeanFactory.createBean(AbstractAutowireCapableBeanFactory.java:484) Finished creating instance of bean &apos;org.springframework.web.servlet.mvc.annotation.ResponseStatusExceptionResolver#0&apos;
[ main:9630 ] org.springframework.beans.factory.support.DefaultSingletonBeanRegistry.getSingleton(DefaultSingletonBeanRegistry.java:221) Creating shared instance of singleton bean &apos;org.springframework.web.servlet.mvc.support.DefaultHandlerExceptionResolver#0&apos;
[ main:9630 ] org.springframework.beans.factory.support.AbstractAutowireCapableBeanFactory.createBean(AbstractAutowireCapableBeanFactory.java:448) Creating instance of bean &apos;org.springframework.web.servlet.mvc.support.DefaultHandlerExceptionResolver#0&apos;
[ main:9631 ] org.springframework.beans.factory.support.AbstractAutowireCapableBeanFactory.doCreateBean(AbstractAutowireCapableBeanFactory.java:529) Eagerly caching bean &apos;org.springframework.web.servlet.mvc.support.DefaultHandlerExceptionResolver#0&apos; to allow for resolving potential circular references
[ main:9631 ] org.springframework.beans.CachedIntrospectionResults.&lt;init&gt;(CachedIntrospectionResults.java:265) Getting BeanInfo for class [org.springframework.web.servlet.mvc.support.DefaultHandlerExceptionResolver]
[ main:9631 ] org.springframework.beans.CachedIntrospectionResults.&lt;init&gt;(CachedIntrospectionResults.java:284) Caching PropertyDescriptors for class [org.springframework.web.servlet.mvc.support.DefaultHandlerExceptionResolver]
[ main:9631 ] org.springframework.beans.CachedIntrospectionResults.&lt;init&gt;(CachedIntrospectionResults.java:297) Found bean property &apos;class&apos; of type [java.lang.Class]
[ main:9632 ] org.springframework.beans.CachedIntrospectionResults.&lt;init&gt;(CachedIntrospectionResults.java:297) Found bean property &apos;mappedHandlerClasses&apos; of type [[Ljava.lang.Class;]
[ main:9632 ] org.springframework.beans.CachedIntrospectionResults.&lt;init&gt;(CachedIntrospectionResults.java:297) Found bean property &apos;mappedHandlers&apos; of type [java.util.Set]
[ main:9633 ] org.springframework.beans.CachedIntrospectionResults.&lt;init&gt;(CachedIntrospectionResults.java:297) Found bean property &apos;order&apos; of type [int]
[ main:9634 ] org.springframework.beans.CachedIntrospectionResults.&lt;init&gt;(CachedIntrospectionResults.java:297) Found bean property &apos;preventResponseCaching&apos; of type [boolean]
[ main:9634 ] org.springframework.beans.CachedIntrospectionResults.&lt;init&gt;(CachedIntrospectionResults.java:297) Found bean property &apos;warnLogCategory&apos; of type [java.lang.String]
[ main:9635 ] org.springframework.beans.factory.support.AbstractBeanFactory.doGetBean(AbstractBeanFactory.java:251) Returning cached instance of singleton bean &apos;org.springframework.transaction.config.internalTransactionAdvisor&apos;
[ main:9635 ] org.springframework.beans.factory.support.AbstractAutowireCapableBeanFactory.createBean(AbstractAutowireCapableBeanFactory.java:484) Finished creating instance of bean &apos;org.springframework.web.servlet.mvc.support.DefaultHandlerExceptionResolver#0&apos;
[ main:9635 ] org.springframework.beans.factory.support.DefaultSingletonBeanRegistry.getSingleton(DefaultSingletonBeanRegistry.java:221) Creating shared instance of singleton bean &apos;org.springframework.web.servlet.handler.BeanNameUrlHandlerMapping&apos;
[ main:9636 ] org.springframework.beans.factory.support.AbstractAutowireCapableBeanFactory.createBean(AbstractAutowireCapableBeanFactory.java:448) Creating instance of bean &apos;org.springframework.web.servlet.handler.BeanNameUrlHandlerMapping&apos;
[ main:9636 ] org.springframework.beans.factory.support.AbstractAutowireCapableBeanFactory.doCreateBean(AbstractAutowireCapableBeanFactory.java:529) Eagerly caching bean &apos;org.springframework.web.servlet.handler.BeanNameUrlHandlerMapping&apos; to allow for resolving potential circular references
[ main:9636 ] org.springframework.beans.CachedIntrospectionResults.&lt;init&gt;(CachedIntrospectionResults.java:265) Getting BeanInfo for class [org.springframework.web.servlet.handler.BeanNameUrlHandlerMapping]
[ main:9636 ] org.springframework.beans.CachedIntrospectionResults.&lt;init&gt;(CachedIntrospectionResults.java:284) Caching PropertyDescriptors for class [org.springframework.web.servlet.handler.BeanNameUrlHandlerMapping]
[ main:9637 ] org.springframework.beans.CachedIntrospectionResults.&lt;init&gt;(CachedIntrospectionResults.java:297) Found bean property &apos;alwaysUseFullPath&apos; of type [boolean]
[ main:9638 ] org.springframework.beans.CachedIntrospectionResults.&lt;init&gt;(CachedIntrospectionResults.java:297) Found bean property &apos;applicationContext&apos; of type [org.springframework.context.ApplicationContext]
[ main:9639 ] org.springframework.beans.CachedIntrospectionResults.&lt;init&gt;(CachedIntrospectionResults.java:297) Found bean property &apos;class&apos; of type [java.lang.Class]
[ main:9639 ] org.springframework.beans.CachedIntrospectionResults.&lt;init&gt;(CachedIntrospectionResults.java:297) Found bean property &apos;corsConfigurations&apos; of type [java.util.Map]
[ main:9639 ] org.springframework.beans.CachedIntrospectionResults.&lt;init&gt;(CachedIntrospectionResults.java:297) Found bean property &apos;corsProcessor&apos; of type [org.springframework.web.cors.CorsProcessor]
[ main:9639 ] org.springframework.beans.CachedIntrospectionResults.&lt;init&gt;(CachedIntrospectionResults.java:297) Found bean property &apos;defaultHandler&apos; of type [java.lang.Object]
[ main:9640 ] org.springframework.beans.CachedIntrospectionResults.&lt;init&gt;(CachedIntrospectionResults.java:297) Found bean property &apos;detectHandlersInAncestorContexts&apos; of type [boolean]
[ main:9640 ] org.springframework.beans.CachedIntrospectionResults.&lt;init&gt;(CachedIntrospectionResults.java:297) Found bean property &apos;handlerMap&apos; of type [java.util.Map]
[ main:9640 ] org.springframework.beans.CachedIntrospectionResults.&lt;init&gt;(CachedIntrospectionResults.java:297) Found bean property &apos;interceptors&apos; of type [[Ljava.lang.Object;]
[ main:9640 ] org.springframework.beans.CachedIntrospectionResults.&lt;init&gt;(CachedIntrospectionResults.java:297) Found bean property &apos;lazyInitHandlers&apos; of type [boolean]
[ main:9640 ] org.springframework.beans.CachedIntrospectionResults.&lt;init&gt;(CachedIntrospectionResults.java:297) Found bean property &apos;order&apos; of type [int]
[ main:9641 ] org.springframework.beans.CachedIntrospectionResults.&lt;init&gt;(CachedIntrospectionResults.java:297) Found bean property &apos;pathMatcher&apos; of type [org.springframework.util.PathMatcher]
[ main:9642 ] org.springframework.beans.CachedIntrospectionResults.&lt;init&gt;(CachedIntrospectionResults.java:297) Found bean property &apos;removeSemicolonContent&apos; of type [boolean]
[ main:9642 ] org.springframework.beans.CachedIntrospectionResults.&lt;init&gt;(CachedIntrospectionResults.java:297) Found bean property &apos;rootHandler&apos; of type [java.lang.Object]
[ main:9642 ] org.springframework.beans.CachedIntrospectionResults.&lt;init&gt;(CachedIntrospectionResults.java:297) Found bean property &apos;servletContext&apos; of type [javax.servlet.ServletContext]
[ main:9642 ] org.springframework.beans.CachedIntrospectionResults.&lt;init&gt;(CachedIntrospectionResults.java:297) Found bean property &apos;urlDecode&apos; of type [boolean]
[ main:9643 ] org.springframework.beans.CachedIntrospectionResults.&lt;init&gt;(CachedIntrospectionResults.java:297) Found bean property &apos;urlPathHelper&apos; of type [org.springframework.web.util.UrlPathHelper]
[ main:9643 ] org.springframework.beans.CachedIntrospectionResults.&lt;init&gt;(CachedIntrospectionResults.java:297) Found bean property &apos;useTrailingSlashMatch&apos; of type [boolean]
[ main:9645 ] org.springframework.beans.factory.support.AbstractBeanFactory.doGetBean(AbstractBeanFactory.java:251) Returning cached instance of singleton bean &apos;mvcCorsConfigurations&apos;
[ main:9646 ] org.springframework.beans.factory.support.AbstractBeanFactory.doGetBean(AbstractBeanFactory.java:251) Returning cached instance of singleton bean &apos;org.springframework.web.servlet.handler.MappedInterceptor#0&apos;
[ main:9646 ] org.springframework.beans.factory.support.AbstractBeanFactory.doGetBean(AbstractBeanFactory.java:251) Returning cached instance of singleton bean &apos;org.springframework.web.servlet.handler.MappedInterceptor#1&apos;
[ main:9647 ] org.springframework.web.servlet.handler.AbstractDetectingUrlHandlerMapping.detectHandlers(AbstractDetectingUrlHandlerMapping.java:71) Looking for URL mappings in application context: org.springframework.context.support.ClassPathXmlApplicationContext@17f9344b: startup date [Wed Sep 09 19:10:56 CST 2020]; root of context hierarchy
[ main:9647 ] org.springframework.web.servlet.handler.AbstractDetectingUrlHandlerMapping.detectHandlers(AbstractDetectingUrlHandlerMapping.java:86) Rejected bean name &apos;basicServiceImpl&apos;: no URL paths identified
[ main:9647 ] org.springframework.web.servlet.handler.AbstractDetectingUrlHandlerMapping.detectHandlers(AbstractDetectingUrlHandlerMapping.java:86) Rejected bean name &apos;clsController&apos;: no URL paths identified
[ main:9647 ] org.springframework.web.servlet.handler.AbstractDetectingUrlHandlerMapping.detectHandlers(AbstractDetectingUrlHandlerMapping.java:86) Rejected bean name &apos;clsRoomController&apos;: no URL paths identified
[ main:9647 ] org.springframework.web.servlet.handler.AbstractDetectingUrlHandlerMapping.detectHandlers(AbstractDetectingUrlHandlerMapping.java:86) Rejected bean name &apos;userInfoController&apos;: no URL paths identified
[ main:9647 ] org.springframework.web.servlet.handler.AbstractDetectingUrlHandlerMapping.detectHandlers(AbstractDetectingUrlHandlerMapping.java:86) Rejected bean name &apos;userServiceImpl&apos;: no URL paths identified
[ main:9648 ] org.springframework.web.servlet.handler.AbstractDetectingUrlHandlerMapping.detectHandlers(AbstractDetectingUrlHandlerMapping.java:86) Rejected bean name &apos;userController&apos;: no URL paths identified
[ main:9648 ] org.springframework.web.servlet.handler.AbstractDetectingUrlHandlerMapping.detectHandlers(AbstractDetectingUrlHandlerMapping.java:86) Rejected bean name &apos;org.springframework.context.annotation.internalConfigurationAnnotationProcessor&apos;: no URL paths identified
[ main:9648 ] org.springframework.web.servlet.handler.AbstractDetectingUrlHandlerMapping.detectHandlers(AbstractDetectingUrlHandlerMapping.java:86) Rejected bean name &apos;org.springframework.context.annotation.internalAutowiredAnnotationProcessor&apos;: no URL paths identified
[ main:9648 ] org.springframework.web.servlet.handler.AbstractDetectingUrlHandlerMapping.detectHandlers(AbstractDetectingUrlHandlerMapping.java:86) Rejected bean name &apos;org.springframework.context.annotation.internalRequiredAnnotationProcessor&apos;: no URL paths identified
[ main:9648 ] org.springframework.web.servlet.handler.AbstractDetectingUrlHandlerMapping.detectHandlers(AbstractDetectingUrlHandlerMapping.java:86) Rejected bean name &apos;org.springframework.context.annotation.internalCommonAnnotationProcessor&apos;: no URL paths identified
[ main:9648 ] org.springframework.web.servlet.handler.AbstractDetectingUrlHandlerMapping.detectHandlers(AbstractDetectingUrlHandlerMapping.java:86) Rejected bean name &apos;org.springframework.context.event.internalEventListenerProcessor&apos;: no URL paths identified
[ main:9649 ] org.springframework.web.servlet.handler.AbstractDetectingUrlHandlerMapping.detectHandlers(AbstractDetectingUrlHandlerMapping.java:86) Rejected bean name &apos;org.springframework.context.event.internalEventListenerFactory&apos;: no URL paths identified
[ main:9649 ] org.springframework.web.servlet.handler.AbstractDetectingUrlHandlerMapping.detectHandlers(AbstractDetectingUrlHandlerMapping.java:86) Rejected bean name &apos;mvcContentNegotiationManager&apos;: no URL paths identified
[ main:9649 ] org.springframework.web.servlet.handler.AbstractDetectingUrlHandlerMapping.detectHandlers(AbstractDetectingUrlHandlerMapping.java:86) Rejected bean name &apos;org.springframework.web.servlet.mvc.method.annotation.RequestMappingHandlerMapping&apos;: no URL paths identified
[ main:9649 ] org.springframework.web.servlet.handler.AbstractDetectingUrlHandlerMapping.detectHandlers(AbstractDetectingUrlHandlerMapping.java:86) Rejected bean name &apos;mvcCorsConfigurations&apos;: no URL paths identified
[ main:9649 ] org.springframework.web.servlet.handler.AbstractDetectingUrlHandlerMapping.detectHandlers(AbstractDetectingUrlHandlerMapping.java:86) Rejected bean name &apos;org.springframework.format.support.FormattingConversionServiceFactoryBean#0&apos;: no URL paths identified
[ main:9649 ] org.springframework.web.servlet.handler.AbstractDetectingUrlHandlerMapping.detectHandlers(AbstractDetectingUrlHandlerMapping.java:86) Rejected bean name &apos;org.springframework.web.servlet.mvc.method.annotation.RequestMappingHandlerAdapter&apos;: no URL paths identified
[ main:9650 ] org.springframework.web.servlet.handler.AbstractDetectingUrlHandlerMapping.detectHandlers(AbstractDetectingUrlHandlerMapping.java:86) Rejected bean name &apos;mvcUriComponentsContributor&apos;: no URL paths identified
[ main:9650 ] org.springframework.web.servlet.handler.AbstractDetectingUrlHandlerMapping.detectHandlers(AbstractDetectingUrlHandlerMapping.java:86) Rejected bean name &apos;org.springframework.web.servlet.handler.MappedInterceptor#0&apos;: no URL paths identified
[ main:9650 ] org.springframework.web.servlet.handler.AbstractDetectingUrlHandlerMapping.detectHandlers(AbstractDetectingUrlHandlerMapping.java:86) Rejected bean name &apos;org.springframework.web.servlet.mvc.method.annotation.ExceptionHandlerExceptionResolver#0&apos;: no URL paths identified
[ main:9650 ] org.springframework.web.servlet.handler.AbstractDetectingUrlHandlerMapping.detectHandlers(AbstractDetectingUrlHandlerMapping.java:86) Rejected bean name &apos;org.springframework.web.servlet.mvc.annotation.ResponseStatusExceptionResolver#0&apos;: no URL paths identified
[ main:9650 ] org.springframework.web.servlet.handler.AbstractDetectingUrlHandlerMapping.detectHandlers(AbstractDetectingUrlHandlerMapping.java:86) Rejected bean name &apos;org.springframework.web.servlet.mvc.support.DefaultHandlerExceptionResolver#0&apos;: no URL paths identified
[ main:9650 ] org.springframework.web.servlet.handler.AbstractDetectingUrlHandlerMapping.detectHandlers(AbstractDetectingUrlHandlerMapping.java:86) Rejected bean name &apos;org.springframework.web.servlet.handler.BeanNameUrlHandlerMapping&apos;: no URL paths identified
[ main:9651 ] org.springframework.web.servlet.handler.AbstractDetectingUrlHandlerMapping.detectHandlers(AbstractDetectingUrlHandlerMapping.java:86) Rejected bean name &apos;org.springframework.web.servlet.mvc.HttpRequestHandlerAdapter&apos;: no URL paths identified
[ main:9651 ] org.springframework.web.servlet.handler.AbstractDetectingUrlHandlerMapping.detectHandlers(AbstractDetectingUrlHandlerMapping.java:86) Rejected bean name &apos;org.springframework.web.servlet.mvc.SimpleControllerHandlerAdapter&apos;: no URL paths identified
[ main:9651 ] org.springframework.web.servlet.handler.AbstractDetectingUrlHandlerMapping.detectHandlers(AbstractDetectingUrlHandlerMapping.java:86) Rejected bean name &apos;mvcResourceUrlProvider&apos;: no URL paths identified
[ main:9651 ] org.springframework.web.servlet.handler.AbstractDetectingUrlHandlerMapping.detectHandlers(AbstractDetectingUrlHandlerMapping.java:86) Rejected bean name &apos;org.springframework.web.servlet.handler.MappedInterceptor#1&apos;: no URL paths identified
[ main:9651 ] org.springframework.web.servlet.handler.AbstractDetectingUrlHandlerMapping.detectHandlers(AbstractDetectingUrlHandlerMapping.java:86) Rejected bean name &apos;org.springframework.web.servlet.resource.ResourceHttpRequestHandler#0&apos;: no URL paths identified
[ main:9652 ] org.springframework.web.servlet.handler.AbstractDetectingUrlHandlerMapping.detectHandlers(AbstractDetectingUrlHandlerMapping.java:86) Rejected bean name &apos;mvcPathMatcher&apos;: no URL paths identified
[ main:9652 ] org.springframework.web.servlet.handler.AbstractDetectingUrlHandlerMapping.detectHandlers(AbstractDetectingUrlHandlerMapping.java:86) Rejected bean name &apos;mvcUrlPathHelper&apos;: no URL paths identified
[ main:9652 ] org.springframework.web.servlet.handler.AbstractDetectingUrlHandlerMapping.detectHandlers(AbstractDetectingUrlHandlerMapping.java:86) Rejected bean name &apos;org.springframework.web.servlet.handler.SimpleUrlHandlerMapping#0&apos;: no URL paths identified
[ main:9652 ] org.springframework.web.servlet.handler.AbstractDetectingUrlHandlerMapping.detectHandlers(AbstractDetectingUrlHandlerMapping.java:86) Rejected bean name &apos;org.springframework.web.servlet.resource.ResourceHttpRequestHandler#1&apos;: no URL paths identified
[ main:9652 ] org.springframework.web.servlet.handler.AbstractDetectingUrlHandlerMapping.detectHandlers(AbstractDetectingUrlHandlerMapping.java:86) Rejected bean name &apos;org.springframework.web.servlet.handler.SimpleUrlHandlerMapping#1&apos;: no URL paths identified
[ main:9653 ] org.springframework.web.servlet.handler.AbstractDetectingUrlHandlerMapping.detectHandlers(AbstractDetectingUrlHandlerMapping.java:86) Rejected bean name &apos;org.springframework.web.servlet.resource.ResourceHttpRequestHandler#2&apos;: no URL paths identified
[ main:9653 ] org.springframework.web.servlet.handler.AbstractDetectingUrlHandlerMapping.detectHandlers(AbstractDetectingUrlHandlerMapping.java:86) Rejected bean name &apos;org.springframework.web.servlet.handler.SimpleUrlHandlerMapping#2&apos;: no URL paths identified
[ main:9653 ] org.springframework.web.servlet.handler.AbstractDetectingUrlHandlerMapping.detectHandlers(AbstractDetectingUrlHandlerMapping.java:86) Rejected bean name &apos;org.springframework.web.servlet.resource.DefaultServletHttpRequestHandler#0&apos;: no URL paths identified
[ main:9653 ] org.springframework.web.servlet.handler.AbstractDetectingUrlHandlerMapping.detectHandlers(AbstractDetectingUrlHandlerMapping.java:86) Rejected bean name &apos;org.springframework.web.servlet.handler.SimpleUrlHandlerMapping#3&apos;: no URL paths identified
[ main:9653 ] org.springframework.web.servlet.handler.AbstractDetectingUrlHandlerMapping.detectHandlers(AbstractDetectingUrlHandlerMapping.java:86) Rejected bean name &apos;org.springframework.web.servlet.view.InternalResourceViewResolver#0&apos;: no URL paths identified
[ main:9654 ] org.springframework.web.servlet.handler.AbstractDetectingUrlHandlerMapping.detectHandlers(AbstractDetectingUrlHandlerMapping.java:86) Rejected bean name &apos;ds&apos;: no URL paths identified
[ main:9655 ] org.springframework.web.servlet.handler.AbstractDetectingUrlHandlerMapping.detectHandlers(AbstractDetectingUrlHandlerMapping.java:86) Rejected bean name &apos;txManager&apos;: no URL paths identified
[ main:9656 ] org.springframework.web.servlet.handler.AbstractDetectingUrlHandlerMapping.detectHandlers(AbstractDetectingUrlHandlerMapping.java:86) Rejected bean name &apos;org.springframework.transaction.config.internalTransactionalEventListenerFactory&apos;: no URL paths identified
[ main:9656 ] org.springframework.web.servlet.handler.AbstractDetectingUrlHandlerMapping.detectHandlers(AbstractDetectingUrlHandlerMapping.java:86) Rejected bean name &apos;org.springframework.aop.config.internalAutoProxyCreator&apos;: no URL paths identified
[ main:9656 ] org.springframework.web.servlet.handler.AbstractDetectingUrlHandlerMapping.detectHandlers(AbstractDetectingUrlHandlerMapping.java:86) Rejected bean name &apos;org.springframework.transaction.annotation.AnnotationTransactionAttributeSource#0&apos;: no URL paths identified
[ main:9656 ] org.springframework.web.servlet.handler.AbstractDetectingUrlHandlerMapping.detectHandlers(AbstractDetectingUrlHandlerMapping.java:86) Rejected bean name &apos;org.springframework.transaction.interceptor.TransactionInterceptor#0&apos;: no URL paths identified
[ main:9656 ] org.springframework.web.servlet.handler.AbstractDetectingUrlHandlerMapping.detectHandlers(AbstractDetectingUrlHandlerMapping.java:86) Rejected bean name &apos;org.springframework.transaction.config.internalTransactionAdvisor&apos;: no URL paths identified
[ main:9657 ] org.springframework.web.servlet.handler.AbstractDetectingUrlHandlerMapping.detectHandlers(AbstractDetectingUrlHandlerMapping.java:86) Rejected bean name &apos;sqlSessionFactory&apos;: no URL paths identified
[ main:9657 ] org.springframework.web.servlet.handler.AbstractDetectingUrlHandlerMapping.detectHandlers(AbstractDetectingUrlHandlerMapping.java:86) Rejected bean name &apos;org.mybatis.spring.mapper.MapperScannerConfigurer#0&apos;: no URL paths identified
[ main:9657 ] org.springframework.web.servlet.handler.AbstractDetectingUrlHandlerMapping.detectHandlers(AbstractDetectingUrlHandlerMapping.java:86) Rejected bean name &apos;org.springframework.context.annotation.ConfigurationClassPostProcessor.importAwareProcessor&apos;: no URL paths identified
[ main:9657 ] org.springframework.web.servlet.handler.AbstractDetectingUrlHandlerMapping.detectHandlers(AbstractDetectingUrlHandlerMapping.java:86) Rejected bean name &apos;org.springframework.context.annotation.ConfigurationClassPostProcessor.enhancedConfigurationProcessor&apos;: no URL paths identified
[ main:9657 ] org.springframework.web.servlet.handler.AbstractDetectingUrlHandlerMapping.detectHandlers(AbstractDetectingUrlHandlerMapping.java:86) Rejected bean name &apos;clsMapper&apos;: no URL paths identified
[ main:9658 ] org.springframework.web.servlet.handler.AbstractDetectingUrlHandlerMapping.detectHandlers(AbstractDetectingUrlHandlerMapping.java:86) Rejected bean name &apos;clsRoomMapper&apos;: no URL paths identified
[ main:9658 ] org.springframework.web.servlet.handler.AbstractDetectingUrlHandlerMapping.detectHandlers(AbstractDetectingUrlHandlerMapping.java:86) Rejected bean name &apos;userInfoMapper&apos;: no URL paths identified
[ main:9658 ] org.springframework.web.servlet.handler.AbstractDetectingUrlHandlerMapping.detectHandlers(AbstractDetectingUrlHandlerMapping.java:86) Rejected bean name &apos;voteHistoryMapper&apos;: no URL paths identified
[ main:9658 ] org.springframework.web.servlet.handler.AbstractDetectingUrlHandlerMapping.detectHandlers(AbstractDetectingUrlHandlerMapping.java:86) Rejected bean name &apos;answerMapper&apos;: no URL paths identified
[ main:9658 ] org.springframework.web.servlet.handler.AbstractDetectingUrlHandlerMapping.detectHandlers(AbstractDetectingUrlHandlerMapping.java:86) Rejected bean name &apos;questionMapper&apos;: no URL paths identified
[ main:9658 ] org.springframework.web.servlet.handler.AbstractDetectingUrlHandlerMapping.detectHandlers(AbstractDetectingUrlHandlerMapping.java:86) Rejected bean name &apos;questionTypeMapper&apos;: no URL paths identified
[ main:9659 ] org.springframework.web.servlet.handler.AbstractDetectingUrlHandlerMapping.detectHandlers(AbstractDetectingUrlHandlerMapping.java:86) Rejected bean name &apos;rightsMapper&apos;: no URL paths identified
[ main:9659 ] org.springframework.web.servlet.handler.AbstractDetectingUrlHandlerMapping.detectHandlers(AbstractDetectingUrlHandlerMapping.java:86) Rejected bean name &apos;roleMapper&apos;: no URL paths identified
[ main:9659 ] org.springframework.web.servlet.handler.AbstractDetectingUrlHandlerMapping.detectHandlers(AbstractDetectingUrlHandlerMapping.java:86) Rejected bean name &apos;roleRightsMapper&apos;: no URL paths identified
[ main:9659 ] org.springframework.web.servlet.handler.AbstractDetectingUrlHandlerMapping.detectHandlers(AbstractDetectingUrlHandlerMapping.java:86) Rejected bean name &apos;teacherMapper&apos;: no URL paths identified
[ main:9659 ] org.springframework.web.servlet.handler.AbstractDetectingUrlHandlerMapping.detectHandlers(AbstractDetectingUrlHandlerMapping.java:86) Rejected bean name &apos;environment&apos;: no URL paths identified
[ main:9659 ] org.springframework.web.servlet.handler.AbstractDetectingUrlHandlerMapping.detectHandlers(AbstractDetectingUrlHandlerMapping.java:86) Rejected bean name &apos;systemProperties&apos;: no URL paths identified
[ main:9660 ] org.springframework.web.servlet.handler.AbstractDetectingUrlHandlerMapping.detectHandlers(AbstractDetectingUrlHandlerMapping.java:86) Rejected bean name &apos;systemEnvironment&apos;: no URL paths identified
[ main:9660 ] org.springframework.web.servlet.handler.AbstractDetectingUrlHandlerMapping.detectHandlers(AbstractDetectingUrlHandlerMapping.java:86) Rejected bean name &apos;org.springframework.context.annotation.ConfigurationClassPostProcessor.importRegistry&apos;: no URL paths identified
[ main:9660 ] org.springframework.web.servlet.handler.AbstractDetectingUrlHandlerMapping.detectHandlers(AbstractDetectingUrlHandlerMapping.java:86) Rejected bean name &apos;messageSource&apos;: no URL paths identified
[ main:9660 ] org.springframework.web.servlet.handler.AbstractDetectingUrlHandlerMapping.detectHandlers(AbstractDetectingUrlHandlerMapping.java:86) Rejected bean name &apos;applicationEventMulticaster&apos;: no URL paths identified
[ main:9660 ] org.springframework.beans.factory.support.AbstractBeanFactory.doGetBean(AbstractBeanFactory.java:251) Returning cached instance of singleton bean &apos;org.springframework.transaction.config.internalTransactionAdvisor&apos;
[ main:9661 ] org.springframework.beans.factory.support.AbstractAutowireCapableBeanFactory.createBean(AbstractAutowireCapableBeanFactory.java:484) Finished creating instance of bean &apos;org.springframework.web.servlet.handler.BeanNameUrlHandlerMapping&apos;
[ main:9661 ] org.springframework.beans.factory.support.DefaultSingletonBeanRegistry.getSingleton(DefaultSingletonBeanRegistry.java:221) Creating shared instance of singleton bean &apos;org.springframework.web.servlet.mvc.HttpRequestHandlerAdapter&apos;
[ main:9661 ] org.springframework.beans.factory.support.AbstractAutowireCapableBeanFactory.createBean(AbstractAutowireCapableBeanFactory.java:448) Creating instance of bean &apos;org.springframework.web.servlet.mvc.HttpRequestHandlerAdapter&apos;
[ main:9662 ] org.springframework.beans.factory.support.AbstractAutowireCapableBeanFactory.doCreateBean(AbstractAutowireCapableBeanFactory.java:529) Eagerly caching bean &apos;org.springframework.web.servlet.mvc.HttpRequestHandlerAdapter&apos; to allow for resolving potential circular references
[ main:9662 ] org.springframework.beans.CachedIntrospectionResults.&lt;init&gt;(CachedIntrospectionResults.java:265) Getting BeanInfo for class [org.springframework.web.servlet.mvc.HttpRequestHandlerAdapter]
[ main:9662 ] org.springframework.beans.CachedIntrospectionResults.&lt;init&gt;(CachedIntrospectionResults.java:284) Caching PropertyDescriptors for class [org.springframework.web.servlet.mvc.HttpRequestHandlerAdapter]
[ main:9662 ] org.springframework.beans.CachedIntrospectionResults.&lt;init&gt;(CachedIntrospectionResults.java:297) Found bean property &apos;class&apos; of type [java.lang.Class]
[ main:9663 ] org.springframework.beans.factory.support.AbstractBeanFactory.doGetBean(AbstractBeanFactory.java:251) Returning cached instance of singleton bean &apos;org.springframework.transaction.config.internalTransactionAdvisor&apos;
[ main:9663 ] org.springframework.beans.factory.support.AbstractAutowireCapableBeanFactory.createBean(AbstractAutowireCapableBeanFactory.java:484) Finished creating instance of bean &apos;org.springframework.web.servlet.mvc.HttpRequestHandlerAdapter&apos;
[ main:9664 ] org.springframework.beans.factory.support.DefaultSingletonBeanRegistry.getSingleton(DefaultSingletonBeanRegistry.java:221) Creating shared instance of singleton bean &apos;org.springframework.web.servlet.mvc.SimpleControllerHandlerAdapter&apos;
[ main:9664 ] org.springframework.beans.factory.support.AbstractAutowireCapableBeanFactory.createBean(AbstractAutowireCapableBeanFactory.java:448) Creating instance of bean &apos;org.springframework.web.servlet.mvc.SimpleControllerHandlerAdapter&apos;
[ main:9664 ] org.springframework.beans.factory.support.AbstractAutowireCapableBeanFactory.doCreateBean(AbstractAutowireCapableBeanFactory.java:529) Eagerly caching bean &apos;org.springframework.web.servlet.mvc.SimpleControllerHandlerAdapter&apos; to allow for resolving potential circular references
[ main:9664 ] org.springframework.beans.CachedIntrospectionResults.&lt;init&gt;(CachedIntrospectionResults.java:265) Getting BeanInfo for class [org.springframework.web.servlet.mvc.SimpleControllerHandlerAdapter]
[ main:9665 ] org.springframework.beans.CachedIntrospectionResults.&lt;init&gt;(CachedIntrospectionResults.java:284) Caching PropertyDescriptors for class [org.springframework.web.servlet.mvc.SimpleControllerHandlerAdapter]
[ main:9665 ] org.springframework.beans.CachedIntrospectionResults.&lt;init&gt;(CachedIntrospectionResults.java:297) Found bean property &apos;class&apos; of type [java.lang.Class]
[ main:9666 ] org.springframework.beans.factory.support.AbstractBeanFactory.doGetBean(AbstractBeanFactory.java:251) Returning cached instance of singleton bean &apos;org.springframework.transaction.config.internalTransactionAdvisor&apos;
[ main:9666 ] org.springframework.beans.factory.support.AbstractAutowireCapableBeanFactory.createBean(AbstractAutowireCapableBeanFactory.java:484) Finished creating instance of bean &apos;org.springframework.web.servlet.mvc.SimpleControllerHandlerAdapter&apos;
[ main:9667 ] org.springframework.beans.factory.support.DefaultSingletonBeanRegistry.getSingleton(DefaultSingletonBeanRegistry.java:221) Creating shared instance of singleton bean &apos;mvcResourceUrlProvider&apos;
[ main:9667 ] org.springframework.beans.factory.support.AbstractAutowireCapableBeanFactory.createBean(AbstractAutowireCapableBeanFactory.java:448) Creating instance of bean &apos;mvcResourceUrlProvider&apos;
[ main:9668 ] org.springframework.beans.factory.support.AbstractAutowireCapableBeanFactory.doCreateBean(AbstractAutowireCapableBeanFactory.java:529) Eagerly caching bean &apos;mvcResourceUrlProvider&apos; to allow for resolving potential circular references
[ main:9668 ] org.springframework.beans.factory.support.AbstractBeanFactory.doGetBean(AbstractBeanFactory.java:251) Returning cached instance of singleton bean &apos;org.springframework.transaction.config.internalTransactionAdvisor&apos;
[ main:9669 ] org.springframework.beans.factory.support.AbstractAutowireCapableBeanFactory.createBean(AbstractAutowireCapableBeanFactory.java:484) Finished creating instance of bean &apos;mvcResourceUrlProvider&apos;
[ main:9669 ] org.springframework.beans.factory.support.AbstractBeanFactory.doGetBean(AbstractBeanFactory.java:251) Returning cached instance of singleton bean &apos;org.springframework.web.servlet.handler.MappedInterceptor#1&apos;
[ main:9669 ] org.springframework.beans.factory.support.DefaultSingletonBeanRegistry.getSingleton(DefaultSingletonBeanRegistry.java:221) Creating shared instance of singleton bean &apos;org.springframework.web.servlet.resource.ResourceHttpRequestHandler#0&apos;
[ main:9669 ] org.springframework.beans.factory.support.AbstractAutowireCapableBeanFactory.createBean(AbstractAutowireCapableBeanFactory.java:448) Creating instance of bean &apos;org.springframework.web.servlet.resource.ResourceHttpRequestHandler#0&apos;
[ main:9670 ] org.springframework.beans.factory.support.AbstractAutowireCapableBeanFactory.doCreateBean(AbstractAutowireCapableBeanFactory.java:529) Eagerly caching bean &apos;org.springframework.web.servlet.resource.ResourceHttpRequestHandler#0&apos; to allow for resolving potential circular references
[ main:9671 ] org.springframework.beans.CachedIntrospectionResults.&lt;init&gt;(CachedIntrospectionResults.java:265) Getting BeanInfo for class [org.springframework.web.servlet.resource.ResourceHttpRequestHandler]
[ main:9672 ] org.springframework.beans.CachedIntrospectionResults.&lt;init&gt;(CachedIntrospectionResults.java:284) Caching PropertyDescriptors for class [org.springframework.web.servlet.resource.ResourceHttpRequestHandler]
[ main:9672 ] org.springframework.beans.CachedIntrospectionResults.&lt;init&gt;(CachedIntrospectionResults.java:297) Found bean property &apos;alwaysMustRevalidate&apos; of type [boolean]
[ main:9672 ] org.springframework.beans.CachedIntrospectionResults.&lt;init&gt;(CachedIntrospectionResults.java:297) Found bean property &apos;applicationContext&apos; of type [org.springframework.context.ApplicationContext]
[ main:9673 ] org.springframework.beans.CachedIntrospectionResults.&lt;init&gt;(CachedIntrospectionResults.java:297) Found bean property &apos;cacheControl&apos; of type [org.springframework.http.CacheControl]
[ main:9673 ] org.springframework.beans.CachedIntrospectionResults.&lt;init&gt;(CachedIntrospectionResults.java:297) Found bean property &apos;cacheSeconds&apos; of type [int]
[ main:9673 ] org.springframework.beans.CachedIntrospectionResults.&lt;init&gt;(CachedIntrospectionResults.java:297) Found bean property &apos;class&apos; of type [java.lang.Class]
[ main:9673 ] org.springframework.beans.CachedIntrospectionResults.&lt;init&gt;(CachedIntrospectionResults.java:297) Found bean property &apos;contentNegotiationManager&apos; of type [org.springframework.web.accept.ContentNegotiationManager]
[ main:9673 ] org.springframework.beans.CachedIntrospectionResults.&lt;init&gt;(CachedIntrospectionResults.java:297) Found bean property &apos;corsConfiguration&apos; of type [org.springframework.web.cors.CorsConfiguration]
[ main:9674 ] org.springframework.beans.CachedIntrospectionResults.&lt;init&gt;(CachedIntrospectionResults.java:297) Found bean property &apos;locations&apos; of type [java.util.List]
[ main:9674 ] org.springframework.beans.CachedIntrospectionResults.&lt;init&gt;(CachedIntrospectionResults.java:297) Found bean property &apos;requireSession&apos; of type [boolean]
[ main:9674 ] org.springframework.beans.CachedIntrospectionResults.&lt;init&gt;(CachedIntrospectionResults.java:297) Found bean property &apos;resourceHttpMessageConverter&apos; of type [org.springframework.http.converter.ResourceHttpMessageConverter]
[ main:9674 ] org.springframework.beans.CachedIntrospectionResults.&lt;init&gt;(CachedIntrospectionResults.java:297) Found bean property &apos;resourceRegionHttpMessageConverter&apos; of type [org.springframework.http.converter.ResourceRegionHttpMessageConverter]
[ main:9674 ] org.springframework.beans.CachedIntrospectionResults.&lt;init&gt;(CachedIntrospectionResults.java:297) Found bean property &apos;resourceResolvers&apos; of type [java.util.List]
[ main:9675 ] org.springframework.beans.CachedIntrospectionResults.&lt;init&gt;(CachedIntrospectionResults.java:297) Found bean property &apos;resourceTransformers&apos; of type [java.util.List]
[ main:9675 ] org.springframework.beans.CachedIntrospectionResults.&lt;init&gt;(CachedIntrospectionResults.java:297) Found bean property &apos;servletContext&apos; of type [javax.servlet.ServletContext]
[ main:9675 ] org.springframework.beans.CachedIntrospectionResults.&lt;init&gt;(CachedIntrospectionResults.java:297) Found bean property &apos;supportedMethods&apos; of type [[Ljava.lang.String;]
[ main:9675 ] org.springframework.beans.CachedIntrospectionResults.&lt;init&gt;(CachedIntrospectionResults.java:297) Found bean property &apos;useCacheControlHeader&apos; of type [boolean]
[ main:9675 ] org.springframework.beans.CachedIntrospectionResults.&lt;init&gt;(CachedIntrospectionResults.java:297) Found bean property &apos;useCacheControlNoStore&apos; of type [boolean]
[ main:9675 ] org.springframework.beans.CachedIntrospectionResults.&lt;init&gt;(CachedIntrospectionResults.java:297) Found bean property &apos;useExpiresHeader&apos; of type [boolean]
[ main:9676 ] org.springframework.beans.CachedIntrospectionResults.&lt;init&gt;(CachedIntrospectionResults.java:297) Found bean property &apos;varyByRequestHeaders&apos; of type [[Ljava.lang.String;]
[ main:9678 ] org.springframework.beans.TypeConverterDelegate.doConvertValue(TypeConverterDelegate.java:438) Converting String to [interface org.springframework.core.io.Resource] using property editor [org.springframework.core.io.ResourceEditor@e044b4a]
[ main:9678 ] org.springframework.beans.factory.support.AbstractBeanFactory.doGetBean(AbstractBeanFactory.java:251) Returning cached instance of singleton bean &apos;mvcContentNegotiationManager&apos;
[ main:9679 ] org.springframework.beans.factory.support.AbstractAutowireCapableBeanFactory.invokeInitMethods(AbstractAutowireCapableBeanFactory.java:1620) Invoking afterPropertiesSet() on bean with name &apos;org.springframework.web.servlet.resource.ResourceHttpRequestHandler#0&apos;
[ main:9679 ] org.springframework.beans.factory.support.AbstractBeanFactory.doGetBean(AbstractBeanFactory.java:251) Returning cached instance of singleton bean &apos;org.springframework.transaction.config.internalTransactionAdvisor&apos;
[ main:9680 ] org.springframework.beans.factory.support.AbstractAutowireCapableBeanFactory.createBean(AbstractAutowireCapableBeanFactory.java:484) Finished creating instance of bean &apos;org.springframework.web.servlet.resource.ResourceHttpRequestHandler#0&apos;
[ main:9680 ] org.springframework.beans.factory.support.DefaultSingletonBeanRegistry.getSingleton(DefaultSingletonBeanRegistry.java:221) Creating shared instance of singleton bean &apos;mvcPathMatcher&apos;
[ main:9680 ] org.springframework.beans.factory.support.AbstractAutowireCapableBeanFactory.createBean(AbstractAutowireCapableBeanFactory.java:448) Creating instance of bean &apos;mvcPathMatcher&apos;
[ main:9680 ] org.springframework.beans.factory.support.AbstractAutowireCapableBeanFactory.doCreateBean(AbstractAutowireCapableBeanFactory.java:529) Eagerly caching bean &apos;mvcPathMatcher&apos; to allow for resolving potential circular references
[ main:9681 ] org.springframework.beans.CachedIntrospectionResults.&lt;init&gt;(CachedIntrospectionResults.java:265) Getting BeanInfo for class [org.springframework.util.AntPathMatcher]
[ main:9681 ] org.springframework.beans.CachedIntrospectionResults.&lt;init&gt;(CachedIntrospectionResults.java:284) Caching PropertyDescriptors for class [org.springframework.util.AntPathMatcher]
[ main:9681 ] org.springframework.beans.CachedIntrospectionResults.&lt;init&gt;(CachedIntrospectionResults.java:297) Found bean property &apos;cachePatterns&apos; of type [boolean]
[ main:9681 ] org.springframework.beans.CachedIntrospectionResults.&lt;init&gt;(CachedIntrospectionResults.java:297) Found bean property &apos;caseSensitive&apos; of type [boolean]
[ main:9681 ] org.springframework.beans.CachedIntrospectionResults.&lt;init&gt;(CachedIntrospectionResults.java:297) Found bean property &apos;class&apos; of type [java.lang.Class]
[ main:9682 ] org.springframework.beans.CachedIntrospectionResults.&lt;init&gt;(CachedIntrospectionResults.java:297) Found bean property &apos;pathSeparator&apos; of type [java.lang.String]
[ main:9682 ] org.springframework.beans.CachedIntrospectionResults.&lt;init&gt;(CachedIntrospectionResults.java:297) Found bean property &apos;trimTokens&apos; of type [boolean]
[ main:9683 ] org.springframework.beans.factory.support.AbstractBeanFactory.doGetBean(AbstractBeanFactory.java:251) Returning cached instance of singleton bean &apos;org.springframework.transaction.config.internalTransactionAdvisor&apos;
[ main:9683 ] org.springframework.beans.factory.support.AbstractAutowireCapableBeanFactory.createBean(AbstractAutowireCapableBeanFactory.java:484) Finished creating instance of bean &apos;mvcPathMatcher&apos;
[ main:9683 ] org.springframework.beans.factory.support.DefaultSingletonBeanRegistry.getSingleton(DefaultSingletonBeanRegistry.java:221) Creating shared instance of singleton bean &apos;mvcUrlPathHelper&apos;
[ main:9684 ] org.springframework.beans.factory.support.AbstractAutowireCapableBeanFactory.createBean(AbstractAutowireCapableBeanFactory.java:448) Creating instance of bean &apos;mvcUrlPathHelper&apos;
[ main:9684 ] org.springframework.beans.factory.support.AbstractAutowireCapableBeanFactory.doCreateBean(AbstractAutowireCapableBeanFactory.java:529) Eagerly caching bean &apos;mvcUrlPathHelper&apos; to allow for resolving potential circular references
[ main:9684 ] org.springframework.beans.CachedIntrospectionResults.&lt;init&gt;(CachedIntrospectionResults.java:265) Getting BeanInfo for class [org.springframework.web.util.UrlPathHelper]
[ main:9684 ] org.springframework.beans.CachedIntrospectionResults.&lt;init&gt;(CachedIntrospectionResults.java:284) Caching PropertyDescriptors for class [org.springframework.web.util.UrlPathHelper]
[ main:9684 ] org.springframework.beans.CachedIntrospectionResults.&lt;init&gt;(CachedIntrospectionResults.java:297) Found bean property &apos;alwaysUseFullPath&apos; of type [boolean]
[ main:9717 ] org.springframework.beans.CachedIntrospectionResults.&lt;init&gt;(CachedIntrospectionResults.java:297) Found bean property &apos;class&apos; of type [java.lang.Class]
[ main:9717 ] org.springframework.beans.CachedIntrospectionResults.&lt;init&gt;(CachedIntrospectionResults.java:297) Found bean property &apos;defaultEncoding&apos; of type [java.lang.String]
[ main:9718 ] org.springframework.beans.CachedIntrospectionResults.&lt;init&gt;(CachedIntrospectionResults.java:297) Found bean property &apos;removeSemicolonContent&apos; of type [boolean]
[ main:9718 ] org.springframework.beans.CachedIntrospectionResults.&lt;init&gt;(CachedIntrospectionResults.java:297) Found bean property &apos;urlDecode&apos; of type [boolean]
[ main:9718 ] org.springframework.beans.factory.support.AbstractBeanFactory.doGetBean(AbstractBeanFactory.java:251) Returning cached instance of singleton bean &apos;org.springframework.transaction.config.internalTransactionAdvisor&apos;
[ main:9718 ] org.springframework.beans.factory.support.AbstractAutowireCapableBeanFactory.createBean(AbstractAutowireCapableBeanFactory.java:484) Finished creating instance of bean &apos;mvcUrlPathHelper&apos;
[ main:9719 ] org.springframework.beans.factory.support.DefaultSingletonBeanRegistry.getSingleton(DefaultSingletonBeanRegistry.java:221) Creating shared instance of singleton bean &apos;org.springframework.web.servlet.handler.SimpleUrlHandlerMapping#0&apos;
[ main:9719 ] org.springframework.beans.factory.support.AbstractAutowireCapableBeanFactory.createBean(AbstractAutowireCapableBeanFactory.java:448) Creating instance of bean &apos;org.springframework.web.servlet.handler.SimpleUrlHandlerMapping#0&apos;
[ main:9719 ] org.springframework.beans.factory.support.AbstractAutowireCapableBeanFactory.doCreateBean(AbstractAutowireCapableBeanFactory.java:529) Eagerly caching bean &apos;org.springframework.web.servlet.handler.SimpleUrlHandlerMapping#0&apos; to allow for resolving potential circular references
[ main:9719 ] org.springframework.beans.CachedIntrospectionResults.&lt;init&gt;(CachedIntrospectionResults.java:265) Getting BeanInfo for class [org.springframework.web.servlet.handler.SimpleUrlHandlerMapping]
[ main:9720 ] org.springframework.beans.CachedIntrospectionResults.&lt;init&gt;(CachedIntrospectionResults.java:284) Caching PropertyDescriptors for class [org.springframework.web.servlet.handler.SimpleUrlHandlerMapping]
[ main:9720 ] org.springframework.beans.CachedIntrospectionResults.&lt;init&gt;(CachedIntrospectionResults.java:297) Found bean property &apos;alwaysUseFullPath&apos; of type [boolean]
[ main:9720 ] org.springframework.beans.CachedIntrospectionResults.&lt;init&gt;(CachedIntrospectionResults.java:297) Found bean property &apos;applicationContext&apos; of type [org.springframework.context.ApplicationContext]
[ main:9720 ] org.springframework.beans.CachedIntrospectionResults.&lt;init&gt;(CachedIntrospectionResults.java:297) Found bean property &apos;class&apos; of type [java.lang.Class]
[ main:9720 ] org.springframework.beans.CachedIntrospectionResults.&lt;init&gt;(CachedIntrospectionResults.java:297) Found bean property &apos;corsConfigurations&apos; of type [java.util.Map]
[ main:9722 ] org.springframework.beans.CachedIntrospectionResults.&lt;init&gt;(CachedIntrospectionResults.java:297) Found bean property &apos;corsProcessor&apos; of type [org.springframework.web.cors.CorsProcessor]
[ main:9723 ] org.springframework.beans.CachedIntrospectionResults.&lt;init&gt;(CachedIntrospectionResults.java:297) Found bean property &apos;defaultHandler&apos; of type [java.lang.Object]
[ main:9723 ] org.springframework.beans.CachedIntrospectionResults.&lt;init&gt;(CachedIntrospectionResults.java:297) Found bean property &apos;handlerMap&apos; of type [java.util.Map]
[ main:9723 ] org.springframework.beans.CachedIntrospectionResults.&lt;init&gt;(CachedIntrospectionResults.java:297) Found bean property &apos;interceptors&apos; of type [[Ljava.lang.Object;]
[ main:9723 ] org.springframework.beans.CachedIntrospectionResults.&lt;init&gt;(CachedIntrospectionResults.java:297) Found bean property &apos;lazyInitHandlers&apos; of type [boolean]
[ main:9723 ] org.springframework.beans.CachedIntrospectionResults.&lt;init&gt;(CachedIntrospectionResults.java:297) Found bean property &apos;mappings&apos; of type [java.util.Properties]
[ main:9723 ] org.springframework.beans.CachedIntrospectionResults.&lt;init&gt;(CachedIntrospectionResults.java:297) Found bean property &apos;order&apos; of type [int]
[ main:9724 ] org.springframework.beans.CachedIntrospectionResults.&lt;init&gt;(CachedIntrospectionResults.java:297) Found bean property &apos;pathMatcher&apos; of type [org.springframework.util.PathMatcher]
[ main:9724 ] org.springframework.beans.CachedIntrospectionResults.&lt;init&gt;(CachedIntrospectionResults.java:297) Found bean property &apos;removeSemicolonContent&apos; of type [boolean]
[ main:9724 ] org.springframework.beans.CachedIntrospectionResults.&lt;init&gt;(CachedIntrospectionResults.java:297) Found bean property &apos;rootHandler&apos; of type [java.lang.Object]
[ main:9724 ] org.springframework.beans.CachedIntrospectionResults.&lt;init&gt;(CachedIntrospectionResults.java:297) Found bean property &apos;servletContext&apos; of type [javax.servlet.ServletContext]
[ main:9724 ] org.springframework.beans.CachedIntrospectionResults.&lt;init&gt;(CachedIntrospectionResults.java:297) Found bean property &apos;urlDecode&apos; of type [boolean]
[ main:9724 ] org.springframework.beans.CachedIntrospectionResults.&lt;init&gt;(CachedIntrospectionResults.java:297) Found bean property &apos;urlMap&apos; of type [java.util.Map]
[ main:9725 ] org.springframework.beans.CachedIntrospectionResults.&lt;init&gt;(CachedIntrospectionResults.java:297) Found bean property &apos;urlPathHelper&apos; of type [org.springframework.web.util.UrlPathHelper]
[ main:9725 ] org.springframework.beans.CachedIntrospectionResults.&lt;init&gt;(CachedIntrospectionResults.java:297) Found bean property &apos;useTrailingSlashMatch&apos; of type [boolean]
[ main:9727 ] org.springframework.beans.factory.support.AbstractBeanFactory.doGetBean(AbstractBeanFactory.java:251) Returning cached instance of singleton bean &apos;mvcPathMatcher&apos;
[ main:9728 ] org.springframework.beans.factory.support.AbstractBeanFactory.doGetBean(AbstractBeanFactory.java:251) Returning cached instance of singleton bean &apos;mvcUrlPathHelper&apos;
[ main:9728 ] org.springframework.beans.factory.support.AbstractBeanFactory.doGetBean(AbstractBeanFactory.java:251) Returning cached instance of singleton bean &apos;mvcCorsConfigurations&apos;
[ main:9728 ] org.springframework.beans.factory.support.AbstractBeanFactory.doGetBean(AbstractBeanFactory.java:251) Returning cached instance of singleton bean &apos;org.springframework.web.servlet.handler.MappedInterceptor#0&apos;
[ main:9729 ] org.springframework.beans.factory.support.AbstractBeanFactory.doGetBean(AbstractBeanFactory.java:251) Returning cached instance of singleton bean &apos;org.springframework.web.servlet.handler.MappedInterceptor#1&apos;
[ main:9729 ] org.springframework.beans.factory.support.AbstractBeanFactory.doGetBean(AbstractBeanFactory.java:251) Returning cached instance of singleton bean &apos;org.springframework.web.servlet.resource.ResourceHttpRequestHandler#0&apos;
[ main:9729 ] org.springframework.web.servlet.handler.AbstractUrlHandlerMapping.registerHandler(AbstractUrlHandlerMapping.java:354) Mapped URL path [/js/**] onto handler &apos;org.springframework.web.servlet.resource.ResourceHttpRequestHandler#0&apos;
[ main:9729 ] org.springframework.beans.factory.support.AbstractBeanFactory.doGetBean(AbstractBeanFactory.java:251) Returning cached instance of singleton bean &apos;org.springframework.transaction.config.internalTransactionAdvisor&apos;
[ main:9730 ] org.springframework.beans.factory.support.AbstractAutowireCapableBeanFactory.createBean(AbstractAutowireCapableBeanFactory.java:484) Finished creating instance of bean &apos;org.springframework.web.servlet.handler.SimpleUrlHandlerMapping#0&apos;
[ main:9730 ] org.springframework.beans.factory.support.DefaultSingletonBeanRegistry.getSingleton(DefaultSingletonBeanRegistry.java:221) Creating shared instance of singleton bean &apos;org.springframework.web.servlet.resource.ResourceHttpRequestHandler#1&apos;
[ main:9730 ] org.springframework.beans.factory.support.AbstractAutowireCapableBeanFactory.createBean(AbstractAutowireCapableBeanFactory.java:448) Creating instance of bean &apos;org.springframework.web.servlet.resource.ResourceHttpRequestHandler#1&apos;
[ main:9734 ] org.springframework.beans.factory.support.AbstractAutowireCapableBeanFactory.doCreateBean(AbstractAutowireCapableBeanFactory.java:529) Eagerly caching bean &apos;org.springframework.web.servlet.resource.ResourceHttpRequestHandler#1&apos; to allow for resolving potential circular references
[ main:9734 ] org.springframework.beans.TypeConverterDelegate.doConvertValue(TypeConverterDelegate.java:438) Converting String to [interface org.springframework.core.io.Resource] using property editor [org.springframework.core.io.ResourceEditor@11a82d0f]
[ main:9735 ] org.springframework.beans.factory.support.AbstractBeanFactory.doGetBean(AbstractBeanFactory.java:251) Returning cached instance of singleton bean &apos;mvcContentNegotiationManager&apos;
[ main:9735 ] org.springframework.beans.factory.support.AbstractAutowireCapableBeanFactory.invokeInitMethods(AbstractAutowireCapableBeanFactory.java:1620) Invoking afterPropertiesSet() on bean with name &apos;org.springframework.web.servlet.resource.ResourceHttpRequestHandler#1&apos;
[ main:9735 ] org.springframework.beans.factory.support.AbstractBeanFactory.doGetBean(AbstractBeanFactory.java:251) Returning cached instance of singleton bean &apos;org.springframework.transaction.config.internalTransactionAdvisor&apos;
[ main:9736 ] org.springframework.beans.factory.support.AbstractAutowireCapableBeanFactory.createBean(AbstractAutowireCapableBeanFactory.java:484) Finished creating instance of bean &apos;org.springframework.web.servlet.resource.ResourceHttpRequestHandler#1&apos;
[ main:9736 ] org.springframework.beans.factory.support.DefaultSingletonBeanRegistry.getSingleton(DefaultSingletonBeanRegistry.java:221) Creating shared instance of singleton bean &apos;org.springframework.web.servlet.handler.SimpleUrlHandlerMapping#1&apos;
[ main:9736 ] org.springframework.beans.factory.support.AbstractAutowireCapableBeanFactory.createBean(AbstractAutowireCapableBeanFactory.java:448) Creating instance of bean &apos;org.springframework.web.servlet.handler.SimpleUrlHandlerMapping#1&apos;
[ main:9736 ] org.springframework.beans.factory.support.AbstractAutowireCapableBeanFactory.doCreateBean(AbstractAutowireCapableBeanFactory.java:529) Eagerly caching bean &apos;org.springframework.web.servlet.handler.SimpleUrlHandlerMapping#1&apos; to allow for resolving potential circular references
[ main:9737 ] org.springframework.beans.factory.support.AbstractBeanFactory.doGetBean(AbstractBeanFactory.java:251) Returning cached instance of singleton bean &apos;mvcPathMatcher&apos;
[ main:9737 ] org.springframework.beans.factory.support.AbstractBeanFactory.doGetBean(AbstractBeanFactory.java:251) Returning cached instance of singleton bean &apos;mvcUrlPathHelper&apos;
[ main:9737 ] org.springframework.beans.factory.support.AbstractBeanFactory.doGetBean(AbstractBeanFactory.java:251) Returning cached instance of singleton bean &apos;mvcCorsConfigurations&apos;
[ main:9738 ] org.springframework.beans.factory.support.AbstractBeanFactory.doGetBean(AbstractBeanFactory.java:251) Returning cached instance of singleton bean &apos;org.springframework.web.servlet.handler.MappedInterceptor#0&apos;
[ main:9738 ] org.springframework.beans.factory.support.AbstractBeanFactory.doGetBean(AbstractBeanFactory.java:251) Returning cached instance of singleton bean &apos;org.springframework.web.servlet.handler.MappedInterceptor#1&apos;
[ main:9738 ] org.springframework.beans.factory.support.AbstractBeanFactory.doGetBean(AbstractBeanFactory.java:251) Returning cached instance of singleton bean &apos;org.springframework.web.servlet.resource.ResourceHttpRequestHandler#1&apos;
[ main:9738 ] org.springframework.web.servlet.handler.AbstractUrlHandlerMapping.registerHandler(AbstractUrlHandlerMapping.java:354) Mapped URL path [/css/**] onto handler &apos;org.springframework.web.servlet.resource.ResourceHttpRequestHandler#1&apos;
[ main:9738 ] org.springframework.beans.factory.support.AbstractBeanFactory.doGetBean(AbstractBeanFactory.java:251) Returning cached instance of singleton bean &apos;org.springframework.transaction.config.internalTransactionAdvisor&apos;
[ main:9739 ] org.springframework.beans.factory.support.AbstractAutowireCapableBeanFactory.createBean(AbstractAutowireCapableBeanFactory.java:484) Finished creating instance of bean &apos;org.springframework.web.servlet.handler.SimpleUrlHandlerMapping#1&apos;
[ main:9739 ] org.springframework.beans.factory.support.DefaultSingletonBeanRegistry.getSingleton(DefaultSingletonBeanRegistry.java:221) Creating shared instance of singleton bean &apos;org.springframework.web.servlet.resource.ResourceHttpRequestHandler#2&apos;
[ main:9739 ] org.springframework.beans.factory.support.AbstractAutowireCapableBeanFactory.createBean(AbstractAutowireCapableBeanFactory.java:448) Creating instance of bean &apos;org.springframework.web.servlet.resource.ResourceHttpRequestHandler#2&apos;
[ main:9740 ] org.springframework.beans.factory.support.AbstractAutowireCapableBeanFactory.doCreateBean(AbstractAutowireCapableBeanFactory.java:529) Eagerly caching bean &apos;org.springframework.web.servlet.resource.ResourceHttpRequestHandler#2&apos; to allow for resolving potential circular references
[ main:9740 ] org.springframework.beans.TypeConverterDelegate.doConvertValue(TypeConverterDelegate.java:438) Converting String to [interface org.springframework.core.io.Resource] using property editor [org.springframework.core.io.ResourceEditor@1adb7478]
[ main:9740 ] org.springframework.beans.factory.support.AbstractBeanFactory.doGetBean(AbstractBeanFactory.java:251) Returning cached instance of singleton bean &apos;mvcContentNegotiationManager&apos;
[ main:9741 ] org.springframework.beans.factory.support.AbstractAutowireCapableBeanFactory.invokeInitMethods(AbstractAutowireCapableBeanFactory.java:1620) Invoking afterPropertiesSet() on bean with name &apos;org.springframework.web.servlet.resource.ResourceHttpRequestHandler#2&apos;
[ main:9741 ] org.springframework.beans.factory.support.AbstractBeanFactory.doGetBean(AbstractBeanFactory.java:251) Returning cached instance of singleton bean &apos;org.springframework.transaction.config.internalTransactionAdvisor&apos;
[ main:9741 ] org.springframework.beans.factory.support.AbstractAutowireCapableBeanFactory.createBean(AbstractAutowireCapableBeanFactory.java:484) Finished creating instance of bean &apos;org.springframework.web.servlet.resource.ResourceHttpRequestHandler#2&apos;
[ main:9741 ] org.springframework.beans.factory.support.DefaultSingletonBeanRegistry.getSingleton(DefaultSingletonBeanRegistry.java:221) Creating shared instance of singleton bean &apos;org.springframework.web.servlet.handler.SimpleUrlHandlerMapping#2&apos;
[ main:9741 ] org.springframework.beans.factory.support.AbstractAutowireCapableBeanFactory.createBean(AbstractAutowireCapableBeanFactory.java:448) Creating instance of bean &apos;org.springframework.web.servlet.handler.SimpleUrlHandlerMapping#2&apos;
[ main:9741 ] org.springframework.beans.factory.support.AbstractAutowireCapableBeanFactory.doCreateBean(AbstractAutowireCapableBeanFactory.java:529) Eagerly caching bean &apos;org.springframework.web.servlet.handler.SimpleUrlHandlerMapping#2&apos; to allow for resolving potential circular references
[ main:9742 ] org.springframework.beans.factory.support.AbstractBeanFactory.doGetBean(AbstractBeanFactory.java:251) Returning cached instance of singleton bean &apos;mvcPathMatcher&apos;
[ main:9742 ] org.springframework.beans.factory.support.AbstractBeanFactory.doGetBean(AbstractBeanFactory.java:251) Returning cached instance of singleton bean &apos;mvcUrlPathHelper&apos;
[ main:9742 ] org.springframework.beans.factory.support.AbstractBeanFactory.doGetBean(AbstractBeanFactory.java:251) Returning cached instance of singleton bean &apos;mvcCorsConfigurations&apos;
[ main:9742 ] org.springframework.beans.factory.support.AbstractBeanFactory.doGetBean(AbstractBeanFactory.java:251) Returning cached instance of singleton bean &apos;org.springframework.web.servlet.handler.MappedInterceptor#0&apos;
[ main:9742 ] org.springframework.beans.factory.support.AbstractBeanFactory.doGetBean(AbstractBeanFactory.java:251) Returning cached instance of singleton bean &apos;org.springframework.web.servlet.handler.MappedInterceptor#1&apos;
[ main:9742 ] org.springframework.beans.factory.support.AbstractBeanFactory.doGetBean(AbstractBeanFactory.java:251) Returning cached instance of singleton bean &apos;org.springframework.web.servlet.resource.ResourceHttpRequestHandler#2&apos;
[ main:9743 ] org.springframework.web.servlet.handler.AbstractUrlHandlerMapping.registerHandler(AbstractUrlHandlerMapping.java:354) Mapped URL path [/images/**] onto handler &apos;org.springframework.web.servlet.resource.ResourceHttpRequestHandler#2&apos;
[ main:9743 ] org.springframework.beans.factory.support.AbstractBeanFactory.doGetBean(AbstractBeanFactory.java:251) Returning cached instance of singleton bean &apos;org.springframework.transaction.config.internalTransactionAdvisor&apos;
[ main:9743 ] org.springframework.beans.factory.support.AbstractAutowireCapableBeanFactory.createBean(AbstractAutowireCapableBeanFactory.java:484) Finished creating instance of bean &apos;org.springframework.web.servlet.handler.SimpleUrlHandlerMapping#2&apos;
[ main:9743 ] org.springframework.beans.factory.support.DefaultSingletonBeanRegistry.getSingleton(DefaultSingletonBeanRegistry.java:221) Creating shared instance of singleton bean &apos;org.springframework.web.servlet.resource.DefaultServletHttpRequestHandler#0&apos;
[ main:9743 ] org.springframework.beans.factory.support.AbstractAutowireCapableBeanFactory.createBean(AbstractAutowireCapableBeanFactory.java:448) Creating instance of bean &apos;org.springframework.web.servlet.resource.DefaultServletHttpRequestHandler#0&apos;
[ main:9743 ] org.springframework.beans.factory.support.AbstractAutowireCapableBeanFactory.doCreateBean(AbstractAutowireCapableBeanFactory.java:529) Eagerly caching bean &apos;org.springframework.web.servlet.resource.DefaultServletHttpRequestHandler#0&apos; to allow for resolving potential circular references
[ main:9743 ] org.springframework.beans.CachedIntrospectionResults.&lt;init&gt;(CachedIntrospectionResults.java:265) Getting BeanInfo for class [org.springframework.web.servlet.resource.DefaultServletHttpRequestHandler]
[ main:9743 ] org.springframework.beans.CachedIntrospectionResults.&lt;init&gt;(CachedIntrospectionResults.java:284) Caching PropertyDescriptors for class [org.springframework.web.servlet.resource.DefaultServletHttpRequestHandler]
[ main:9743 ] org.springframework.beans.CachedIntrospectionResults.&lt;init&gt;(CachedIntrospectionResults.java:297) Found bean property &apos;class&apos; of type [java.lang.Class]
[ main:9744 ] org.springframework.beans.CachedIntrospectionResults.&lt;init&gt;(CachedIntrospectionResults.java:297) Found bean property &apos;defaultServletName&apos; of type [java.lang.String]
[ main:9744 ] org.springframework.beans.CachedIntrospectionResults.&lt;init&gt;(CachedIntrospectionResults.java:297) Found bean property &apos;servletContext&apos; of type [javax.servlet.ServletContext]
[ main:9744 ] org.springframework.beans.factory.support.AbstractBeanFactory.doGetBean(AbstractBeanFactory.java:251) Returning cached instance of singleton bean &apos;org.springframework.transaction.config.internalTransactionAdvisor&apos;
[ main:9745 ] org.springframework.beans.factory.support.AbstractAutowireCapableBeanFactory.createBean(AbstractAutowireCapableBeanFactory.java:484) Finished creating instance of bean &apos;org.springframework.web.servlet.resource.DefaultServletHttpRequestHandler#0&apos;
[ main:9745 ] org.springframework.beans.factory.support.DefaultSingletonBeanRegistry.getSingleton(DefaultSingletonBeanRegistry.java:221) Creating shared instance of singleton bean &apos;org.springframework.web.servlet.handler.SimpleUrlHandlerMapping#3&apos;
[ main:9745 ] org.springframework.beans.factory.support.AbstractAutowireCapableBeanFactory.createBean(AbstractAutowireCapableBeanFactory.java:448) Creating instance of bean &apos;org.springframework.web.servlet.handler.SimpleUrlHandlerMapping#3&apos;
[ main:9745 ] org.springframework.beans.factory.support.AbstractAutowireCapableBeanFactory.doCreateBean(AbstractAutowireCapableBeanFactory.java:529) Eagerly caching bean &apos;org.springframework.web.servlet.handler.SimpleUrlHandlerMapping#3&apos; to allow for resolving potential circular references
[ main:9745 ] org.springframework.beans.factory.support.AbstractBeanFactory.doGetBean(AbstractBeanFactory.java:251) Returning cached instance of singleton bean &apos;org.springframework.web.servlet.handler.MappedInterceptor#0&apos;
[ main:9746 ] org.springframework.beans.factory.support.AbstractBeanFactory.doGetBean(AbstractBeanFactory.java:251) Returning cached instance of singleton bean &apos;org.springframework.web.servlet.handler.MappedInterceptor#1&apos;
[ main:9746 ] org.springframework.beans.factory.support.AbstractBeanFactory.doGetBean(AbstractBeanFactory.java:251) Returning cached instance of singleton bean &apos;org.springframework.web.servlet.resource.DefaultServletHttpRequestHandler#0&apos;
[ main:9746 ] org.springframework.web.servlet.handler.AbstractUrlHandlerMapping.registerHandler(AbstractUrlHandlerMapping.java:354) Mapped URL path [/**] onto handler &apos;org.springframework.web.servlet.resource.DefaultServletHttpRequestHandler#0&apos;
[ main:9746 ] org.springframework.beans.factory.support.AbstractBeanFactory.doGetBean(AbstractBeanFactory.java:251) Returning cached instance of singleton bean &apos;org.springframework.transaction.config.internalTransactionAdvisor&apos;
[ main:9746 ] org.springframework.beans.factory.support.AbstractAutowireCapableBeanFactory.createBean(AbstractAutowireCapableBeanFactory.java:484) Finished creating instance of bean &apos;org.springframework.web.servlet.handler.SimpleUrlHandlerMapping#3&apos;
[ main:9746 ] org.springframework.beans.factory.support.DefaultSingletonBeanRegistry.getSingleton(DefaultSingletonBeanRegistry.java:221) Creating shared instance of singleton bean &apos;org.springframework.web.servlet.view.InternalResourceViewResolver#0&apos;
[ main:9746 ] org.springframework.beans.factory.support.AbstractAutowireCapableBeanFactory.createBean(AbstractAutowireCapableBeanFactory.java:448) Creating instance of bean &apos;org.springframework.web.servlet.view.InternalResourceViewResolver#0&apos;
[ main:9747 ] org.springframework.beans.factory.support.AbstractAutowireCapableBeanFactory.doCreateBean(AbstractAutowireCapableBeanFactory.java:529) Eagerly caching bean &apos;org.springframework.web.servlet.view.InternalResourceViewResolver#0&apos; to allow for resolving potential circular references
[ main:9747 ] org.springframework.beans.CachedIntrospectionResults.&lt;init&gt;(CachedIntrospectionResults.java:265) Getting BeanInfo for class [org.springframework.web.servlet.view.InternalResourceViewResolver]
[ main:9747 ] org.springframework.beans.CachedIntrospectionResults.&lt;init&gt;(CachedIntrospectionResults.java:284) Caching PropertyDescriptors for class [org.springframework.web.servlet.view.InternalResourceViewResolver]
[ main:9747 ] org.springframework.beans.CachedIntrospectionResults.&lt;init&gt;(CachedIntrospectionResults.java:297) Found bean property &apos;alwaysInclude&apos; of type [boolean]
[ main:9747 ] org.springframework.beans.CachedIntrospectionResults.&lt;init&gt;(CachedIntrospectionResults.java:297) Found bean property &apos;applicationContext&apos; of type [org.springframework.context.ApplicationContext]
[ main:9748 ] org.springframework.beans.CachedIntrospectionResults.&lt;init&gt;(CachedIntrospectionResults.java:297) Found bean property &apos;attributes&apos; of type [java.util.Properties]
[ main:9748 ] org.springframework.beans.CachedIntrospectionResults.&lt;init&gt;(CachedIntrospectionResults.java:297) Found bean property &apos;attributesMap&apos; of type [java.util.Map]
[ main:9748 ] org.springframework.beans.CachedIntrospectionResults.&lt;init&gt;(CachedIntrospectionResults.java:297) Found bean property &apos;cache&apos; of type [boolean]
[ main:9748 ] org.springframework.beans.CachedIntrospectionResults.&lt;init&gt;(CachedIntrospectionResults.java:297) Found bean property &apos;cacheLimit&apos; of type [int]
[ main:9748 ] org.springframework.beans.CachedIntrospectionResults.&lt;init&gt;(CachedIntrospectionResults.java:297) Found bean property &apos;cacheUnresolved&apos; of type [boolean]
[ main:9748 ] org.springframework.beans.CachedIntrospectionResults.&lt;init&gt;(CachedIntrospectionResults.java:297) Found bean property &apos;class&apos; of type [java.lang.Class]
[ main:9748 ] org.springframework.beans.CachedIntrospectionResults.&lt;init&gt;(CachedIntrospectionResults.java:297) Found bean property &apos;contentType&apos; of type [java.lang.String]
[ main:9748 ] org.springframework.beans.CachedIntrospectionResults.&lt;init&gt;(CachedIntrospectionResults.java:297) Found bean property &apos;exposeContextBeansAsAttributes&apos; of type [boolean]
[ main:9748 ] org.springframework.beans.CachedIntrospectionResults.&lt;init&gt;(CachedIntrospectionResults.java:297) Found bean property &apos;exposePathVariables&apos; of type [java.lang.Boolean]
[ main:9748 ] org.springframework.beans.CachedIntrospectionResults.&lt;init&gt;(CachedIntrospectionResults.java:297) Found bean property &apos;exposedContextBeanNames&apos; of type [[Ljava.lang.String;]
[ main:9749 ] org.springframework.beans.CachedIntrospectionResults.&lt;init&gt;(CachedIntrospectionResults.java:297) Found bean property &apos;order&apos; of type [int]
[ main:9749 ] org.springframework.beans.CachedIntrospectionResults.&lt;init&gt;(CachedIntrospectionResults.java:297) Found bean property &apos;prefix&apos; of type [java.lang.String]
[ main:9749 ] org.springframework.beans.CachedIntrospectionResults.&lt;init&gt;(CachedIntrospectionResults.java:297) Found bean property &apos;redirectContextRelative&apos; of type [boolean]
[ main:9749 ] org.springframework.beans.CachedIntrospectionResults.&lt;init&gt;(CachedIntrospectionResults.java:297) Found bean property &apos;redirectHosts&apos; of type [[Ljava.lang.String;]
[ main:9749 ] org.springframework.beans.CachedIntrospectionResults.&lt;init&gt;(CachedIntrospectionResults.java:297) Found bean property &apos;redirectHttp10Compatible&apos; of type [boolean]
[ main:9749 ] org.springframework.beans.CachedIntrospectionResults.&lt;init&gt;(CachedIntrospectionResults.java:297) Found bean property &apos;requestContextAttribute&apos; of type [java.lang.String]
[ main:9749 ] org.springframework.beans.CachedIntrospectionResults.&lt;init&gt;(CachedIntrospectionResults.java:297) Found bean property &apos;servletContext&apos; of type [javax.servlet.ServletContext]
[ main:9749 ] org.springframework.beans.CachedIntrospectionResults.&lt;init&gt;(CachedIntrospectionResults.java:297) Found bean property &apos;suffix&apos; of type [java.lang.String]
[ main:9749 ] org.springframework.beans.CachedIntrospectionResults.&lt;init&gt;(CachedIntrospectionResults.java:297) Found bean property &apos;viewClass&apos; of type [java.lang.Class]
[ main:9749 ] org.springframework.beans.CachedIntrospectionResults.&lt;init&gt;(CachedIntrospectionResults.java:297) Found bean property &apos;viewNames&apos; of type [[Ljava.lang.String;]
[ main:9751 ] org.springframework.beans.TypeConverterDelegate.doConvertValue(TypeConverterDelegate.java:438) Converting String to [class java.lang.Class] using property editor [org.springframework.beans.propertyeditors.ClassEditor@3ae66c85]
[ main:9751 ] org.springframework.beans.factory.support.AbstractBeanFactory.doGetBean(AbstractBeanFactory.java:251) Returning cached instance of singleton bean &apos;org.springframework.transaction.config.internalTransactionAdvisor&apos;
[ main:9751 ] org.springframework.beans.factory.support.AbstractAutowireCapableBeanFactory.createBean(AbstractAutowireCapableBeanFactory.java:484) Finished creating instance of bean &apos;org.springframework.web.servlet.view.InternalResourceViewResolver#0&apos;
[ main:9751 ] org.springframework.beans.factory.support.AbstractBeanFactory.doGetBean(AbstractBeanFactory.java:251) Returning cached instance of singleton bean &apos;ds&apos;
[ main:9751 ] org.springframework.beans.factory.support.DefaultSingletonBeanRegistry.getSingleton(DefaultSingletonBeanRegistry.java:221) Creating shared instance of singleton bean &apos;txManager&apos;
[ main:9751 ] org.springframework.beans.factory.support.AbstractAutowireCapableBeanFactory.createBean(AbstractAutowireCapableBeanFactory.java:448) Creating instance of bean &apos;txManager&apos;
[ main:9752 ] org.springframework.beans.factory.support.AbstractAutowireCapableBeanFactory.doCreateBean(AbstractAutowireCapableBeanFactory.java:529) Eagerly caching bean &apos;txManager&apos; to allow for resolving potential circular references
[ main:9752 ] org.springframework.beans.CachedIntrospectionResults.&lt;init&gt;(CachedIntrospectionResults.java:265) Getting BeanInfo for class [org.springframework.jdbc.datasource.DataSourceTransactionManager]
[ main:9752 ] org.springframework.beans.CachedIntrospectionResults.&lt;init&gt;(CachedIntrospectionResults.java:284) Caching PropertyDescriptors for class [org.springframework.jdbc.datasource.DataSourceTransactionManager]
[ main:9752 ] org.springframework.beans.CachedIntrospectionResults.&lt;init&gt;(CachedIntrospectionResults.java:297) Found bean property &apos;class&apos; of type [java.lang.Class]
[ main:9752 ] org.springframework.beans.CachedIntrospectionResults.&lt;init&gt;(CachedIntrospectionResults.java:297) Found bean property &apos;dataSource&apos; of type [javax.sql.DataSource]
[ main:9753 ] org.springframework.beans.CachedIntrospectionResults.&lt;init&gt;(CachedIntrospectionResults.java:297) Found bean property &apos;defaultTimeout&apos; of type [int]
[ main:9753 ] org.springframework.beans.CachedIntrospectionResults.&lt;init&gt;(CachedIntrospectionResults.java:297) Found bean property &apos;failEarlyOnGlobalRollbackOnly&apos; of type [boolean]
[ main:9753 ] org.springframework.beans.CachedIntrospectionResults.&lt;init&gt;(CachedIntrospectionResults.java:297) Found bean property &apos;globalRollbackOnParticipationFailure&apos; of type [boolean]
[ main:9753 ] org.springframework.beans.CachedIntrospectionResults.&lt;init&gt;(CachedIntrospectionResults.java:297) Found bean property &apos;nestedTransactionAllowed&apos; of type [boolean]
[ main:9753 ] org.springframework.beans.CachedIntrospectionResults.&lt;init&gt;(CachedIntrospectionResults.java:297) Found bean property &apos;resourceFactory&apos; of type [java.lang.Object]
[ main:9753 ] org.springframework.beans.CachedIntrospectionResults.&lt;init&gt;(CachedIntrospectionResults.java:297) Found bean property &apos;rollbackOnCommitFailure&apos; of type [boolean]
[ main:9753 ] org.springframework.beans.CachedIntrospectionResults.&lt;init&gt;(CachedIntrospectionResults.java:297) Found bean property &apos;transactionSynchronization&apos; of type [int]
[ main:9753 ] org.springframework.beans.CachedIntrospectionResults.&lt;init&gt;(CachedIntrospectionResults.java:297) Found bean property &apos;transactionSynchronizationName&apos; of type [java.lang.String]
[ main:9753 ] org.springframework.beans.CachedIntrospectionResults.&lt;init&gt;(CachedIntrospectionResults.java:297) Found bean property &apos;validateExistingTransaction&apos; of type [boolean]
[ main:9755 ] org.springframework.beans.factory.support.AbstractBeanFactory.doGetBean(AbstractBeanFactory.java:251) Returning cached instance of singleton bean &apos;ds&apos;
[ main:9755 ] org.springframework.beans.factory.support.AbstractAutowireCapableBeanFactory.invokeInitMethods(AbstractAutowireCapableBeanFactory.java:1620) Invoking afterPropertiesSet() on bean with name &apos;txManager&apos;
[ main:9755 ] org.springframework.beans.factory.support.AbstractBeanFactory.doGetBean(AbstractBeanFactory.java:251) Returning cached instance of singleton bean &apos;org.springframework.transaction.config.internalTransactionAdvisor&apos;
[ main:9755 ] org.springframework.beans.factory.support.AbstractAutowireCapableBeanFactory.createBean(AbstractAutowireCapableBeanFactory.java:484) Finished creating instance of bean &apos;txManager&apos;
[ main:9755 ] org.springframework.beans.factory.support.DefaultSingletonBeanRegistry.getSingleton(DefaultSingletonBeanRegistry.java:221) Creating shared instance of singleton bean &apos;org.springframework.transaction.config.internalTransactionalEventListenerFactory&apos;
[ main:9755 ] org.springframework.beans.factory.support.AbstractAutowireCapableBeanFactory.createBean(AbstractAutowireCapableBeanFactory.java:448) Creating instance of bean &apos;org.springframework.transaction.config.internalTransactionalEventListenerFactory&apos;
[ main:9756 ] org.springframework.beans.factory.support.AbstractAutowireCapableBeanFactory.doCreateBean(AbstractAutowireCapableBeanFactory.java:529) Eagerly caching bean &apos;org.springframework.transaction.config.internalTransactionalEventListenerFactory&apos; to allow for resolving potential circular references
[ main:9756 ] org.springframework.beans.CachedIntrospectionResults.&lt;init&gt;(CachedIntrospectionResults.java:265) Getting BeanInfo for class [org.springframework.transaction.event.TransactionalEventListenerFactory]
[ main:9756 ] org.springframework.beans.CachedIntrospectionResults.&lt;init&gt;(CachedIntrospectionResults.java:284) Caching PropertyDescriptors for class [org.springframework.transaction.event.TransactionalEventListenerFactory]
[ main:9756 ] org.springframework.beans.CachedIntrospectionResults.&lt;init&gt;(CachedIntrospectionResults.java:297) Found bean property &apos;class&apos; of type [java.lang.Class]
[ main:9756 ] org.springframework.beans.CachedIntrospectionResults.&lt;init&gt;(CachedIntrospectionResults.java:297) Found bean property &apos;order&apos; of type [int]
[ main:9758 ] org.springframework.beans.factory.support.AbstractBeanFactory.doGetBean(AbstractBeanFactory.java:251) Returning cached instance of singleton bean &apos;org.springframework.transaction.config.internalTransactionAdvisor&apos;
[ main:9758 ] org.springframework.beans.factory.support.AbstractAutowireCapableBeanFactory.createBean(AbstractAutowireCapableBeanFactory.java:484) Finished creating instance of bean &apos;org.springframework.transaction.config.internalTransactionalEventListenerFactory&apos;
[ main:9758 ] org.springframework.beans.factory.support.AbstractBeanFactory.doGetBean(AbstractBeanFactory.java:251) Returning cached instance of singleton bean &apos;org.springframework.aop.config.internalAutoProxyCreator&apos;
[ main:9758 ] org.springframework.beans.factory.support.AbstractBeanFactory.doGetBean(AbstractBeanFactory.java:251) Returning cached instance of singleton bean &apos;org.springframework.transaction.annotation.AnnotationTransactionAttributeSource#0&apos;
[ main:9758 ] org.springframework.beans.factory.support.DefaultSingletonBeanRegistry.getSingleton(DefaultSingletonBeanRegistry.java:221) Creating shared instance of singleton bean &apos;org.springframework.transaction.interceptor.TransactionInterceptor#0&apos;
[ main:9758 ] org.springframework.beans.factory.support.AbstractAutowireCapableBeanFactory.createBean(AbstractAutowireCapableBeanFactory.java:448) Creating instance of bean &apos;org.springframework.transaction.interceptor.TransactionInterceptor#0&apos;
[ main:9759 ] org.springframework.aop.framework.autoproxy.AbstractAutoProxyCreator.isInfrastructureClass(AbstractAutoProxyCreator.java:378) Did not attempt to auto-proxy infrastructure class [org.springframework.transaction.interceptor.TransactionInterceptor]
[ main:9759 ] org.springframework.beans.factory.support.AbstractAutowireCapableBeanFactory.doCreateBean(AbstractAutowireCapableBeanFactory.java:529) Eagerly caching bean &apos;org.springframework.transaction.interceptor.TransactionInterceptor#0&apos; to allow for resolving potential circular references
[ main:9759 ] org.springframework.beans.CachedIntrospectionResults.&lt;init&gt;(CachedIntrospectionResults.java:265) Getting BeanInfo for class [org.springframework.transaction.interceptor.TransactionInterceptor]
[ main:9759 ] org.springframework.beans.CachedIntrospectionResults.&lt;init&gt;(CachedIntrospectionResults.java:284) Caching PropertyDescriptors for class [org.springframework.transaction.interceptor.TransactionInterceptor]
[ main:9759 ] org.springframework.beans.CachedIntrospectionResults.&lt;init&gt;(CachedIntrospectionResults.java:297) Found bean property &apos;beanFactory&apos; of type [org.springframework.beans.factory.BeanFactory]
[ main:9759 ] org.springframework.beans.CachedIntrospectionResults.&lt;init&gt;(CachedIntrospectionResults.java:297) Found bean property &apos;class&apos; of type [java.lang.Class]
[ main:9760 ] org.springframework.beans.CachedIntrospectionResults.&lt;init&gt;(CachedIntrospectionResults.java:297) Found bean property &apos;transactionAttributeSource&apos; of type [org.springframework.transaction.interceptor.TransactionAttributeSource]
[ main:9760 ] org.springframework.beans.CachedIntrospectionResults.&lt;init&gt;(CachedIntrospectionResults.java:297) Found bean property &apos;transactionAttributeSources&apos; of type [[Lorg.springframework.transaction.interceptor.TransactionAttributeSource;]
[ main:9760 ] org.springframework.beans.CachedIntrospectionResults.&lt;init&gt;(CachedIntrospectionResults.java:297) Found bean property &apos;transactionAttributes&apos; of type [java.util.Properties]
[ main:9760 ] org.springframework.beans.CachedIntrospectionResults.&lt;init&gt;(CachedIntrospectionResults.java:297) Found bean property &apos;transactionManager&apos; of type [org.springframework.transaction.PlatformTransactionManager]
[ main:9760 ] org.springframework.beans.CachedIntrospectionResults.&lt;init&gt;(CachedIntrospectionResults.java:297) Found bean property &apos;transactionManagerBeanName&apos; of type [java.lang.String]
[ main:9761 ] org.springframework.beans.factory.support.AbstractBeanFactory.doGetBean(AbstractBeanFactory.java:251) Returning cached instance of singleton bean &apos;org.springframework.transaction.annotation.AnnotationTransactionAttributeSource#0&apos;
[ main:9761 ] org.springframework.beans.factory.support.AbstractAutowireCapableBeanFactory.invokeInitMethods(AbstractAutowireCapableBeanFactory.java:1620) Invoking afterPropertiesSet() on bean with name &apos;org.springframework.transaction.interceptor.TransactionInterceptor#0&apos;
[ main:9762 ] org.springframework.beans.factory.support.AbstractAutowireCapableBeanFactory.createBean(AbstractAutowireCapableBeanFactory.java:484) Finished creating instance of bean &apos;org.springframework.transaction.interceptor.TransactionInterceptor#0&apos;
[ main:9762 ] org.springframework.beans.factory.support.AbstractBeanFactory.doGetBean(AbstractBeanFactory.java:251) Returning cached instance of singleton bean &apos;org.springframework.transaction.config.internalTransactionAdvisor&apos;
[ main:9762 ] org.springframework.beans.factory.support.AbstractBeanFactory.doGetBean(AbstractBeanFactory.java:251) Returning cached instance of singleton bean &apos;sqlSessionFactory&apos;
[ main:9762 ] org.springframework.beans.factory.support.AbstractBeanFactory.doGetBean(AbstractBeanFactory.java:251) Returning cached instance of singleton bean &apos;org.mybatis.spring.mapper.MapperScannerConfigurer#0&apos;
[ main:9762 ] org.springframework.beans.factory.support.AbstractBeanFactory.doGetBean(AbstractBeanFactory.java:251) Returning cached instance of singleton bean &apos;org.springframework.context.annotation.ConfigurationClassPostProcessor.importAwareProcessor&apos;
[ main:9762 ] org.springframework.beans.factory.support.AbstractBeanFactory.doGetBean(AbstractBeanFactory.java:251) Returning cached instance of singleton bean &apos;org.springframework.context.annotation.ConfigurationClassPostProcessor.enhancedConfigurationProcessor&apos;
[ main:9762 ] org.springframework.beans.factory.support.AbstractBeanFactory.doGetBean(AbstractBeanFactory.java:251) Returning cached instance of singleton bean &apos;clsMapper&apos;
[ main:9762 ] org.springframework.beans.factory.support.AbstractBeanFactory.doGetBean(AbstractBeanFactory.java:251) Returning cached instance of singleton bean &apos;clsRoomMapper&apos;
[ main:9762 ] org.springframework.beans.factory.support.AbstractBeanFactory.doGetBean(AbstractBeanFactory.java:251) Returning cached instance of singleton bean &apos;userInfoMapper&apos;
[ main:9762 ] org.springframework.beans.factory.support.DefaultSingletonBeanRegistry.getSingleton(DefaultSingletonBeanRegistry.java:221) Creating shared instance of singleton bean &apos;voteHistoryMapper&apos;
[ main:9763 ] org.springframework.beans.factory.support.AbstractAutowireCapableBeanFactory.createBean(AbstractAutowireCapableBeanFactory.java:448) Creating instance of bean &apos;voteHistoryMapper&apos;
[ main:9763 ] org.springframework.beans.factory.support.AbstractAutowireCapableBeanFactory.doCreateBean(AbstractAutowireCapableBeanFactory.java:529) Eagerly caching bean &apos;voteHistoryMapper&apos; to allow for resolving potential circular references
[ main:9763 ] org.springframework.beans.factory.support.AbstractBeanFactory.doGetBean(AbstractBeanFactory.java:251) Returning cached instance of singleton bean &apos;sqlSessionFactory&apos;
[ main:9763 ] org.springframework.beans.factory.support.AbstractAutowireCapableBeanFactory.invokeInitMethods(AbstractAutowireCapableBeanFactory.java:1620) Invoking afterPropertiesSet() on bean with name &apos;voteHistoryMapper&apos;
[ main:9769 ] org.springframework.beans.factory.support.AbstractBeanFactory.doGetBean(AbstractBeanFactory.java:251) Returning cached instance of singleton bean &apos;org.springframework.transaction.config.internalTransactionAdvisor&apos;
[ main:9770 ] org.springframework.beans.factory.support.AbstractAutowireCapableBeanFactory.createBean(AbstractAutowireCapableBeanFactory.java:484) Finished creating instance of bean &apos;voteHistoryMapper&apos;
[ main:9770 ] org.springframework.beans.factory.support.DefaultSingletonBeanRegistry.getSingleton(DefaultSingletonBeanRegistry.java:221) Creating shared instance of singleton bean &apos;answerMapper&apos;
[ main:9770 ] org.springframework.beans.factory.support.AbstractAutowireCapableBeanFactory.createBean(AbstractAutowireCapableBeanFactory.java:448) Creating instance of bean &apos;answerMapper&apos;
[ main:9770 ] org.springframework.beans.factory.support.AbstractAutowireCapableBeanFactory.doCreateBean(AbstractAutowireCapableBeanFactory.java:529) Eagerly caching bean &apos;answerMapper&apos; to allow for resolving potential circular references
[ main:9771 ] org.springframework.beans.factory.support.AbstractBeanFactory.doGetBean(AbstractBeanFactory.java:251) Returning cached instance of singleton bean &apos;sqlSessionFactory&apos;
[ main:9771 ] org.springframework.beans.factory.support.AbstractAutowireCapableBeanFactory.invokeInitMethods(AbstractAutowireCapableBeanFactory.java:1620) Invoking afterPropertiesSet() on bean with name &apos;answerMapper&apos;
[ main:9803 ] org.springframework.beans.factory.support.AbstractBeanFactory.doGetBean(AbstractBeanFactory.java:251) Returning cached instance of singleton bean &apos;org.springframework.transaction.config.internalTransactionAdvisor&apos;
[ main:9803 ] org.springframework.beans.factory.support.AbstractAutowireCapableBeanFactory.createBean(AbstractAutowireCapableBeanFactory.java:484) Finished creating instance of bean &apos;answerMapper&apos;
[ main:9803 ] org.springframework.beans.factory.support.DefaultSingletonBeanRegistry.getSingleton(DefaultSingletonBeanRegistry.java:221) Creating shared instance of singleton bean &apos;questionMapper&apos;
[ main:9804 ] org.springframework.beans.factory.support.AbstractAutowireCapableBeanFactory.createBean(AbstractAutowireCapableBeanFactory.java:448) Creating instance of bean &apos;questionMapper&apos;
[ main:9804 ] org.springframework.beans.factory.support.AbstractAutowireCapableBeanFactory.doCreateBean(AbstractAutowireCapableBeanFactory.java:529) Eagerly caching bean &apos;questionMapper&apos; to allow for resolving potential circular references
[ main:9804 ] org.springframework.beans.factory.support.AbstractBeanFactory.doGetBean(AbstractBeanFactory.java:251) Returning cached instance of singleton bean &apos;sqlSessionFactory&apos;
[ main:9804 ] org.springframework.beans.factory.support.AbstractAutowireCapableBeanFactory.invokeInitMethods(AbstractAutowireCapableBeanFactory.java:1620) Invoking afterPropertiesSet() on bean with name &apos;questionMapper&apos;
[ main:9832 ] org.springframework.beans.factory.support.AbstractBeanFactory.doGetBean(AbstractBeanFactory.java:251) Returning cached instance of singleton bean &apos;org.springframework.transaction.config.internalTransactionAdvisor&apos;
[ main:9832 ] org.springframework.beans.factory.support.AbstractAutowireCapableBeanFactory.createBean(AbstractAutowireCapableBeanFactory.java:484) Finished creating instance of bean &apos;questionMapper&apos;
[ main:9832 ] org.springframework.beans.factory.support.DefaultSingletonBeanRegistry.getSingleton(DefaultSingletonBeanRegistry.java:221) Creating shared instance of singleton bean &apos;questionTypeMapper&apos;
[ main:9832 ] org.springframework.beans.factory.support.AbstractAutowireCapableBeanFactory.createBean(AbstractAutowireCapableBeanFactory.java:448) Creating instance of bean &apos;questionTypeMapper&apos;
[ main:9832 ] org.springframework.beans.factory.support.AbstractAutowireCapableBeanFactory.doCreateBean(AbstractAutowireCapableBeanFactory.java:529) Eagerly caching bean &apos;questionTypeMapper&apos; to allow for resolving potential circular references
[ main:9833 ] org.springframework.beans.factory.support.AbstractBeanFactory.doGetBean(AbstractBeanFactory.java:251) Returning cached instance of singleton bean &apos;sqlSessionFactory&apos;
[ main:9833 ] org.springframework.beans.factory.support.AbstractAutowireCapableBeanFactory.invokeInitMethods(AbstractAutowireCapableBeanFactory.java:1620) Invoking afterPropertiesSet() on bean with name &apos;questionTypeMapper&apos;
[ main:9854 ] org.springframework.beans.factory.support.AbstractBeanFactory.doGetBean(AbstractBeanFactory.java:251) Returning cached instance of singleton bean &apos;org.springframework.transaction.config.internalTransactionAdvisor&apos;
[ main:9854 ] org.springframework.beans.factory.support.AbstractAutowireCapableBeanFactory.createBean(AbstractAutowireCapableBeanFactory.java:484) Finished creating instance of bean &apos;questionTypeMapper&apos;
[ main:9855 ] org.springframework.beans.factory.support.DefaultSingletonBeanRegistry.getSingleton(DefaultSingletonBeanRegistry.java:221) Creating shared instance of singleton bean &apos;rightsMapper&apos;
[ main:9855 ] org.springframework.beans.factory.support.AbstractAutowireCapableBeanFactory.createBean(AbstractAutowireCapableBeanFactory.java:448) Creating instance of bean &apos;rightsMapper&apos;
[ main:9856 ] org.springframework.beans.factory.support.AbstractAutowireCapableBeanFactory.doCreateBean(AbstractAutowireCapableBeanFactory.java:529) Eagerly caching bean &apos;rightsMapper&apos; to allow for resolving potential circular references
[ main:9856 ] org.springframework.beans.factory.support.AbstractBeanFactory.doGetBean(AbstractBeanFactory.java:251) Returning cached instance of singleton bean &apos;sqlSessionFactory&apos;
[ main:9856 ] org.springframework.beans.factory.support.AbstractAutowireCapableBeanFactory.invokeInitMethods(AbstractAutowireCapableBeanFactory.java:1620) Invoking afterPropertiesSet() on bean with name &apos;rightsMapper&apos;
[ main:9863 ] org.springframework.beans.factory.support.AbstractBeanFactory.doGetBean(AbstractBeanFactory.java:251) Returning cached instance of singleton bean &apos;org.springframework.transaction.config.internalTransactionAdvisor&apos;
[ main:9864 ] org.springframework.beans.factory.support.AbstractAutowireCapableBeanFactory.createBean(AbstractAutowireCapableBeanFactory.java:484) Finished creating instance of bean &apos;rightsMapper&apos;
[ main:9864 ] org.springframework.beans.factory.support.AbstractBeanFactory.doGetBean(AbstractBeanFactory.java:251) Returning cached instance of singleton bean &apos;roleMapper&apos;
[ main:9864 ] org.springframework.beans.factory.support.AbstractBeanFactory.doGetBean(AbstractBeanFactory.java:251) Returning cached instance of singleton bean &apos;roleRightsMapper&apos;
[ main:9864 ] org.springframework.beans.factory.support.AbstractBeanFactory.doGetBean(AbstractBeanFactory.java:251) Returning cached instance of singleton bean &apos;teacherMapper&apos;
[ main:9864 ] org.springframework.beans.factory.support.AbstractBeanFactory.doGetBean(AbstractBeanFactory.java:251) Returning cached instance of singleton bean &apos;org.springframework.context.event.internalEventListenerFactory&apos;
[ main:9864 ] org.springframework.beans.factory.support.AbstractBeanFactory.doGetBean(AbstractBeanFactory.java:251) Returning cached instance of singleton bean &apos;org.springframework.transaction.config.internalTransactionalEventListenerFactory&apos;
[ main:9865 ] org.springframework.context.event.EventListenerMethodProcessor.processBean(EventListenerMethodProcessor.java:148) No @EventListener annotations found on bean class: class com.study.basic.service.BasicServiceImpl
[ main:9865 ] org.springframework.context.event.EventListenerMethodProcessor.processBean(EventListenerMethodProcessor.java:148) No @EventListener annotations found on bean class: class com.study.basic.web.ClsController
[ main:9865 ] org.springframework.context.event.EventListenerMethodProcessor.processBean(EventListenerMethodProcessor.java:148) No @EventListener annotations found on bean class: class com.study.basic.web.ClsRoomController
[ main:9865 ] org.springframework.context.event.EventListenerMethodProcessor.processBean(EventListenerMethodProcessor.java:148) No @EventListener annotations found on bean class: class com.study.basic.web.UserInfoController
[ main:9865 ] org.springframework.context.event.EventListenerMethodProcessor.processBean(EventListenerMethodProcessor.java:148) No @EventListener annotations found on bean class: class com.study.user.service.UserServiceImpl
[ main:9866 ] org.springframework.context.event.EventListenerMethodProcessor.processBean(EventListenerMethodProcessor.java:148) No @EventListener annotations found on bean class: class com.study.user.web.UserController
[ main:9866 ] org.springframework.context.event.EventListenerMethodProcessor.processBean(EventListenerMethodProcessor.java:148) No @EventListener annotations found on bean class: class org.springframework.context.annotation.ConfigurationClassPostProcessor
[ main:9866 ] org.springframework.context.event.EventListenerMethodProcessor.processBean(EventListenerMethodProcessor.java:148) No @EventListener annotations found on bean class: class org.springframework.beans.factory.annotation.AutowiredAnnotationBeanPostProcessor
[ main:9866 ] org.springframework.context.event.EventListenerMethodProcessor.processBean(EventListenerMethodProcessor.java:148) No @EventListener annotations found on bean class: class org.springframework.beans.factory.annotation.RequiredAnnotationBeanPostProcessor
[ main:9867 ] org.springframework.context.event.EventListenerMethodProcessor.processBean(EventListenerMethodProcessor.java:148) No @EventListener annotations found on bean class: class org.springframework.context.annotation.CommonAnnotationBeanPostProcessor
[ main:9867 ] org.springframework.context.event.EventListenerMethodProcessor.processBean(EventListenerMethodProcessor.java:148) No @EventListener annotations found on bean class: class org.springframework.context.event.EventListenerMethodProcessor
[ main:9867 ] org.springframework.context.event.EventListenerMethodProcessor.processBean(EventListenerMethodProcessor.java:148) No @EventListener annotations found on bean class: class org.springframework.context.event.DefaultEventListenerFactory
[ main:9867 ] org.springframework.context.event.EventListenerMethodProcessor.processBean(EventListenerMethodProcessor.java:148) No @EventListener annotations found on bean class: class org.springframework.web.accept.ContentNegotiationManager
[ main:9870 ] org.springframework.context.event.EventListenerMethodProcessor.processBean(EventListenerMethodProcessor.java:148) No @EventListener annotations found on bean class: class org.springframework.web.servlet.mvc.method.annotation.RequestMappingHandlerMapping
[ main:9871 ] org.springframework.context.event.EventListenerMethodProcessor.processBean(EventListenerMethodProcessor.java:148) No @EventListener annotations found on bean class: class java.util.LinkedHashMap
[ main:9872 ] org.springframework.context.event.EventListenerMethodProcessor.processBean(EventListenerMethodProcessor.java:148) No @EventListener annotations found on bean class: class org.springframework.format.support.FormattingConversionService
[ main:9875 ] org.springframework.context.event.EventListenerMethodProcessor.processBean(EventListenerMethodProcessor.java:148) No @EventListener annotations found on bean class: class org.springframework.web.servlet.mvc.method.annotation.RequestMappingHandlerAdapter
[ main:9876 ] org.springframework.context.event.EventListenerMethodProcessor.processBean(EventListenerMethodProcessor.java:148) No @EventListener annotations found on bean class: class org.springframework.web.method.support.CompositeUriComponentsContributor
[ main:9876 ] org.springframework.context.event.EventListenerMethodProcessor.processBean(EventListenerMethodProcessor.java:148) No @EventListener annotations found on bean class: class org.springframework.web.servlet.handler.MappedInterceptor
[ main:9877 ] org.springframework.context.event.EventListenerMethodProcessor.processBean(EventListenerMethodProcessor.java:148) No @EventListener annotations found on bean class: class org.springframework.web.servlet.mvc.method.annotation.ExceptionHandlerExceptionResolver
[ main:9877 ] org.springframework.context.event.EventListenerMethodProcessor.processBean(EventListenerMethodProcessor.java:148) No @EventListener annotations found on bean class: class org.springframework.web.servlet.mvc.annotation.ResponseStatusExceptionResolver
[ main:9877 ] org.springframework.context.event.EventListenerMethodProcessor.processBean(EventListenerMethodProcessor.java:148) No @EventListener annotations found on bean class: class org.springframework.web.servlet.mvc.support.DefaultHandlerExceptionResolver
[ main:9878 ] org.springframework.context.event.EventListenerMethodProcessor.processBean(EventListenerMethodProcessor.java:148) No @EventListener annotations found on bean class: class org.springframework.web.servlet.handler.BeanNameUrlHandlerMapping
[ main:9878 ] org.springframework.context.event.EventListenerMethodProcessor.processBean(EventListenerMethodProcessor.java:148) No @EventListener annotations found on bean class: class org.springframework.web.servlet.mvc.HttpRequestHandlerAdapter
[ main:9878 ] org.springframework.context.event.EventListenerMethodProcessor.processBean(EventListenerMethodProcessor.java:148) No @EventListener annotations found on bean class: class org.springframework.web.servlet.mvc.SimpleControllerHandlerAdapter
[ main:9879 ] org.springframework.context.event.EventListenerMethodProcessor.processBean(EventListenerMethodProcessor.java:148) No @EventListener annotations found on bean class: class org.springframework.web.servlet.resource.ResourceUrlProvider
[ main:9880 ] org.springframework.context.event.EventListenerMethodProcessor.processBean(EventListenerMethodProcessor.java:148) No @EventListener annotations found on bean class: class org.springframework.web.servlet.resource.ResourceHttpRequestHandler
[ main:9880 ] org.springframework.context.event.EventListenerMethodProcessor.processBean(EventListenerMethodProcessor.java:148) No @EventListener annotations found on bean class: class org.springframework.util.AntPathMatcher
[ main:9880 ] org.springframework.context.event.EventListenerMethodProcessor.processBean(EventListenerMethodProcessor.java:148) No @EventListener annotations found on bean class: class org.springframework.web.util.UrlPathHelper
[ main:9881 ] org.springframework.context.event.EventListenerMethodProcessor.processBean(EventListenerMethodProcessor.java:148) No @EventListener annotations found on bean class: class org.springframework.web.servlet.handler.SimpleUrlHandlerMapping
[ main:9881 ] org.springframework.context.event.EventListenerMethodProcessor.processBean(EventListenerMethodProcessor.java:148) No @EventListener annotations found on bean class: class org.springframework.web.servlet.resource.DefaultServletHttpRequestHandler
[ main:9882 ] org.springframework.context.event.EventListenerMethodProcessor.processBean(EventListenerMethodProcessor.java:148) No @EventListener annotations found on bean class: class org.springframework.web.servlet.view.InternalResourceViewResolver
[ main:9883 ] org.springframework.context.event.EventListenerMethodProcessor.processBean(EventListenerMethodProcessor.java:148) No @EventListener annotations found on bean class: class org.apache.commons.dbcp.BasicDataSource
[ main:9883 ] org.springframework.context.event.EventListenerMethodProcessor.processBean(EventListenerMethodProcessor.java:148) No @EventListener annotations found on bean class: class org.springframework.jdbc.datasource.DataSourceTransactionManager
[ main:9883 ] org.springframework.context.event.EventListenerMethodProcessor.processBean(EventListenerMethodProcessor.java:148) No @EventListener annotations found on bean class: class org.springframework.transaction.event.TransactionalEventListenerFactory
[ main:9884 ] org.springframework.context.event.EventListenerMethodProcessor.processBean(EventListenerMethodProcessor.java:148) No @EventListener annotations found on bean class: class org.springframework.aop.framework.autoproxy.InfrastructureAdvisorAutoProxyCreator
[ main:9884 ] org.springframework.context.event.EventListenerMethodProcessor.processBean(EventListenerMethodProcessor.java:148) No @EventListener annotations found on bean class: class org.springframework.transaction.annotation.AnnotationTransactionAttributeSource
[ main:9884 ] org.springframework.context.event.EventListenerMethodProcessor.processBean(EventListenerMethodProcessor.java:148) No @EventListener annotations found on bean class: class org.springframework.transaction.interceptor.TransactionInterceptor
[ main:9885 ] org.springframework.context.event.EventListenerMethodProcessor.processBean(EventListenerMethodProcessor.java:148) No @EventListener annotations found on bean class: class org.springframework.transaction.interceptor.BeanFactoryTransactionAttributeSourceAdvisor
[ main:9885 ] org.springframework.context.event.EventListenerMethodProcessor.processBean(EventListenerMethodProcessor.java:148) No @EventListener annotations found on bean class: class org.apache.ibatis.session.defaults.DefaultSqlSessionFactory
[ main:9885 ] org.springframework.context.event.EventListenerMethodProcessor.processBean(EventListenerMethodProcessor.java:148) No @EventListener annotations found on bean class: class org.mybatis.spring.mapper.MapperScannerConfigurer
[ main:9885 ] org.springframework.context.event.EventListenerMethodProcessor.processBean(EventListenerMethodProcessor.java:148) No @EventListener annotations found on bean class: class org.springframework.context.annotation.ConfigurationClassPostProcessor$ImportAwareBeanPostProcessor
[ main:9885 ] org.springframework.context.event.EventListenerMethodProcessor.processBean(EventListenerMethodProcessor.java:148) No @EventListener annotations found on bean class: class org.springframework.context.annotation.ConfigurationClassPostProcessor$EnhancedConfigurationBeanPostProcessor
[ main:9885 ] org.springframework.context.event.EventListenerMethodProcessor.processBean(EventListenerMethodProcessor.java:148) No @EventListener annotations found on bean class: interface com.study.basic.dao.ClsMapper
[ main:9885 ] org.springframework.context.event.EventListenerMethodProcessor.processBean(EventListenerMethodProcessor.java:148) No @EventListener annotations found on bean class: interface com.study.basic.dao.ClsRoomMapper
[ main:9885 ] org.springframework.context.event.EventListenerMethodProcessor.processBean(EventListenerMethodProcessor.java:148) No @EventListener annotations found on bean class: interface com.study.basic.dao.UserInfoMapper
[ main:9885 ] org.springframework.context.event.EventListenerMethodProcessor.processBean(EventListenerMethodProcessor.java:148) No @EventListener annotations found on bean class: interface com.study.charts.dao.VoteHistoryMapper
[ main:9886 ] org.springframework.context.event.EventListenerMethodProcessor.processBean(EventListenerMethodProcessor.java:148) No @EventListener annotations found on bean class: interface com.study.question.dao.AnswerMapper
[ main:9886 ] org.springframework.context.event.EventListenerMethodProcessor.processBean(EventListenerMethodProcessor.java:148) No @EventListener annotations found on bean class: interface com.study.question.dao.QuestionMapper
[ main:9886 ] org.springframework.context.event.EventListenerMethodProcessor.processBean(EventListenerMethodProcessor.java:148) No @EventListener annotations found on bean class: interface com.study.question.dao.QuestionTypeMapper
[ main:9886 ] org.springframework.context.event.EventListenerMethodProcessor.processBean(EventListenerMethodProcessor.java:148) No @EventListener annotations found on bean class: interface com.study.user.dao.RightsMapper
[ main:9886 ] org.springframework.context.event.EventListenerMethodProcessor.processBean(EventListenerMethodProcessor.java:148) No @EventListener annotations found on bean class: interface com.study.user.dao.RoleMapper
[ main:9886 ] org.springframework.context.event.EventListenerMethodProcessor.processBean(EventListenerMethodProcessor.java:148) No @EventListener annotations found on bean class: interface com.study.user.dao.RoleRightsMapper
[ main:9887 ] org.springframework.context.event.EventListenerMethodProcessor.processBean(EventListenerMethodProcessor.java:148) No @EventListener annotations found on bean class: interface com.study.user.dao.TeacherMapper
[ main:9887 ] org.springframework.context.event.EventListenerMethodProcessor.processBean(EventListenerMethodProcessor.java:148) No @EventListener annotations found on bean class: class org.springframework.core.env.StandardEnvironment
[ main:9888 ] org.springframework.context.event.EventListenerMethodProcessor.processBean(EventListenerMethodProcessor.java:148) No @EventListener annotations found on bean class: class java.util.Properties
[ main:9888 ] org.springframework.context.event.EventListenerMethodProcessor.processBean(EventListenerMethodProcessor.java:148) No @EventListener annotations found on bean class: class java.util.Collections$UnmodifiableMap
[ main:9889 ] org.springframework.context.event.EventListenerMethodProcessor.processBean(EventListenerMethodProcessor.java:148) No @EventListener annotations found on bean class: class org.springframework.context.annotation.ConfigurationClassParser$ImportStack
[ main:9890 ] org.springframework.context.event.EventListenerMethodProcessor.processBean(EventListenerMethodProcessor.java:148) No @EventListener annotations found on bean class: class org.springframework.context.support.DelegatingMessageSource
[ main:9890 ] org.springframework.context.event.EventListenerMethodProcessor.processBean(EventListenerMethodProcessor.java:148) No @EventListener annotations found on bean class: class org.springframework.context.event.SimpleApplicationEventMulticaster
[ main:9890 ] org.springframework.context.support.AbstractApplicationContext.initLifecycleProcessor(AbstractApplicationContext.java:779) Unable to locate LifecycleProcessor with name &apos;lifecycleProcessor&apos;: using default [org.springframework.context.support.DefaultLifecycleProcessor@673bb956]
[ main:9890 ] org.springframework.beans.factory.support.AbstractBeanFactory.doGetBean(AbstractBeanFactory.java:251) Returning cached instance of singleton bean &apos;lifecycleProcessor&apos;
[ main:9891 ] org.springframework.context.support.AbstractApplicationContext.publishEvent(AbstractApplicationContext.java:362) Publishing event in org.springframework.context.support.ClassPathXmlApplicationContext@17f9344b: org.springframework.context.event.ContextRefreshedEvent[source=org.springframework.context.support.ClassPathXmlApplicationContext@17f9344b: startup date [Wed Sep 09 19:10:56 CST 2020]; root of context hierarchy]
[ main:9891 ] org.springframework.beans.factory.support.AbstractBeanFactory.doGetBean(AbstractBeanFactory.java:251) Returning cached instance of singleton bean &apos;mvcResourceUrlProvider&apos;
[ main:9891 ] org.springframework.beans.factory.support.AbstractBeanFactory.doGetBean(AbstractBeanFactory.java:251) Returning cached instance of singleton bean &apos;sqlSessionFactory&apos;
[ main:9891 ] org.springframework.web.servlet.resource.ResourceUrlProvider.detectResourceHandlers(ResourceUrlProvider.java:149) Looking for resource handler mappings
[ main:9892 ] org.springframework.beans.factory.support.AbstractBeanFactory.doGetBean(AbstractBeanFactory.java:251) Returning cached instance of singleton bean &apos;org.springframework.web.servlet.handler.SimpleUrlHandlerMapping#0&apos;
[ main:9892 ] org.springframework.beans.factory.support.AbstractBeanFactory.doGetBean(AbstractBeanFactory.java:251) Returning cached instance of singleton bean &apos;org.springframework.web.servlet.handler.SimpleUrlHandlerMapping#1&apos;
[ main:9892 ] org.springframework.beans.factory.support.AbstractBeanFactory.doGetBean(AbstractBeanFactory.java:251) Returning cached instance of singleton bean &apos;org.springframework.web.servlet.handler.SimpleUrlHandlerMapping#2&apos;
[ main:9892 ] org.springframework.beans.factory.support.AbstractBeanFactory.doGetBean(AbstractBeanFactory.java:251) Returning cached instance of singleton bean &apos;org.springframework.web.servlet.handler.SimpleUrlHandlerMapping#3&apos;
[ main:9892 ] org.springframework.web.servlet.resource.ResourceUrlProvider.detectResourceHandlers(ResourceUrlProvider.java:161) Found resource handler mapping: URL pattern=&quot;/js/**&quot;, locations=[class path resource [js/]], resolvers=[org.springframework.web.servlet.resource.PathResourceResolver@cd7f1ae]
[ main:9892 ] org.springframework.web.servlet.resource.ResourceUrlProvider.detectResourceHandlers(ResourceUrlProvider.java:161) Found resource handler mapping: URL pattern=&quot;/css/**&quot;, locations=[class path resource [css/]], resolvers=[org.springframework.web.servlet.resource.PathResourceResolver@60e949e1]
[ main:9892 ] org.springframework.web.servlet.resource.ResourceUrlProvider.detectResourceHandlers(ResourceUrlProvider.java:161) Found resource handler mapping: URL pattern=&quot;/images/**&quot;, locations=[class path resource [images/]], resolvers=[org.springframework.web.servlet.resource.PathResourceResolver@3c4bc9fc]
[ main:9893 ] org.springframework.web.servlet.resource.ResourceUrlProvider.detectResourceHandlers(ResourceUrlProvider.java:149) Looking for resource handler mappings
[ main:9893 ] org.springframework.beans.factory.support.AbstractBeanFactory.doGetBean(AbstractBeanFactory.java:251) Returning cached instance of singleton bean &apos;org.springframework.web.servlet.handler.SimpleUrlHandlerMapping#0&apos;
[ main:9893 ] org.springframework.beans.factory.support.AbstractBeanFactory.doGetBean(AbstractBeanFactory.java:251) Returning cached instance of singleton bean &apos;org.springframework.web.servlet.handler.SimpleUrlHandlerMapping#1&apos;
[ main:9893 ] org.springframework.beans.factory.support.AbstractBeanFactory.doGetBean(AbstractBeanFactory.java:251) Returning cached instance of singleton bean &apos;org.springframework.web.servlet.handler.SimpleUrlHandlerMapping#2&apos;
[ main:9893 ] org.springframework.beans.factory.support.AbstractBeanFactory.doGetBean(AbstractBeanFactory.java:251) Returning cached instance of singleton bean &apos;org.springframework.web.servlet.handler.SimpleUrlHandlerMapping#3&apos;
[ main:9893 ] org.springframework.web.servlet.resource.ResourceUrlProvider.detectResourceHandlers(ResourceUrlProvider.java:161) Found resource handler mapping: URL pattern=&quot;/js/**&quot;, locations=[class path resource [js/]], resolvers=[org.springframework.web.servlet.resource.PathResourceResolver@cd7f1ae]
[ main:9893 ] org.springframework.web.servlet.resource.ResourceUrlProvider.detectResourceHandlers(ResourceUrlProvider.java:161) Found resource handler mapping: URL pattern=&quot;/css/**&quot;, locations=[class path resource [css/]], resolvers=[org.springframework.web.servlet.resource.PathResourceResolver@60e949e1]
[ main:9893 ] org.springframework.web.servlet.resource.ResourceUrlProvider.detectResourceHandlers(ResourceUrlProvider.java:161) Found resource handler mapping: URL pattern=&quot;/images/**&quot;, locations=[class path resource [images/]], resolvers=[org.springframework.web.servlet.resource.PathResourceResolver@3c4bc9fc]
[ main:9894 ] org.springframework.core.env.PropertySourcesPropertyResolver.getProperty(PropertySourcesPropertyResolver.java:78) Searching for key &apos;spring.liveBeansView.mbeanDomain&apos; in [systemProperties]
[ main:9894 ] org.springframework.core.env.PropertySourcesPropertyResolver.getProperty(PropertySourcesPropertyResolver.java:78) Searching for key &apos;spring.liveBeansView.mbeanDomain&apos; in [systemEnvironment]
[ main:9894 ] org.springframework.core.env.PropertySourcesPropertyResolver.getProperty(PropertySourcesPropertyResolver.java:91) Could not find key &apos;spring.liveBeansView.mbeanDomain&apos; in any property source
[ main:9894 ] org.springframework.beans.factory.support.AbstractBeanFactory.doGetBean(AbstractBeanFactory.java:251) Returning cached instance of singleton bean &apos;basicServiceImpl&apos;
[ main:9895 ] org.springframework.beans.factory.support.AbstractBeanFactory.doGetBean(AbstractBeanFactory.java:251) Returning cached instance of singleton bean &apos;org.springframework.transaction.interceptor.TransactionInterceptor#0&apos;
[ main:9897 ] org.springframework.transaction.interceptor.AbstractFallbackTransactionAttributeSource.getTransactionAttribute(AbstractFallbackTransactionAttributeSource.java:108) Adding transactional method &apos;BasicServiceImpl.updateClsRoomStatus&apos; with attribute: PROPAGATION_REQUIRED,ISOLATION_DEFAULT; &apos;&apos;,-java.lang.Exception
[ main:9897 ] org.springframework.beans.factory.support.AbstractBeanFactory.doGetBean(AbstractBeanFactory.java:251) Returning cached instance of singleton bean &apos;txManager&apos;
[ main:9897 ] org.springframework.transaction.support.AbstractPlatformTransactionManager.getTransaction(AbstractPlatformTransactionManager.java:367) Creating new transaction with name [com.study.basic.service.BasicServiceImpl.updateClsRoomStatus]: PROPAGATION_REQUIRED,ISOLATION_DEFAULT; &apos;&apos;,-java.lang.Exception
[ main:9918 ] org.springframework.jdbc.datasource.DataSourceTransactionManager.doBegin(DataSourceTransactionManager.java:206) Acquired Connection [jdbc:mysql://localhost:3306/studyweb, UserName=root@localhost, MySQL-AB JDBC Driver] for JDBC transaction
[ main:9919 ] org.springframework.jdbc.datasource.DataSourceTransactionManager.doBegin(DataSourceTransactionManager.java:223) Switching JDBC Connection [jdbc:mysql://localhost:3306/studyweb, UserName=root@localhost, MySQL-AB JDBC Driver] to manual commit
[ main:9920 ] org.springframework.transaction.support.TransactionSynchronizationManager.bindResource(TransactionSynchronizationManager.java:193) Bound value [org.springframework.jdbc.datasource.ConnectionHolder@42d236fb] for key [org.apache.commons.dbcp.BasicDataSource@5bdaf2ce] to thread [main]
[ main:9920 ] org.springframework.transaction.support.TransactionSynchronizationManager.initSynchronization(TransactionSynchronizationManager.java:272) Initializing transaction synchronization
[ main:9921 ] org.springframework.transaction.interceptor.TransactionAspectSupport.prepareTransactionInfo(TransactionAspectSupport.java:453) Getting transaction for [com.study.basic.service.BasicServiceImpl.updateClsRoomStatus]
[ main:9921 ] org.mybatis.spring.SqlSessionUtils.getSqlSession(SqlSessionUtils.java:99) Creating a new SqlSession
[ main:9921 ] org.mybatis.spring.SqlSessionUtils.registerSessionHolder(SqlSessionUtils.java:130) Registering transaction synchronization for SqlSession [org.apache.ibatis.session.defaults.DefaultSqlSession@19f21b6b]
[ main:9921 ] org.springframework.transaction.support.TransactionSynchronizationManager.bindResource(TransactionSynchronizationManager.java:193) Bound value [org.mybatis.spring.SqlSessionHolder@1532c619] for key [org.apache.ibatis.session.defaults.DefaultSqlSessionFactory@1ce93c18] to thread [main]
[ main:9960 ] org.springframework.transaction.support.TransactionSynchronizationManager.getResource(TransactionSynchronizationManager.java:140) Retrieved value [org.springframework.jdbc.datasource.ConnectionHolder@42d236fb] for key [org.apache.commons.dbcp.BasicDataSource@5bdaf2ce] bound to thread [main]
[ main:9960 ] org.springframework.transaction.support.TransactionSynchronizationManager.getResource(TransactionSynchronizationManager.java:140) Retrieved value [org.springframework.jdbc.datasource.ConnectionHolder@42d236fb] for key [org.apache.commons.dbcp.BasicDataSource@5bdaf2ce] bound to thread [main]
[ main:9961 ] org.mybatis.spring.transaction.SpringManagedTransaction.openConnection(SpringManagedTransaction.java:89) JDBC Connection [jdbc:mysql://localhost:3306/studyweb, UserName=root@localhost, MySQL-AB JDBC Driver] will be managed by Spring
[ main:9961 ] org.springframework.transaction.support.TransactionSynchronizationManager.getResource(TransactionSynchronizationManager.java:140) Retrieved value [org.springframework.jdbc.datasource.ConnectionHolder@42d236fb] for key [org.apache.commons.dbcp.BasicDataSource@5bdaf2ce] bound to thread [main]
[ main:9961 ] com.study.common.page.PageInterceptor.intercept(PageInterceptor.java:33) �����ҳ������
[ main:9962 ] com.study.common.page.PageInterceptor.intercept(PageInterceptor.java:40) �����õ���sql:com.study.basic.dao.ClsRoomMapper.updateByPrimaryKeySelective
[ main:9962 ] org.apache.ibatis.logging.jdbc.BaseJdbcLogger.debug(BaseJdbcLogger.java:159) ==&gt;  Preparing: update clsroom SET clsroom_status = ? where clsroom_id = ? 
[ main:9963 ] org.apache.ibatis.logging.jdbc.BaseJdbcLogger.debug(BaseJdbcLogger.java:159) ==&gt; Parameters: 0(Integer), 12(Integer)
[ main:10000 ] org.apache.ibatis.logging.jdbc.BaseJdbcLogger.debug(BaseJdbcLogger.java:159) &lt;==    Updates: 0
[ main:10001 ] org.springframework.transaction.support.TransactionSynchronizationManager.getResource(TransactionSynchronizationManager.java:140) Retrieved value [org.mybatis.spring.SqlSessionHolder@1532c619] for key [org.apache.ibatis.session.defaults.DefaultSqlSessionFactory@1ce93c18] bound to thread [main]
[ main:10001 ] org.springframework.transaction.support.TransactionSynchronizationManager.getResource(TransactionSynchronizationManager.java:140) Retrieved value [org.mybatis.spring.SqlSessionHolder@1532c619] for key [org.apache.ibatis.session.defaults.DefaultSqlSessionFactory@1ce93c18] bound to thread [main]
[ main:10001 ] org.mybatis.spring.SqlSessionUtils.closeSqlSession(SqlSessionUtils.java:188) Releasing transactional SqlSession [org.apache.ibatis.session.defaults.DefaultSqlSession@19f21b6b]
[ main:10002 ] org.springframework.transaction.interceptor.TransactionAspectSupport.commitTransactionAfterReturning(TransactionAspectSupport.java:481) Completing transaction for [com.study.basic.service.BasicServiceImpl.updateClsRoomStatus]
[ main:10002 ] org.springframework.transaction.support.AbstractPlatformTransactionManager.triggerBeforeCommit(AbstractPlatformTransactionManager.java:930) Triggering beforeCommit synchronization
[ main:10002 ] org.mybatis.spring.SqlSessionUtils$SqlSessionSynchronization.beforeCommit(SqlSessionUtils.java:286) Transaction synchronization committing SqlSession [org.apache.ibatis.session.defaults.DefaultSqlSession@19f21b6b]
[ main:10002 ] org.springframework.transaction.support.AbstractPlatformTransactionManager.triggerBeforeCompletion(AbstractPlatformTransactionManager.java:943) Triggering beforeCompletion synchronization
[ main:10002 ] org.mybatis.spring.SqlSessionUtils$SqlSessionSynchronization.beforeCompletion(SqlSessionUtils.java:312) Transaction synchronization deregistering SqlSession [org.apache.ibatis.session.defaults.DefaultSqlSession@19f21b6b]
[ main:10002 ] org.springframework.transaction.support.TransactionSynchronizationManager.doUnbindResource(TransactionSynchronizationManager.java:243) Removed value [org.mybatis.spring.SqlSessionHolder@1532c619] for key [org.apache.ibatis.session.defaults.DefaultSqlSessionFactory@1ce93c18] from thread [main]
[ main:10002 ] org.mybatis.spring.SqlSessionUtils$SqlSessionSynchronization.beforeCompletion(SqlSessionUtils.java:317) Transaction synchronization closing SqlSession [org.apache.ibatis.session.defaults.DefaultSqlSession@19f21b6b]
[ main:10002 ] org.springframework.transaction.support.TransactionSynchronizationManager.getResource(TransactionSynchronizationManager.java:140) Retrieved value [org.springframework.jdbc.datasource.ConnectionHolder@42d236fb] for key [org.apache.commons.dbcp.BasicDataSource@5bdaf2ce] bound to thread [main]
[ main:10002 ] org.springframework.transaction.support.AbstractPlatformTransactionManager.processCommit(AbstractPlatformTransactionManager.java:759) Initiating transaction commit
[ main:10003 ] org.springframework.jdbc.datasource.DataSourceTransactionManager.doCommit(DataSourceTransactionManager.java:269) Committing JDBC transaction on Connection [jdbc:mysql://localhost:3306/studyweb, UserName=root@localhost, MySQL-AB JDBC Driver]
[ main:10004 ] org.springframework.transaction.support.AbstractPlatformTransactionManager.triggerAfterCommit(AbstractPlatformTransactionManager.java:956) Triggering afterCommit synchronization
[ main:10004 ] org.springframework.transaction.support.AbstractPlatformTransactionManager.triggerAfterCompletion(AbstractPlatformTransactionManager.java:972) Triggering afterCompletion synchronization
[ main:10004 ] org.springframework.transaction.support.TransactionSynchronizationManager.clearSynchronization(TransactionSynchronizationManager.java:331) Clearing transaction synchronization
[ main:10004 ] org.springframework.transaction.support.TransactionSynchronizationManager.doUnbindResource(TransactionSynchronizationManager.java:243) Removed value [org.springframework.jdbc.datasource.ConnectionHolder@42d236fb] for key [org.apache.commons.dbcp.BasicDataSource@5bdaf2ce] from thread [main]
[ main:10005 ] org.springframework.jdbc.datasource.DataSourceTransactionManager.doCleanupAfterCompletion(DataSourceTransactionManager.java:327) Releasing JDBC Connection [jdbc:mysql://localhost:3306/studyweb, UserName=root@localhost, MySQL-AB JDBC Driver] after transaction
[ main:10006 ] org.springframework.jdbc.datasource.DataSourceUtils.doReleaseConnection(DataSourceUtils.java:327) Returning JDBC Connection to DataSource
</system-out>
  </testcase>
  <testcase classname="com.study.basic.service.BasicServiceTest" name="testListAllClsRoom" time="1.116"/>
  <testcase classname="com.study.basic.service.BasicServiceTest" name="testListAllCls" time="0.833"/>
</testsuite>